{"numFailedTestSuites":8,"numFailedTests":15,"numPassedTestSuites":15,"numPassedTests":73,"numPendingTestSuites":2,"numPendingTests":11,"numRuntimeErrorTestSuites":1,"numTodoTests":0,"numTotalTestSuites":25,"numTotalTests":99,"openHandles":[],"snapshot":{"added":0,"didUpdate":false,"failure":false,"filesAdded":0,"filesRemoved":0,"filesRemovedList":[],"filesUnmatched":0,"filesUpdated":0,"matched":5,"total":5,"unchecked":0,"uncheckedKeysByFile":[],"unmatched":0,"updated":0},"startTime":1745883901958,"success":false,"testResults":[{"assertionResults":[{"ancestorTitles":["KeywordAnalyzer"],"duration":235,"failureDetails":[],"failureMessages":[],"fullName":"KeywordAnalyzer renders analyzer form fields","invocations":1,"location":null,"numPassingAsserts":2,"retryReasons":[],"status":"passed","title":"renders analyzer form fields"},{"ancestorTitles":["KeywordAnalyzer"],"duration":221,"failureDetails":[{"name":"TestingLibraryElementError"}],"failureMessages":["TestingLibraryElementError: Unable to find an element with the text: /Please select a category/i. This could be because the text is broken up by multiple elements. In this case, you can provide a function for your text matcher to make your matcher more flexible.\n\nIgnored nodes: comments, script, style\n\u001b[36m<body>\u001b[39m\n  \u001b[36m<div>\u001b[39m\n    \u001b[36m<div\u001b[39m\n      \u001b[33mclass\u001b[39m=\u001b[32m\"space-y-6\"\u001b[39m\n    \u001b[36m>\u001b[39m\n      \u001b[36m<div\u001b[39m\n        \u001b[33mclass\u001b[39m=\u001b[32m\"bg-blue-50 dark:bg-blue-900/20 p-4 rounded-lg flex items-start gap-3\"\u001b[39m\n      \u001b[36m>\u001b[39m\n        \u001b[36m<svg\u001b[39m\n          \u001b[33mclass\u001b[39m=\u001b[32m\"lucide lucide-info h-5 w-5 text-blue-500 mt-0.5 flex-shrink-0\"\u001b[39m\n          \u001b[33mfill\u001b[39m=\u001b[32m\"none\"\u001b[39m\n          \u001b[33mheight\u001b[39m=\u001b[32m\"24\"\u001b[39m\n          \u001b[33mstroke\u001b[39m=\u001b[32m\"currentColor\"\u001b[39m\n          \u001b[33mstroke-linecap\u001b[39m=\u001b[32m\"round\"\u001b[39m\n          \u001b[33mstroke-linejoin\u001b[39m=\u001b[32m\"round\"\u001b[39m\n          \u001b[33mstroke-width\u001b[39m=\u001b[32m\"2\"\u001b[39m\n          \u001b[33mviewBox\u001b[39m=\u001b[32m\"0 0 24 24\"\u001b[39m\n          \u001b[33mwidth\u001b[39m=\u001b[32m\"24\"\u001b[39m\n          \u001b[33mxmlns\u001b[39m=\u001b[32m\"http://www.w3.org/2000/svg\"\u001b[39m\n        \u001b[36m>\u001b[39m\n          \u001b[36m<circle\u001b[39m\n            \u001b[33mcx\u001b[39m=\u001b[32m\"12\"\u001b[39m\n            \u001b[33mcy\u001b[39m=\u001b[32m\"12\"\u001b[39m\n            \u001b[33mr\u001b[39m=\u001b[32m\"10\"\u001b[39m\n          \u001b[36m/>\u001b[39m\n          \u001b[36m<path\u001b[39m\n            \u001b[33md\u001b[39m=\u001b[32m\"M12 16v-4\"\u001b[39m\n          \u001b[36m/>\u001b[39m\n          \u001b[36m<path\u001b[39m\n            \u001b[33md\u001b[39m=\u001b[32m\"M12 8h.01\"\u001b[39m\n          \u001b[36m/>\u001b[39m\n        \u001b[36m</svg>\u001b[39m\n        \u001b[36m<div\u001b[39m\n          \u001b[33mclass\u001b[39m=\u001b[32m\"text-sm text-blue-700 dark:text-blue-300\"\u001b[39m\n        \u001b[36m>\u001b[39m\n          \u001b[36m<p\u001b[39m\n            \u001b[33mclass\u001b[39m=\u001b[32m\"font-medium\"\u001b[39m\n          \u001b[36m>\u001b[39m\n            \u001b[0mHow it Works:\u001b[0m\n          \u001b[36m</p>\u001b[39m\n          \u001b[36m<ul\u001b[39m\n            \u001b[33mclass\u001b[39m=\u001b[32m\"list-disc list-inside ml-4\"\u001b[39m\n          \u001b[36m>\u001b[39m\n            \u001b[36m<li>\u001b[39m\n              \u001b[0mUpload a CSV with 'product' and comma-separated 'keywords' columns. Optional: 'searchVolume', 'competition' (Low/Medium/High).\u001b[0m\n            \u001b[36m</li>\u001b[39m\n            \u001b[36m<li>\u001b[39m\n              \u001b[0mOr, manually enter comma-separated keywords for quick analysis.\u001b[0m\n            \u001b[36m</li>\u001b[39m\n            \u001b[36m<li>\u001b[39m\n              \u001b[0mThe tool analyzes each keyword's potential (score, confidence, prohibited status).\u001b[0m\n            \u001b[36m</li>\u001b[39m\n            \u001b[36m<li>\u001b[39m\n              \u001b[0mView keyword scores, identify prohibited terms, and see suggestions for high-potential keywords.\u001b[0m\n            \u001b[36m</li>\u001b[39m\n            \u001b[36m<li>\u001b[39m\n              \u001b[0mExport the detailed analysis results to a CSV file.\u001b[0m\n            \u001b[36m</li>\u001b[39m\n          \u001b[36m</ul>\u001b[39m\n        \u001b[36m</div>\u001b[39m\n      \u001b[36m</div>\u001b[39m\n      \u001b[36m<div\u001b[39m\n        \u001b[33mclass\u001b[39m=\u001b[32m\"rounded-lg border bg-card text-card-foreground shadow-sm\"\u001b[39m\n      \u001b[36m>\u001b[39m\n        \u001b[36m<div\u001b[39m\n          \u001b[33mclass\u001b[39m=\u001b[32m\"p-6\"\u001b[39m\n        \u001b[36m>\u001b[39m\n          \u001b[36m<h3\u001b[39m\n            \u001b[33mclass\u001b[39m=\u001b[32m\"text-lg font-medium mb-4 text-center sm:text-left\"\u001b[39m\n          \u001b[36m>\u001b[39m\n            \u001b[0mAnalyze Keyword by Category\u001b[0m\n          \u001b[36m</h3>\u001b[39m\n          \u001b[36m<div\u001b[39m\n            \u001b[33mclass\u001b[39m=\u001b[32m\"space-y-4\"\u001b[39m\n          \u001b[36m>\u001b[39m\n            \u001b[36m<div>\u001b[39m\n              \u001b[36m<label\u001b[39m\n                \u001b[33mclass\u001b[39m=\u001b[32m\"text-sm font-medium leading-none peer-disabled:cursor-not-allowed peer-disabled:opacity-70\"\u001b[39m\n                \u001b[33mfor\u001b[39m=\u001b[32m\"keyword\"\u001b[39m\n              \u001b[36m>\u001b[39m\n                \u001b[0mKeyword(s)\u001b[0m\n              \u001b[36m</label>\u001b[39m\n              \u001b[36m<input\u001b[39m\n                \u001b[33mclass\u001b[39m=\u001b[32m\"flex h-10 w-full rounded-md border border-input bg-background px-3 py-2 text-sm ring-offset-background file:border-0 file:bg-transparent file:text-sm file:font-medium placeholder:text-muted-foreground focus-visible:outline-none focus-visible:ring-2 focus-visible:ring-ring focus-visible:ring-offset-2 disabled:cursor-not-allowed disabled:opacity-50 mt-1\"\u001b[39m\n                \u001b[33mid\u001b[39m=\u001b[32m\"keyword\"\u001b[39m\n                \u001b[33mname\u001b[39m=\u001b[32m\"keyword\"\u001b[39m\n                \u001b[33mplaceholder\u001b[39m=\u001b[32m\"Enter keyword(s), comma-separated\"\u001b[39m\n                \u001b[33mvalue\u001b[39m=\u001b[32m\"\"\u001b[39m\n              \u001b[36m/>\u001b[39m\n              \u001b[36m<p\u001b[39m\n                \u001b[33mclass\u001b[39m=\u001b[32m\"text-sm text-red-500 mt-1\"\u001b[39m\n              \u001b[36m>\u001b[39m\n                \u001b[0mKeyword is required\u001b[0m\n              \u001b[36m</p>\u001b[39m\n            \u001b[36m</div>\u001b[39m\n            \u001b[36m<div>\u001b[39m\n              \u001b[36m<label\u001b[39m\n                \u001b[33mclass\u001b[39m=\u001b[32m\"text-sm font-medium leading-none peer-disabled:cursor-not-allowed peer-disabled:opacity-70\"\u001b[39m\n                \u001b[33mfor\u001b[39m=\u001b[32m\"category\"\u001b[39m\n              \u001b[36m>\u001b[39m\n                \u001b[0mProduct Category\u001b[0m\n              \u001b[36m</label>\u001b[39m\n              \u001b[36m<select\u001b[39m\n                \u001b[33mclass\u001b[39m=\u001b[32m\"flex h-10 w-full rounded-md border border-input bg-background px-3 py-2 text-sm ring-offset-background file:border-0 file:bg-transparent file:text-sm file:font-medium placeholder:text-muted-foreground focus-visible:outline-none focus-visible:ring-2 focus-visible:ring-ring focus-visible:ring-offset-2 disabled:cursor-not-allowed disabled:opacity-50 mt-1\"\u001b[39m\n                \u001b[33mid\u001b[39m=\u001b[32m\"category\"\u001b[39m\n                \u001b[33mname\u001b[39m=\u001b[32m\"category\"\u001b[39m\n              \u001b[36m>\u001b[39m\n                \u001b[36m<option\u001b[39m\n                  \u001b[33mvalue\u001b[39m=\u001b[32m\"\"\u001b[39m\n                \u001b[36m>\u001b[39m\n                  \u001b[0mSelect a category\u001b[0m\n                \u001b[36m</option>\u001b[39m\n                \u001b[36m<option\u001b[39m\n                  \u001b[33mvalue\u001b[39m=\u001b[32m\"electronics\"\u001b[39m\n                \u001b[36m>\u001b[39m\n                  \u001b[0mElectronics\u001b[0m\n                \u001b[36m</option>\u001b[39m\n                \u001b[36m<option\u001b[39m\n                  \u001b[33mvalue\u001b[39m=\u001b[32m\"clothing\"\u001b[39m\n                \u001b[36m>\u001b[39m\n                  \u001b[0mClothing\u001b[0m\n                \u001b[36m</option>\u001b[39m\n                \u001b[36m<option\u001b[39m\n                  \u001b[33mvalue\u001b[39m=\u001b[32m\"home\"\u001b[39m\n                \u001b[36m>\u001b[39m\n                  \u001b[0mHome & Kitchen\u001b[0m\n                \u001b[36m</option>\u001b[39m\n                \u001b[36m<option\u001b[39m\n                  \u001b[33mvalue\u001b[39m=\u001b[32m\"beauty\"\u001b[39m\n                \u001b[36m>\u001b[39m\n                  \u001b[0mBeauty & Personal Care\u001b[0m\n                \u001b[36m</option>\u001b[39m\n                \u001b[36m<option\u001b[39m\n                  \u001b[33mvalue\u001b[39m=\u001b[32m\"sports\"\u001b[39m\n                \u001b[36m>\u001b[39m\n                  \u001b[0mSports & Outdoors\u001b[0m\n                \u001b[36m</option>\u001b[39m\n                \u001b[36m<option\u001b[39m\n                  \u001b[33mvalue\u001b[39m=\u001b[32m\"toys\"\u001b[39m\n                \u001b[36m>\u001b[39m\n                  \u001b[0mToys & Games\u001b[0m\n                \u001b[36m</option>\u001b[39m\n              \u001b[36m</select>\u001b[39m\n              \u001b[36m<p\u001b[39m\n                \u001b[33mclass\u001b[39m=\u001b[32m\"text-sm text-red-500 mt-1\"\u001b[39m\n              \u001b[36m>\u001b[39m\n                \u001b[0mProduct category is required\u001b[0m\n              \u001b[36m</p>\u001b[39m\n            \u001b[36m</div>\u001b[39m\n            \u001b[36m<button\u001b[39m\n              \u001b[33mclass\u001b[39m=\u001b[32m\"inline-flex items-center justify-center rounded-md text-sm font-medium ring-offset-background transition-colors focus-visible:outline-none foc...\n    at Object.getElementError (C:\\Users\\johnw\\OneDrive\\Desktop\\portfolio\\node_modules\\@testing-library\\dom\\dist\\config.js:37:19)\n    at C:\\Users\\johnw\\OneDrive\\Desktop\\portfolio\\node_modules\\@testing-library\\dom\\dist\\query-helpers.js:76:38\n    at C:\\Users\\johnw\\OneDrive\\Desktop\\portfolio\\node_modules\\@testing-library\\dom\\dist\\query-helpers.js:52:17\n    at C:\\Users\\johnw\\OneDrive\\Desktop\\portfolio\\node_modules\\@testing-library\\dom\\dist\\query-helpers.js:95:19\n    at Object.getByText (C:\\Users\\johnw\\OneDrive\\Desktop\\portfolio\\src\\__tests__\\components\\amazon-seller-tools\\keyword-analyzer.test.tsx:35:19)"],"fullName":"KeywordAnalyzer validates required fields","invocations":1,"location":null,"numPassingAsserts":1,"retryReasons":[],"status":"failed","title":"validates required fields"},{"ancestorTitles":["KeywordAnalyzer"],"duration":642,"failureDetails":[{"matcherResult":{"message":"\u001b[2mexpect(\u001b[22m\u001b[31mjest.fn()\u001b[39m\u001b[2m).\u001b[22mtoHaveBeenCalledWith\u001b[2m(\u001b[22m\u001b[32m...expected\u001b[39m\u001b[2m)\u001b[22m\n\nExpected: \u001b[32m{\"category\": \"electronics\", \"keyword\": \"test keyword\"}\u001b[39m\n\nNumber of calls: \u001b[31m0\u001b[39m","pass":false}},{}],"failureMessages":["Error: \u001b[2mexpect(\u001b[22m\u001b[31mjest.fn()\u001b[39m\u001b[2m).\u001b[22mtoHaveBeenCalledWith\u001b[2m(\u001b[22m\u001b[32m...expected\u001b[39m\u001b[2m)\u001b[22m\n\nExpected: \u001b[32m{\"category\": \"electronics\", \"keyword\": \"test keyword\"}\u001b[39m\n\nNumber of calls: \u001b[31m0\u001b[39m\n    at Object.toHaveBeenCalledWith (C:\\Users\\johnw\\OneDrive\\Desktop\\portfolio\\src\\__tests__\\components\\amazon-seller-tools\\keyword-analyzer.test.tsx:53:27)\n    at runNextTicks (node:internal/process/task_queues:60:5)\n    at listOnTimeout (node:internal/timers:545:9)\n    at processTimers (node:internal/timers:519:7)","ReferenceError: ResizeObserver is not defined\n    at C:\\Users\\johnw\\OneDrive\\Desktop\\portfolio\\node_modules\\recharts\\lib\\component\\ResponsiveContainer.js:101:20\n    at Object.react-stack-bottom-frame (C:\\Users\\johnw\\OneDrive\\Desktop\\portfolio\\node_modules\\react-dom\\cjs\\react-dom-client.development.js:23949:20)\n    at runWithFiberInDEV (C:\\Users\\johnw\\OneDrive\\Desktop\\portfolio\\node_modules\\react-dom\\cjs\\react-dom-client.development.js:1522:13)\n    at commitHookEffectListMount (C:\\Users\\johnw\\OneDrive\\Desktop\\portfolio\\node_modules\\react-dom\\cjs\\react-dom-client.development.js:11905:29)\n    at commitHookPassiveMountEffects (C:\\Users\\johnw\\OneDrive\\Desktop\\portfolio\\node_modules\\react-dom\\cjs\\react-dom-client.development.js:12028:11)\n    at commitPassiveMountOnFiber (C:\\Users\\johnw\\OneDrive\\Desktop\\portfolio\\node_modules\\react-dom\\cjs\\react-dom-client.development.js:13841:13)\n    at recursivelyTraversePassiveMountEffects (C:\\Users\\johnw\\OneDrive\\Desktop\\portfolio\\node_modules\\react-dom\\cjs\\react-dom-client.development.js:13815:11)\n    at commitPassiveMountOnFiber (C:\\Users\\johnw\\OneDrive\\Desktop\\portfolio\\node_modules\\react-dom\\cjs\\react-dom-client.development.js:13957:11)\n    at recursivelyTraversePassiveMountEffects (C:\\Users\\johnw\\OneDrive\\Desktop\\portfolio\\node_modules\\react-dom\\cjs\\react-dom-client.development.js:13815:11)\n    at commitPassiveMountOnFiber (C:\\Users\\johnw\\OneDrive\\Desktop\\portfolio\\node_modules\\react-dom\\cjs\\react-dom-client.development.js:13957:11)\n    at recursivelyTraversePassiveMountEffects (C:\\Users\\johnw\\OneDrive\\Desktop\\portfolio\\node_modules\\react-dom\\cjs\\react-dom-client.development.js:13815:11)\n    at commitPassiveMountOnFiber (C:\\Users\\johnw\\OneDrive\\Desktop\\portfolio\\node_modules\\react-dom\\cjs\\react-dom-client.development.js:13957:11)\n    at recursivelyTraversePassiveMountEffects (C:\\Users\\johnw\\OneDrive\\Desktop\\portfolio\\node_modules\\react-dom\\cjs\\react-dom-client.development.js:13815:11)\n    at commitPassiveMountOnFiber (C:\\Users\\johnw\\OneDrive\\Desktop\\portfolio\\node_modules\\react-dom\\cjs\\react-dom-client.development.js:13834:11)\n    at recursivelyTraversePassiveMountEffects (C:\\Users\\johnw\\OneDrive\\Desktop\\portfolio\\node_modules\\react-dom\\cjs\\react-dom-client.development.js:13815:11)\n    at commitPassiveMountOnFiber (C:\\Users\\johnw\\OneDrive\\Desktop\\portfolio\\node_modules\\react-dom\\cjs\\react-dom-client.development.js:13957:11)\n    at recursivelyTraversePassiveMountEffects (C:\\Users\\johnw\\OneDrive\\Desktop\\portfolio\\node_modules\\react-dom\\cjs\\react-dom-client.development.js:13815:11)\n    at commitPassiveMountOnFiber (C:\\Users\\johnw\\OneDrive\\Desktop\\portfolio\\node_modules\\react-dom\\cjs\\react-dom-client.development.js:13834:11)\n    at recursivelyTraversePassiveMountEffects (C:\\Users\\johnw\\OneDrive\\Desktop\\portfolio\\node_modules\\react-dom\\cjs\\react-dom-client.development.js:13815:11)\n    at commitPassiveMountOnFiber (C:\\Users\\johnw\\OneDrive\\Desktop\\portfolio\\node_modules\\react-dom\\cjs\\react-dom-client.development.js:13834:11)\n    at recursivelyTraversePassiveMountEffects (C:\\Users\\johnw\\OneDrive\\Desktop\\portfolio\\node_modules\\react-dom\\cjs\\react-dom-client.development.js:13815:11)\n    at commitPassiveMountOnFiber (C:\\Users\\johnw\\OneDrive\\Desktop\\portfolio\\node_modules\\react-dom\\cjs\\react-dom-client.development.js:13957:11)\n    at recursivelyTraversePassiveMountEffects (C:\\Users\\johnw\\OneDrive\\Desktop\\portfolio\\node_modules\\react-dom\\cjs\\react-dom-client.development.js:13815:11)\n    at commitPassiveMountOnFiber (C:\\Users\\johnw\\OneDrive\\Desktop\\portfolio\\node_modules\\react-dom\\cjs\\react-dom-client.development.js:13957:11)\n    at recursivelyTraversePassiveMountEffects (C:\\Users\\johnw\\OneDrive\\Desktop\\portfolio\\node_modules\\react-dom\\cjs\\react-dom-client.development.js:13815:11)\n    at commitPassiveMountOnFiber (C:\\Users\\johnw\\OneDrive\\Desktop\\portfolio\\node_modules\\react-dom\\cjs\\react-dom-client.development.js:13834:11)\n    at recursivelyTraversePassiveMountEffects (C:\\Users\\johnw\\OneDrive\\Desktop\\portfolio\\node_modules\\react-dom\\cjs\\react-dom-client.development.js:13815:11)\n    at commitPassiveMountOnFiber (C:\\Users\\johnw\\OneDrive\\Desktop\\portfolio\\node_modules\\react-dom\\cjs\\react-dom-client.development.js:13957:11)\n    at recursivelyTraversePassiveMountEffects (C:\\Users\\johnw\\OneDrive\\Desktop\\portfolio\\node_modules\\react-dom\\cjs\\react-dom-client.development.js:13815:11)\n    at commitPassiveMountOnFiber (C:\\Users\\johnw\\OneDrive\\Desktop\\portfolio\\node_modules\\react-dom\\cjs\\react-dom-client.development.js:13834:11)\n    at recursivelyTraversePassiveMountEffects (C:\\Users\\johnw\\OneDrive\\Desktop\\portfolio\\node_modules\\react-dom\\cjs\\react-dom-client.development.js:13815:11)\n    at commitPassiveMountOnFiber (C:\\Users\\johnw\\OneDrive\\Desktop\\portfolio\\node_modules\\react-dom\\cjs\\react-dom-client.development.js:13957:11)\n    at recursivelyTraversePassiveMountEffects (C:\\Users\\johnw\\OneDrive\\Desktop\\portfolio\\node_modules\\react-dom\\cjs\\react-dom-client.development.js:13815:11)\n    at commitPassiveMountOnFiber (C:\\Users\\johnw\\OneDrive\\Desktop\\portfolio\\node_modules\\react-dom\\cjs\\react-dom-client.development.js:13834:11)\n    at recursivelyTraversePassiveMountEffects (C:\\Users\\johnw\\OneDrive\\Desktop\\portfolio\\node_modules\\react-dom\\cjs\\react-dom-client.development.js:13815:11)\n    at commitPassiveMountOnFiber (C:\\Users\\johnw\\OneDrive\\Desktop\\portfolio\\node_modules\\react-dom\\cjs\\react-dom-client.development.js:13834:11)\n    at recursivelyTraversePassiveMountEffects (C:\\Users\\johnw\\OneDrive\\Desktop\\portfolio\\node_modules\\react-dom\\cjs\\react-dom-client.development.js:13815:11)\n    at commitPassiveMountOnFiber (C:\\Users\\johnw\\OneDrive\\Desktop\\portfolio\\node_modules\\react-dom\\cjs\\react-dom-client.development.js:13834:11)\n    at recursivelyTraversePassiveMountEffects (C:\\Users\\johnw\\OneDrive\\Desktop\\portfolio\\node_modules\\react-dom\\cjs\\react-dom-client.development.js:13815:11)\n    at commitPassiveMountOnFiber (C:\\Users\\johnw\\OneDrive\\Desktop\\portfolio\\node_modules\\react-dom\\cjs\\react-dom-client.development.js:13957:11)\n    at recursivelyTraversePassiveMountEffects (C:\\Users\\johnw\\OneDrive\\Desktop\\portfolio\\node_modules\\react-dom\\cjs\\react-dom-client.development.js:13815:11)\n    at commitPassiveMountOnFiber (C:\\Users\\johnw\\OneDrive\\Desktop\\portfolio\\node_modules\\react-dom\\cjs\\react-dom-client.development.js:13834:11)\n    at recursivelyTraversePassiveMountEffects (C:\\Users\\johnw\\OneDrive\\Desktop\\portfolio\\node_modules\\react-dom\\cjs\\react-dom-client.development.js:13815:11)\n    at commitPassiveMountOnFiber (C:\\Users\\johnw\\OneDrive\\Desktop\\portfolio\\node_modules\\react-dom\\cjs\\react-dom-client.development.js:13853:11)\n    at flushPassiveEffects (C:\\Users\\johnw\\OneDrive\\Desktop\\portfolio\\node_modules\\react-dom\\cjs\\react-dom-client.development.js:15737:9)\n    at flushPendingEffects (C:\\Users\\johnw\\OneDrive\\Desktop\\portfolio\\node_modules\\react-dom\\cjs\\react-dom-client.development.js:15702:14)\n    at performSyncWorkOnRoot (C:\\Users\\johnw\\OneDrive\\Desktop\\portfolio\\node_modules\\react-dom\\cjs\\react-dom-client.development.js:16228:11)\n    at flushSyncWorkAcrossRoots_impl (C:\\Users\\johnw\\OneDrive\\Desktop\\portfolio\\node_modules\\react-dom\\cjs\\react-dom-client.development.js:16079:21)\n    at flushSyncWork$1 (C:\\Users\\johnw\\OneDrive\\Desktop\\portfolio\\node_modules\\react-dom\\cjs\\react-dom-client.development.js:14721:12)\n    at ReactDOMRoot.Object.<anonymous>.process.env.NODE_ENV.ReactDOMHydrationRoot.unmount.ReactDOMRoot.unmount [as unmount] (C:\\Users\\johnw\\OneDrive\\Desktop\\portfolio\\node_modules\\react-dom\\cjs\\react-dom-client.development.js:24774:11)\n    at Object.unmount (C:\\Users\\johnw\\OneDrive\\Desktop\\portfolio\\node_modules\\@testing-library\\react\\dist\\pure.js:164:12)\n    at C:\\Users\\johnw\\OneDrive\\Desktop\\portfolio\\node_modules\\@testing-library\\react\\dist\\pure.js:308:12\n    at C:\\Users\\johnw\\OneDrive\\Desktop\\portfolio\\node_modules\\@testing-library\\react\\dist\\act-compat.js:48:24\n    at Object.<anonymous>.process.env.NODE_ENV.exports.act (C:\\Users\\johnw\\OneDrive\\Desktop\\portfolio\\node_modules\\react\\cjs\\react.development.js:789:22)\n    at C:\\Users\\johnw\\OneDrive\\Desktop\\portfolio\\node_modules\\@testing-library\\react\\dist\\act-compat.js:47:25\n    at C:\\Users\\johnw\\OneDrive\\Desktop\\portfolio\\node_modules\\@testing-library\\react\\dist\\pure.js:307:28\n    at Array.forEach (<anonymous>)\n    at cleanup (C:\\Users\\johnw\\OneDrive\\Desktop\\portfolio\\node_modules\\@testing-library\\react\\dist\\pure.js:303:22)\n    at Object.<anonymous> (C:\\Users\\johnw\\OneDrive\\Desktop\\portfolio\\node_modules\\@testing-library\\react\\dist\\index.js:28:25)\n    at Promise.then.completed (C:\\Users\\johnw\\OneDrive\\Desktop\\portfolio\\node_modules\\jest-circus\\build\\utils.js:298:28)\n    at new Promise (<anonymous>)\n    at callAsyncCircusFn (C:\\Users\\johnw\\OneDrive\\Desktop\\portfolio\\node_modules\\jest-circus\\build\\utils.js:231:10)\n    at _callCircusHook (C:\\Users\\johnw\\OneDrive\\Desktop\\portfolio\\node_modules\\jest-circus\\build\\run.js:281:40)\n    at runNextTicks (node:internal/process/task_queues:60:5)\n    at listOnTimeout (node:internal/timers:545:9)\n    at processTimers (node:internal/timers:519:7)\n    at _runTest (C:\\Users\\johnw\\OneDrive\\Desktop\\portfolio\\node_modules\\jest-circus\\build\\run.js:254:5)\n    at _runTestsForDescribeBlock (C:\\Users\\johnw\\OneDrive\\Desktop\\portfolio\\node_modules\\jest-circus\\build\\run.js:126:9)\n    at _runTestsForDescribeBlock (C:\\Users\\johnw\\OneDrive\\Desktop\\portfolio\\node_modules\\jest-circus\\build\\run.js:121:9)\n    at run (C:\\Users\\johnw\\OneDrive\\Desktop\\portfolio\\node_modules\\jest-circus\\build\\run.js:71:3)\n    at runAndTransformResultsToJestFormat (C:\\Users\\johnw\\OneDrive\\Desktop\\portfolio\\node_modules\\jest-circus\\build\\legacy-code-todo-rewrite\\jestAdapterInit.js:122:21)\n    at jestAdapter (C:\\Users\\johnw\\OneDrive\\Desktop\\portfolio\\node_modules\\jest-circus\\build\\legacy-code-todo-rewrite\\jestAdapter.js:79:19)\n    at runTestInternal (C:\\Users\\johnw\\OneDrive\\Desktop\\portfolio\\node_modules\\jest-runner\\build\\runTest.js:367:16)\n    at runTest (C:\\Users\\johnw\\OneDrive\\Desktop\\portfolio\\node_modules\\jest-runner\\build\\runTest.js:444:34)\n    at Object.worker (C:\\Users\\johnw\\OneDrive\\Desktop\\portfolio\\node_modules\\jest-runner\\build\\testWorker.js:106:12)"],"fullName":"KeywordAnalyzer calls onAnalyze with form data when valid","invocations":1,"location":null,"numPassingAsserts":0,"retryReasons":[],"status":"failed","title":"calls onAnalyze with form data when valid"},{"ancestorTitles":["KeywordAnalyzer"],"duration":29,"failureDetails":[],"failureMessages":[],"fullName":"KeywordAnalyzer matches snapshot","invocations":1,"location":null,"numPassingAsserts":1,"retryReasons":[],"status":"passed","title":"matches snapshot"}],"endTime":1745883910670,"message":"\u001b[1m\u001b[31m  \u001b[1m● \u001b[22m\u001b[1mKeywordAnalyzer › validates required fields\u001b[39m\u001b[22m\n\n    TestingLibraryElementError: Unable to find an element with the text: /Please select a category/i. This could be because the text is broken up by multiple elements. In this case, you can provide a function for your text matcher to make your matcher more flexible.\n\n    Ignored nodes: comments, script, style\n    \u001b[36m<body>\u001b[39m\n      \u001b[36m<div>\u001b[39m\n        \u001b[36m<div\u001b[39m\n          \u001b[33mclass\u001b[39m=\u001b[32m\"space-y-6\"\u001b[39m\n        \u001b[36m>\u001b[39m\n          \u001b[36m<div\u001b[39m\n            \u001b[33mclass\u001b[39m=\u001b[32m\"bg-blue-50 dark:bg-blue-900/20 p-4 rounded-lg flex items-start gap-3\"\u001b[39m\n          \u001b[36m>\u001b[39m\n            \u001b[36m<svg\u001b[39m\n              \u001b[33mclass\u001b[39m=\u001b[32m\"lucide lucide-info h-5 w-5 text-blue-500 mt-0.5 flex-shrink-0\"\u001b[39m\n              \u001b[33mfill\u001b[39m=\u001b[32m\"none\"\u001b[39m\n              \u001b[33mheight\u001b[39m=\u001b[32m\"24\"\u001b[39m\n              \u001b[33mstroke\u001b[39m=\u001b[32m\"currentColor\"\u001b[39m\n              \u001b[33mstroke-linecap\u001b[39m=\u001b[32m\"round\"\u001b[39m\n              \u001b[33mstroke-linejoin\u001b[39m=\u001b[32m\"round\"\u001b[39m\n              \u001b[33mstroke-width\u001b[39m=\u001b[32m\"2\"\u001b[39m\n              \u001b[33mviewBox\u001b[39m=\u001b[32m\"0 0 24 24\"\u001b[39m\n              \u001b[33mwidth\u001b[39m=\u001b[32m\"24\"\u001b[39m\n              \u001b[33mxmlns\u001b[39m=\u001b[32m\"http://www.w3.org/2000/svg\"\u001b[39m\n            \u001b[36m>\u001b[39m\n              \u001b[36m<circle\u001b[39m\n                \u001b[33mcx\u001b[39m=\u001b[32m\"12\"\u001b[39m\n                \u001b[33mcy\u001b[39m=\u001b[32m\"12\"\u001b[39m\n                \u001b[33mr\u001b[39m=\u001b[32m\"10\"\u001b[39m\n              \u001b[36m/>\u001b[39m\n              \u001b[36m<path\u001b[39m\n                \u001b[33md\u001b[39m=\u001b[32m\"M12 16v-4\"\u001b[39m\n              \u001b[36m/>\u001b[39m\n              \u001b[36m<path\u001b[39m\n                \u001b[33md\u001b[39m=\u001b[32m\"M12 8h.01\"\u001b[39m\n              \u001b[36m/>\u001b[39m\n            \u001b[36m</svg>\u001b[39m\n            \u001b[36m<div\u001b[39m\n              \u001b[33mclass\u001b[39m=\u001b[32m\"text-sm text-blue-700 dark:text-blue-300\"\u001b[39m\n            \u001b[36m>\u001b[39m\n              \u001b[36m<p\u001b[39m\n                \u001b[33mclass\u001b[39m=\u001b[32m\"font-medium\"\u001b[39m\n              \u001b[36m>\u001b[39m\n                \u001b[0mHow it Works:\u001b[0m\n              \u001b[36m</p>\u001b[39m\n              \u001b[36m<ul\u001b[39m\n                \u001b[33mclass\u001b[39m=\u001b[32m\"list-disc list-inside ml-4\"\u001b[39m\n              \u001b[36m>\u001b[39m\n                \u001b[36m<li>\u001b[39m\n                  \u001b[0mUpload a CSV with 'product' and comma-separated 'keywords' columns. Optional: 'searchVolume', 'competition' (Low/Medium/High).\u001b[0m\n                \u001b[36m</li>\u001b[39m\n                \u001b[36m<li>\u001b[39m\n                  \u001b[0mOr, manually enter comma-separated keywords for quick analysis.\u001b[0m\n                \u001b[36m</li>\u001b[39m\n                \u001b[36m<li>\u001b[39m\n                  \u001b[0mThe tool analyzes each keyword's potential (score, confidence, prohibited status).\u001b[0m\n                \u001b[36m</li>\u001b[39m\n                \u001b[36m<li>\u001b[39m\n                  \u001b[0mView keyword scores, identify prohibited terms, and see suggestions for high-potential keywords.\u001b[0m\n                \u001b[36m</li>\u001b[39m\n                \u001b[36m<li>\u001b[39m\n                  \u001b[0mExport the detailed analysis results to a CSV file.\u001b[0m\n                \u001b[36m</li>\u001b[39m\n              \u001b[36m</ul>\u001b[39m\n            \u001b[36m</div>\u001b[39m\n          \u001b[36m</div>\u001b[39m\n          \u001b[36m<div\u001b[39m\n            \u001b[33mclass\u001b[39m=\u001b[32m\"rounded-lg border bg-card text-card-foreground shadow-sm\"\u001b[39m\n          \u001b[36m>\u001b[39m\n            \u001b[36m<div\u001b[39m\n              \u001b[33mclass\u001b[39m=\u001b[32m\"p-6\"\u001b[39m\n            \u001b[36m>\u001b[39m\n              \u001b[36m<h3\u001b[39m\n                \u001b[33mclass\u001b[39m=\u001b[32m\"text-lg font-medium mb-4 text-center sm:text-left\"\u001b[39m\n              \u001b[36m>\u001b[39m\n                \u001b[0mAnalyze Keyword by Category\u001b[0m\n              \u001b[36m</h3>\u001b[39m\n              \u001b[36m<div\u001b[39m\n                \u001b[33mclass\u001b[39m=\u001b[32m\"space-y-4\"\u001b[39m\n              \u001b[36m>\u001b[39m\n                \u001b[36m<div>\u001b[39m\n                  \u001b[36m<label\u001b[39m\n                    \u001b[33mclass\u001b[39m=\u001b[32m\"text-sm font-medium leading-none peer-disabled:cursor-not-allowed peer-disabled:opacity-70\"\u001b[39m\n                    \u001b[33mfor\u001b[39m=\u001b[32m\"keyword\"\u001b[39m\n                  \u001b[36m>\u001b[39m\n                    \u001b[0mKeyword(s)\u001b[0m\n                  \u001b[36m</label>\u001b[39m\n                  \u001b[36m<input\u001b[39m\n                    \u001b[33mclass\u001b[39m=\u001b[32m\"flex h-10 w-full rounded-md border border-input bg-background px-3 py-2 text-sm ring-offset-background file:border-0 file:bg-transparent file:text-sm file:font-medium placeholder:text-muted-foreground focus-visible:outline-none focus-visible:ring-2 focus-visible:ring-ring focus-visible:ring-offset-2 disabled:cursor-not-allowed disabled:opacity-50 mt-1\"\u001b[39m\n                    \u001b[33mid\u001b[39m=\u001b[32m\"keyword\"\u001b[39m\n                    \u001b[33mname\u001b[39m=\u001b[32m\"keyword\"\u001b[39m\n                    \u001b[33mplaceholder\u001b[39m=\u001b[32m\"Enter keyword(s), comma-separated\"\u001b[39m\n                    \u001b[33mvalue\u001b[39m=\u001b[32m\"\"\u001b[39m\n                  \u001b[36m/>\u001b[39m\n                  \u001b[36m<p\u001b[39m\n                    \u001b[33mclass\u001b[39m=\u001b[32m\"text-sm text-red-500 mt-1\"\u001b[39m\n                  \u001b[36m>\u001b[39m\n                    \u001b[0mKeyword is required\u001b[0m\n                  \u001b[36m</p>\u001b[39m\n                \u001b[36m</div>\u001b[39m\n                \u001b[36m<div>\u001b[39m\n                  \u001b[36m<label\u001b[39m\n                    \u001b[33mclass\u001b[39m=\u001b[32m\"text-sm font-medium leading-none peer-disabled:cursor-not-allowed peer-disabled:opacity-70\"\u001b[39m\n                    \u001b[33mfor\u001b[39m=\u001b[32m\"category\"\u001b[39m\n                  \u001b[36m>\u001b[39m\n                    \u001b[0mProduct Category\u001b[0m\n                  \u001b[36m</label>\u001b[39m\n                  \u001b[36m<select\u001b[39m\n                    \u001b[33mclass\u001b[39m=\u001b[32m\"flex h-10 w-full rounded-md border border-input bg-background px-3 py-2 text-sm ring-offset-background file:border-0 file:bg-transparent file:text-sm file:font-medium placeholder:text-muted-foreground focus-visible:outline-none focus-visible:ring-2 focus-visible:ring-ring focus-visible:ring-offset-2 disabled:cursor-not-allowed disabled:opacity-50 mt-1\"\u001b[39m\n                    \u001b[33mid\u001b[39m=\u001b[32m\"category\"\u001b[39m\n                    \u001b[33mname\u001b[39m=\u001b[32m\"category\"\u001b[39m\n                  \u001b[36m>\u001b[39m\n                    \u001b[36m<option\u001b[39m\n                      \u001b[33mvalue\u001b[39m=\u001b[32m\"\"\u001b[39m\n                    \u001b[36m>\u001b[39m\n                      \u001b[0mSelect a category\u001b[0m\n                    \u001b[36m</option>\u001b[39m\n                    \u001b[36m<option\u001b[39m\n                      \u001b[33mvalue\u001b[39m=\u001b[32m\"electronics\"\u001b[39m\n                    \u001b[36m>\u001b[39m\n                      \u001b[0mElectronics\u001b[0m\n                    \u001b[36m</option>\u001b[39m\n                    \u001b[36m<option\u001b[39m\n                      \u001b[33mvalue\u001b[39m=\u001b[32m\"clothing\"\u001b[39m\n                    \u001b[36m>\u001b[39m\n                      \u001b[0mClothing\u001b[0m\n                    \u001b[36m</option>\u001b[39m\n                    \u001b[36m<option\u001b[39m\n                      \u001b[33mvalue\u001b[39m=\u001b[32m\"home\"\u001b[39m\n                    \u001b[36m>\u001b[39m\n                      \u001b[0mHome & Kitchen\u001b[0m\n                    \u001b[36m</option>\u001b[39m\n                    \u001b[36m<option\u001b[39m\n                      \u001b[33mvalue\u001b[39m=\u001b[32m\"beauty\"\u001b[39m\n                    \u001b[36m>\u001b[39m\n                      \u001b[0mBeauty & Personal Care\u001b[0m\n                    \u001b[36m</option>\u001b[39m\n                    \u001b[36m<option\u001b[39m\n                      \u001b[33mvalue\u001b[39m=\u001b[32m\"sports\"\u001b[39m\n                    \u001b[36m>\u001b[39m\n                      \u001b[0mSports & Outdoors\u001b[0m\n                    \u001b[36m</option>\u001b[39m\n                    \u001b[36m<option\u001b[39m\n                      \u001b[33mvalue\u001b[39m=\u001b[32m\"toys\"\u001b[39m\n                    \u001b[36m>\u001b[39m\n                      \u001b[0mToys & Games\u001b[0m\n                    \u001b[36m</option>\u001b[39m\n                  \u001b[36m</select>\u001b[39m\n                  \u001b[36m<p\u001b[39m\n                    \u001b[33mclass\u001b[39m=\u001b[32m\"text-sm text-red-500 mt-1\"\u001b[39m\n                  \u001b[36m>\u001b[39m\n                    \u001b[0mProduct category is required\u001b[0m\n                  \u001b[36m</p>\u001b[39m\n                \u001b[36m</div>\u001b[39m\n                \u001b[36m<button\u001b[39m\n                  \u001b[33mclass\u001b[39m=\u001b[32m\"inline-flex items-center justify-center rounded-md text-sm font-medium ring-offset-background transition-colors focus-visible:outline-none foc...\n\u001b[2m\u001b[22m\n\u001b[2m    \u001b[0m \u001b[90m 33 |\u001b[39m\u001b[22m\n\u001b[2m     \u001b[90m 34 |\u001b[39m     expect(screen\u001b[33m.\u001b[39mgetByText(\u001b[35m/Keyword is required/i\u001b[39m))\u001b[33m.\u001b[39mtoBeInTheDocument()\u001b[33m;\u001b[39m\u001b[22m\n\u001b[2m    \u001b[31m\u001b[1m>\u001b[22m\u001b[2m\u001b[39m\u001b[90m 35 |\u001b[39m     expect(screen\u001b[33m.\u001b[39mgetByText(\u001b[35m/Please select a category/i\u001b[39m))\u001b[33m.\u001b[39mtoBeInTheDocument()\u001b[33m;\u001b[39m\u001b[22m\n\u001b[2m     \u001b[90m    |\u001b[39m                   \u001b[31m\u001b[1m^\u001b[22m\u001b[2m\u001b[39m\u001b[22m\n\u001b[2m     \u001b[90m 36 |\u001b[39m     expect(mockOnAnalyze)\u001b[33m.\u001b[39mnot\u001b[33m.\u001b[39mtoHaveBeenCalled()\u001b[33m;\u001b[39m\u001b[22m\n\u001b[2m     \u001b[90m 37 |\u001b[39m   })\u001b[33m;\u001b[39m\u001b[22m\n\u001b[2m     \u001b[90m 38 |\u001b[39m\u001b[0m\u001b[22m\n\u001b[2m\u001b[22m\n\u001b[2m      \u001b[2mat Object.getElementError (\u001b[22m\u001b[2mnode_modules/@testing-library/dom/dist/config.js\u001b[2m:37:19)\u001b[22m\u001b[2m\u001b[22m\n\u001b[2m      \u001b[2mat \u001b[22m\u001b[2mnode_modules/@testing-library/dom/dist/query-helpers.js\u001b[2m:76:38\u001b[22m\u001b[2m\u001b[22m\n\u001b[2m      \u001b[2mat \u001b[22m\u001b[2mnode_modules/@testing-library/dom/dist/query-helpers.js\u001b[2m:52:17\u001b[22m\u001b[2m\u001b[22m\n\u001b[2m      \u001b[2mat \u001b[22m\u001b[2mnode_modules/@testing-library/dom/dist/query-helpers.js\u001b[2m:95:19\u001b[22m\u001b[2m\u001b[22m\n\u001b[2m      \u001b[2mat Object.getByText (\u001b[22m\u001b[2m\u001b[0m\u001b[36msrc/__tests__/components/amazon-seller-tools/keyword-analyzer.test.tsx\u001b[39m\u001b[0m\u001b[2m:35:19)\u001b[22m\u001b[2m\u001b[22m\n\n\u001b[1m\u001b[31m  \u001b[1m● \u001b[22m\u001b[1mKeywordAnalyzer › calls onAnalyze with form data when valid\u001b[39m\u001b[22m\n\n    \u001b[2mexpect(\u001b[22m\u001b[31mjest.fn()\u001b[39m\u001b[2m).\u001b[22mtoHaveBeenCalledWith\u001b[2m(\u001b[22m\u001b[32m...expected\u001b[39m\u001b[2m)\u001b[22m\n\n    Expected: \u001b[32m{\"category\": \"electronics\", \"keyword\": \"test keyword\"}\u001b[39m\n\n    Number of calls: \u001b[31m0\u001b[39m\n\u001b[2m\u001b[22m\n\u001b[2m    \u001b[0m \u001b[90m 51 |\u001b[39m     )\u001b[33m;\u001b[39m\u001b[22m\n\u001b[2m     \u001b[90m 52 |\u001b[39m\u001b[22m\n\u001b[2m    \u001b[31m\u001b[1m>\u001b[22m\u001b[2m\u001b[39m\u001b[90m 53 |\u001b[39m     expect(mockOnAnalyze)\u001b[33m.\u001b[39mtoHaveBeenCalledWith({\u001b[22m\n\u001b[2m     \u001b[90m    |\u001b[39m                           \u001b[31m\u001b[1m^\u001b[22m\u001b[2m\u001b[39m\u001b[22m\n\u001b[2m     \u001b[90m 54 |\u001b[39m       keyword\u001b[33m:\u001b[39m \u001b[32m'test keyword'\u001b[39m\u001b[33m,\u001b[39m\u001b[22m\n\u001b[2m     \u001b[90m 55 |\u001b[39m       category\u001b[33m:\u001b[39m \u001b[32m'electronics'\u001b[39m\u001b[33m,\u001b[39m\u001b[22m\n\u001b[2m     \u001b[90m 56 |\u001b[39m     })\u001b[33m;\u001b[39m\u001b[0m\u001b[22m\n\u001b[2m\u001b[22m\n\u001b[2m      \u001b[2mat Object.toHaveBeenCalledWith (\u001b[22m\u001b[2m\u001b[0m\u001b[36msrc/__tests__/components/amazon-seller-tools/keyword-analyzer.test.tsx\u001b[39m\u001b[0m\u001b[2m:53:27)\u001b[22m\u001b[2m\u001b[22m\n\n\u001b[1m\u001b[31m  \u001b[1m● \u001b[22m\u001b[1mKeywordAnalyzer › calls onAnalyze with form data when valid\u001b[39m\u001b[22m\n\n    ReferenceError: ResizeObserver is not defined\n\u001b[2m\u001b[22m\n\u001b[2m      \u001b[2mat \u001b[22m\u001b[2mnode_modules/recharts/lib/component/ResponsiveContainer.js\u001b[2m:101:20\u001b[22m\u001b[2m\u001b[22m\n\u001b[2m      \u001b[2mat Object.react-stack-bottom-frame (\u001b[22m\u001b[2mnode_modules/react-dom/cjs/react-dom-client.development.js\u001b[2m:23949:20)\u001b[22m\u001b[2m\u001b[22m\n\u001b[2m      \u001b[2mat runWithFiberInDEV (\u001b[22m\u001b[2mnode_modules/react-dom/cjs/react-dom-client.development.js\u001b[2m:1522:13)\u001b[22m\u001b[2m\u001b[22m\n\u001b[2m      \u001b[2mat commitHookEffectListMount (\u001b[22m\u001b[2mnode_modules/react-dom/cjs/react-dom-client.development.js\u001b[2m:11905:29)\u001b[22m\u001b[2m\u001b[22m\n\u001b[2m      \u001b[2mat commitHookPassiveMountEffects (\u001b[22m\u001b[2mnode_modules/react-dom/cjs/react-dom-client.development.js\u001b[2m:12028:11)\u001b[22m\u001b[2m\u001b[22m\n\u001b[2m      \u001b[2mat commitPassiveMountOnFiber (\u001b[22m\u001b[2mnode_modules/react-dom/cjs/react-dom-client.development.js\u001b[2m:13841:13)\u001b[22m\u001b[2m\u001b[22m\n\u001b[2m      \u001b[2mat recursivelyTraversePassiveMountEffects (\u001b[22m\u001b[2mnode_modules/react-dom/cjs/react-dom-client.development.js\u001b[2m:13815:11)\u001b[22m\u001b[2m\u001b[22m\n\u001b[2m      \u001b[2mat commitPassiveMountOnFiber (\u001b[22m\u001b[2mnode_modules/react-dom/cjs/react-dom-client.development.js\u001b[2m:13957:11)\u001b[22m\u001b[2m\u001b[22m\n\u001b[2m      \u001b[2mat recursivelyTraversePassiveMountEffects (\u001b[22m\u001b[2mnode_modules/react-dom/cjs/react-dom-client.development.js\u001b[2m:13815:11)\u001b[22m\u001b[2m\u001b[22m\n\u001b[2m      \u001b[2mat commitPassiveMountOnFiber (\u001b[22m\u001b[2mnode_modules/react-dom/cjs/react-dom-client.development.js\u001b[2m:13957:11)\u001b[22m\u001b[2m\u001b[22m\n\u001b[2m      \u001b[2mat recursivelyTraversePassiveMountEffects (\u001b[22m\u001b[2mnode_modules/react-dom/cjs/react-dom-client.development.js\u001b[2m:13815:11)\u001b[22m\u001b[2m\u001b[22m\n\u001b[2m      \u001b[2mat commitPassiveMountOnFiber (\u001b[22m\u001b[2mnode_modules/react-dom/cjs/react-dom-client.development.js\u001b[2m:13957:11)\u001b[22m\u001b[2m\u001b[22m\n\u001b[2m      \u001b[2mat recursivelyTraversePassiveMountEffects (\u001b[22m\u001b[2mnode_modules/react-dom/cjs/react-dom-client.development.js\u001b[2m:13815:11)\u001b[22m\u001b[2m\u001b[22m\n\u001b[2m      \u001b[2mat commitPassiveMountOnFiber (\u001b[22m\u001b[2mnode_modules/react-dom/cjs/react-dom-client.development.js\u001b[2m:13834:11)\u001b[22m\u001b[2m\u001b[22m\n\u001b[2m      \u001b[2mat recursivelyTraversePassiveMountEffects (\u001b[22m\u001b[2mnode_modules/react-dom/cjs/react-dom-client.development.js\u001b[2m:13815:11)\u001b[22m\u001b[2m\u001b[22m\n\u001b[2m      \u001b[2mat commitPassiveMountOnFiber (\u001b[22m\u001b[2mnode_modules/react-dom/cjs/react-dom-client.development.js\u001b[2m:13957:11)\u001b[22m\u001b[2m\u001b[22m\n\u001b[2m      \u001b[2mat recursivelyTraversePassiveMountEffects (\u001b[22m\u001b[2mnode_modules/react-dom/cjs/react-dom-client.development.js\u001b[2m:13815:11)\u001b[22m\u001b[2m\u001b[22m\n\u001b[2m      \u001b[2mat commitPassiveMountOnFiber (\u001b[22m\u001b[2mnode_modules/react-dom/cjs/react-dom-client.development.js\u001b[2m:13834:11)\u001b[22m\u001b[2m\u001b[22m\n\u001b[2m      \u001b[2mat recursivelyTraversePassiveMountEffects (\u001b[22m\u001b[2mnode_modules/react-dom/cjs/react-dom-client.development.js\u001b[2m:13815:11)\u001b[22m\u001b[2m\u001b[22m\n\u001b[2m      \u001b[2mat commitPassiveMountOnFiber (\u001b[22m\u001b[2mnode_modules/react-dom/cjs/react-dom-client.development.js\u001b[2m:13834:11)\u001b[22m\u001b[2m\u001b[22m\n\u001b[2m      \u001b[2mat recursivelyTraversePassiveMountEffects (\u001b[22m\u001b[2mnode_modules/react-dom/cjs/react-dom-client.development.js\u001b[2m:13815:11)\u001b[22m\u001b[2m\u001b[22m\n\u001b[2m      \u001b[2mat commitPassiveMountOnFiber (\u001b[22m\u001b[2mnode_modules/react-dom/cjs/react-dom-client.development.js\u001b[2m:13957:11)\u001b[22m\u001b[2m\u001b[22m\n\u001b[2m      \u001b[2mat recursivelyTraversePassiveMountEffects (\u001b[22m\u001b[2mnode_modules/react-dom/cjs/react-dom-client.development.js\u001b[2m:13815:11)\u001b[22m\u001b[2m\u001b[22m\n\u001b[2m      \u001b[2mat commitPassiveMountOnFiber (\u001b[22m\u001b[2mnode_modules/react-dom/cjs/react-dom-client.development.js\u001b[2m:13957:11)\u001b[22m\u001b[2m\u001b[22m\n\u001b[2m      \u001b[2mat recursivelyTraversePassiveMountEffects (\u001b[22m\u001b[2mnode_modules/react-dom/cjs/react-dom-client.development.js\u001b[2m:13815:11)\u001b[22m\u001b[2m\u001b[22m\n\u001b[2m      \u001b[2mat commitPassiveMountOnFiber (\u001b[22m\u001b[2mnode_modules/react-dom/cjs/react-dom-client.development.js\u001b[2m:13834:11)\u001b[22m\u001b[2m\u001b[22m\n\u001b[2m      \u001b[2mat recursivelyTraversePassiveMountEffects (\u001b[22m\u001b[2mnode_modules/react-dom/cjs/react-dom-client.development.js\u001b[2m:13815:11)\u001b[22m\u001b[2m\u001b[22m\n\u001b[2m      \u001b[2mat commitPassiveMountOnFiber (\u001b[22m\u001b[2mnode_modules/react-dom/cjs/react-dom-client.development.js\u001b[2m:13957:11)\u001b[22m\u001b[2m\u001b[22m\n\u001b[2m      \u001b[2mat recursivelyTraversePassiveMountEffects (\u001b[22m\u001b[2mnode_modules/react-dom/cjs/react-dom-client.development.js\u001b[2m:13815:11)\u001b[22m\u001b[2m\u001b[22m\n\u001b[2m      \u001b[2mat commitPassiveMountOnFiber (\u001b[22m\u001b[2mnode_modules/react-dom/cjs/react-dom-client.development.js\u001b[2m:13834:11)\u001b[22m\u001b[2m\u001b[22m\n\u001b[2m      \u001b[2mat recursivelyTraversePassiveMountEffects (\u001b[22m\u001b[2mnode_modules/react-dom/cjs/react-dom-client.development.js\u001b[2m:13815:11)\u001b[22m\u001b[2m\u001b[22m\n\u001b[2m      \u001b[2mat commitPassiveMountOnFiber (\u001b[22m\u001b[2mnode_modules/react-dom/cjs/react-dom-client.development.js\u001b[2m:13957:11)\u001b[22m\u001b[2m\u001b[22m\n\u001b[2m      \u001b[2mat recursivelyTraversePassiveMountEffects (\u001b[22m\u001b[2mnode_modules/react-dom/cjs/react-dom-client.development.js\u001b[2m:13815:11)\u001b[22m\u001b[2m\u001b[22m\n\u001b[2m      \u001b[2mat commitPassiveMountOnFiber (\u001b[22m\u001b[2mnode_modules/react-dom/cjs/react-dom-client.development.js\u001b[2m:13834:11)\u001b[22m\u001b[2m\u001b[22m\n\u001b[2m      \u001b[2mat recursivelyTraversePassiveMountEffects (\u001b[22m\u001b[2mnode_modules/react-dom/cjs/react-dom-client.development.js\u001b[2m:13815:11)\u001b[22m\u001b[2m\u001b[22m\n\u001b[2m      \u001b[2mat commitPassiveMountOnFiber (\u001b[22m\u001b[2mnode_modules/react-dom/cjs/react-dom-client.development.js\u001b[2m:13834:11)\u001b[22m\u001b[2m\u001b[22m\n\u001b[2m      \u001b[2mat recursivelyTraversePassiveMountEffects (\u001b[22m\u001b[2mnode_modules/react-dom/cjs/react-dom-client.development.js\u001b[2m:13815:11)\u001b[22m\u001b[2m\u001b[22m\n\u001b[2m      \u001b[2mat commitPassiveMountOnFiber (\u001b[22m\u001b[2mnode_modules/react-dom/cjs/react-dom-client.development.js\u001b[2m:13834:11)\u001b[22m\u001b[2m\u001b[22m\n\u001b[2m      \u001b[2mat recursivelyTraversePassiveMountEffects (\u001b[22m\u001b[2mnode_modules/react-dom/cjs/react-dom-client.development.js\u001b[2m:13815:11)\u001b[22m\u001b[2m\u001b[22m\n\u001b[2m      \u001b[2mat commitPassiveMountOnFiber (\u001b[22m\u001b[2mnode_modules/react-dom/cjs/react-dom-client.development.js\u001b[2m:13957:11)\u001b[22m\u001b[2m\u001b[22m\n\u001b[2m      \u001b[2mat recursivelyTraversePassiveMountEffects (\u001b[22m\u001b[2mnode_modules/react-dom/cjs/react-dom-client.development.js\u001b[2m:13815:11)\u001b[22m\u001b[2m\u001b[22m\n\u001b[2m      \u001b[2mat commitPassiveMountOnFiber (\u001b[22m\u001b[2mnode_modules/react-dom/cjs/react-dom-client.development.js\u001b[2m:13834:11)\u001b[22m\u001b[2m\u001b[22m\n\u001b[2m      \u001b[2mat recursivelyTraversePassiveMountEffects (\u001b[22m\u001b[2mnode_modules/react-dom/cjs/react-dom-client.development.js\u001b[2m:13815:11)\u001b[22m\u001b[2m\u001b[22m\n\u001b[2m      \u001b[2mat commitPassiveMountOnFiber (\u001b[22m\u001b[2mnode_modules/react-dom/cjs/react-dom-client.development.js\u001b[2m:13853:11)\u001b[22m\u001b[2m\u001b[22m\n\u001b[2m      \u001b[2mat flushPassiveEffects (\u001b[22m\u001b[2mnode_modules/react-dom/cjs/react-dom-client.development.js\u001b[2m:15737:9)\u001b[22m\u001b[2m\u001b[22m\n\u001b[2m      \u001b[2mat flushPendingEffects (\u001b[22m\u001b[2mnode_modules/react-dom/cjs/react-dom-client.development.js\u001b[2m:15702:14)\u001b[22m\u001b[2m\u001b[22m\n\u001b[2m      \u001b[2mat performSyncWorkOnRoot (\u001b[22m\u001b[2mnode_modules/react-dom/cjs/react-dom-client.development.js\u001b[2m:16228:11)\u001b[22m\u001b[2m\u001b[22m\n\u001b[2m      \u001b[2mat flushSyncWorkAcrossRoots_impl (\u001b[22m\u001b[2mnode_modules/react-dom/cjs/react-dom-client.development.js\u001b[2m:16079:21)\u001b[22m\u001b[2m\u001b[22m\n\u001b[2m      \u001b[2mat flushSyncWork$1 (\u001b[22m\u001b[2mnode_modules/react-dom/cjs/react-dom-client.development.js\u001b[2m:14721:12)\u001b[22m\u001b[2m\u001b[22m\n\u001b[2m      \u001b[2mat ReactDOMRoot.Object.<anonymous>.process.env.NODE_ENV.ReactDOMHydrationRoot.unmount.ReactDOMRoot.unmount [as unmount] (\u001b[22m\u001b[2mnode_modules/react-dom/cjs/react-dom-client.development.js\u001b[2m:24774:11)\u001b[22m\u001b[2m\u001b[22m\n\u001b[2m      \u001b[2mat Object.unmount (\u001b[22m\u001b[2mnode_modules/@testing-library/react/dist/pure.js\u001b[2m:164:12)\u001b[22m\u001b[2m\u001b[22m\n\u001b[2m      \u001b[2mat \u001b[22m\u001b[2mnode_modules/@testing-library/react/dist/pure.js\u001b[2m:308:12\u001b[22m\u001b[2m\u001b[22m\n\u001b[2m      \u001b[2mat \u001b[22m\u001b[2mnode_modules/@testing-library/react/dist/act-compat.js\u001b[2m:48:24\u001b[22m\u001b[2m\u001b[22m\n\u001b[2m      \u001b[2mat Object.<anonymous>.process.env.NODE_ENV.exports.act (\u001b[22m\u001b[2mnode_modules/react/cjs/react.development.js\u001b[2m:789:22)\u001b[22m\u001b[2m\u001b[22m\n\u001b[2m      \u001b[2mat \u001b[22m\u001b[2mnode_modules/@testing-library/react/dist/act-compat.js\u001b[2m:47:25\u001b[22m\u001b[2m\u001b[22m\n\u001b[2m      \u001b[2mat \u001b[22m\u001b[2mnode_modules/@testing-library/react/dist/pure.js\u001b[2m:307:28\u001b[22m\u001b[2m\u001b[22m\n\u001b[2m          at Array.forEach (<anonymous>)\u001b[22m\n\u001b[2m      \u001b[2mat cleanup (\u001b[22m\u001b[2mnode_modules/@testing-library/react/dist/pure.js\u001b[2m:303:22)\u001b[22m\u001b[2m\u001b[22m\n\u001b[2m      \u001b[2mat Object.<anonymous> (\u001b[22m\u001b[2mnode_modules/@testing-library/react/dist/index.js\u001b[2m:28:25)\u001b[22m\u001b[2m\u001b[22m\n","name":"C:\\Users\\johnw\\OneDrive\\Desktop\\portfolio\\src\\__tests__\\components\\amazon-seller-tools\\keyword-analyzer.test.tsx","startTime":1745883904850,"status":"failed","summary":""},{"assertionResults":[{"ancestorTitles":["KeywordDeduplicator"],"duration":9,"failureDetails":[{"name":"TestingLibraryElementError"}],"failureMessages":["TestingLibraryElementError: Unable to find an element with the text: How it Works:. This could be because the text is broken up by multiple elements. In this case, you can provide a function for your text matcher to make your matcher more flexible.\n\nIgnored nodes: comments, script, style\n\u001b[36m<body>\u001b[39m\n  \u001b[36m<div>\u001b[39m\n    \u001b[36m<div\u001b[39m\n      \u001b[33mdata-testid\u001b[39m=\u001b[32m\"keyword-deduplicator\"\u001b[39m\n    \u001b[36m>\u001b[39m\n      \u001b[0mMocked KeywordDeduplicator\u001b[0m\n    \u001b[36m</div>\u001b[39m\n  \u001b[36m</div>\u001b[39m\n\u001b[36m</body>\u001b[39m\n    at Object.getElementError (C:\\Users\\johnw\\OneDrive\\Desktop\\portfolio\\node_modules\\@testing-library\\dom\\dist\\config.js:37:19)\n    at C:\\Users\\johnw\\OneDrive\\Desktop\\portfolio\\node_modules\\@testing-library\\dom\\dist\\query-helpers.js:76:38\n    at C:\\Users\\johnw\\OneDrive\\Desktop\\portfolio\\node_modules\\@testing-library\\dom\\dist\\query-helpers.js:52:17\n    at C:\\Users\\johnw\\OneDrive\\Desktop\\portfolio\\node_modules\\@testing-library\\dom\\dist\\query-helpers.js:95:19\n    at Object.getByText (C:\\Users\\johnw\\OneDrive\\Desktop\\portfolio\\src\\__tests__\\components\\amazon-seller-tools\\keyword-deduplicator.test.tsx:19:19)\n    at Promise.then.completed (C:\\Users\\johnw\\OneDrive\\Desktop\\portfolio\\node_modules\\jest-circus\\build\\utils.js:298:28)\n    at new Promise (<anonymous>)\n    at callAsyncCircusFn (C:\\Users\\johnw\\OneDrive\\Desktop\\portfolio\\node_modules\\jest-circus\\build\\utils.js:231:10)\n    at _callCircusTest (C:\\Users\\johnw\\OneDrive\\Desktop\\portfolio\\node_modules\\jest-circus\\build\\run.js:316:40)\n    at processTicksAndRejections (node:internal/process/task_queues:95:5)\n    at _runTest (C:\\Users\\johnw\\OneDrive\\Desktop\\portfolio\\node_modules\\jest-circus\\build\\run.js:252:3)\n    at _runTestsForDescribeBlock (C:\\Users\\johnw\\OneDrive\\Desktop\\portfolio\\node_modules\\jest-circus\\build\\run.js:126:9)\n    at _runTestsForDescribeBlock (C:\\Users\\johnw\\OneDrive\\Desktop\\portfolio\\node_modules\\jest-circus\\build\\run.js:121:9)\n    at run (C:\\Users\\johnw\\OneDrive\\Desktop\\portfolio\\node_modules\\jest-circus\\build\\run.js:71:3)\n    at runAndTransformResultsToJestFormat (C:\\Users\\johnw\\OneDrive\\Desktop\\portfolio\\node_modules\\jest-circus\\build\\legacy-code-todo-rewrite\\jestAdapterInit.js:122:21)\n    at jestAdapter (C:\\Users\\johnw\\OneDrive\\Desktop\\portfolio\\node_modules\\jest-circus\\build\\legacy-code-todo-rewrite\\jestAdapter.js:79:19)\n    at runTestInternal (C:\\Users\\johnw\\OneDrive\\Desktop\\portfolio\\node_modules\\jest-runner\\build\\runTest.js:367:16)\n    at runTest (C:\\Users\\johnw\\OneDrive\\Desktop\\portfolio\\node_modules\\jest-runner\\build\\runTest.js:444:34)\n    at Object.worker (C:\\Users\\johnw\\OneDrive\\Desktop\\portfolio\\node_modules\\jest-runner\\build\\testWorker.js:106:12)"],"fullName":"KeywordDeduplicator renders correctly","invocations":1,"location":null,"numPassingAsserts":0,"retryReasons":[],"status":"failed","title":"renders correctly"},{"ancestorTitles":["KeywordDeduplicator"],"duration":4,"failureDetails":[{"name":"TestingLibraryElementError"}],"failureMessages":["TestingLibraryElementError: Unable to find a label with the text of: Keywords*\n\nIgnored nodes: comments, script, style\n\u001b[36m<body>\u001b[39m\n  \u001b[36m<div>\u001b[39m\n    \u001b[36m<div\u001b[39m\n      \u001b[33mdata-testid\u001b[39m=\u001b[32m\"keyword-deduplicator\"\u001b[39m\n    \u001b[36m>\u001b[39m\n      \u001b[0mMocked KeywordDeduplicator\u001b[0m\n    \u001b[36m</div>\u001b[39m\n  \u001b[36m</div>\u001b[39m\n\u001b[36m</body>\u001b[39m\n    at Object.getElementError (C:\\Users\\johnw\\OneDrive\\Desktop\\portfolio\\node_modules\\@testing-library\\dom\\dist\\config.js:37:19)\n    at getAllByLabelText (C:\\Users\\johnw\\OneDrive\\Desktop\\portfolio\\node_modules\\@testing-library\\dom\\dist\\queries\\label-text.js:111:38)\n    at C:\\Users\\johnw\\OneDrive\\Desktop\\portfolio\\node_modules\\@testing-library\\dom\\dist\\query-helpers.js:52:17\n    at C:\\Users\\johnw\\OneDrive\\Desktop\\portfolio\\node_modules\\@testing-library\\dom\\dist\\query-helpers.js:95:19\n    at Object.getByLabelText (C:\\Users\\johnw\\OneDrive\\Desktop\\portfolio\\src\\__tests__\\components\\amazon-seller-tools\\keyword-deduplicator.test.tsx:28:28)\n    at Promise.then.completed (C:\\Users\\johnw\\OneDrive\\Desktop\\portfolio\\node_modules\\jest-circus\\build\\utils.js:298:28)\n    at new Promise (<anonymous>)\n    at callAsyncCircusFn (C:\\Users\\johnw\\OneDrive\\Desktop\\portfolio\\node_modules\\jest-circus\\build\\utils.js:231:10)\n    at _callCircusTest (C:\\Users\\johnw\\OneDrive\\Desktop\\portfolio\\node_modules\\jest-circus\\build\\run.js:316:40)\n    at processTicksAndRejections (node:internal/process/task_queues:95:5)\n    at _runTest (C:\\Users\\johnw\\OneDrive\\Desktop\\portfolio\\node_modules\\jest-circus\\build\\run.js:252:3)\n    at _runTestsForDescribeBlock (C:\\Users\\johnw\\OneDrive\\Desktop\\portfolio\\node_modules\\jest-circus\\build\\run.js:126:9)\n    at _runTestsForDescribeBlock (C:\\Users\\johnw\\OneDrive\\Desktop\\portfolio\\node_modules\\jest-circus\\build\\run.js:121:9)\n    at run (C:\\Users\\johnw\\OneDrive\\Desktop\\portfolio\\node_modules\\jest-circus\\build\\run.js:71:3)\n    at runAndTransformResultsToJestFormat (C:\\Users\\johnw\\OneDrive\\Desktop\\portfolio\\node_modules\\jest-circus\\build\\legacy-code-todo-rewrite\\jestAdapterInit.js:122:21)\n    at jestAdapter (C:\\Users\\johnw\\OneDrive\\Desktop\\portfolio\\node_modules\\jest-circus\\build\\legacy-code-todo-rewrite\\jestAdapter.js:79:19)\n    at runTestInternal (C:\\Users\\johnw\\OneDrive\\Desktop\\portfolio\\node_modules\\jest-runner\\build\\runTest.js:367:16)\n    at runTest (C:\\Users\\johnw\\OneDrive\\Desktop\\portfolio\\node_modules\\jest-runner\\build\\runTest.js:444:34)\n    at Object.worker (C:\\Users\\johnw\\OneDrive\\Desktop\\portfolio\\node_modules\\jest-runner\\build\\testWorker.js:106:12)"],"fullName":"KeywordDeduplicator processes manual keywords correctly","invocations":1,"location":null,"numPassingAsserts":0,"retryReasons":[],"status":"failed","title":"processes manual keywords correctly"},{"ancestorTitles":["KeywordDeduplicator"],"duration":44,"failureDetails":[{"name":"TestingLibraryElementError"}],"failureMessages":["TestingLibraryElementError: Unable to find an accessible element with the role \"button\" and name `/Remove Duplicates/i`\n\nThere are no accessible roles. But there might be some inaccessible roles. If you wish to access them, then set the `hidden` option to `true`. Learn more about this here: https://testing-library.com/docs/dom-testing-library/api-queries#byrole\n\nIgnored nodes: comments, script, style\n\u001b[36m<body>\u001b[39m\n  \u001b[36m<div>\u001b[39m\n    \u001b[36m<div\u001b[39m\n      \u001b[33mdata-testid\u001b[39m=\u001b[32m\"keyword-deduplicator\"\u001b[39m\n    \u001b[36m>\u001b[39m\n      \u001b[0mMocked KeywordDeduplicator\u001b[0m\n    \u001b[36m</div>\u001b[39m\n  \u001b[36m</div>\u001b[39m\n\u001b[36m</body>\u001b[39m\n    at Object.getElementError (C:\\Users\\johnw\\OneDrive\\Desktop\\portfolio\\node_modules\\@testing-library\\dom\\dist\\config.js:37:19)\n    at C:\\Users\\johnw\\OneDrive\\Desktop\\portfolio\\node_modules\\@testing-library\\dom\\dist\\query-helpers.js:76:38\n    at C:\\Users\\johnw\\OneDrive\\Desktop\\portfolio\\node_modules\\@testing-library\\dom\\dist\\query-helpers.js:52:17\n    at C:\\Users\\johnw\\OneDrive\\Desktop\\portfolio\\node_modules\\@testing-library\\dom\\dist\\query-helpers.js:95:19\n    at Object.getByRole (C:\\Users\\johnw\\OneDrive\\Desktop\\portfolio\\src\\__tests__\\components\\amazon-seller-tools\\keyword-deduplicator.test.tsx:42:29)\n    at Promise.then.completed (C:\\Users\\johnw\\OneDrive\\Desktop\\portfolio\\node_modules\\jest-circus\\build\\utils.js:298:28)\n    at new Promise (<anonymous>)\n    at callAsyncCircusFn (C:\\Users\\johnw\\OneDrive\\Desktop\\portfolio\\node_modules\\jest-circus\\build\\utils.js:231:10)\n    at _callCircusTest (C:\\Users\\johnw\\OneDrive\\Desktop\\portfolio\\node_modules\\jest-circus\\build\\run.js:316:40)\n    at processTicksAndRejections (node:internal/process/task_queues:95:5)\n    at _runTest (C:\\Users\\johnw\\OneDrive\\Desktop\\portfolio\\node_modules\\jest-circus\\build\\run.js:252:3)\n    at _runTestsForDescribeBlock (C:\\Users\\johnw\\OneDrive\\Desktop\\portfolio\\node_modules\\jest-circus\\build\\run.js:126:9)\n    at _runTestsForDescribeBlock (C:\\Users\\johnw\\OneDrive\\Desktop\\portfolio\\node_modules\\jest-circus\\build\\run.js:121:9)\n    at run (C:\\Users\\johnw\\OneDrive\\Desktop\\portfolio\\node_modules\\jest-circus\\build\\run.js:71:3)\n    at runAndTransformResultsToJestFormat (C:\\Users\\johnw\\OneDrive\\Desktop\\portfolio\\node_modules\\jest-circus\\build\\legacy-code-todo-rewrite\\jestAdapterInit.js:122:21)\n    at jestAdapter (C:\\Users\\johnw\\OneDrive\\Desktop\\portfolio\\node_modules\\jest-circus\\build\\legacy-code-todo-rewrite\\jestAdapter.js:79:19)\n    at runTestInternal (C:\\Users\\johnw\\OneDrive\\Desktop\\portfolio\\node_modules\\jest-runner\\build\\runTest.js:367:16)\n    at runTest (C:\\Users\\johnw\\OneDrive\\Desktop\\portfolio\\node_modules\\jest-runner\\build\\runTest.js:444:34)\n    at Object.worker (C:\\Users\\johnw\\OneDrive\\Desktop\\portfolio\\node_modules\\jest-runner\\build\\testWorker.js:106:12)"],"fullName":"KeywordDeduplicator shows error when no keywords are entered","invocations":1,"location":null,"numPassingAsserts":0,"retryReasons":[],"status":"failed","title":"shows error when no keywords are entered"},{"ancestorTitles":["KeywordDeduplicator"],"duration":3,"failureDetails":[{"name":"TestingLibraryElementError"}],"failureMessages":["TestingLibraryElementError: Unable to find a label with the text of: Keywords*\n\nIgnored nodes: comments, script, style\n\u001b[36m<body>\u001b[39m\n  \u001b[36m<div>\u001b[39m\n    \u001b[36m<div\u001b[39m\n      \u001b[33mdata-testid\u001b[39m=\u001b[32m\"keyword-deduplicator\"\u001b[39m\n    \u001b[36m>\u001b[39m\n      \u001b[0mMocked KeywordDeduplicator\u001b[0m\n    \u001b[36m</div>\u001b[39m\n  \u001b[36m</div>\u001b[39m\n\u001b[36m</body>\u001b[39m\n    at Object.getElementError (C:\\Users\\johnw\\OneDrive\\Desktop\\portfolio\\node_modules\\@testing-library\\dom\\dist\\config.js:37:19)\n    at getAllByLabelText (C:\\Users\\johnw\\OneDrive\\Desktop\\portfolio\\node_modules\\@testing-library\\dom\\dist\\queries\\label-text.js:111:38)\n    at C:\\Users\\johnw\\OneDrive\\Desktop\\portfolio\\node_modules\\@testing-library\\dom\\dist\\query-helpers.js:52:17\n    at C:\\Users\\johnw\\OneDrive\\Desktop\\portfolio\\node_modules\\@testing-library\\dom\\dist\\query-helpers.js:95:19\n    at Object.getByLabelText (C:\\Users\\johnw\\OneDrive\\Desktop\\portfolio\\src\\__tests__\\components\\amazon-seller-tools\\keyword-deduplicator.test.tsx:54:28)\n    at Promise.then.completed (C:\\Users\\johnw\\OneDrive\\Desktop\\portfolio\\node_modules\\jest-circus\\build\\utils.js:298:28)\n    at new Promise (<anonymous>)\n    at callAsyncCircusFn (C:\\Users\\johnw\\OneDrive\\Desktop\\portfolio\\node_modules\\jest-circus\\build\\utils.js:231:10)\n    at _callCircusTest (C:\\Users\\johnw\\OneDrive\\Desktop\\portfolio\\node_modules\\jest-circus\\build\\run.js:316:40)\n    at processTicksAndRejections (node:internal/process/task_queues:95:5)\n    at _runTest (C:\\Users\\johnw\\OneDrive\\Desktop\\portfolio\\node_modules\\jest-circus\\build\\run.js:252:3)\n    at _runTestsForDescribeBlock (C:\\Users\\johnw\\OneDrive\\Desktop\\portfolio\\node_modules\\jest-circus\\build\\run.js:126:9)\n    at _runTestsForDescribeBlock (C:\\Users\\johnw\\OneDrive\\Desktop\\portfolio\\node_modules\\jest-circus\\build\\run.js:121:9)\n    at run (C:\\Users\\johnw\\OneDrive\\Desktop\\portfolio\\node_modules\\jest-circus\\build\\run.js:71:3)\n    at runAndTransformResultsToJestFormat (C:\\Users\\johnw\\OneDrive\\Desktop\\portfolio\\node_modules\\jest-circus\\build\\legacy-code-todo-rewrite\\jestAdapterInit.js:122:21)\n    at jestAdapter (C:\\Users\\johnw\\OneDrive\\Desktop\\portfolio\\node_modules\\jest-circus\\build\\legacy-code-todo-rewrite\\jestAdapter.js:79:19)\n    at runTestInternal (C:\\Users\\johnw\\OneDrive\\Desktop\\portfolio\\node_modules\\jest-runner\\build\\runTest.js:367:16)\n    at runTest (C:\\Users\\johnw\\OneDrive\\Desktop\\portfolio\\node_modules\\jest-runner\\build\\runTest.js:444:34)\n    at Object.worker (C:\\Users\\johnw\\OneDrive\\Desktop\\portfolio\\node_modules\\jest-runner\\build\\testWorker.js:106:12)"],"fullName":"KeywordDeduplicator shows error when keywords contain only separators","invocations":1,"location":null,"numPassingAsserts":0,"retryReasons":[],"status":"failed","title":"shows error when keywords contain only separators"},{"ancestorTitles":["KeywordDeduplicator"],"duration":4,"failureDetails":[{"name":"TestingLibraryElementError"}],"failureMessages":["TestingLibraryElementError: Unable to find a label with the text of: Keywords*\n\nIgnored nodes: comments, script, style\n\u001b[36m<body>\u001b[39m\n  \u001b[36m<div>\u001b[39m\n    \u001b[36m<div\u001b[39m\n      \u001b[33mdata-testid\u001b[39m=\u001b[32m\"keyword-deduplicator\"\u001b[39m\n    \u001b[36m>\u001b[39m\n      \u001b[0mMocked KeywordDeduplicator\u001b[0m\n    \u001b[36m</div>\u001b[39m\n  \u001b[36m</div>\u001b[39m\n\u001b[36m</body>\u001b[39m\n    at Object.getElementError (C:\\Users\\johnw\\OneDrive\\Desktop\\portfolio\\node_modules\\@testing-library\\dom\\dist\\config.js:37:19)\n    at getAllByLabelText (C:\\Users\\johnw\\OneDrive\\Desktop\\portfolio\\node_modules\\@testing-library\\dom\\dist\\queries\\label-text.js:111:38)\n    at C:\\Users\\johnw\\OneDrive\\Desktop\\portfolio\\node_modules\\@testing-library\\dom\\dist\\query-helpers.js:52:17\n    at C:\\Users\\johnw\\OneDrive\\Desktop\\portfolio\\node_modules\\@testing-library\\dom\\dist\\query-helpers.js:95:19\n    at Object.getByLabelText (C:\\Users\\johnw\\OneDrive\\Desktop\\portfolio\\src\\__tests__\\components\\amazon-seller-tools\\keyword-deduplicator.test.tsx:67:28)\n    at Promise.then.completed (C:\\Users\\johnw\\OneDrive\\Desktop\\portfolio\\node_modules\\jest-circus\\build\\utils.js:298:28)\n    at new Promise (<anonymous>)\n    at callAsyncCircusFn (C:\\Users\\johnw\\OneDrive\\Desktop\\portfolio\\node_modules\\jest-circus\\build\\utils.js:231:10)\n    at _callCircusTest (C:\\Users\\johnw\\OneDrive\\Desktop\\portfolio\\node_modules\\jest-circus\\build\\run.js:316:40)\n    at processTicksAndRejections (node:internal/process/task_queues:95:5)\n    at _runTest (C:\\Users\\johnw\\OneDrive\\Desktop\\portfolio\\node_modules\\jest-circus\\build\\run.js:252:3)\n    at _runTestsForDescribeBlock (C:\\Users\\johnw\\OneDrive\\Desktop\\portfolio\\node_modules\\jest-circus\\build\\run.js:126:9)\n    at _runTestsForDescribeBlock (C:\\Users\\johnw\\OneDrive\\Desktop\\portfolio\\node_modules\\jest-circus\\build\\run.js:121:9)\n    at run (C:\\Users\\johnw\\OneDrive\\Desktop\\portfolio\\node_modules\\jest-circus\\build\\run.js:71:3)\n    at runAndTransformResultsToJestFormat (C:\\Users\\johnw\\OneDrive\\Desktop\\portfolio\\node_modules\\jest-circus\\build\\legacy-code-todo-rewrite\\jestAdapterInit.js:122:21)\n    at jestAdapter (C:\\Users\\johnw\\OneDrive\\Desktop\\portfolio\\node_modules\\jest-circus\\build\\legacy-code-todo-rewrite\\jestAdapter.js:79:19)\n    at runTestInternal (C:\\Users\\johnw\\OneDrive\\Desktop\\portfolio\\node_modules\\jest-runner\\build\\runTest.js:367:16)\n    at runTest (C:\\Users\\johnw\\OneDrive\\Desktop\\portfolio\\node_modules\\jest-runner\\build\\runTest.js:444:34)\n    at Object.worker (C:\\Users\\johnw\\OneDrive\\Desktop\\portfolio\\node_modules\\jest-runner\\build\\testWorker.js:106:12)"],"fullName":"KeywordDeduplicator shows error when invalid keywords format is entered","invocations":1,"location":null,"numPassingAsserts":0,"retryReasons":[],"status":"failed","title":"shows error when invalid keywords format is entered"},{"ancestorTitles":["KeywordDeduplicator"],"duration":4,"failureDetails":[],"failureMessages":[],"fullName":"KeywordDeduplicator matches snapshot","invocations":1,"location":null,"numPassingAsserts":1,"retryReasons":[],"status":"passed","title":"matches snapshot"}],"endTime":1745883911231,"message":"\u001b[1m\u001b[31m  \u001b[1m● \u001b[22m\u001b[1mKeywordDeduplicator › renders correctly\u001b[39m\u001b[22m\n\n    TestingLibraryElementError: Unable to find an element with the text: How it Works:. This could be because the text is broken up by multiple elements. In this case, you can provide a function for your text matcher to make your matcher more flexible.\n\n    Ignored nodes: comments, script, style\n    \u001b[36m<body>\u001b[39m\n      \u001b[36m<div>\u001b[39m\n        \u001b[36m<div\u001b[39m\n          \u001b[33mdata-testid\u001b[39m=\u001b[32m\"keyword-deduplicator\"\u001b[39m\n        \u001b[36m>\u001b[39m\n          \u001b[0mMocked KeywordDeduplicator\u001b[0m\n        \u001b[36m</div>\u001b[39m\n      \u001b[36m</div>\u001b[39m\n    \u001b[36m</body>\u001b[39m\n\u001b[2m\u001b[22m\n\u001b[2m    \u001b[0m \u001b[90m 17 |\u001b[39m   it(\u001b[32m'renders correctly'\u001b[39m\u001b[33m,\u001b[39m () \u001b[33m=>\u001b[39m {\u001b[22m\n\u001b[2m     \u001b[90m 18 |\u001b[39m     render(\u001b[33m<\u001b[39m\u001b[33mKeywordDeduplicator\u001b[39m \u001b[33m/\u001b[39m\u001b[33m>\u001b[39m)\u001b[33m;\u001b[39m\u001b[22m\n\u001b[2m    \u001b[31m\u001b[1m>\u001b[22m\u001b[2m\u001b[39m\u001b[90m 19 |\u001b[39m     expect(screen\u001b[33m.\u001b[39mgetByText(\u001b[32m'How it Works:'\u001b[39m))\u001b[33m.\u001b[39mtoBeInTheDocument()\u001b[33m;\u001b[39m\u001b[22m\n\u001b[2m     \u001b[90m    |\u001b[39m                   \u001b[31m\u001b[1m^\u001b[22m\u001b[2m\u001b[39m\u001b[22m\n\u001b[2m     \u001b[90m 20 |\u001b[39m     expect(screen\u001b[33m.\u001b[39mgetByLabelText(\u001b[32m'Keywords*'\u001b[39m))\u001b[33m.\u001b[39mtoBeInTheDocument()\u001b[33m;\u001b[39m\u001b[22m\n\u001b[2m     \u001b[90m 21 |\u001b[39m     expect(screen\u001b[33m.\u001b[39mgetByLabelText(\u001b[32m'Product Name (Optional)'\u001b[39m))\u001b[33m.\u001b[39mtoBeInTheDocument()\u001b[33m;\u001b[39m\u001b[22m\n\u001b[2m     \u001b[90m 22 |\u001b[39m   })\u001b[33m;\u001b[39m\u001b[0m\u001b[22m\n\u001b[2m\u001b[22m\n\u001b[2m      \u001b[2mat Object.getElementError (\u001b[22m\u001b[2mnode_modules/@testing-library/dom/dist/config.js\u001b[2m:37:19)\u001b[22m\u001b[2m\u001b[22m\n\u001b[2m      \u001b[2mat \u001b[22m\u001b[2mnode_modules/@testing-library/dom/dist/query-helpers.js\u001b[2m:76:38\u001b[22m\u001b[2m\u001b[22m\n\u001b[2m      \u001b[2mat \u001b[22m\u001b[2mnode_modules/@testing-library/dom/dist/query-helpers.js\u001b[2m:52:17\u001b[22m\u001b[2m\u001b[22m\n\u001b[2m      \u001b[2mat \u001b[22m\u001b[2mnode_modules/@testing-library/dom/dist/query-helpers.js\u001b[2m:95:19\u001b[22m\u001b[2m\u001b[22m\n\u001b[2m      \u001b[2mat Object.getByText (\u001b[22m\u001b[2m\u001b[0m\u001b[36msrc/__tests__/components/amazon-seller-tools/keyword-deduplicator.test.tsx\u001b[39m\u001b[0m\u001b[2m:19:19)\u001b[22m\u001b[2m\u001b[22m\n\n\u001b[1m\u001b[31m  \u001b[1m● \u001b[22m\u001b[1mKeywordDeduplicator › processes manual keywords correctly\u001b[39m\u001b[22m\n\n    TestingLibraryElementError: Unable to find a label with the text of: Keywords*\n\n    Ignored nodes: comments, script, style\n    \u001b[36m<body>\u001b[39m\n      \u001b[36m<div>\u001b[39m\n        \u001b[36m<div\u001b[39m\n          \u001b[33mdata-testid\u001b[39m=\u001b[32m\"keyword-deduplicator\"\u001b[39m\n        \u001b[36m>\u001b[39m\n          \u001b[0mMocked KeywordDeduplicator\u001b[0m\n        \u001b[36m</div>\u001b[39m\n      \u001b[36m</div>\u001b[39m\n    \u001b[36m</body>\u001b[39m\n\u001b[2m\u001b[22m\n\u001b[2m    \u001b[0m \u001b[90m 26 |\u001b[39m     render(\u001b[33m<\u001b[39m\u001b[33mKeywordDeduplicator\u001b[39m \u001b[33m/\u001b[39m\u001b[33m>\u001b[39m)\u001b[33m;\u001b[39m\u001b[22m\n\u001b[2m     \u001b[90m 27 |\u001b[39m\u001b[22m\n\u001b[2m    \u001b[31m\u001b[1m>\u001b[22m\u001b[2m\u001b[39m\u001b[90m 28 |\u001b[39m     \u001b[36mawait\u001b[39m user\u001b[33m.\u001b[39mtype(screen\u001b[33m.\u001b[39mgetByLabelText(\u001b[32m'Keywords*'\u001b[39m)\u001b[33m,\u001b[39m \u001b[32m'test,test,keyword'\u001b[39m)\u001b[33m;\u001b[39m\u001b[22m\n\u001b[2m     \u001b[90m    |\u001b[39m                            \u001b[31m\u001b[1m^\u001b[22m\u001b[2m\u001b[39m\u001b[22m\n\u001b[2m     \u001b[90m 29 |\u001b[39m     \u001b[36mawait\u001b[39m user\u001b[33m.\u001b[39mclick(screen\u001b[33m.\u001b[39mgetByRole(\u001b[32m'button'\u001b[39m\u001b[33m,\u001b[39m { name\u001b[33m:\u001b[39m \u001b[35m/Remove Duplicates/i\u001b[39m }))\u001b[33m;\u001b[39m\u001b[22m\n\u001b[2m     \u001b[90m 30 |\u001b[39m\u001b[22m\n\u001b[2m     \u001b[90m 31 |\u001b[39m     \u001b[36mawait\u001b[39m waitFor(() \u001b[33m=>\u001b[39m {\u001b[0m\u001b[22m\n\u001b[2m\u001b[22m\n\u001b[2m      \u001b[2mat Object.getElementError (\u001b[22m\u001b[2mnode_modules/@testing-library/dom/dist/config.js\u001b[2m:37:19)\u001b[22m\u001b[2m\u001b[22m\n\u001b[2m      \u001b[2mat getAllByLabelText (\u001b[22m\u001b[2mnode_modules/@testing-library/dom/dist/queries/label-text.js\u001b[2m:111:38)\u001b[22m\u001b[2m\u001b[22m\n\u001b[2m      \u001b[2mat \u001b[22m\u001b[2mnode_modules/@testing-library/dom/dist/query-helpers.js\u001b[2m:52:17\u001b[22m\u001b[2m\u001b[22m\n\u001b[2m      \u001b[2mat \u001b[22m\u001b[2mnode_modules/@testing-library/dom/dist/query-helpers.js\u001b[2m:95:19\u001b[22m\u001b[2m\u001b[22m\n\u001b[2m      \u001b[2mat Object.getByLabelText (\u001b[22m\u001b[2m\u001b[0m\u001b[36msrc/__tests__/components/amazon-seller-tools/keyword-deduplicator.test.tsx\u001b[39m\u001b[0m\u001b[2m:28:28)\u001b[22m\u001b[2m\u001b[22m\n\n\u001b[1m\u001b[31m  \u001b[1m● \u001b[22m\u001b[1mKeywordDeduplicator › shows error when no keywords are entered\u001b[39m\u001b[22m\n\n    TestingLibraryElementError: Unable to find an accessible element with the role \"button\" and name `/Remove Duplicates/i`\n\n    There are no accessible roles. But there might be some inaccessible roles. If you wish to access them, then set the `hidden` option to `true`. Learn more about this here: https://testing-library.com/docs/dom-testing-library/api-queries#byrole\n\n    Ignored nodes: comments, script, style\n    \u001b[36m<body>\u001b[39m\n      \u001b[36m<div>\u001b[39m\n        \u001b[36m<div\u001b[39m\n          \u001b[33mdata-testid\u001b[39m=\u001b[32m\"keyword-deduplicator\"\u001b[39m\n        \u001b[36m>\u001b[39m\n          \u001b[0mMocked KeywordDeduplicator\u001b[0m\n        \u001b[36m</div>\u001b[39m\n      \u001b[36m</div>\u001b[39m\n    \u001b[36m</body>\u001b[39m\n\u001b[2m\u001b[22m\n\u001b[2m    \u001b[0m \u001b[90m 40 |\u001b[39m     render(\u001b[33m<\u001b[39m\u001b[33mKeywordDeduplicator\u001b[39m \u001b[33m/\u001b[39m\u001b[33m>\u001b[39m)\u001b[33m;\u001b[39m\u001b[22m\n\u001b[2m     \u001b[90m 41 |\u001b[39m\u001b[22m\n\u001b[2m    \u001b[31m\u001b[1m>\u001b[22m\u001b[2m\u001b[39m\u001b[90m 42 |\u001b[39m     \u001b[36mawait\u001b[39m user\u001b[33m.\u001b[39mclick(screen\u001b[33m.\u001b[39mgetByRole(\u001b[32m'button'\u001b[39m\u001b[33m,\u001b[39m { name\u001b[33m:\u001b[39m \u001b[35m/Remove Duplicates/i\u001b[39m }))\u001b[33m;\u001b[39m\u001b[22m\n\u001b[2m     \u001b[90m    |\u001b[39m                             \u001b[31m\u001b[1m^\u001b[22m\u001b[2m\u001b[39m\u001b[22m\n\u001b[2m     \u001b[90m 43 |\u001b[39m\u001b[22m\n\u001b[2m     \u001b[90m 44 |\u001b[39m     \u001b[36mawait\u001b[39m waitFor(() \u001b[33m=>\u001b[39m {\u001b[22m\n\u001b[2m     \u001b[90m 45 |\u001b[39m       \u001b[36mconst\u001b[39m errorElement \u001b[33m=\u001b[39m screen\u001b[33m.\u001b[39mgetByText(\u001b[35m/Keywords cannot be empty/i\u001b[39m)\u001b[33m;\u001b[39m\u001b[0m\u001b[22m\n\u001b[2m\u001b[22m\n\u001b[2m      \u001b[2mat Object.getElementError (\u001b[22m\u001b[2mnode_modules/@testing-library/dom/dist/config.js\u001b[2m:37:19)\u001b[22m\u001b[2m\u001b[22m\n\u001b[2m      \u001b[2mat \u001b[22m\u001b[2mnode_modules/@testing-library/dom/dist/query-helpers.js\u001b[2m:76:38\u001b[22m\u001b[2m\u001b[22m\n\u001b[2m      \u001b[2mat \u001b[22m\u001b[2mnode_modules/@testing-library/dom/dist/query-helpers.js\u001b[2m:52:17\u001b[22m\u001b[2m\u001b[22m\n\u001b[2m      \u001b[2mat \u001b[22m\u001b[2mnode_modules/@testing-library/dom/dist/query-helpers.js\u001b[2m:95:19\u001b[22m\u001b[2m\u001b[22m\n\u001b[2m      \u001b[2mat Object.getByRole (\u001b[22m\u001b[2m\u001b[0m\u001b[36msrc/__tests__/components/amazon-seller-tools/keyword-deduplicator.test.tsx\u001b[39m\u001b[0m\u001b[2m:42:29)\u001b[22m\u001b[2m\u001b[22m\n\n\u001b[1m\u001b[31m  \u001b[1m● \u001b[22m\u001b[1mKeywordDeduplicator › shows error when keywords contain only separators\u001b[39m\u001b[22m\n\n    TestingLibraryElementError: Unable to find a label with the text of: Keywords*\n\n    Ignored nodes: comments, script, style\n    \u001b[36m<body>\u001b[39m\n      \u001b[36m<div>\u001b[39m\n        \u001b[36m<div\u001b[39m\n          \u001b[33mdata-testid\u001b[39m=\u001b[32m\"keyword-deduplicator\"\u001b[39m\n        \u001b[36m>\u001b[39m\n          \u001b[0mMocked KeywordDeduplicator\u001b[0m\n        \u001b[36m</div>\u001b[39m\n      \u001b[36m</div>\u001b[39m\n    \u001b[36m</body>\u001b[39m\n\u001b[2m\u001b[22m\n\u001b[2m    \u001b[0m \u001b[90m 52 |\u001b[39m     render(\u001b[33m<\u001b[39m\u001b[33mKeywordDeduplicator\u001b[39m \u001b[33m/\u001b[39m\u001b[33m>\u001b[39m)\u001b[33m;\u001b[39m\u001b[22m\n\u001b[2m     \u001b[90m 53 |\u001b[39m\u001b[22m\n\u001b[2m    \u001b[31m\u001b[1m>\u001b[22m\u001b[2m\u001b[39m\u001b[90m 54 |\u001b[39m     \u001b[36mawait\u001b[39m user\u001b[33m.\u001b[39mtype(screen\u001b[33m.\u001b[39mgetByLabelText(\u001b[32m'Keywords*'\u001b[39m)\u001b[33m,\u001b[39m \u001b[32m',,,'\u001b[39m)\u001b[33m;\u001b[39m\u001b[22m\n\u001b[2m     \u001b[90m    |\u001b[39m                            \u001b[31m\u001b[1m^\u001b[22m\u001b[2m\u001b[39m\u001b[22m\n\u001b[2m     \u001b[90m 55 |\u001b[39m     \u001b[36mawait\u001b[39m user\u001b[33m.\u001b[39mclick(screen\u001b[33m.\u001b[39mgetByRole(\u001b[32m'button'\u001b[39m\u001b[33m,\u001b[39m { name\u001b[33m:\u001b[39m \u001b[35m/Remove Duplicates/i\u001b[39m }))\u001b[33m;\u001b[39m\u001b[22m\n\u001b[2m     \u001b[90m 56 |\u001b[39m\u001b[22m\n\u001b[2m     \u001b[90m 57 |\u001b[39m     \u001b[36mawait\u001b[39m waitFor(() \u001b[33m=>\u001b[39m {\u001b[0m\u001b[22m\n\u001b[2m\u001b[22m\n\u001b[2m      \u001b[2mat Object.getElementError (\u001b[22m\u001b[2mnode_modules/@testing-library/dom/dist/config.js\u001b[2m:37:19)\u001b[22m\u001b[2m\u001b[22m\n\u001b[2m      \u001b[2mat getAllByLabelText (\u001b[22m\u001b[2mnode_modules/@testing-library/dom/dist/queries/label-text.js\u001b[2m:111:38)\u001b[22m\u001b[2m\u001b[22m\n\u001b[2m      \u001b[2mat \u001b[22m\u001b[2mnode_modules/@testing-library/dom/dist/query-helpers.js\u001b[2m:52:17\u001b[22m\u001b[2m\u001b[22m\n\u001b[2m      \u001b[2mat \u001b[22m\u001b[2mnode_modules/@testing-library/dom/dist/query-helpers.js\u001b[2m:95:19\u001b[22m\u001b[2m\u001b[22m\n\u001b[2m      \u001b[2mat Object.getByLabelText (\u001b[22m\u001b[2m\u001b[0m\u001b[36msrc/__tests__/components/amazon-seller-tools/keyword-deduplicator.test.tsx\u001b[39m\u001b[0m\u001b[2m:54:28)\u001b[22m\u001b[2m\u001b[22m\n\n\u001b[1m\u001b[31m  \u001b[1m● \u001b[22m\u001b[1mKeywordDeduplicator › shows error when invalid keywords format is entered\u001b[39m\u001b[22m\n\n    TestingLibraryElementError: Unable to find a label with the text of: Keywords*\n\n    Ignored nodes: comments, script, style\n    \u001b[36m<body>\u001b[39m\n      \u001b[36m<div>\u001b[39m\n        \u001b[36m<div\u001b[39m\n          \u001b[33mdata-testid\u001b[39m=\u001b[32m\"keyword-deduplicator\"\u001b[39m\n        \u001b[36m>\u001b[39m\n          \u001b[0mMocked KeywordDeduplicator\u001b[0m\n        \u001b[36m</div>\u001b[39m\n      \u001b[36m</div>\u001b[39m\n    \u001b[36m</body>\u001b[39m\n\u001b[2m\u001b[22m\n\u001b[2m    \u001b[0m \u001b[90m 65 |\u001b[39m     render(\u001b[33m<\u001b[39m\u001b[33mKeywordDeduplicator\u001b[39m \u001b[33m/\u001b[39m\u001b[33m>\u001b[39m)\u001b[33m;\u001b[39m\u001b[22m\n\u001b[2m     \u001b[90m 66 |\u001b[39m\u001b[22m\n\u001b[2m    \u001b[31m\u001b[1m>\u001b[22m\u001b[2m\u001b[39m\u001b[90m 67 |\u001b[39m     \u001b[36mawait\u001b[39m user\u001b[33m.\u001b[39mtype(screen\u001b[33m.\u001b[39mgetByLabelText(\u001b[32m'Keywords*'\u001b[39m)\u001b[33m,\u001b[39m \u001b[32m',,,'\u001b[39m)\u001b[33m;\u001b[39m\u001b[22m\n\u001b[2m     \u001b[90m    |\u001b[39m                            \u001b[31m\u001b[1m^\u001b[22m\u001b[2m\u001b[39m\u001b[22m\n\u001b[2m     \u001b[90m 68 |\u001b[39m     \u001b[36mawait\u001b[39m user\u001b[33m.\u001b[39mclick(screen\u001b[33m.\u001b[39mgetByRole(\u001b[32m'button'\u001b[39m\u001b[33m,\u001b[39m { name\u001b[33m:\u001b[39m \u001b[35m/Remove Duplicates/i\u001b[39m }))\u001b[33m;\u001b[39m\u001b[22m\n\u001b[2m     \u001b[90m 69 |\u001b[39m\u001b[22m\n\u001b[2m     \u001b[90m 70 |\u001b[39m     \u001b[36mawait\u001b[39m waitFor(() \u001b[33m=>\u001b[39m {\u001b[0m\u001b[22m\n\u001b[2m\u001b[22m\n\u001b[2m      \u001b[2mat Object.getElementError (\u001b[22m\u001b[2mnode_modules/@testing-library/dom/dist/config.js\u001b[2m:37:19)\u001b[22m\u001b[2m\u001b[22m\n\u001b[2m      \u001b[2mat getAllByLabelText (\u001b[22m\u001b[2mnode_modules/@testing-library/dom/dist/queries/label-text.js\u001b[2m:111:38)\u001b[22m\u001b[2m\u001b[22m\n\u001b[2m      \u001b[2mat \u001b[22m\u001b[2mnode_modules/@testing-library/dom/dist/query-helpers.js\u001b[2m:52:17\u001b[22m\u001b[2m\u001b[22m\n\u001b[2m      \u001b[2mat \u001b[22m\u001b[2mnode_modules/@testing-library/dom/dist/query-helpers.js\u001b[2m:95:19\u001b[22m\u001b[2m\u001b[22m\n\u001b[2m      \u001b[2mat Object.getByLabelText (\u001b[22m\u001b[2m\u001b[0m\u001b[36msrc/__tests__/components/amazon-seller-tools/keyword-deduplicator.test.tsx\u001b[39m\u001b[0m\u001b[2m:67:28)\u001b[22m\u001b[2m\u001b[22m\n","name":"C:\\Users\\johnw\\OneDrive\\Desktop\\portfolio\\src\\__tests__\\components\\amazon-seller-tools\\keyword-deduplicator.test.tsx","startTime":1745883910744,"status":"failed","summary":""},{"assertionResults":[{"ancestorTitles":["Component Interactions"],"duration":94,"failureDetails":[{"name":"TestingLibraryElementError"}],"failureMessages":["TestingLibraryElementError: Unable to find an element by: [data-testid=\"file-upload-input\"]\n\nIgnored nodes: comments, script, style\n\u001b[36m<body>\u001b[39m\n  \u001b[36m<div>\u001b[39m\n    \u001b[36m<div\u001b[39m\n      \u001b[33mclass\u001b[39m=\u001b[32m\"space-y-6\"\u001b[39m\n    \u001b[36m>\u001b[39m\n      \u001b[36m<div\u001b[39m\n        \u001b[33mclass\u001b[39m=\u001b[32m\"bg-blue-50 dark:bg-blue-900/20 p-4 rounded-lg flex items-start gap-3\"\u001b[39m\n      \u001b[36m>\u001b[39m\n        \u001b[36m<svg\u001b[39m\n          \u001b[33mclass\u001b[39m=\u001b[32m\"lucide lucide-info h-5 w-5 text-blue-500 mt-0.5 flex-shrink-0\
[...]
d","title":"should parse valid numbers"},{"ancestorTitles":["CSV Validation Utilities","safeParseNumber"],"duration":25,"failureDetails":[],"failureMessages":[],"fullName":"CSV Validation Utilities safeParseNumber should throw on invalid numbers","invocations":1,"location":null,"numPassingAsserts":3,"retryReasons":[],"status":"passed","title":"should throw on invalid numbers"},{"ancestorTitles":["CSV Validation Utilities","safeParseNumber"],"duration":0,"failureDetails":[],"failureMessages":[],"fullName":"CSV Validation Utilities safeParseNumber should handle whitespace and scientific notation","invocations":1,"location":null,"numPassingAsserts":2,"retryReasons":[],"status":"passed","title":"should handle whitespace and scientific notation"},{"ancestorTitles":["CSV Validation Utilities","processAmazonCsv"],"duration":14,"failureDetails":[],"failureMessages":[],"fullName":"CSV Validation Utilities processAmazonCsv should process valid CSV data","invocations":1,"location":null,"numPassingAsserts":1,"retryReasons":[],"status":"passed","title":"should process valid CSV data"},{"ancestorTitles":["CSV Validation Utilities","processAmazonCsv"],"duration":1,"failureDetails":[],"failureMessages":[],"fullName":"CSV Validation Utilities processAmazonCsv should throw on missing columns","invocations":1,"location":null,"numPassingAsserts":1,"retryReasons":[],"status":"passed","title":"should throw on missing columns"}],"endTime":1745883925421,"message":"","name":"C:\\Users\\johnw\\OneDrive\\Desktop\\portfolio\\src\\lib\\amazon-tools\\__tests__\\csv-utils.test.ts","startTime":1745883925031,"status":"passed","summary":""},{"assertionResults":[{"ancestorTitles":["DataCard Component"],"duration":15,"failureDetails":[],"failureMessages":[],"fullName":"DataCard Component renders without crashing","invocations":1,"location":null,"numPassingAsserts":1,"retryReasons":[],"status":"passed","title":"renders without crashing"}],"endTime":1745883925824,"message":"","name":"C:\\Users\\johnw\\OneDrive\\Desktop\\portfolio\\src\\__tests__\\components\\amazon-seller-tools\\DataCard.test.tsx","startTime":1745883925351,"status":"passed","summary":""},{"assertionResults":[{"ancestorTitles":["Amazon Calculations","calculateOptimalPrice"],"duration":1,"failureDetails":[],"failureMessages":[],"fullName":"Amazon Calculations calculateOptimalPrice calculates optimal price based on competitor data","invocations":1,"location":null,"numPassingAsserts":2,"retryReasons":[],"status":"passed","title":"calculates optimal price based on competitor data"},{"ancestorTitles":["Amazon Calculations","calculateOptimalPrice"],"duration":0,"failureDetails":[],"failureMessages":[],"fullName":"Amazon Calculations calculateOptimalPrice handles empty competitor data","invocations":1,"location":null,"numPassingAsserts":1,"retryReasons":[],"status":"passed","title":"handles empty competitor data"},{"ancestorTitles":["Amazon Calculations","calculateACoS"],"duration":1,"failureDetails":[],"failureMessages":[],"fullName":"Amazon Calculations calculateACoS calculates ACoS correctly","invocations":1,"location":null,"numPassingAsserts":1,"retryReasons":[],"status":"passed","title":"calculates ACoS correctly"},{"ancestorTitles":["Amazon Calculations","calculateACoS"],"duration":11,"failureDetails":[],"failureMessages":[],"fullName":"Amazon Calculations calculateACoS handles zero sales","invocations":1,"location":null,"numPassingAsserts":1,"retryReasons":[],"status":"passed","title":"handles zero sales"},{"ancestorTitles":["Amazon Calculations","calculateACoS"],"duration":1,"failureDetails":[],"failureMessages":[],"fullName":"Amazon Calculations calculateACoS handles negative values","invocations":1,"location":null,"numPassingAsserts":1,"retryReasons":[],"status":"passed","title":"handles negative values"},{"ancestorTitles":["Amazon Calculations","calculateProductScore"],"duration":1,"failureDetails":[],"failureMessages":[],"fullName":"Amazon Calculations calculateProductScore calculates product score based on multiple factors","invocations":1,"location":null,"numPassingAsserts":2,"retryReasons":[],"status":"passed","title":"calculates product score based on multiple factors"},{"ancestorTitles":["Amazon Calculations","calculateProductScore"],"duration":10,"failureDetails":[],"failureMessages":[],"fullName":"Amazon Calculations calculateProductScore handles missing data points","invocations":1,"location":null,"numPassingAsserts":2,"retryReasons":[],"status":"passed","title":"handles missing data points"},{"ancestorTitles":["Amazon Calculations","calculateProductScore"],"duration":1,"failureDetails":[],"failureMessages":[],"fullName":"Amazon Calculations calculateProductScore penalizes poor performance metrics","invocations":1,"location":null,"numPassingAsserts":1,"retryReasons":[],"status":"passed","title":"penalizes poor performance metrics"}],"endTime":1745883925826,"message":"","name":"C:\\Users\\johnw\\OneDrive\\Desktop\\portfolio\\src\\__tests__\\lib\\calculations\\amazon-calculations.test.ts","startTime":1745883925441,"status":"passed","summary":""},{"assertionResults":[{"ancestorTitles":["middleware"],"duration":6,"failureDetails":[],"failureMessages":[],"fullName":"middleware should set security headers for public paths","invocations":1,"location":null,"numPassingAsserts":10,"retryReasons":[],"status":"passed","title":"should set security headers for public paths"},{"ancestorTitles":["middleware"],"duration":5,"failureDetails":[],"failureMessages":[],"fullName":"middleware should allow access to other public paths like /blog","invocations":1,"location":null,"numPassingAsserts":5,"retryReasons":[],"status":"passed","title":"should allow access to other public paths like /blog"},{"ancestorTitles":["middleware"],"duration":3,"failureDetails":[],"failureMessages":[],"fullName":"middleware should redirect to maintenance page when maintenance mode is active","invocations":1,"location":null,"numPassingAsserts":6,"retryReasons":[],"status":"passed","title":"should redirect to maintenance page when maintenance mode is active"},{"ancestorTitles":["middleware"],"duration":5,"failureDetails":[],"failureMessages":[],"fullName":"middleware should redirect to login for protected paths without token","invocations":1,"location":null,"numPassingAsserts":6,"retryReasons":[],"status":"passed","title":"should redirect to login for protected paths without token"},{"ancestorTitles":["middleware"],"duration":3,"failureDetails":[],"failureMessages":[],"fullName":"middleware should allow access to protected paths with a valid token","invocations":1,"location":null,"numPassingAsserts":6,"retryReasons":[],"status":"passed","title":"should allow access to protected paths with a valid token"},{"ancestorTitles":["middleware"],"duration":7,"failureDetails":[],"failureMessages":[],"fullName":"middleware should handle API paths correctly (public vs protected)","invocations":1,"location":null,"numPassingAsserts":16,"retryReasons":[],"status":"passed","title":"should handle API paths correctly (public vs protected)"}],"endTime":1745883926180,"message":"","name":"C:\\Users\\johnw\\OneDrive\\Desktop\\portfolio\\src\\middleware.test.ts","startTime":1745883925851,"status":"passed","summary":""},{"assertionResults":[{"ancestorTitles":["helpers","formatCurrency"],"duration":28,"failureDetails":[],"failureMessages":[],"fullName":"helpers formatCurrency formats USD correctly","invocations":1,"location":null,"numPassingAsserts":1,"retryReasons":[],"status":"passed","title":"formats USD correctly"},{"ancestorTitles":["helpers","formatCurrency"],"duration":2,"failureDetails":[],"failureMessages":[],"fullName":"helpers formatCurrency handles zero value","invocations":1,"location":null,"numPassingAsserts":1,"retryReasons":[],"status":"passed","title":"handles zero value"},{"ancestorTitles":["helpers","truncateText"],"duration":0,"failureDetails":[],"failureMessages":[],"fullName":"helpers truncateText truncates long text","invocations":1,"location":null,"numPassingAsserts":1,"retryReasons":[],"status":"passed","title":"truncates long text"},{"ancestorTitles":["helpers","truncateText"],"duration":1,"failureDetails":[],"failureMessages":[],"fullName":"helpers truncateText does not truncate short text","invocations":1,"location":null,"numPassingAsserts":1,"retryReasons":[],"status":"passed","title":"does not truncate short text"},{"ancestorTitles":["helpers","generateId"],"duration":1,"failureDetails":[],"failureMessages":[],"fullName":"helpers generateId generates unique IDs","invocations":1,"location":null,"numPassingAsserts":1,"retryReasons":[],"status":"passed","title":"generates unique IDs"}],"endTime":1745883926181,"message":"","name":"C:\\Users\\johnw\\OneDrive\\Desktop\\portfolio\\src\\__tests__\\lib\\helpers\\helpers.test.ts","startTime":1745883925849,"status":"passed","summary":""},{"assertionResults":[],"coverage":{},"endTime":1745883959039,"message":"  \u001b[1m● \u001b[22mTest suite failed to run\n\n    ReferenceError: TextEncoder is not defined\n\n    \u001b[0m \u001b[90m 11 |\u001b[39m   }\u001b[33m;\u001b[39m\n     \u001b[90m 12 |\u001b[39m })\u001b[33m;\u001b[39m\n    \u001b[31m\u001b[1m>\u001b[22m\u001b[39m\u001b[90m 13 |\u001b[39m\n     \u001b[90m    |\u001b[39m \u001b[31m\u001b[1m^\u001b[22m\u001b[39m\n     \u001b[90m 14 |\u001b[39m \u001b[36mif\u001b[39m (\u001b[36mtypeof\u001b[39m \u001b[33mTextEncoder\u001b[39m \u001b[33m===\u001b[39m \u001b[32m'undefined'\u001b[39m) {\n     \u001b[90m 15 |\u001b[39m   \u001b[90m// @ts-ignore\u001b[39m\n     \u001b[90m 16 |\u001b[39m   global\u001b[33m.\u001b[39m\u001b[33mTextEncoder\u001b[39m \u001b[33m=\u001b[39m require(\u001b[32m'util'\u001b[39m)\u001b[33m.\u001b[39m\u001b[33mTextEncoder\u001b[39m\u001b[33m;\u001b[39m\u001b[0m\n\n      \u001b[2mat Object.<anonymous> (\u001b[22mnode_modules/@mswjs/interceptors/src/utils/bufferUtils.ts\u001b[2m:1:17)\u001b[22m\n      \u001b[2mat Object.<anonymous> (\u001b[22mnode_modules/@mswjs/interceptors/lib/browser/index.js\u001b[2m:4:24)\u001b[22m\n      \u001b[2mat Object.<anonymous> (\u001b[22mnode_modules/msw/src/core/utils/matching/matchRequestUrl.ts\u001b[2m:2:29)\u001b[22m\n      \u001b[2mat Object.<anonymous> (\u001b[22mnode_modules/msw/src/core/handlers/HttpHandler.ts\u001b[2m:13:8)\u001b[22m\n      \u001b[2mat Object.<anonymous> (\u001b[22mnode_modules/msw/src/core/http.ts\u001b[2m:10:8)\u001b[22m\n      \u001b[2mat Object.<anonymous> (\u001b[22mnode_modules/msw/src/core/index.ts\u001b[2m:7:22)\u001b[22m\n      \u001b[2mat Object.<anonymous> (\u001b[22m\u001b[0m\u001b[36msrc/__tests__/integration/api/endpoints.test.ts\u001b[39m\u001b[0m\u001b[2m:13:14)\u001b[22m\n","name":"C:\\Users\\johnw\\OneDrive\\Desktop\\portfolio\\src\\__tests__\\integration\\api\\endpoints.test.ts","startTime":1745883959039,"status":"failed","summary":""},{"assertionResults":[{"ancestorTitles":["AcosCalculator"],"duration":125,"failureDetails":[],"failureMessages":[],"fullName":"AcosCalculator renders calculator form fields","invocations":1,"location":null,"numPassingAsserts":2,"retryReasons":[],"status":"passed","title":"renders calculator form fields"},{"ancestorTitles":["AcosCalculator"],"duration":203,"failureDetails":[],"failureMessages":[],"fullName":"AcosCalculator validates required fields","invocations":1,"location":null,"numPassingAsserts":1,"retryReasons":[],"status":"passed","title":"validates required fields"},{"ancestorTitles":["AcosCalculator"],"duration":15023,"failureDetails":[{"message":"thrown: \"Exceeded timeout of 15000 ms for a test.\nAdd a timeout value to this test to increase the timeout, if this is a long-running test. See https://jestjs.io/docs/api#testname-fn-timeout.\""}],"failureMessages":["Error: thrown: \"Exceeded timeout of 15000 ms for a test.\nAdd a timeout value to this test to increase the timeout, if this is a long-running test. See https://jestjs.io/docs/api#testname-fn-timeout.\"\n    at it (C:\\Users\\johnw\\OneDrive\\Desktop\\portfolio\\src\\__tests__\\components\\amazon-seller-tools\\acos-calculator.test.tsx:21:3)\n    at _dispatchDescribe (C:\\Users\\johnw\\OneDrive\\Desktop\\portfolio\\node_modules\\jest-circus\\build\\index.js:91:26)\n    at describe (C:\\Users\\johnw\\OneDrive\\Desktop\\portfolio\\node_modules\\jest-circus\\build\\index.js:55:5)\n    at Object.describe (C:\\Users\\johnw\\OneDrive\\Desktop\\portfolio\\src\\__tests__\\components\\amazon-seller-tools\\acos-calculator.test.tsx:5:1)\n    at Runtime._execModule (C:\\Users\\johnw\\OneDrive\\Desktop\\portfolio\\node_modules\\jest-runtime\\build\\index.js:1439:24)\n    at Runtime._loadModule (C:\\Users\\johnw\\OneDrive\\Desktop\\portfolio\\node_modules\\jest-runtime\\build\\index.js:1022:12)\n    at Runtime.requireModule (C:\\Users\\johnw\\OneDrive\\Desktop\\portfolio\\node_modules\\jest-runtime\\build\\index.js:882:12)\n    at jestAdapter (C:\\Users\\johnw\\OneDrive\\Desktop\\portfolio\\node_modules\\jest-circus\\build\\legacy-code-todo-rewrite\\jestAdapter.js:77:13)\n    at processTicksAndRejections (node:internal/process/task_queues:95:5)\n    at runTestInternal (C:\\Users\\johnw\\OneDrive\\Desktop\\portfolio\\node_modules\\jest-runner\\build\\runTest.js:367:16)\n    at runTest (C:\\Users\\johnw\\OneDrive\\Desktop\\portfolio\\node_modules\\jest-runner\\build\\runTest.js:444:34)\n    at Object.worker (C:\\Users\\johnw\\OneDrive\\Desktop\\portfolio\\node_modules\\jest-runner\\build\\testWorker.js:106:12)"],"fullName":"AcosCalculator calculates ACOS correctly","invocations":1,"location":null,"numPassingAsserts":0,"retryReasons":[],"status":"failed","title":"calculates ACOS correctly"},{"ancestorTitles":["AcosCalculator"],"duration":15010,"failureDetails":[{"message":"thrown: \"Exceeded timeout of 15000 ms for a test.\nAdd a timeout value to this test to increase the timeout, if this is a long-running test. See https://jestjs.io/docs/api#testname-fn-timeout.\""}],"failureMessages":["Error: thrown: \"Exceeded timeout of 15000 ms for a test.\nAdd a timeout value to this test to increase the timeout, if this is a long-running test. See https://jestjs.io/docs/api#testname-fn-timeout.\"\n    at it (C:\\Users\\johnw\\OneDrive\\Desktop\\portfolio\\src\\__tests__\\components\\amazon-seller-tools\\acos-calculator.test.tsx:48:3)\n    at _dispatchDescribe (C:\\Users\\johnw\\OneDrive\\Desktop\\portfolio\\node_modules\\jest-circus\\build\\index.js:91:26)\n    at describe (C:\\Users\\johnw\\OneDrive\\Desktop\\portfolio\\node_modules\\jest-circus\\build\\index.js:55:5)\n    at Object.describe (C:\\Users\\johnw\\OneDrive\\Desktop\\portfolio\\src\\__tests__\\components\\amazon-seller-tools\\acos-calculator.test.tsx:5:1)\n    at Runtime._execModule (C:\\Users\\johnw\\OneDrive\\Desktop\\portfolio\\node_modules\\jest-runtime\\build\\index.js:1439:24)\n    at Runtime._loadModule (C:\\Users\\johnw\\OneDrive\\Desktop\\portfolio\\node_modules\\jest-runtime\\build\\index.js:1022:12)\n    at Runtime.requireModule (C:\\Users\\johnw\\OneDrive\\Desktop\\portfolio\\node_modules\\jest-runtime\\build\\index.js:882:12)\n    at jestAdapter (C:\\Users\\johnw\\OneDrive\\Desktop\\portfolio\\node_modules\\jest-circus\\build\\legacy-code-todo-rewrite\\jestAdapter.js:77:13)\n    at processTicksAndRejections (node:internal/process/task_queues:95:5)\n    at runTestInternal (C:\\Users\\johnw\\OneDrive\\Desktop\\portfolio\\node_modules\\jest-runner\\build\\runTest.js:367:16)\n    at runTest (C:\\Users\\johnw\\OneDrive\\Desktop\\portfolio\\node_modules\\jest-runner\\build\\runTest.js:444:34)\n    at Object.worker (C:\\Users\\johnw\\OneDrive\\Desktop\\portfolio\\node_modules\\jest-runner\\build\\testWorker.js:106:12)"],"fullName":"AcosCalculator shows error for invalid inputs","invocations":1,"location":null,"numPassingAsserts":0,"retryReasons":[],"status":"failed","title":"shows error for invalid inputs"},{"ancestorTitles":["AcosCalculator"],"duration":35,"failureDetails":[],"failureMessages":[],"fullName":"AcosCalculator matches snapshot","invocations":1,"location":null,"numPassingAsserts":1,"retryReasons":[],"status":"passed","title":"matches snapshot"}],"endTime":1745883940475,"message":"\u001b[1m\u001b[31m  \u001b[1m● \u001b[22m\u001b[1mAcosCalculator › calculates ACOS correctly\u001b[39m\u001b[22m\n\n    thrown: \"Exceeded timeout of 15000 ms for a test.\n    Add a timeout value to this test to increase the timeout, if this is a long-running test. See https://jestjs.io/docs/api#testname-fn-timeout.\"\n\u001b[2m\u001b[22m\n\u001b[2m    \u001b[0m \u001b[90m 19 |\u001b[39m   })\u001b[33m;\u001b[39m\u001b[22m\n\u001b[2m     \u001b[90m 20 |\u001b[39m\u001b[22m\n\u001b[2m    \u001b[31m\u001b[1m>\u001b[22m\u001b[2m\u001b[39m\u001b[90m 21 |\u001b[39m   it(\u001b[32m'calculates ACOS correctly'\u001b[39m\u001b[33m,\u001b[39m \u001b[36masync\u001b[39m () \u001b[33m=>\u001b[39m {\u001b[22m\n\u001b[2m     \u001b[90m    |\u001b[39m   \u001b[31m\u001b[1m^\u001b[22m\u001b[2m\u001b[39m\u001b[22m\n\u001b[2m     \u001b[90m 22 |\u001b[39m     console\u001b[33m.\u001b[39mtime(\u001b[32m'calculates ACOS correctly'\u001b[39m)\u001b[33m;\u001b[39m\u001b[22m\n\u001b[2m     \u001b[90m 23 |\u001b[39m     \u001b[36mconst\u001b[39m user \u001b[33m=\u001b[39m userEvent\u001b[33m.\u001b[39msetup()\u001b[33m;\u001b[39m\u001b[22m\n\u001b[2m     \u001b[90m 24 |\u001b[39m     \u001b[36mconst\u001b[39m { container } \u001b[33m=\u001b[39m render(\u001b[33m<\u001b[39m\u001b[33mAcosCalculator\u001b[39m \u001b[33m/\u001b[39m\u001b[33m>\u001b[39m)\u001b[33m;\u001b[39m\u001b[0m\u001b[22m\n\u001b[2m\u001b[22m\n\u001b[2m      \u001b[2mat it (\u001b[22m\u001b[2m\u001b[0m\u001b[36msrc/__tests__/components/amazon-seller-tools/acos-calculator.test.tsx\u001b[39m\u001b[0m\u001b[2m:21:3)\u001b[22m\u001b[2m\u001b[22m\n\u001b[2m      \u001b[2mat Object.describe (\u001b[22m\u001b[2m\u001b[0m\u001b[36msrc/__tests__/components/amazon-seller-tools/acos-calculator.test.tsx\u001b[39m\u001b[0m\u001b[2m:5:1)\u001b[22m\u001b[2m\u001b[22m\n\n\u001b[1m\u001b[31m  \u001b[1m● \u001b[22m\u001b[1mAcosCalculator › shows error for invalid inputs\u001b[39m\u001b[22m\n\n    thrown: \"Exceeded timeout of 15000 ms for a test.\n    Add a timeout value to this test to increase the timeout, if this is a long-running test. See https://jestjs.io/docs/api#testname-fn-timeout.\"\n\u001b[2m\u001b[22m\n\u001b[2m    \u001b[0m \u001b[90m 46 |\u001b[39m   }\u001b[33m,\u001b[39m \u001b[35m15000\u001b[39m)\u001b[33m;\u001b[39m\u001b[22m\n\u001b[2m     \u001b[90m 47 |\u001b[39m\u001b[22m\n\u001b[2m    \u001b[31m\u001b[1m>\u001b[22m\u001b[2m\u001b[39m\u001b[90m 48 |\u001b[39m   it(\u001b[32m'shows error for invalid inputs'\u001b[39m\u001b[33m,\u001b[39m \u001b[36masync\u001b[39m () \u001b[33m=>\u001b[39m {\u001b[22m\n\u001b[2m     \u001b[90m    |\u001b[39m   \u001b[31m\u001b[1m^\u001b[22m\u001b[2m\u001b[39m\u001b[22m\n\u001b[2m     \u001b[90m 49 |\u001b[39m     console\u001b[33m.\u001b[39mtime(\u001b[32m'shows error for invalid inputs'\u001b[39m)\u001b[33m;\u001b[39m\u001b[22m\n\u001b[2m     \u001b[90m 50 |\u001b[39m     \u001b[36mconst\u001b[39m user \u001b[33m=\u001b[39m userEvent\u001b[33m.\u001b[39msetup()\u001b[33m;\u001b[39m\u001b[22m\n\u001b[2m     \u001b[90m 51 |\u001b[39m     render(\u001b[33m<\u001b[39m\u001b[33mAcosCalculator\u001b[39m \u001b[33m/\u001b[39m\u001b[33m>\u001b[39m)\u001b[33m;\u001b[39m\u001b[0m\u001b[22m\n\u001b[2m\u001b[22m\n\u001b[2m      \u001b[2mat it (\u001b[22m\u001b[2m\u001b[0m\u001b[36msrc/__tests__/components/amazon-seller-tools/acos-calculator.test.tsx\u001b[39m\u001b[0m\u001b[2m:48:3)\u001b[22m\u001b[2m\u001b[22m\n\u001b[2m      \u001b[2mat Object.describe (\u001b[22m\u001b[2m\u001b[0m\u001b[36msrc/__tests__/components/amazon-seller-tools/acos-calculator.test.tsx\u001b[39m\u001b[0m\u001b[2m:5:1)\u001b[22m\u001b[2m\u001b[22m\n","name":"C:\\Users\\johnw\\OneDrive\\Desktop\\portfolio\\src\\__tests__\\components\\amazon-seller-tools\\acos-calculator.test.tsx","startTime":1745883904975,"status":"failed","summary":""}],"wasInterrupted":false}
