{"numFailedTestSuites":21,"numFailedTests":40,"numPassedTestSuites":10,"numPassedTests":102,"numPendingTestSuites":3,"numPendingTests":19,"numRuntimeErrorTestSuites":4,"numTodoTests":0,"numTotalTestSuites":34,"numTotalTests":161,"openHandles":[],"snapshot":{"added":0,"didUpdate":false,"failure":false,"filesAdded":0,"filesRemoved":0,"filesRemovedList":[],"filesUnmatched":0,"filesUpdated":0,"matched":3,"total":3,"unchecked":0,"uncheckedKeysByFile":[],"unmatched":0,"updated":0},"startTime":1746206764794,"success":false,"testResults":[{"assertionResults":[{"ancestorTitles":["AcosCalculator Component"],"duration":258,"failureDetails":[],"failureMessages":[],"fullName":"AcosCalculator Component renders the component and heading","invocations":1,"location":null,"numPassingAsserts":1,"retryReasons":[],"status":"passed","title":"renders the component and heading"},{"ancestorTitles":["AcosCalculator Component"],"duration":774,"failureDetails":[{"name":"TestingLibraryElementError"}],"failureMessages":["TestingLibraryElementError: Unable to find an accessible element with the role \"textbox\" and name `/Ad Spend \\(\\$\\)\\*/i`\n\nHere are the accessible roles:\n\n  list:\n\n  Name \"\":\n  \u001b[36m<ul\u001b[39m\n    \u001b[33mclass\u001b[39m=\u001b[32m\"list-disc list-inside ml-4\"\u001b[39m\n  \u001b[36m/>\u001b[39m\n\n  --------------------------------------------------\n  listitem:\n\n  Name \"\":\n  \u001b[36m<li />\u001b[39m\n\n  Name \"\":\n  \u001b[36m<li />\u001b[39m\n\n  Name \"\":\n  \u001b[36m<li />\u001b[39m\n\n  Name \"\":\n  \u001b[36m<li />\u001b[39m\n\n  Name \"\":\n  \u001b[36m<li />\u001b[39m\n\n  --------------------------------------------------\n  heading:\n\n  Name \"Upload Campaign Data\":\n  \u001b[36m<h3\u001b[39m\n    \u001b[33mclass\u001b[39m=\u001b[32m\"text-lg font-semibold leading-none tracking-tight\"\u001b[39m\n  \u001b[36m/>\u001b[39m\n\n  Name \"Manually Enter Campaign Data\":\n  \u001b[36m<h3\u001b[39m\n    \u001b[33mclass\u001b[39m=\u001b[32m\"text-lg font-semibold leading-none tracking-tight\"\u001b[39m\n  \u001b[36m/>\u001b[39m\n\n  Name \"Campaign Performance\":\n  \u001b[36m<h3\u001b[39m\n    \u001b[33mclass\u001b[39m=\u001b[32m\"text-lg font-semibold leading-none tracking-tight\"\u001b[39m\n  \u001b[36m/>\u001b[39m\n\n  --------------------------------------------------\n  presentation:\n\n  Name \"\":\n  \u001b[36m<div\u001b[39m\n    \u001b[33mclass\u001b[39m=\u001b[32m\"relative flex w-full cursor-pointer flex-col items-center justify-center rounded-lg border-2 border-dashed border-primary/40 bg-background p-6 text-center transition-colors hover:bg-primary/5 \"\u001b[39m\n    \u001b[33mrole\u001b[39m=\u001b[32m\"presentation\"\u001b[39m\n    \u001b[33mtabindex\u001b[39m=\u001b[32m\"0\"\u001b[39m\n  \u001b[36m/>\u001b[39m\n\n  --------------------------------------------------\n  textbox:\n\n  Name \"Campaign Name\":\n  \u001b[36m<input\u001b[39m\n    \u001b[33mclass\u001b[39m=\u001b[32m\"flex h-10 w-full rounded-md border border-input bg-background px-3 py-2 text-sm ring-offset-background file:border-0 file:bg-transparent file:text-sm file:font-medium placeholder:text-muted-foreground focus-visible:outline-none focus-visible:ring-2 focus-visible:ring-ring focus-visible:ring-offset-2 disabled:cursor-not-allowed disabled:opacity-50\"\u001b[39m\n    \u001b[33mid\u001b[39m=\u001b[32m\"campaign\"\u001b[39m\n    \u001b[33mname\u001b[39m=\u001b[32m\"campaign\"\u001b[39m\n    \u001b[33mplaceholder\u001b[39m=\u001b[32m\"Enter campaign name\"\u001b[39m\n    \u001b[33mtype\u001b[39m=\u001b[32m\"text\"\u001b[39m\n    \u001b[33mvalue\u001b[39m=\u001b[32m\"\"\u001b[39m\n  \u001b[36m/>\u001b[39m\n\n  --------------------------------------------------\n  spinbutton:\n\n  Name \"Ad Spend ($)\":\n  \u001b[36m<input\u001b[39m\n    \u001b[33mclass\u001b[39m=\u001b[32m\"flex h-10 w-full rounded-md border border-input bg-background px-3 py-2 text-sm ring-offset-background file:border-0 file:bg-transparent file:text-sm file:font-medium placeholder:text-muted-foreground focus-visible:outline-none focus-visible:ring-2 focus-visible:ring-ring focus-visible:ring-offset-2 disabled:cursor-not-allowed disabled:opacity-50\"\u001b[39m\n    \u001b[33mid\u001b[39m=\u001b[32m\"adSpend\"\u001b[39m\n    \u001b[33mname\u001b[39m=\u001b[32m\"adSpend\"\u001b[39m\n    \u001b[33mplaceholder\u001b[39m=\u001b[32m\"Enter ad spend\"\u001b[39m\n    \u001b[33mtype\u001b[39m=\u001b[32m\"number\"\u001b[39m\n    \u001b[33mvalue\u001b[39m=\u001b[32m\"\"\u001b[39m\n  \u001b[36m/>\u001b[39m\n\n  Name \"Sales Amount\":\n  \u001b[36m<input\u001b[39m\n    \u001b[33mclass\u001b[39m=\u001b[32m\"flex h-10 w-full rounded-md border border-input bg-background px-3 py-2 text-sm ring-offset-background file:border-0 file:bg-transparent file:text-sm file:font-medium placeholder:text-muted-foreground focus-visible:outline-none focus-visible:ring-2 focus-visible:ring-ring focus-visible:ring-offset-2 disabled:cursor-not-allowed disabled:opacity-50\"\u001b[39m\n    \u001b[33mid\u001b[39m=\u001b[32m\"sales\"\u001b[39m\n    \u001b[33mname\u001b[39m=\u001b[32m\"sales\"\u001b[39m\n    \u001b[33mplaceholder\u001b[39m=\u001b[32m\"Enter sales amount\"\u001b[39m\n    \u001b[33mtype\u001b[39m=\u001b[32m\"number\"\u001b[39m\n    \u001b[33mvalue\u001b[39m=\u001b[32m\"\"\u001b[39m\n  \u001b[36m/>\u001b[39m\n\n  --------------------------------------------------\n  button:\n\n  Name \"Calculate\":\n  \u001b[36m<button\u001b[39m\n    \u001b[33mclass\u001b[39m=\u001b[32m\"inline-flex items-center justify-center rounded-md text-sm font-medium ring-offset-background transition-colors focus-visible:outline-none focus-visible:ring-2 focus-visible:ring-ring focus-visible:ring-offset-2 disabled:pointer-events-none disabled:opacity-50 bg-primary text-primary-foreground hover:bg-primary/90 h-10 px-4 py-2\"\u001b[39m\n    \u001b[33mdisabled\u001b[39m=\u001b[32m\"\"\u001b[39m\n  \u001b[36m/>\u001b[39m\n\n  Name \"ACoS (%)\":\n  \u001b[36m<button\u001b[39m\n    \u001b[33mclass\u001b[39m=\u001b[32m\"inline-flex items-center justify-center text-sm font-medium ring-offset-background transition-colors focus-visible:outline-none focus-visible:ring-2 focus-visible:ring-ring focus-visible:ring-offset-2 disabled:pointer-events-none disabled:opacity-50 bg-primary text-primary-foreground hover:bg-primary/90 h-9 rounded-md px-3\"\u001b[39m\n  \u001b[36m/>\u001b[39m\n\n  Name \"ROAS (x)\":\n  \u001b[36m<button\u001b[39m\n    \u001b[33mclass\u001b[39m=\u001b[32m\"inline-flex items-center justify-center text-sm font-medium ring-offset-background transition-colors focus-visible:outline-none focus-visible:ring-2 focus-visible:ring-ring focus-visible:ring-offset-2 disabled:pointer-events-none disabled:opacity-50 border border-input bg-background hover:bg-accent hover:text-accent-foreground h-9 rounded-md px-3\"\u001b[39m\n  \u001b[36m/>\u001b[39m\n\n  Name \"CTR (%)\":\n  \u001b[36m<button\u001b[39m\n    \u001b[33mclass\u001b[39m=\u001b[32m\"inline-flex items-center justify-center text-sm font-medium ring-offset-background transition-colors focus-visible:outline-none focus-visible:ring-2 focus-visible:ring-ring focus-visible:ring-offset-2 disabled:pointer-events-none disabled:opacity-50 border border-input bg-background hover:bg-accent hover:text-accent-foreground h-9 rounded-md px-3\"\u001b[39m\n  \u001b[36m/>\u001b[39m\n\n  Name \"CPC ($)\":\n  \u001b[36m<button\u001b[39m\n    \u001b[33mclass\u001b[39m=\u001b[32m\"inline-flex items-center justify-center text-sm font-medium ring-offset-background transition-colors focus-visible:outline-none focus-visible:ring-2 focus-visible:ring-ring focus-visible:ring-offset-2 disabled:pointer-events-none disabled:opacity-50 border border-input bg-background hover:bg-accent hover:text-accent-foreground h-9 rounded-md px-3\"\u001b[39m\n  \u001b[36m/>\u001b[39m\n\n  Name \"RPC Rate (%)\":\n  \u001b[36m<button\u001b[39m\n    \u001b[33mclass\u001b[39m=\u001b[32m\"inline-flex items-center justify-center text-sm font-medium ring-offset-background transition-colors focus-visible:outline-none focus-visible:ring-2 focus-visible:ring-ring focus-visible:ring-offset-2 disabled:pointer-events-none disabled:opacity-50 border border-input bg-background hover:bg-accent hover:text-accent-foreground h-9 rounded-md px-3\"\u001b[39m\n  \u001b[36m/>\u001b[39m\n\n  Name \"Export Data\":\n  \u001b[36m<button\u001b[39m\n    \u001b[33mclass\u001b[39m=\u001b[32m\"inline-flex items-center justify-center rounded-md text-sm font-medium ring-offset-background transition-colors focus-visible:outline-none focus-visible:ring-2 focus-visible:ring-ring focus-visible:ring-offset-2 disabled:pointer-events-none disabled:opacity-50 bg-primary text-primary-foreground hover:bg-primary/90 h-10 px-4 py-2\"\u001b[39m\n    \u001b[33mdisabled\u001b[39m=\u001b[32m\"\"\u001b[39m\n  \u001b[36m/>\u001b[39m\n\n  Name \"Clear Data\":\n  \u001b[36m<button\u001b[39m\n    \u001b[33mclass\u001b[39m=\u001b[32m\"inline-flex items-center justify-center rounded-md text-sm font-medium ring-offset-background transition-colors focus-visible:outline-none focus-visible:ring-2 focus-visible:ring-ring focus-visible:ring-offset-2 disabled:pointer-events-none disabled:opacity-50 bg-destructive text-destructive-foreground hover:bg-destructive/90 h-10 px-4 py-2\"\u001b[39m\n    \u001b[33mdisabled\u001b[39m=\u001b[32m\"\"\u001b[39m\n  \u001b[36m/>\u001b[39m\n\n  --------------------------------------------------\n\nIgnored nodes: comments, script, style\n\u001b[36m<body>\u001b[39m\n  \u001b[36m<div>\u001b[39m\n    \u001b[36m<div\u001b[39m\n      \u001b[33mclass\u001b[39m=\u001b[32m\"space-y-6\"\u001b[39m\n    \u001b[36m>\u001b[39m\n      \u001b[36m<div\u001b[39m\n        \u001b[33mclass\u001b[39m=\u001b[32m\"bg-blue-50 dark:bg-blue-900/20 p-4 rounded-lg flex items-start gap-3\"\u001b[39m\n      \u001b[36m>\u001b[39m\n        \u001b[36m<svg\u001b[39m\n          \u001b[33mclass\u001b[39m=\u001b[32m\"lucide lucide-info h-5 w-5 text-blue-500 mt-0.5 flex-shrink-0\"\u001b[39m\n          \u001b[33mfill\u001b[39m=\u001b[32m\"none\"\u001b[39m\n          \u001b[33mheight\u001b[39m=\u001b[32m\"24\"\u001b[39m\n          \u001b[33mstroke\u001b[39m=\u001b[32m\"currentColor\"\u001b[39m\n          \u001b[33mstroke-linecap\u001b[39m=\u001b[32m\"round\"\u001b[39m\n          \u001b[33mstroke-linejoin\u001b[39m=\u001b[32m\"round\"\u001b[39m\n          \u001b[33mstroke-width\u001b[39m=\u001b[32m\"2\"\u001b[39m\n          \u001b[33mviewBox\u001b[39m=\u001b[32m\"0 0 24 24\"\u001b[39m\n          \u001b[33mwidth\u001b[39m=\u001b[32m\"24\"\u001b[39m\n          \u001b[33mxmlns\u001b[39m=\u001b[32m\"http://www.w3.org/2000/svg\"\u001b[39m\n        \u001b[36m>\u001b[39m\n          \u001b[36m<circle\u001b[39m\n            \u001b[33mcx\u001b[39m=\u001b[32m\"12\"\u001b[39m\n            \u001b[33mcy\u001b[39m=\u001b[32m\"12\"\u001b[39m\n            \u001b[33mr\u001b[39m=\u001b[32m\"10\"\u001b[39m\n          \u001b[36m/>\u001b[39m\n          \u001b[36m<path\u001b[39m\n            \u001b[33md\u001b[39m=\u001b[32m\"M12 16v-4\"\u001b[39m\n          \u001b[36m/>\u001b[39m\n          \u001b[36m<path\u001b[39m\n            \u001b[33md\u001b[39m=\u001b[32m\"M12 8h.01\"\u001b[39m\n          \u001b[36m/>\u001b[39m\n        \u001b[36m</svg>\u001b[39m\n        \u001b[36m<div\u001b[39m\n          \u001b[33mclass\u001b[39m=\u001b[32m\"text-sm text-blue-700 dark:text-blue-300\"\u001b[39m\n        \u001b[36m>\u001b[39m\n          \u001b[36m<p\u001b[39m\n            \u001b[33mclass\u001b[39m=\u001b[32m\"font-medium\"\u001b[39m\n          \u001b[36m>\u001b[39m\n            \u001b[0mHow it Works:\u001b[0m\n          \u001b[36m</p>\u001b[39m\n          \u001b[36m<ul\u001b[39m\n            \u001b[33mclass\u001b[39m=\u001b[32m\"list-disc list-inside ml-4\"\u001b[39m\n          \u001b[36m>\u001b[39m\n            \u001b[36m<li>\u001b[39m\n              \u001b[0mUpload a CSV with columns: \u001b[0m\n              \u001b[36m<code>\u001b[39m\n                \u001b[0mcampaign\u001b[0m\n              \u001b[36m</code>\u001b[39m\n              \u001b[0m, \u001b[0m\n              \u001b[36m<code>\u001b[39m\n                \u001b[0madSpend\u001b[0m\n              \u001b[36m</code>\u001b[39m\n              \u001b[0m, \u001b[0m\n              \u001b[36m<code>\u001b[39m\n                \u001b[0msales\u001b[0m\n              \u001b[36m</code>\u001b[39m\n              \u001b[0m. Optional: \u001b[0m\n              \u001b[36m<code>\u001b[39m\n                \u001b[0mimpressions\u001b[0m\n              \u001b[36m</code>\u001b[39m\n              \u001b[0m, \u001b[0m\n              \u001b[36m<code>\u001b[39m\n                \u001b[0mclicks\u001b[0m\n              \u001b[36m</code>\u001b[39m\n              \u001b[0m.\u001b[0m\n            \u001b[36m</li>\u001b[39m\n            \u001b[36m<li>\u001b[39m\n              \u001b[0mOr, manually enter data for a single campaign.\u001b[0m\n            \u001b[36m</li>\u001b[39m\n            \u001b[36m<li>\u001b[39m\n              \u001b[0mThe tool calculates ACoS (Advertising Cost of Sales), ROAS (Return on Ad Spend), and other PPC metrics if data is available.\u001b[0m\n            \u001b[36m</li>\u001b[39m\n            \u001b[36m<li>\u001b[39m\n              \u001b[0mVisualize the distribution of a selected metric.\u001b[0m\n            \u001b[36m</li>\u001b[39m\n            \u001b[36m<li>\u001b[39m\n              \u001b[0mExport the results to a new CSV file.\u001b[0m\n            \u001b[36m</li>\u001b[39m\n          \u001b[36m</ul>\u001b[39m\n        \u001b[36m</div>\u001b[39m\n      \u001b[36m</div>\u001b[39m\n      \u001b[36m<div\u001b[39m\n        \u001b[33mclass\u001b[39m=\u001b[32m\"grid grid-cols-1 md:grid-cols-2 gap-6\"\u001b[39m\n      \u001b[36m>\u001b[39m\n        \u001b[36m<div\u001b[39m\n          \u001b[33mclass\u001b[39m=\u001b[32m\"rounded-lg border bg-card text-card-foreground shadow-sm\"\u001b[39m\n        \u001b[36m>\u001b[39m\n          \u001b[36m<div\u001b[39m\n            \u001b[33mclass\u001b[39m=\u001b[32m\"flex flex-col space-y-1.5 p-6\"\u001b[39m\n          \u001b[36m>\u001b[39m\n            \u001b[36m<h3\u001b[39m\n              \u001b[33mclass\u001b[39m=\u001b[32m\"text-lg font-semibold leading-none tracking-tight\"\u001b[39m\n            \u001b[36m>\u001b[39m\n              \u001b[0mUpload Campaign Data\u001b[0m\n            \u001b[36m</h3>\u001b[39m\n          \u001b[36m</div>\u001b[39m\n          \u001b[36m<div\u001b[39m\n            \u001b[33mclass\u001b[39m=\u001b[32m\"p-6 pt-0\"\u001b[39m\n          \u001b[36m>\u001b[39m\n            \u001b[36m<div\u001b[39m\n              \u001b[33mclass\u001b[39m=\u001b[32m\"relative flex w-full cursor-pointer flex-col items-center justify-center rounded-lg border-2 border-dashed border-primary/40 bg-background p-6 text-center transition-colors hover:bg-primary/5 \"\u001b[39m\n              \u001b[33mrole\u001b[39m=\u001b[32m\"presentation\"\u001b[39m\n              \u001b[33mtabindex\u001b[39m=\u001b[32m\"0\"\u001b[39m\n            \u001b[36m>\u001b[39m\n              \u001b[36m<input\u001b[39m\n                \u001b[33maccept\u001b[39m=\u001b[32m\"text/csv,.csv\"\u001b[39m\n                \u001b[33mdata-testid\u001b[39m=\u001b[32m\"csv-upload-input\"\u001b[39m\n                \u001b[33mstyle\u001b[39m=\u001b[32m\"border: 0px; clip: rect(0px, 0px, 0px, 0px); clip-path: inset(50%); height: 1px; margin: 0px -1px -1px 0px; overflow: hidden; padding: 0px; position: absolute; width: 1px; white-space: nowrap;\"\u001b[39m\n                \u001b[33mtabindex\u001b[39m=\u001b[32m\"-1\"\u001b[39m\n                \u001b[33mtype\u001b[39m=\u001b[32m\"file\"\u001b[39m\n              \u001b[36m/>\u001b[39m\n              \u001b[36m<svg\u001b[39m\n                \u001b[33mclass\u001b[39m=\u001b[32m\"lucide lucide-upload mb-2 h-8 w-8 text-primary/60\"\u001b[39m\n                \u001b[33mfill\u001b[39m=\u001b[32m\"none\"\u001b[39m\n                \u001b[33mheight\u001b[39m=\u001b[32m\"24\"\u001b[39m\n                \u001b[33mstroke\u001b[39m=\u001b[32m\"currentColor\"\u001b[39m\n                \u001b[33mstroke-linecap\u001b[39m=\u001b[32m\"round\"\u001b[39m\n                \u001b[33mstroke-linejoin\u001b[39m=\u001b[32m\"round\"\u001b[39m\n                \u001b[33mstroke-width\u001b[39m=\u001b[32m\"2\"\u001b[39m\n                \u001b[33mviewBox\u001b[39m=\u001b[32m\"0 0 24 24\"\u001b[39m\n                \u001b[33mwidth\u001b[39m=\u001b[32m\"24\"\u001b[39m\n                \u001b[33mxmlns\u001b[39m=\u001b[32m\"http://www.w3.org/2000/svg\"\u001b[39m\n              \u001b[36m>\u001b[39m\n                \u001b[36m<path\u001b[39m\n                  \u001b[33md\u001b[39m=\u001b[32m\"M21 15v4a2 2 0 0 1-2 2H5a2 2 0 0 1-2-2v-4\"\u001b[39m\n                \u001b[36m/>\u001b[39m\n                \u001b[36m<polyline\u001b[39m\n                  \u001b[33mpoints\u001b[39m=\u001b[32m\"17 8 12 3 7 8\"\u001b[39m\n                \u001b[36m/>\u001b[39m\n                \u001b[36m<line\u001b[39m\n                  \u001b[33mx1\u001b[39m=\u001b[32m\"12\"\u001b[39m\n                  \u001b[33mx2\u001b[39m=\u001b[32m\"12\"\u001b[39m\n                  \u001b[33my1\u001b[39m=\u001b[32m\"3\"\u001b[39m\n                  \u001b[33my2\u001b[39m=\u001b[32m\"15\"\u001b[39m\n                \u001b[36m/>\u001b[39m\n              \u001b[36m</svg>\u001b[39m\n              \u001b[36m<span\u001b[39m\n                \u001b[33mclass\u001b[39m=\u001b[32m\"text-sm font-medium\"\u001b[39m\n              \u001b[36m>\u001b[39m\n                \u001b[0mClick or drag CSV file here\u001b[0m\n              \u001b[36m</span>\u001b[39m\n              \u001b[36m<span\u001b[39m\n                \u001b[33mclass\u001b[39m=\u001b[32m\"text-xs text-muted-foreground mt-1\"\u001b[39m\n              \u001b[36m>\u001b[39m\n                \u001b[0m(Requires: campaign, adSpend, sales)\u001b[0m\n              \u001b[36m</span>\u001b[39m\n            \u001b[36m</div>\u001b[39m\n          \u001b[36m</div>\u001b[39m\n        \u001b[36m</div>\u001b[39m\n        \u001b[36m<div\u001b[39m\n          \u001b[33mclass\u001b[39m=\u001b[32m\"rounded-lg border bg-card text-card-foreground shadow-sm\"\u001b[39m\n        \u001b[36m>\u001b[39m\n          \u001b[36m<div\u001b[39m\n            \u001b[33mclass\u001b[39m=\u001b[32m\"flex flex-col space-y-1.5 p-6\"\u001b[39m\n          \u001b[36m>\u001b[39m\n            \u001b[36m<h3\u001b[39m\n              \u001b[33mclass\u001b[39m=\u001b[32m\"text-lg font-semibold leading-none tracking-tight\"\u001b[39m\n            \u001b[36m>\u001b[39m\n              \u001b[0mManually Enter Campaign Data\u001b[0m\n            \u001b[36m</h3>\u001b[39m\n          \u001b[36m</div>\u001b[39m\n          \u001b[36m<div\u001b[39m\n            \u001b[33mclass\u001b[39m=\u001b[32m\"p-6 pt-0 space-y-4\"\u001b[39m\n          \u001b[36m>\u001b[39m\n            \u001b[36m<div>\u001b[39m\n              \u001b[36m<label\u001b[39m\n                \u001b[33mclass\u001b[39m=\u001b[...\n    at Object.getElementError (C:\\Users\\johnw\\OneDrive\\Desktop\\portfolio\\node_modules\\@testing-library\\react\\node_modules\\@testing-library\\dom\\dist\\config.js:37:19)\n    at getElementError (C:\\Users\\johnw\\OneDrive\\Desktop\\portfolio\\node_modules\\@testing-library\\react\\node_modules\\@testing-library\\dom\\dist\\query-helpers.js:76:38)\n    at apply (C:\\Users\\johnw\\OneDrive\\Desktop\\portfolio\\node_modules\\@testing-library\\react\\node_modules\\@testing-library\\dom\\dist\\query-helpers.js:52:25)\n    at apply (C:\\Users\\johnw\\OneDrive\\Desktop\\portfolio\\node_modules\\@testing-library\\react\\node_modules\\@testing-library\\dom\\dist\\query-helpers.js:95:24)\n    at getByRole (C:\\Users\\johnw\\OneDrive\\Desktop\\portfolio\\src\\__tests__\\components\\amazon-seller-tools\\acos-calculator.test.tsx:18:33)\n    at call (C:\\Users\\johnw\\OneDrive\\Desktop\\portfolio\\node_modules\\@babel\\runtime\\helpers\\regeneratorRuntime.js:75:16)\n    at Generator.s (C:\\Users\\johnw\\OneDrive\\Desktop\\portfolio\\node_modules\\@babel\\runtime\\helpers\\regeneratorRuntime.js:58:19)\n    at Generator._invoke [as next] (C:\\Users\\johnw\\OneDrive\\Desktop\\portfolio\\node_modules\\@babel\\runtime\\helpers\\regeneratorRuntime.js:100:21)\n    at asyncGeneratorStep (C:\\Users\\johnw\\OneDrive\\Desktop\\portfolio\\node_modules\\@babel\\runtime\\helpers\\asyncToGenerator.js:3:17)\n    at asyncGeneratorStep (C:\\Users\\johnw\\OneDrive\\Desktop\\portfolio\\node_modules\\@babel\\runtime\\helpers\\asyncToGenerator.js:17:9)\n    at _next (C:\\Users\\johnw\\OneDrive\\Desktop\\portfolio\\node_modules\\@babel\\runtime\\helpers\\asyncToGenerator.js:22:7)\n    at new Promise (<anonymous>)\n    at Object.<anonymous> (C:\\Users\\johnw\\OneDrive\\Desktop\\portfolio\\node_modules\\@babel\\runtime\\helpers\\asyncToGenerator.js:14:12)\n    at Promise.then.completed (C:\\Users\\johnw\\OneDrive\\Desktop\\portfolio\\node_modules\\jest-circus\\build\\utils.js:298:28)\n    at new Promise (<anonymous>)\n    at callAsyncCircusFn (C:\\Users\\johnw\\OneDrive\\Desktop\\portfolio\\node_modules\\jest-circus\\build\\utils.js:231:10)\n    at _callCircusTest (C:\\Users\\johnw\\OneDrive\\Desktop\\portfolio\\node_modules\\jest-circus\\build\\run.js:316:40)\n    at processTicksAndRejections (node:internal/process/task_queues:105:5)\n    at _runTest (C:\\Users\\johnw\\OneDrive\\Desktop\\portfolio\\node_modules\\jest-circus\\build\\run.js:252:3)\n    at _runTestsForDescribeBlock (C:\\Users\\johnw\\OneDrive\\Desktop\\portfolio\\node_modules\\jest-circus\\build\\run.js:126:9)\n    at _runTestsForDescribeBlock (C:\\Users\\johnw\\OneDrive\\Desktop\\portfolio\\node_modules\\jest-circus\\build\\run.js:121:9)\n    at run (C:\\Users\\johnw\\OneDrive\\Desktop\\portfolio\\node_modules\\jest-circus\\build\\run.js:71:3)\n    at runAndTransformResultsToJestFormat (C:\\Users\\johnw\\OneDrive\\Desktop\\portfolio\\node_modules\\jest-circus\\build\\legacy-code-todo-rewrite\\jestAdapterInit.js:122:21)"],"fullName":"AcosCalculator Component calculates ACoS correctly with valid input","invocations":1,"location":null,"numPassingAsserts":0,"retryReasons":[],"status":"failed","title":"calculates ACoS correctly with valid input"},{"ancestorTitles":["AcosCalculator Component"],"duration":699,"failureDetails":[{"name":"TestingLibraryElementError"}],"failureMessages":["TestingLibraryElementError: Unable to find an accessible element with the role \"textbox\" and name `/Ad Spend \\(\\$\\)\\*/i`\n\nHere are the accessible roles:\n\n  list:\n\n  Name \"\":\n  \u001b[36m<ul\u001b[39m\n    \u001b[33mclass\u001b[39m=\u001b[32m\"list-disc list-inside ml-4\"\u001b[39m\n  \u001b[36m/>\u001b[39m\n\n  --------------------------------------------------\n  listitem:\n\n  Name \"\":\n  \u001b[36m<li />\u001b[39m\n\n  Name \"\":\n  \u001b[36m<li />\u001b[39m\n\n  Name \"\":\n  \u001b[36m<li />\u001b[39m\n\n  Name \"\":\n  \u001b[36m<li />\u001b[39m\n\n  Name \"\":\n  \u001b[36m<li />\u001b[39m\n\n  --------------------------------------------------\n  heading:\n\n  Name \"Upload Campaign Data\":\n  \u001b[36m<h3\u001b[39m\n    \u001b[33mclass\u001b[39m=\u001b[32m\"text-lg font-semibold leading-none tracking-tight\"\u001b[39m\n  \u001b[36m/>\u001b[39m\n\n  Name \"Manually Enter Campaign Data\":\n  \u001b[36m<h3\u001b[39m\n    \u001b[33mclass\u001b[39m=\u001b[32m\"text-lg font-semibold leading-none tracking-tight\"\u001b[39m\n  \u001b[36m/>\u001b[39m\n\n  Name \"Campaign Performance\":\n  \u001b[36m<h3\u001b[39m\n    \u001b[33mclass\u001b[39m=\u001b[32m\"text-lg font-semibold leading-none tracking-tight\"\u001b[39m\n  \u001b[36m/>\u001b[39m\n\n  --------------------------------------------------\n  presentation:\n\n  Name \"\":\n  \u001b[36m<div\u001b[39m\n    \u001b[33mclass\u001b[39m=\u001b[32m\"relative flex w-full cursor-pointer flex-col items-center justify-center rounded-lg border-2 border-dashed border-primary/40 bg-background p-6 text-center transition-colors hover:bg-primary/5 \"\u001b[39m\n    \u001b[33mrole\u001b[39m=\u001b[32m\"presentation\"\u001b[39m\n    \u001b[33mtabindex\u001b[39m=\u001b[32m\"0\"\u001b[39m\n  \u001b[36m/>\u001b[39m\n\n  --------------------------------------------------\n  textbox:\n\n  Name \"Campaign Name\":\n  \u001b[36m<input\u001b[39m\n    \u001b[33mclass\u001b[39m=\u001b[32m\"flex h-10 w-full rounded-md border border-input bg-background px-3 py-2 text-sm ring-offset-background file:border-0 file:bg-transparent file:text-sm file:font-medium placeholder:text-muted-foreground focus-visible:outline-none focus-visible:ring-2 focus-visible:ring-ring focus-visible:ring-offset-2 disabled:cursor-not-allowed disabled:opacity-50\"\u001b[39m\n    \u001b[33mid\u001b[39m=\u001b[32m\"campaign\"\u001b[39m\n    \u001b[33mname\u001b[39m=\u001b[32m\"campaign\"\u001b[39m\n    \u001b[33mplaceholder\u001b[39m=\u001b[32m\"Enter campaign name\"\u001b[39m\n    \u001b[33mtype\u001b[39m=\u001b[32m\"text\"\u001b[39m\n    \u001b[33mvalue\u001b[39m=\u001b[32m\"\"\u001b[39m\n  \u001b[36m/>\u001b[39m\n\n  --------------------------------------------------\n  spinbutton:\n\n  Name \"Ad Spend ($)\":\n  \u001b[36m<input\u001b[39m\n    \u001b[33mclass\u001b[39m=\u001b[32m\"flex h-10 w-full rounded-md border border-input bg-background px-3 py-2 text-sm ring-offset-background file:border-0 file:bg-transparent file:text-sm file:font-medium placeholder:text-muted-foreground focus-visible:outline-none focus-visible:ring-2 focus-visible:ring-ring focus-visible:ring-offset-2 disabled:cursor-not-allowed disabled:opacity-50\"\u001b[39m\n    \u001b[33mid\u001b[39m=\u001b[32m\"adSpend\"\u001b[39m\n    \u001b[33mname\u001b[39m=\u001b[32m\"adSpend\"\u001b[39m\n    \u001b[33mplaceholder\u001b[39m=\u001b[32m\"Enter ad spend\"\u001b[39m\n    \u001b[33mtype\u001b[39m=\u001b[32m\"number\"\u001b[39m\n    \u001b[33mvalue\u001b[39m=\u001b[32m\"\"\u001b[39m\n  \u001b[36m/>\u001b[39m\n\n  Name \"Sales Amount\":\n  \u001b[36m<input\u001b[39m\n    \u001b[33mclass\u001b[39m=\u001b[32m\"flex h-10 w-full rounded-md border border-input bg-background px-3 py-2 text-sm ring-offset-background file:border-0 file:bg-transparent file:text-sm file:font-medium placeholder:text-muted-foreground focus-visible:outline-none focus-visible:ring-2 focus-visible:ring-ring focus-visible:ring-offset-2 disabled:cursor-not-allowed disabled:opacity-50\"\u001b[39m\n    \u001b[33mid\u001b[39m=\u001b[32m\"sales\"\u001b[39m\n    \u001b[33mname\u001b[39m=\u001b[32m\"sales\"\u001b[39m\n    \u001b[33mplaceholder\u001b[39m=\u001b[32m\"Enter sales amount\"\u001b[39m\n    \u001b[33mtype\u001b[39m=\u001b[32m\"number\"\u001b[39m\n    \u001b[33mvalue\u001b[39m=\u001b[32m\"\"\u001b[39m\n  \u001b[36m/>\u001b[39m\n\n  --------------------------------------------------\n  button:\n\n  Name \"Calculate\":\n  \u001b[36m<button\u001b[39m\n    \u001b[33mclass\u001b[39m=\u001b[32m\"inline-flex items-center justify-center rounded-md text-sm font-medium ring-offset-background transition-colors focus-visible:outline-none focus-visible:ring-2 focus-visible:ring-ring focus-visible:ring-offset-2 disabled:pointer-events-none disabled:opacity-50 bg-primary text-primary-foreground hover:bg-primary/90 h-10 px-4 py-2\"\u001b[39m\n    \u001b[33mdisabled\u001b[39m=\u001b[32m\"\"\u001b[39m\n  \u001b[36m/>\u001b[39m\n\n  Name \"ACoS (%)\":\n  \u001b[36m<button\u001b[39m\n    \u001b[33mclass\u001b[39m=\u001b[32m\"inline-flex items-center justify-center text-sm font-medium ring-offset-background transition-colors focus-visible:outline-none focus-visible:ring-2 focus-visible:ring-ring focus-visible:ring-offset-2 disabled:pointer-events-none disabled:opacity-50 bg-primary text-primary-foreground hover:bg-primary/90 h-9 rounded-md px-3\"\u001b[39m\n  \u001b[36m/>\u001b[39m\n\n  Name \"ROAS (x)\":\n  \u001b[36m<button\u001b[39m\n    \u001b[33mclass\u001b[39m=\u001b[32m\"inline-flex items-center justify-center text-sm font-medium ring-offset-background transition-colors focus-visible:outline-none focus-visible:ring-2 focus-visible:ring-ring focus-visible:ring-offset-2 disabled:pointer-events-none disabled:opacity-50 border border-input bg-background hover:bg-accent hover:text-accent-foreground h-9 rounded-md px-3\"\u001b[39m\n  \u001b[36m/>\u001b[39m\n\n  Name \"CTR (%)\":\n  \u001b[36m<button\u001b[39m\n    \u001b[33mclass\u001b[39m=\u001b[32m\"inline-flex items-center justify-center text-sm font-medium ring-offset-background transition-colors focus-visible:outline-none focus-visible:ring-2 focus-visible:ring-ring focus-visible:ring-offset-2 disabled:pointer-events-none disabled:opacity-50 border border-input bg-background hover:bg-accent hover:text-accent-foreground h-9 rounded-md px-3\"\u001b[39m\n  \u001b[36m/>\u001b[39m\n\n  Name \"CPC ($)\":\n  \u001b[36m<button\u001b[39m\n    \u001b[33mclass\u001b[39m=\u001b[32m\"inline-flex items-center justify-center text-sm font-medium ring-offset-background transition-colors focus-visible:outline-none focus-visible:ring-2 focus-visible:ring-ring focus-visible:ring-offset-2 disabled:pointer-events-none disabled:opacity-50 border border-input bg-background hover:bg-accent hover:text-accent-foreground h-9 rounded-md px-3\"\u001b[39m\n  \u001b[36m/>\u001b[39m\n\n  Name \"RPC Rate (%)\":\n  \u001b[36m<button\u001b[39m\n    \u001b[33mclass\u001b[39m=\u001b[32m\"inline-flex items-center justify-center text-sm font-medium ring-offset-background transition-colors focus-visible:outline-none focus-visible:ring-2 focus-visible:ring-ring focus-visible:ring-offset-2 disabled:pointer-events-none disabled:opacity-50 border border-input bg-background hover:bg-accent hover:text-accent-foreground h-9 rounded-md px-3\"\u001b[39m\n  \u001b[36m/>\u001b[39m\n\n  Name \"Export Data\":\n  \u001b[36m<button\u001b[39m\n    \u001b[33mclass\u001b[39m=\u001b[32m\"inline-flex items-center justify-center rounded-md text-sm font-medium ring-offset-background transition-colors focus-visible:outline-none focus-visible:ring-2 focus-visible:ring-ring focus-visible:ring-offset-2 disabled:pointer-events-none disabled:opacity-50 bg-primary text-primary-foreground hover:bg-primary/90 h-10 px-4 py-2\"\u001b[39m\n    \u001b[33mdisabled\u001b[39m=\u001b[32m\"\"\u001b[39m\n  \u001b[36m/>\u001b[39m\n\n  Name \"Clear Data\":\n  \u001b[36m<button\u001b[39m\n    \u001b[33mclass\u001b[39m=\u001b[32m\"inline-flex items-center justify-center rounded-md text-sm font-medium ring-offset-background transition-colors focus-visible:outline-none focus-visible:ring-2 focus-visible:ring-ring focus-visible:ring-offset-2 disabled:pointer-events-none disabled:opacity-50 bg-destructive text-destructive-foreground hover:bg-destructive/90 h-10 px-4 py-2\"\u001b[39m\n    \u001b[33mdisabled\u001b[39m=\u001b[32m\"\"\u001b[39m\n  \u001b[36m/>\u001b[39m\n\n  --------------------------------------------------\n\nIgnored nodes: comments, script, style\n\u001b[36m<body>\u001b[39m\n  \u001b[36m<div>\u001b[39m\n    \u001b[36m<div\u001b[39m\n      \u001b[33mclass\u001b[39m=\u001b[32m\"space-y-6\"\u001b[39m\n    \u001b[36m>\u001b[39m\n      \u001b[36m<div\u001b[39m\n        \u001b[33mclass\u001b[39m=\u001b[32m\"bg-blue-50 dark:bg-blue-900/20 p-4 rounded-lg flex items-start gap-3\"\u001b[39m\n      \u001b[36m>\u001b[39m\n        \u001b[36m<svg\u001b[39m\n          \u001b[33mclass\u001b[39m=\u001b[32m\"lucide lucide-info h-5 w-5 text-blue-500 mt-0.5 flex-shrink-0\"\u001b[39m\n          \u001b[33mfill\u001b[39m=\u001b[32m\"none\"\u001b[39m\n          \u001b[33mheight\u001b[39m=\u001b[32m\"24\"\u001b[39m\n          \u001b[33mstroke\u001b[39m=\u001b[32m\"currentColor\"\u001b[39m\n          \u001b[33mstroke-linecap\u001b[39m=\u001b[32m\"round\"\u001b[39m\n          \u001b[33mstroke-linejoin\u001b[39m=\u001b[32m\"round\"\u001b[39m\n          \u001b[33mstroke-width\u001b[39m=\u001b[32m\"2\"\u001b[39m\n          \u001b[33mviewBox\u001b[39m=\u001b[32m\"0 0 24 24\"\u001b[39m\n          \u001b[33mwidth\u001b[39m=\u001b[32m\"24\"\u001b[39m\n          \u001b[33mxmlns\u001b[39m=\u001b[32m\"http://www.w3.org/2000/svg\"\u001b[39m\n        \u001b[36m>\u001b[39m\n          \u001b[36m<circle\u001b[39m\n            \u001b[33mcx\u001b[39m=\u001b[32m\"12\"\u001b[39m\n            \u001b[33mcy\u001b[39m=\u001b[32m\"12\"\u001b[39m\n            \u001b[33mr\u001b[39m=\u001b[32m\"10\"\u001b[39m\n          \u001b[36m/>\u001b[39m\n          \u001b[36m<path\u001b[39m\n            \u001b[33md\u001b[39m=\u001b[32m\"M12 16v-4\"\u001b[39m\n          \u001b[36m/>\u001b[39m\n          \u001b[36m<path\u001b[39m\n            \u001b[33md\u001b[39m=\u001b[32m\"M12 8h.01\"\u001b[39m\n          \u001b[36m/>\u001b[39m\n        \u001b[36m</svg>\u001b[39m\n        \u001b[36m<div\u001b[39m\n          \u001b[33mclass\u001b[39m=\u001b[32m\"text-sm text-blue-700 dark:text-blue-300\"\u001b[39m\n        \u001b[36m>\u001b[39m\n          \u001b[36m<p\u001b[39m\n            \u001b[33mclass\u001b[39m=\u001b[32m\"font-medium\"\u001b[39m\n          \u001b[36m>\u001b[39m\n            \u001b[0mHow it Works:\u001b[0m\n          \u001b[36m</p>\u001b[39m\n          \u001b[36m<ul\u001b[39m\n            \u001b[33mclass\u001b[39m=\u001b[32m\"list-disc list-inside ml-4\"\u001b[39m\n          \u001b[36m>\u001b[39m\n            \u001b[36m<li>\u001b[39m\n              \u001b[0mUpload a CSV with columns: \u001b[0m\n              \u001b[36m<code>\u001b[39m\n                \u001b[0mcampaign\u001b[0m\n              \u001b[36m</code>\u001b[39m\n              \u001b[0m, \u001b[0m\n              \u001b[36m<code>\u001b[39m\n                \u001b[0madSpend\u001b[0m\n              \u001b[36m</code>\u001b[39m\n              \u001b[0m, \u001b[0m\n              \u001b[36m<code>\u001b[39m\n                \u001b[0msales\u001b[0m\n              \u001b[36m</code>\u001b[39m\n              \u001b[0m. Optional: \u001b[0m\n              \u001b[36m<code>\u001b[39m\n                \u001b[0mimpressions\u001b[0m\n              \u001b[36m</code>\u001b[39m\n              \u001b[0m, \u001b[0m\n              \u001b[36m<code>\u001b[39m\n                \u001b[0mclicks\u001b[0m\n              \u001b[36m</code>\u001b[39m\n              \u001b[0m.\u001b[0m\n            \u001b[36m</li>\u001b[39m\n            \u001b[36m<li>\u001b[39m\n              \u001b[0mOr, manually enter data for a single campaign.\u001b[0m\n            \u001b[36m</li>\u001b[39m\n            \u001b[36m<li>\u001b[39m\n              \u001b[0mThe tool calculates ACoS (Advertising Cost of Sales), ROAS (Return on Ad Spend), and other PPC metrics if data is available.\u001b[0m\n            \u001b[36m</li>\u001b[39m\n            \u001b[36m<li>\u001b[39m\n              \u001b[0mVisualize the distribution of a selected metric.\u001b[0m\n            \u001b[36m</li>\u001b[39m\n            \u001b[36m<li>\u001b[39m\n              \u001b[0mExport the results to a new CSV file.\u001b[0m\n            \u001b[36m</li>\u001b[39m\n          \u001b[36m</ul>\u001b[39m\n        \u001b[36m</div>\u001b[39m\n      \u001b[36m</div>\u001b[39m\n      \u001b[36m<div\u001b[39m\n        \u001b[33mclass\u001b[39m=\u001b[32m\"grid grid-cols-1 md:grid-cols-2 gap-6\"\u001b[39m\n      \u001b[36m>\u001b[39m\n        \u001b[36m<div\u001b[39m\n          \u001b[33mclass\u001b[39m=\u001b[32m\"rounded-lg border bg-card text-card-foreground shadow-sm\"\u001b[39m\n        \u001b[36m>\u001b[39m\n          \u001b[36m<div\u001b[39m\n            \u001b[33mclass\u001b[39m=\u001b[32m\"flex flex-col space-y-1.5 p-6\"\u001b[39m\n          \u001b[36m>\u001b[39m\n            \u001b[36m<h3\u001b[39m\n              \u001b[33mclass\u001b[39m=\u001b[32m\"text-lg font-semibold leading-none tracking-tight\"\u001b[39m\n            \u001b[36m>\u001b[39m\n              \u001b[0mUpload Campaign Data\u001b[0m\n            \u001b[36m</h3>\u001b[39m\n          \u001b[36m</div>\u001b[39m\n          \u001b[36m<div\u001b[39m\n            \u001b[33mclass\u001b[39m=\u001b[32m\"p-6 pt-0\"\u001b[39m\n          \u001b[36m>\u001b[39m\n            \u001b[36m<div\u001b[39m\n              \u001b[33mclass\u001b[39m=\u001b[32m\"relative flex w-full cursor-pointer flex-col items-center justify-center rounded-lg border-2 border-dashed border-primary/40 bg-background p-6 text-center transition-colors hover:bg-primary/5 \"\u001b[39m\n              \u001b[33mrole\u001b[39m=\u001b[32m\"presentation\"\u001b[39m\n              \u001b[33mtabindex\u001b[39m=\u001b[32m\"0\"\u001b[39m\n            \u001b[36m>\u001b[39m\n              \u001b[36m<input\u001b[39m\n                \u001b[33maccept\u001b[39m=\u001b[32m\"text/csv,.csv\"\u001b[39m\n                \u001b[33mdata-testid\u001b[39m=\u001b[32m\"csv-upload-input\"\u001b[39m\n                \u001b[33mstyle\u001b[39m=\u001b[32m\"border: 0px; clip: rect(0px, 0px, 0px, 0px); clip-path: inset(50%); height: 1px; margin: 0px -1px -1px 0px; overflow: hidden; padding: 0px; position: absolute; width: 1px; white-space: nowrap;\"\u001b[39m\n                \u001b[33mtabindex\u001b[39m=\u001b[32m\"-1\"\u001b[39m\n                \u001b[33mtype\u001b[39m=\u001b[32m\"file\"\u001b[39m\n              \u001b[36m/>\u001b[39m\n              \u001b[36m<svg\u001b[39m\n                \u001b[33mclass\u001b[39m=\u001b[32m\"lucide lucide-upload mb-2 h-8 w-8 text-primary/60\"\u001b[39m\n                \u001b[33mfill\u001b[39m=\u001b[32m\"none\"\u001b[39m\n                \u001b[33mheight\u001b[39m=\u001b[32m\"24\"\u001b[39m\n                \u001b[33mstroke\u001b[39m=\u001b[32m\"currentColor\"\u001b[39m\n                \u001b[33mstroke-linecap\u001b[39m=\u001b[32m\"round\"\u001b[39m\n                \u001b[33mstroke-linejoin\u001b[39m=\u001b[32m\"round\"\u001b[39m\n                \u001b[33mstroke-width\u001b[39m=\u001b[32m\"2\"\u001b[39m\n                \u001b[33mviewBox\u001b[39m=\u001b[32m\"0 0 24 24\"\u001b[39m\n                \u001b[33mwidth\u001b[39m=\u001b[32m\"24\"\u001b[39m\n                \u001b[33mxmlns\u001b[39m=\u001b[32m\"http://www.w3.org/2000/svg\"\u001b[39m\n              \u001b[36m>\u001b[39m\n                \u001b[36m<path\u001b[39m\n                  \u001b[33md\u001b[39m=\u001b[32m\"M21 15v4a2 2 0 0 1-2 2H5a2 2 0 0 1-2-2v-4\"\u001b[39m\n                \u001b[36m/>\u001b[39m\n                \u001b[36m<polyline\u001b[39m\n                  \u001b[33mpoints\u001b[39m=\u001b[32m\"17 8 12 3 7 8\"\u001b[39m\n                \u001b[36m/>\u001b[39m\n                \u001b[36m<line\u001b[39m\n                  \u001b[33mx1\u001b[39m=\u001b[32m\"12\"\u001b[39m\n                  \u001b[33mx2\u001b[39m=\u001b[32m\"12\"\u001b[39m\n                  \u001b[33my1\u001b[39m=\u001b[32m\"3\"\u001b[39m\n                  \u001b[33my2\u001b[39m=\u001b[32m\"15\"\u001b[39m\n                \u001b[36m/>\u001b[39m\n              \u001b[36m</svg>\u001b[39m\n              \u001b[36m<span\u001b[39m\n                \u001b[33mclass\u001b[39m=\u001b[32m\"text-sm font-medium\"\u001b[39m\n              \u001b[36m>\u001b[39m\n                \u001b[0mClick or drag CSV file here\u001b[0m\n              \u001b[36m</span>\u001b[39m\n              \u001b[36m<span\u001b[39m\n                \u001b[33mclass\u001b[39m=\u001b[32m\"text-xs text-muted-foreground mt-1\"\u001b[39m\n              \u001b[36m>\u001b[39m\n                \u001b[0m(Requires: campaign, adSpend, sales)\u001b[0m\n              \u001b[36m</span>\u001b[39m\n            \u001b[36m</div>\u001b[39m\n          \u001b[36m</div>\u001b[39m\n        \u001b[36m</div>\u001b[39m\n        \u001b[36m<div\u001b[39m\n          \u001b[33mclass\u001b[39m=\u001b[32m\"rounded-lg border bg-card text-card-foreground shadow-sm\"\u001b[39m\n        \u001b[36m>\u001b[39m\n          \u001b[36m<div\u001b[39m\n            \u001b[33mclass\u001b[39m=\u001b[32m\"flex flex-col space-y-1.5 p-6\"\u001b[39m\n          \u001b[36m>\u001b[39m\n            \u001b[36m<h3\u001b[39m\n              \u001b[33mclass\u001b[39m=\u001b[32m\"text-lg font-semibold leading-none tracking-tight\"\u001b[39m\n            \u001b[36m>\u001b[39m\n              \u001b[0mManually Enter Campaign Data\u001b[0m\n            \u001b[36m</h3>\u001b[39m\n          \u001b[36m</div>\u001b[39m\n          \u001b[36m<div\u001b[39m\n            \u001b[33mclass\u001b[39m=\u001b[32m\"p-6 pt-0 space-y-4\"\u001b[39m\n          \u001b[36m>\u001b[39m\n            \u001b[36m<div>\u001b[39m\n              \u001b[36m<label\u001b[39m\n                \u001b[33mclass\u001b[39m=\u001b[...\n    at Object.getElementError (C:\\Users\\johnw\\OneDrive\\Desktop\\portfolio\\node_modules\\@testing-library\\react\\node_modules\\@testing-library\\dom\\dist\\config.js:37:19)\n    at getElementError (C:\\Users\\johnw\\OneDrive\\Desktop\\portfolio\\node_modules\\@testing-library\\react\\node_modules\\@testing-library\\dom\\dist\\query-helpers.js:76:38)\n    at apply (C:\\Users\\johnw\\OneDrive\\Desktop\\portfolio\\node_modules\\@testing-library\\react\\node_modules\\@testing-library\\dom\\dist\\query-helpers.js:52:25)\n    at apply (C:\\Users\\johnw\\OneDrive\\Desktop\\portfolio\\node_modules\\@testing-library\\react\\node_modules\\@testing-library\\dom\\dist\\query-helpers.js:95:24)\n    at getByRole (C:\\Users\\johnw\\OneDrive\\Desktop\\portfolio\\src\\__tests__\\components\\amazon-seller-tools\\acos-calculator.test.tsx:37:33)\n    at call (C:\\Users\\johnw\\OneDrive\\Desktop\\portfolio\\node_modules\\@babel\\runtime\\helpers\\regeneratorRuntime.js:75:16)\n    at Generator.s (C:\\Users\\johnw\\OneDrive\\Desktop\\portfolio\\node_modules\\@babel\\runtime\\helpers\\regeneratorRuntime.js:58:19)\n    at Generator._invoke [as next] (C:\\Users\\johnw\\OneDrive\\Desktop\\portfolio\\node_modules\\@babel\\runtime\\helpers\\regeneratorRuntime.js:100:21)\n    at asyncGeneratorStep (C:\\Users\\johnw\\OneDrive\\Desktop\\portfolio\\node_modules\\@babel\\runtime\\helpers\\asyncToGenerator.js:3:17)\n    at asyncGeneratorStep (C:\\Users\\johnw\\OneDrive\\Desktop\\portfolio\\node_modules\\@babel\\runtime\\helpers\\asyncToGenerator.js:17:9)\n    at _next (C:\\Users\\johnw\\OneDrive\\Desktop\\portfolio\\node_modules\\@babel\\runtime\\helpers\\asyncToGenerator.js:22:7)\n    at new Promise (<anonymous>)\n    at Object.<anonymous> (C:\\Users\\johnw\\OneDrive\\Desktop\\portfolio\\node_modules\\@babel\\runtime\\helpers\\asyncToGenerator.js:14:12)\n    at Promise.then.completed (C:\\Users\\johnw\\OneDrive\\Desktop\\portfolio\\node_modules\\jest-circus\\build\\utils.js:298:28)\n    at new Promise (<anonymous>)\n    at callAsyncCircusFn (C:\\Users\\johnw\\OneDrive\\Desktop\\portfolio\\node_modules\\jest-circus\\build\\utils.js:231:10)\n    at _callCircusTest (C:\\Users\\johnw\\OneDrive\\Desktop\\portfolio\\node_modules\\jest-circus\\build\\run.js:316:40)\n    at processTicksAndRejections (node:internal/process/task_queues:105:5)\n    at _runTest (C:\\Users\\johnw\\OneDrive\\Desktop\\portfolio\\node_modules\\jest-circus\\build\\run.js:252:3)\n    at _runTestsForDescribeBlock (C:\\Users\\johnw\\OneDrive\\Desktop\\portfolio\\node_modules\\jest-circus\\build\\run.js:126:9)\n    at _runTestsForDescribeBlock (C:\\Users\\johnw\\OneDrive\\Desktop\\portfolio\\node_modules\\jest-circus\\build\\run.js:121:9)\n    at run (C:\\Users\\johnw\\OneDrive\\Desktop\\portfolio\\node_modules\\jest-circus\\build\\run.js:71:3)\n    at runAndTransformResultsToJestFormat (C:\\Users\\johnw\\OneDrive\\Desktop\\portfolio\\node_modules\\jest-circus\\build\\legacy-code-todo-rewrite\\jestAdapterInit.js:122:21)"],"fullName":"AcosCalculator Component displays validation errors for invalid input","invocations":1,"location":null,"numPassingAsserts":0,"retryReasons":[],"status":"failed","title":"displays validation errors for invalid input"},{"ancestorTitles":["AcosCalculator Component"],"duration":674,"failureDetails":[{"name":"TestingLibraryElementError"}],"failureMessages":["TestingLibraryElementError: Unable to find an accessible element with the role \"textbox\" and name `/Ad Spend \\(\\$\\)\\*/i`\n\nHere are the accessible roles:\n\n  list:\n\n  Name \"\":\n  \u001b[36m<ul\u001b[39m\n    \u001b[33mclass\u001b[39m=\u001b[32m\"list-disc list-inside ml-4\"\u001b[39m\n  \u001b[36m/>\u001b[39m\n\n  --------------------------------------------------\n  listitem:\n\n  Name \"\":\n  \u001b[36m<li />\u001b[39m\n\n  Name \"\":\n  \u001b[36m<li />\u001b[39m\n\n  Name \"\":\n  \u001b[36m<li />\u001b[39m\n\n  Name \"\":\n  \u001b[36m<li />\u001b[39m\n\n  Name \"\":\n  \u001b[36m<li />\u001b[39m\n\n  --------------------------------------------------\n  heading:\n\n  Name \"Upload Campaign Data\":\n  \u001b[36m<h3\u001b[39m\n    \u001b[33mclass\u001b[39m=\u001b[32m\"text-lg font-semibold leading-none tracking-tight\"\u001b[39m\n  \u001b[36m/>\u001b[39m\n\n  Name \"Manually Enter Campaign Data\":\n  \u001b[36m<h3\u001b[39m\n    \u001b[33mclass\u001b[39m=\u001b[32m\"text-lg font-semibold leading-none tracking-tight\"\u001b[39m\n  \u001b[36m/>\u001b[39m\n\n  Name \"Campaign Performance\":\n  \u001b[36m<h3\u001b[39m\n    \u001b[33mclass\u001b[39m=\u001b[32m\"text-lg font-semibold leading-none tracking-tight\"\u001b[39m\n  \u001b[36m/>\u001b[39m\n\n  --------------------------------------------------\n  presentation:\n\n  Name \"\":\n  \u001b[36m<div\u001b[39m\n    \u001b[33mclass\u001b[39m=\u001b[32m\"relative flex w-full cursor-pointer flex-col items-center justify-center rounded-lg border-2 border-dashed border-primary/40 bg-background p-6 text-center transition-colors hover:bg-primary/5 \"\u001b[39m\n    \u001b[33mrole\u001b[39m=\u001b[32m\"presentation\"\u001b[39m\n    \u001b[33mtabindex\u001b[39m=\u001b[32m\"0\"\u001b[39m\n  \u001b[36m/>\u001b[39m\n\n  --------------------------------------------------\n  textbox:\n\n  Name \"Campaign Name\":\n  \u001b[36m<input\u001b[39m\n    \u001b[33mclass\u001b[39m=\u001b[32m\"flex h-10 w-full rounded-md border border-input bg-background px-3 py-2 text-sm ring-offset-background file:border-0 file:bg-transparent file:text-sm file:font-medium placeholder:text-muted-foreground focus-visible:outline-none focus-visible:ring-2 focus-visible:ring-ring focus-visible:ring-offset-2 disabled:cursor-not-allowed disabled:opacity-50\"\u001b[39m\n    \u001b[33mid\u001b[39m=\u001b[32m\"campaign\"\u001b[39m\n    \u001b[33mname\u001b[39m=\u001b[32m\"campaign\"\u001b[39m\n    \u001b[33mplaceholder\u001b[39m=\u001b[32m\"Enter campaign name\"\u001b[39m\n    \u001b[33mtype\u001b[39m=\u001b[32m\"text\"\u001b[39m\n    \u001b[33mvalue\u001b[39m=\u001b[32m\"\"\u001b[39m\n  \u001b[36m/>\u001b[39m\n\n  --------------------------------------------------\n  spinbutton:\n\n  Name \"Ad Spend ($)\":\n  \u001b[36m<input\u001b[39m\n    \u001b[33mclass\u001b[39m=\u001b[32m\"flex h-10 w-full rounded-md border border-input bg-background px-3 py-2 text-sm ring-offset-background file:border-0 file:bg-transparent file:text-sm file:font-medium placeholder:text-muted-foreground focus-visible:outline-none focus-visible:ring-2 focus-visible:ring-ring focus-visible:ring-offset-2 disabled:cursor-not-allowed disabled:opacity-50\"\u001b[39m\n    \u001b[33mid\u001b[39m=\u001b[32m\"adSpend\"\u001b[39m\n    \u001b[33mname\u001b[39m=\u001b[32m\"adSpend\"\u001b[39m\n    \u001b[33mplaceholder\u001b[39m=\u001b[32m\"Enter ad spend\"\u001b[39m\n    \u001b[33mtype\u001b[39m=\u001b[32m\"number\"\u001b[39m\n    \u001b[33mvalue\u001b[39m=\u001b[32m\"\"\u001b[39m\n  \u001b[36m/>\u001b[39m\n\n  Name \"Sales Amount\":\n  \u001b[36m<input\u001b[39m\n    \u001b[33mclass\u001b[39m=\u001b[32m\"flex h-10 w-full rounded-md border border-input bg-background px-3 py-2 text-sm ring-offset-background file:border-0 file:bg-transparent file:text-sm file:font-medium placeholder:text-muted-foreground focus-visible:outline-none focus-visible:ring-2 focus-visible:ring-ring focus-visible:ring-offset-2 disabled:cursor-not-allowed disabled:opacity-50\"\u001b[39m\n    \u001b[33mid\u001b[39m=\u001b[32m\"sales\"\u001b[39m\n    \u001b[33mname\u001b[39m=\u001b[32m\"sales\"\u001b[39m\n    \u001b[33mplaceholder\u001b[39m=\u001b[32m\"Enter sales amount\"\u001b[39m\n    \u001b[33mtype\u001b[39m=\u001b[32m\"number\"\u001b[39m\n    \u001b[33mvalue\u001b[39m=\u001b[32m\"\"\u001b[39m\n  \u001b[36m/>\u001b[39m\n\n  --------------------------------------------------\n  button:\n\n  Name \"Calculate\":\n  \u001b[36m<button\u001b[39m\n    \u001b[33mclass\u001b[39m=\u001b[32m\"inline-flex items-center justify-center rounded-md text-sm font-medium ring-offset-background transition-colors focus-visible:outline-none focus-visible:ring-2 focus-visible:ring-ring focus-visible:ring-offset-2 disabled:pointer-events-none disabled:opacity-50 bg-primary text-primary-foreground hover:bg-primary/90 h-10 px-4 py-2\"\u001b[39m\n    \u001b[33mdisabled\u001b[39m=\u001b[32m\"\"\u001b[39m\n  \u001b[36m/>\u001b[39m\n\n  Name \"ACoS (%)\":\n  \u001b[36m<button\u001b[39m\n    \u001b[33mclass\u001b[39m=\u001b[32m\"inline-flex items-center justify-center text-sm font-medium ring-offset-background transition-colors focus-visible:outline-none focus-visible:ring-2 focus-visible:ring-ring focus-visible:ring-offset-2 disabled:pointer-events-none disabled:opacity-50 bg-primary text-primary-foreground hover:bg-primary/90 h-9 rounded-md px-3\"\u001b[39m\n  \u001b[36m/>\u001b[39m\n\n  Name \"ROAS (x)\":\n  \u001b[36m<button\u001b[39m\n    \u001b[33mclass\u001b[39m=\u001b[32m\"inline-flex items-center justify-center text-sm font-medium ring-offset-background transition-colors focus-visible:outline-none focus-visible:ring-2 focus-visible:ring-ring focus-visible:ring-offset-2 disabled:pointer-events-none disabled:opacity-50 border border-input bg-background hover:bg-accent hover:text-accent-foreground h-9 rounded-md px-3\"\u001b[39m\n  \u001b[36m/>\u001b[39m\n\n  Name \"CTR (%)\":\n  \u001b[36m<button\u001b[39m\n    \u001b[33mclass\u001b[39m=\u001b[32m\"inline-flex items-center justify-center text-sm font-medium ring-offset-background transition-colors focus-visible:outline-none focus-visible:ring-2 focus-visible:ring-ring focus-visible:ring-offset-2 disabled:pointer-events-none disabled:opacity-50 border border-input bg-background hover:bg-accent hover:text-accent-foreground h-9 rounded-md px-3\"\u001b[39m\n  \u001b[36m/>\u001b[39m\n\n  Name \"CPC ($)\":\n  \u001b[36m<button\u001b[39m\n    \u001b[33mclass\u001b[39m=\u001b[32m\"inline-flex items-center justify-center text-sm font-medium ring-offset-background transition-colors focus-visible:outline-none focus-visible:ring-2 focus-visible:ring-ring focus-visible:ring-offset-2 disabled:pointer-events-none disabled:opacity-50 border border-input bg-background hover:bg-accent hover:text-accent-foreground h-9 rounded-md px-3\"\u001b[39m\n  \u001b[36m/>\u001b[39m\n\n  Name \"RPC Rate (%)\":\n  \u001b[36m<button\u001b[39m\n    \u001b[33mclass\u001b[39m=\u001b[32m\"inline-flex items-center justify-center text-sm font-medium ring-offset-background transition-colors focus-visible:outline-none focus-visible:ring-2 focus-visible:ring-ring focus-visible:ring-offset-2 disabled:pointer-events-none disabled:opacity-50 border border-input bg-background hover:bg-accent hover:text-accent-foreground h-9 rounded-md px-3\"\u001b[39m\n  \u001b[36m/>\u001b[39m\n\n  Name \"Export Data\":\n  \u001b[36m<button\u001b[39m\n    \u001b[33mclass\u001b[39m=\u001b[32m\"inline-flex items-center justify-center rounded-md text-sm font-medium ring-offset-background transition-colors focus-visible:outline-none focus-visible:ring-2 focus-visible:ring-ring focus-visible:ring-offset-2 disabled:pointer-events-none disabled:opacity-50 bg-primary text-primary-foreground hover:bg-primary/90 h-10 px-4 py-2\"\u001b[39m\n    \u001b[33mdisabled\u001b[39m=\u001b[32m\"\"\u001b[39m\n  \u001b[36m/>\u001b[39m\n\n  Name \"Clear Data\":\n  \u001b[36m<button\u001b[39m\n    \u001b[33mclass\u001b[39m=\u001b[32m\"inline-flex items-center justify-center rounded-md text-sm font-medium ring-offset-background transition-colors focus-visible:outline-none focus-visible:ring-2 focus-visible:ring-ring focus-visible:ring-offset-2 disabled:pointer-events-none disabled:opacity-50 bg-destructive text-destructive-foreground hover:bg-destructive/90 h-10 px-4 py-2\"\u001b[39m\n    \u001b[33mdisabled\u001b[39m=\u001b[32m\"\"\u001b[39m\n  \u001b[36m/>\u001b[39m\n\n  --------------------------------------------------\n\nIgnored nodes: comments, script, style\n\u001b[36m<body>\u001b[39m\n  \u001b[36m<div>\u001b[39m\n    \u001b[36m<div\u001b[39m\n      \u001b[33mclass\u001b[39m=\u001b[32m\"space-y-6\"\u001b[39m\n    \u001b[36m>\u001b[39m\n      \u001b[36m<div\u001b[39m\n        \u001b[33mclass\u001b[39m=\u001b[32m\"bg-blue-50 dark:bg-blue-900/20 p-4 rounded-lg flex items-start gap-3\"\u001b[39m\n      \u001b[36m>\u001b[39m\n        \u001b[36m<svg\u001b[39m\n          \u001b[33mclass\u001b[39m=\u001b[32m\"lucide lucide-info h-5 w-5 text-blue-500 mt-0.5 flex-shrink-0\"\u001b[39m\n          \u001b[33mfill\u001b[39m=\u001b[32m\"none\"\u001b[39m\n          \u001b[33mheight\u001b[39m=\u001b[32m\"24\"\u001b[39m\n          \u001b[33mstroke\u001b[39m=\u001b[32m\"currentColor\"\u001b[39m\n          \u001b[33mstroke-linecap\u001b[39m=\u001b[32m\"round\"\u001b[39m\n          \u001b[33mstroke-linejoin\u001b[39m=\u001b[32m\"round\"\u001b[39m\n          \u001b[33mstroke-width\u001b[39m=\u001b[32m\"2\"\u001b[39m\n          \u001b[33mviewBox\u001b[39m=\u001b[32m\"0 0 24 24\"\u001b[39m\n          \u001b[33mwidth\u001b[39m=\u001b[32m\"24\"\u001b[39m\n          \u001b[33mxmlns\u001b[39m=\u001b[32m\"http://www.w3.org/2000/svg\"\u001b[39m\n        \u001b[36m>\u001b[39m\n          \u001b[36m<circle\u001b[39m\n            \u001b[33mcx\u001b[39m=\u001b[32m\"12\"\u001b[39m\n            \u001b[33mcy\u001b[39m=\u001b[32m\"12\"\u001b[39m\n            \u001b[33mr\u001b[39m=\u001b[32m\"10\"\u001b[39m\n          \u001b[36m/>\u001b[39m\n          \u001b[36m<path\u001b[39m\n            \u001b[33md\u001b[39m=\u001b[32m\"M12 16v-4\"\u001b[39m\n          \u001b[36m/>\u001b[39m\n          \u001b[36m<path\u001b[39m\n            \u001b[33md\u001b[39m=\u001b[32m\"M12 8h.01\"\u001b[39m\n          \u001b[36m/>\u001b[39m\n        \u001b[36m</svg>\u001b[39m\n        \u001b[36m<div\u001b[39m\n          \u001b[33mclass\u001b[39m=\u001b[32m\"text-sm text-blue-700 dark:text-blue-300\"\u001b[39m\n        \u001b[36m>\u001b[39m\n          \u001b[36m<p\u001b[39m\n            \u001b[33mclass\u001b[39m=\u001b[32m\"font-medium\"\u001b[39m\n          \u001b[36m>\u001b[39m\n            \u001b[0mHow it Works:\u001b[0m\n          \u001b[36m</p>\u001b[39m\n          \u001b[36m<ul\u001b[39m\n            \u001b[33mclass\u001b[39m=\u001b[32m\"list-disc list-inside ml-4\"\u001b[39m\n          \u001b[36m>\u001b[39m\n            \u001b[36m<li>\u001b[39m\n              \u001b[0mUpload a CSV with columns: \u001b[0m\n              \u001b[36m<code>\u001b[39m\n                \u001b[0mcampaign\u001b[0m\n              \u001b[36m</code>\u001b[39m\n              \u001b[0m, \u001b[0m\n              \u001b[36m<code>\u001b[39m\n                \u001b[0madSpend\u001b[0m\n              \u001b[36m</code>\u001b[39m\n              \u001b[0m, \u001b[0m\n              \u001b[36m<code>\u001b[39m\n                \u001b[0msales\u001b[0m\n              \u001b[36m</code>\u001b[39m\n              \u001b[0m. Optional: \u001b[0m\n              \u001b[36m<code>\u001b[39m\n                \u001b[0mimpressions\u001b[0m\n              \u001b[36m</code>\u001b[39m\n              \u001b[0m, \u001b[0m\n              \u001b[36m<code>\u001b[39m\n                \u001b[0mclicks\u001b[0m\n              \u001b[36m</code>\u001b[39m\n              \u001b[0m.\u001b[0m\n            \u001b[36m</li>\u001b[39m\n            \u001b[36m<li>\u001b[39m\n              \u001b[0mOr, manually enter data for a single campaign.\u001b[0m\n            \u001b[36m</li>\u001b[39m\n            \u001b[36m<li>\u001b[39m\n              \u001b[0mThe tool calculates ACoS (Advertising Cost of Sales), ROAS (Return on Ad Spend), and other PPC metrics if data is available.\u001b[0m\n            \u001b[36m</li>\u001b[39m\n            \u001b[36m<li>\u001b[39m\n              \u001b[0mVisualize the distribution of a selected metric.\u001b[0m\n            \u001b[36m</li>\u001b[39m\n            \u001b[36m<li>\u001b[39m\n              \u001b[0mExport the results to a new CSV file.\u001b[0m\n            \u001b[36m</li>\u001b[39m\n          \u001b[36m</ul>\u001b[39m\n        \u001b[36m</div>\u001b[39m\n      \u001b[36m</div>\u001b[39m\n      \u001b[36m<div\u001b[39m\n        \u001b[33mclass\u001b[39m=\u001b[32m\"grid grid-cols-1 md:grid-cols-2 gap-6\"\u001b[39m\n      \u001b[36m>\u001b[39m\n        \u001b[36m<div\u001b[39m\n          \u001b[33mclass\u001b[39m=\u001b[32m\"rounded-lg border bg-card text-card-foreground shadow-sm\"\u001b[39m\n        \u001b[36m>\u001b[39m\n          \u001b[36m<div\u001b[39m\n            \u001b[33mclass\u001b[39m=\u001b[32m\"flex flex-col space-y-1.5 p-6\"\u001b[39m\n          \u001b[36m>\u001b[39m\n            \u001b[36m<h3\u001b[39m\n              \u001b[33mclass\u001b[39m=\u001b[32m\"text-lg font-semibold leading-none tracking-tight\"\u001b[39m\n            \u001b[36m>\u001b[39m\n              \u001b[0mUpload Campaign Data\u001b[0m\n            \u001b[36m</h3>\u001b[39m\n          \u001b[36m</div>\u001b[39m\n          \u001b[36m<div\u001b[39m\n            \u001b[33mclass\u001b[39m=\u001b[32m\"p-6 pt-0\"\u001b[39m\n          \u001b[36m>\u001b[39m\n            \u001b[36m<div\u001b[39m\n              \u001b[33mclass\u001b[39m=\u001b[32m\"relative flex w-full cursor-pointer flex-col items-center justify-center rounded-lg border-2 border-dashed border-primary/40 bg-background p-6 text-center transition-colors hover:bg-primary/5 \"\u001b[39m\n              \u001b[33mrole\u001b[39m=\u001b[32m\"presentation\"\u001b[39m\n              \u001b[33mtabindex\u001b[39m=\u001b[32m\"0\"\u001b[39m\n            \u001b[36m>\u001b[39m\n              \u001b[36m<input\u001b[39m\n                \u001b[33maccept\u001b[39m=\u001b[32m\"text/csv,.csv\"\u001b[39m\n                \u001b[33mdata-testid\u001b[39m=\u001b[32m\"csv-upload-input\"\u001b[39m\n                \u001b[33mstyle\u001b[39m=\u001b[32m\"border: 0px; clip: rect(0px, 0px, 0px, 0px); clip-path: inset(50%); height: 1px; margin: 0px -1px -1px 0px; overflow: hidden; padding: 0px; position: absolute; width: 1px; white-space: nowrap;\"\u001b[39m\n                \u001b[33mtabindex\u001b[39m=\u001b[32m\"-1\"\u001b[39m\n                \u001b[33mtype\u001b[39m=\u001b[32m\"file\"\u001b[39m\n              \u001b[36m/>\u001b[39m\n              \u001b[36m<svg\u001b[39m\n                \u001b[33mclass\u001b[39m=\u001b[32m\"lucide lucide-upload mb-2 h-8 w-8 text-primary/60\"\u001b[39m\n                \u001b[33mfill\u001b[39m=\u001b[32m\"none\"\u001b[39m\n                \u001b[33mheight\u001b[39m=\u001b[32m\"24\"\u001b[39m\n                \u001b[33mstroke\u001b[39m=\u001b[32m\"currentColor\"\u001b[39m\n                \u001b[33mstroke-linecap\u001b[39m=\u001b[32m\"round\"\u001b[39m\n                \u001b[33mstroke-linejoin\u001b[39m=\u001b[32m\"round\"\u001b[39m\n                \u001b[33mstroke-width\u001b[39m=\u001b[32m\"2\"\u001b[39m\n                \u001b[33mviewBox\u001b[39m=\u001b[32m\"0 0 24 24\"\u001b[39m\n                \u001b[33mwidth\u001b[39m=\u001b[32m\"24\"\u001b[39m\n                \u001b[33mxmlns\u001b[39m=\u001b[32m\"http://www.w3.org/2000/svg\"\u001b[39m\n              \u001b[36m>\u001b[39m\n                \u001b[36m<path\u001b[39m\n                  \u001b[33md\u001b[39m=\u001b[32m\"M21 15v4a2 2 0 0 1-2 2H5a2 2 0 0 1-2-2v-4\"\u001b[39m\n                \u001b[36m/>\u001b[39m\n                \u001b[36m<polyline\u001b[39m\n                  \u001b[33mpoints\u001b[39m=\u001b[32m\"17 8 12 3 7 8\"\u001b[39m\n                \u001b[36m/>\u001b[39m\n                \u001b[36m<line\u001b[39m\n                  \u001b[33mx1\u001b[39m=\u001b[32m\"12\"\u001b[39m\n                  \u001b[33mx2\u001b[39m=\u001b[32m\"12\"\u001b[39m\n                  \u001b[33my1\u001b[39m=\u001b[32m\"3\"\u001b[39m\n                  \u001b[33my2\u001b[39m=\u001b[32m\"15\"\u001b[39m\n                \u001b[36m/>\u001b[39m\n              \u001b[36m</svg>\u001b[39m\n              \u001b[36m<span\u001b[39m\n                \u001b[33mclass\u001b[39m=\u001b[32m\"text-sm font-medium\"\u001b[39m\n              \u001b[36m>\u001b[39m\n                \u001b[0mClick or drag CSV file here\u001b[0m\n              \u001b[36m</span>\u001b[39m\n              \u001b[36m<span\u001b[39m\n                \u001b[33mclass\u001b[39m=\u001b[32m\"text-xs text-muted-foreground mt-1\"\u001b[39m\n              \u001b[36m>\u001b[39m\n                \u001b[0m(Requires: campaign, adSpend, sales)\u001b[0m\n              \u001b[36m</span>\u001b[39m\n            \u001b[36m</div>\u001b[39m\n          \u001b[36m</div>\u001b[39m\n        \u001b[36m</div>\u001b[39m\n        \u001b[36m<div\u001b[39m\n          \u001b[33mclass\u001b[39m=\u001b[32m\"rounded-lg border bg-card text-card-foreground shadow-sm\"\u001b[39m\n        \u001b[36m>\u001b[39m\n          \u001b[36m<div\u001b[39m\n            \u001b[33mclass\u001b[39m=\u001b[32m\"flex flex-col space-y-1.5 p-6\"\u001b[39m\n          \u001b[36m>\u001b[39m\n            \u001b[36m<h3\u001b[39m\n              \u001b[33mclass\u001b[39m=\u001b[32m\"text-lg font-semibold leading-none tracking-tight\"\u001b[39m\n            \u001b[36m>\u001b[39m\n              \u001b[0mManually Enter Campaign Data\u001b[0m\n            \u001b[36m</h3>\u001b[39m\n          \u001b[36m</div>\u001b[39m\n          \u001b[36m<div\u001b[39m\n            \u001b[33mclass\u001b[39m=\u001b[32m\"p-6 pt-0 space-y-4\"\u001b[39m\n          \u001b[36m>\u001b[39m\n            \u001b[36m<div>\u001b[39m\n              \u001b[36m<label\u001b[39m\n                \u001b[33mclass\u001b[39m=\u001b[...\n    at Object.getElementError (C:\\Users\\johnw\\OneDrive\\Desktop\\portfolio\\node_modules\\@testing-library\\react\\node_modules\\@testing-library\\dom\\dist\\config.js:37:19)\n    at getElementError (C:\\Users\\johnw\\OneDrive\\Desktop\\portfolio\\node_modules\\@testing-library\\react\\node_modules\\@testing-library\\dom\\dist\\query-helpers.js:76:38)\n    at apply (C:\\Users\\johnw\\OneDrive\\Desktop\\portfolio\\node_modules\\@testing-library\\react\\node_modules\\@testing-library\\dom\\dist\\query-helpers.js:52:25)\n    at apply (C:\\Users\\johnw\\OneDrive\\Desktop\\portfolio\\node_modules\\@testing-library\\react\\node_modules\\@testing-library\\dom\\dist\\query-helpers.js:95:24)\n    at getByRole (C:\\Users\\johnw\\OneDrive\\Desktop\\portfolio\\src\\__tests__\\components\\amazon-seller-tools\\acos-calculator.test.tsx:62:33)\n    at call (C:\\Users\\johnw\\OneDrive\\Desktop\\portfolio\\node_modules\\@babel\\runtime\\helpers\\regeneratorRuntime.js:75:16)\n    at Generator.s (C:\\Users\\johnw\\OneDrive\\Desktop\\portfolio\\node_modules\\@babel\\runtime\\helpers\\regeneratorRuntime.js:58:19)\n    at Generator._invoke [as next] (C:\\Users\\johnw\\OneDrive\\Desktop\\portfolio\\node_modules\\@babel\\runtime\\helpers\\regeneratorRuntime.js:100:21)\n    at asyncGeneratorStep (C:\\Users\\johnw\\OneDrive\\Desktop\\portfolio\\node_modules\\@babel\\runtime\\helpers\\asyncToGenerator.js:3:17)\n    at asyncGeneratorStep (C:\\Users\\johnw\\OneDrive\\Desktop\\portfolio\\node_modules\\@babel\\runtime\\helpers\\asyncToGenerator.js:17:9)\n    at _next (C:\\Users\\johnw\\OneDrive\\Desktop\\portfolio\\node_modules\\@babel\\runtime\\helpers\\asyncToGenerator.js:22:7)\n    at new Promise (<anonymous>)\n    at Object.<anonymous> (C:\\Users\\johnw\\OneDrive\\Desktop\\portfolio\\node_modules\\@babel\\runtime\\helpers\\asyncToGenerator.js:14:12)\n    at Promise.then.completed (C:\\Users\\johnw\\OneDrive\\Desktop\\portfolio\\node_modules\\jest-circus\\build\\utils.js:298:28)\n    at new Promise (<anonymous>)\n    at callAsyncCircusFn (C:\\Users\\johnw\\OneDrive\\Desktop\\portfolio\\node_modules\\jest-circus\\build\\utils.js:231:10)\n    at _callCircusTest (C:\\Users\\johnw\\OneDrive\\Desktop\\portfolio\\node_modules\\jest-circus\\build\\run.js:316:40)\n    at processTicksAndRejections (node:internal/process/task_queues:105:5)\n    at _runTest (C:\\Users\\johnw\\OneDrive\\Desktop\\portfolio\\node_modules\\jest-circus\\build\\run.js:252:3)\n    at _runTestsForDescribeBlock (C:\\Users\\johnw\\OneDrive\\Desktop\\portfolio\\node_modules\\jest-circus\\build\\run.js:126:9)\n    at _runTestsForDescribeBlock (C:\\Users\\johnw\\OneDrive\\Desktop\\portfolio\\node_modules\\jest-circus\\build\\run.js:121:9)\n    at run (C:\\Users\\johnw\\OneDrive\\Desktop\\portfolio\\node_modules\\jest-circus\\build\\run.js:71:3)\n    at runAndTransformResultsToJestFormat (C:\\Users\\johnw\\OneDrive\\Desktop\\portfolio\\node_modules\\jest-circus\\build\\legacy-code-todo-rewrite\\jestAdapterInit.js:122:21)"],"fullName":"AcosCalculator Component calculates ACoS correctly with zero ad spend","invocations":1,"location":null,"numPassingAsserts":0,"retryReasons":[],"status":"failed","title":"calculates ACoS correctly with zero ad spend"},{"ancestorTitles":["AcosCalculator Component"],"duration":595,"failureDetails":[{"name":"TestingLibraryElementError"}],"failureMessages":["TestingLibraryElementError: Unable to find an accessible element with the role \"textbox\" and name `/Ad Spend \\(\\$\\)\\*/i`\n\nHere are the accessible roles:\n\n  list:\n\n  Name \"\":\n  \u001b[36m<ul\u001b[39m\n    \u001b[33mclass\u001b[39m=\u001b[32m\"list-disc list-inside ml-4\"\u001b[39m\n  \u001b[36m/>\u001b[39m\n\n  --------------------------------------------------\n  listitem:\n\n  Name \"\":\n  \u001b[36m<li />\u001b[39m\n\n  Name \"\":\n  \u001b[36m<li />\u001b[39m\n\n  Name \"\":\n  \u001b[36m<li />\u001b[39m\n\n  Name \"\":\n  \u001b[36m<li />\u001b[39m\n\n  Name \"\":\n  \u001b[36m<li />\u001b[39m\n\n  --------------------------------------------------\n  heading:\n\n  Name \"Upload Campaign Data\":\n  \u001b[36m<h3\u001b[39m\n    \u001b[33mclass\u001b[39m=\u001b[32m\"text-lg font-semibold leading-none tracking-tight\"\u001b[39m\n  \u001b[36m/>\u001b[39m\n\n  Name \"Manually Enter Campaign Data\":\n  \u001b[36m<h3\u001b[39m\n    \u001b[33mclass\u001b[39m=\u001b[32m\"text-lg font-semibold leading-none tracking-tight\"\u001b[39m\n  \u001b[36m/>\u001b[39m\n\n  Name \"Campaign Performance\":\n  \u001b[36m<h3\u001b[39m\n    \u001b[33mclass\u001b[39m=\u001b[32m\"text-lg font-semibold leading-none tracking-tight\"\u001b[39m\n  \u001b[36m/>\u001b[39m\n\n  --------------------------------------------------\n  presentation:\n\n  Name \"\":\n  \u001b[36m<div\u001b[39m\n    \u001b[33mclass\u001b[39m=\u001b[32m\"relative flex w-full cursor-pointer flex-col items-center justify-center rounded-lg border-2 border-dashed border-primary/40 bg-background p-6 text-center transition-colors hover:bg-primary/5 \"\u001b[39m\n    \u001b[33mrole\u001b[39m=\u001b[32m\"presentation\"\u001b[39m\n    \u001b[33mtabindex\u001b[39m=\u001b[32m\"0\"\u001b[39m\n  \u001b[36m/>\u001b[39m\n\n  --------------------------------------------------\n  textbox:\n\n  Name \"Campaign Name\":\n  \u001b[36m<input\u001b[39m\n    \u001b[33mclass\u001b[39m=\u001b[32m\"flex h-10 w-full rounded-md border border-input bg-background px-3 py-2 text-sm ring-offset-background file:border-0 file:bg-transparent file:text-sm file:font-medium placeholder:text-muted-foreground focus-visible:outline-none focus-visible:ring-2 focus-visible:ring-ring focus-visible:ring-offset-2 disabled:cursor-not-allowed disabled:opacity-50\"\u001b[39m\n    \u001b[33mid\u001b[39m=\u001b[32m\"campaign\"\u001b[39m\n    \u001b[33mname\u001b[39m=\u001b[32m\"campaign\"\u001b[39m\n    \u001b[33mplaceholder\u001b[39m=\u001b[32m\"Enter campaign name\"\u001b[39m\n    \u001b[33mtype\u001b[39m=\u001b[32m\"text\"\u001b[39m\n    \u001b[33mvalue\u001b[39m=\u001b[32m\"\"\u001b[39m\n  \u001b[36m/>\u001b[39m\n\n  --------------------------------------------------\n  spinbutton:\n\n  Name \"Ad Spend ($)\":\n  \u001b[36m<input\u001b[39m\n    \u001b[33mclass\u001b[39m=\u001b[32m\"flex h-10 w-full rounded-md border border-input bg-background px-3 py-2 text-sm ring-offset-background file:border-0 file:bg-transparent file:text-sm file:font-medium placeholder:text-muted-foreground focus-visible:outline-none focus-visible:ring-2 focus-visible:ring-ring focus-visible:ring-offset-2 disabled:cursor-not-allowed disabled:opacity-50\"\u001b[39m\n    \u001b[33mid\u001b[39m=\u001b[32m\"adSpend\"\u001b[39m\n    \u001b[33mname\u001b[39m=\u001b[32m\"adSpend\"\u001b[39m\n    \u001b[33mplaceholder\u001b[39m=\u001b[32m\"Enter ad spend\"\u001b[39m\n    \u001b[33mtype\u001b[39m=\u001b[32m\"number\"\u001b[39m\n    \u001b[33mvalue\u001b[39m=\u001b[32m\"\"\u001b[39m\n  \u001b[36m/>\u001b[39m\n\n  Name \"Sales Amount\":\n  \u001b[36m<input\u001b[39m\n    \u001b[33mclass\u001b[39m=\u001b[32m\"flex h-10 w-full rounded-md border border-input bg-background px-3 py-2 text-sm ring-offset-background file:border-0 file:bg-transparent file:text-sm file:font-medium placeholder:text-muted-foreground focus-visible:outline-none focus-visible:ring-2 focus-visible:ring-ring focus-visible:ring-offset-2 disabled:cursor-not-allowed disabled:opacity-50\"\u001b[39m\n    \u001b[33mid\u001b[39m=\u001b[32m\"sales\"\u001b[39m\n    \u001b[33mname\u001b[39m=\u001b[32m\"sales\"\u001b[39m\n    \u001b[33mplaceholder\u001b[39m=\u001b[32m\"Enter sales amount\"\u001b[39m\n    \u001b[33mtype\u001b[39m=\u001b[32m\"number\"\u001b[39m\n    \u001b[33mvalue\u001b[39m=\u001b[32m\"\"\u001b[39m\n  \u001b[36m/>\u001b[39m\n\n  --------------------------------------------------\n  button:\n\n  Name \"Calculate\":\n  \u001b[36m<button\u001b[39m\n    \u001b[33mclass\u001b[39m=\u001b[32m\"inline-flex items-center justify-center rounded-md text-sm font-medium ring-offset-background transition-colors focus-visible:outline-none focus-visible:ring-2 focus-visible:ring-ring focus-visible:ring-offset-2 disabled:pointer-events-none disabled:opacity-50 bg-primary text-primary-foreground hover:bg-primary/90 h-10 px-4 py-2\"\u001b[39m\n    \u001b[33mdisabled\u001b[39m=\u001b[32m\"\"\u001b[39m\n  \u001b[36m/>\u001b[39m\n\n  Name \"ACoS (%)\":\n  \u001b[36m<button\u001b[39m\n    \u001b[33mclass\u001b[39m=\u001b[32m\"inline-flex items-center justify-center text-sm font-medium ring-offset-background transition-colors focus-visible:outline-none focus-visible:ring-2 focus-visible:ring-ring focus-visible:ring-offset-2 disabled:pointer-events-none disabled:opacity-50 bg-primary text-primary-foreground hover:bg-primary/90 h-9 rounded-md px-3\"\u001b[39m\n  \u001b[36m/>\u001b[39m\n\n  Name \"ROAS (x)\":\n  \u001b[36m<button\u001b[39m\n    \u001b[33mclass\u001b[39m=\u001b[32m\"inline-flex items-center justify-center text-sm font-medium ring-offset-background transition-colors focus-visible:outline-none focus-visible:ring-2 focus-visible:ring-ring focus-visible:ring-offset-2 disabled:pointer-events-none disabled:opacity-50 border border-input bg-background hover:bg-accent hover:text-accent-foreground h-9 rounded-md px-3\"\u001b[39m\n  \u001b[36m/>\u001b[39m\n\n  Name \"CTR (%)\":\n  \u001b[36m<button\u001b[39m\n    \u001b[33mclass\u001b[39m=\u001b[32m\"inline-flex items-center justify-center text-sm font-medium ring-offset-background transition-colors focus-visible:outline-none focus-visible:ring-2 focus-visible:ring-ring focus-visible:ring-offset-2 disabled:pointer-events-none disabled:opacity-50 border border-input bg-background hover:bg-accent hover:text-accent-foreground h-9 rounded-md px-3\"\u001b[39m\n  \u001b[36m/>\u001b[39m\n\n  Name \"CPC ($)\":\n  \u001b[36m<button\u001b[39m\n    \u001b[33mclass\u001b[39m=\u001b[32m\"inline-flex items-center justify-center text-sm font-medium ring-offset-background transition-colors focus-visible:outline-none focus-visible:ring-2 focus-visible:ring-ring focus-visible:ring-offset-2 disabled:pointer-events-none disabled:opacity-50 border border-input bg-background hover:bg-accent hover:text-accent-foreground h-9 rounded-md px-3\"\u001b[39m\n  \u001b[36m/>\u001b[39m\n\n  Name \"RPC Rate (%)\":\n  \u001b[36m<button\u001b[39m\n    \u001b[33mclass\u001b[39m=\u001b[32m\"inline-flex items-center justify-center text-sm font-medium ring-offset-background transition-colors focus-visible:outline-none focus-visible:ring-2 focus-visible:ring-ring focus-visible:ring-offset-2 disabled:pointer-events-none disabled:opacity-50 border border-input bg-background hover:bg-accent hover:text-accent-foreground h-9 rounded-md px-3\"\u001b[39m\n  \u001b[36m/>\u001b[39m\n\n  Name \"Export Data\":\n  \u001b[36m<button\u001b[39m\n    \u001b[33mclass\u001b[39m=\u001b[32m\"inline-flex items-center justify-center rounded-md text-sm font-medium ring-offset-background transition-colors focus-visible:outline-none focus-visible:ring-2 focus-visible:ring-ring focus-visible:ring-offset-2 disabled:pointer-events-none disabled:opacity-50 bg-primary text-primary-foreground hover:bg-primary/90 h-10 px-4 py-2\"\u001b[39m\n    \u001b[33mdisabled\u001b[39m=\u001b[32m\"\"\u001b[39m\n  \u001b[36m/>\u001b[39m\n\n  Name \"Clear Data\":\n  \u001b[36m<button\u001b[39m\n    \u001b[33mclass\u001b[39m=\u001b[32m\"inline-flex items-center justify-center rounded-md text-sm font-medium ring-offset-background transition-colors focus-visible:outline-none focus-visible:ring-2 focus-visible:ring-ring focus-visible:ring-offset-2 disabled:pointer-events-none disabled:opacity-50 bg-destructive text-destructive-foreground hover:bg-destructive/90 h-10 px-4 py-2\"\u001b[39m\n    \u001b[33mdisabled\u001b[39m=\u001b[32m\"\"\u001b[39m\n  \u001b[36m/>\u001b[39m\n\n  --------------------------------------------------\n\nIgnored nodes: comments, script, style\n\u001b[36m<body>\u001b[39m\n  \u001b[36m<div>\u001b[39m\n    \u001b[36m<div\u001b[39m\n      \u001b[33mclass\u001b[39m=\u001b[32m\"space-y-6\"\u001b[39m\n    \u001b[36m>\u001b[39m\n      \u001b[36m<div\u001b[39m\n        \u001b[33mclass\u001b[39m=\u001b[32m\"bg-blue-50 dark:bg-blue-900/20 p-4 rounded-lg flex items-start gap-3\"\u001b[39m\n      \u001b[36m>\u001b[39m\n        \u001b[36m<svg\u001b[39m\n          \u001b[33mclass\u001b[39m=\u001b[32m\"lucide lucide-info h-5 w-5 text-blue-500 mt-0.5 flex-shrink-0\"\u001b[39m\n          \u001b[33mfill\u001b[39m=\u001b[32m\"none\"\u001b[39m\n          \u001b[33mheight\u001b[39m=\u001b[32m\"24\"\u001b[39m\n          \u001b[33mstroke\u001b[39m=\u001b[32m\"currentColor\"\u001b[39m\n          \u001b[33mstroke-linecap\u001b[39m=\u001b[32m\"round\"\u001b[39m\n          \u001b[33mstroke-linejoin\u001b[39m=\u001b[32m\"round\"\u001b[39m\n          \u001b[33mstroke-width\u001b[39m=\u001b[32m\"2\"\u001b[39m\n          \u001b[33mviewBox\u001b[39m=\u001b[32m\"0 0 24 24\"\u001b[39m\n          \u001b[33mwidth\u001b[39m=\u001b[32m\"24\"\u001b[39m\n          \u001b[33mxmlns\u001b[39m=\u001b[32m\"http://www.w3.org/2000/svg\"\u001b[39m\n        \u001b[36m>\u001b[39m\n          \u001b[36m<circle\u001b[39m\n            \u001b[33mcx\u001b[39m=\u001b[32m\"12\"\u001b[39m\n            \u001b[33mcy\u001b[39m=\u001b[32m\"12\"\u001b[39m\n            \u001b[33mr\u001b[39m=\u001b[32m\"10\"\u001b[39m\n          \u001b[36m/>\u001b[39m\n          \u001b[36m<path\u001b[39m\n            \u001b[33md\u001b[39m=\u001b[32m\"M12 16v-4\"\u001b[39m\n          \u001b[36m/>\u001b[39m\n          \u001b[36m<path\u001b[39m\n            \u001b[33md\u001b[39m=\u001b[32m\"M12 8h.01\"\u001b[39m\n          \u001b[36m/>\u001b[39m\n        \u001b[36m</svg>\u001b[39m\n        \u001b[36m<div\u001b[39m\n          \u001b[33mclass\u001b[39m=\u001b[32m\"text-sm text-blue-700 dark:text-blue-300\"\u001b[39m\n        \u001b[36m>\u001b[39m\n          \u001b[36m<p\u001b[39m\n            \u001b[33mclass\u001b[39m=\u001b[32m\"font-medium\"\u001b[39m\n          \u001b[36m>\u001b[39m\n            \u001b[0mHow it Works:\u001b[0m\n          \u001b[36m</p>\u001b[39m\n          \u001b[36m<ul\u001b[39m\n            \u001b[33mclass\u001b[39m=\u001b[32m\"list-disc list-inside ml-4\"\u001b[39m\n          \u001b[36m>\u001b[39m\n            \u001b[36m<li>\u001b[39m\n              \u001b[0mUpload a CSV with columns: \u001b[0m\n              \u001b[36m<code>\u001b[39m\n                \u001b[0mcampaign\u001b[0m\n              \u001b[36m</code>\u001b[39m\n              \u001b[0m, \u001b[0m\n              \u001b[36m<code>\u001b[39m\n                \u001b[0madSpend\u001b[0m\n              \u001b[36m</code>\u001b[39m\n              \u001b[0m, \u001b[0m\n              \u001b[36m<code>\u001b[39m\n                \u001b[0msales\u001b[0m\n              \u001b[36m</code>\u001b[39m\n              \u001b[0m. Optional: \u001b[0m\n              \u001b[36m<code>\u001b[39m\n                \u001b[0mimpressions\u001b[0m\n              \u001b[36m</code>\u001b[39m\n              \u001b[0m, \u001b[0m\n              \u001b[36m<code>\u001b[39m\n                \u001b[0mclicks\u001b[0m\n              \u001b[36m</code>\u001b[39m\n              \u001b[0m.\u001b[0m\n            \u001b[36m</li>\u001b[39m\n            \u001b[36m<li>\u001b[39m\n              \u001b[0mOr, manually enter data for a single campaign.\u001b[0m\n            \u001b[36m</li>\u001b[39m\n            \u001b[36m<li>\u001b[39m\n              \u001b[0mThe tool calculates ACoS (Advertising Cost of Sales), ROAS (Return on Ad Spend), and other PPC metrics if data is available.\u001b[0m\n            \u001b[36m</li>\u001b[39m\n            \u001b[36m<li>\u001b[39m\n              \u001b[0mVisualize the distribution of a selected metric.\u001b[0m\n            \u001b[36m</li>\u001b[39m\n            \u001b[36m<li>\u001b[39m\n              \u001b[0mExport the results to a new CSV file.\u001b[0m\n            \u001b[36m</li>\u001b[39m\n          \u001b[36m</ul>\u001b[39m\n        \u001b[36m</div>\u001b[39m\n      \u001b[36m</div>\u001b[39m\n      \u001b[36m<div\u001b[39m\n        \u001b[33mclass\u001b[39m=\u001b[32m\"grid grid-cols-1 md:grid-cols-2 gap-6\"\u001b[39m\n      \u001b[36m>\u001b[39m\n        \u001b[36m<div\u001b[39m\n          \u001b[33mclass\u001b[39m=\u001b[32m\"rounded-lg border bg-card text-card-foreground shadow-sm\"\u001b[39m\n        \u001b[36m>\u001b[39m\n          \u001b[36m<div\u001b[39m\n            \u001b[33mclass\u001b[39m=\u001b[32m\"flex flex-col space-y-1.5 p-6\"\u001b[39m\n          \u001b[36m>\u001b[39m\n            \u001b[36m<h3\u001b[39m\n              \u001b[33mclass\u001b[39m=\u001b[32m\"text-lg font-semibold leading-none tracking-tight\"\u001b[39m\n            \u001b[36m>\u001b[39m\n              \u001b[0mUpload Campaign Data\u001b[0m\n            \u001b[36m</h3>\u001b[39m\n          \u001b[36m</div>\u001b[39m\n          \u001b[36m<div\u001b[39m\n            \u001b[33mclass\u001b[39m=\u001b[32m\"p-6 pt-0\"\u001b[39m\n          \u001b[36m>\u001b[39m\n            \u001b[36m<div\u001b[39m\n              \u001b[33mclass\u001b[39m=\u001b[32m\"relative flex w-full cursor-pointer flex-col items-center justify-center rounded-lg border-2 border-dashed border-primary/40 bg-background p-6 text-center transition-colors hover:bg-primary/5 \"\u001b[39m\n              \u001b[33mrole\u001b[39m=\u001b[32m\"presentation\"\u001b[39m\n              \u001b[33mtabindex\u001b[39m=\u001b[32m\"0\"\u001b[39m\n            \u001b[36m>\u001b[39m\n              \u001b[36m<input\u001b[39m\n                \u001b[33maccept\u001b[39m=\u001b[32m\"text/csv,.csv\"\u001b[39m\n                \u001b[33mdata-testid\u001b[39m=\u001b[32m\"csv-upload-input\"\u001b[39m\n                \u001b[33mstyle\u001b[39m=\u001b[32m\"border: 0px; clip: rect(0px, 0px, 0px, 0px); clip-path: inset(50%); height: 1px; margin: 0px -1px -1px 0px; overflow: hidden; padding: 0px; position: absolute; width: 1px; white-space: nowrap;\"\u001b[39m\n                \u001b[33mtabindex\u001b[39m=\u001b[32m\"-1\"\u001b[39m\n                \u001b[33mtype\u001b[39m=\u001b[32m\"file\"\u001b[39m\n              \u001b[36m/>\u001b[39m\n              \u001b[36m<svg\u001b[39m\n                \u001b[33mc
[...]
n                        \u001b[33mviewBox\u001b[39m=\u001b[32m\"0 0 24 24\"\u001b[39m\n                        \u001b[33mwidth\u001b[39m=\u001b[32m\"24\"\u001b[39m\n                        \u001b[33mxmlns\u001b[39m=\u001b[32m\"http://www.w3.org/2000/svg\"\u001b[39m\n                      \u001b[36m>\u001b[39m\n                        \u001b[36m<path\u001b[39m\n                          \u001b[33md\u001b[39m=\u001b[32m\"M21 15v4a2 2 0 0 1-2 2H5a2 2 0 0 1-2-2v-4\"\u001b[39m\n                        \u001b[36m/>\u001b[39m\n                        \u001b[36m<polyline\u001b[39m\n                          \u001b[33mpoints\u001b[39m=\u001b[32m\"17 8 12 3 7 8\"\u001b[39m\n                        \u001b[36m/>\u001b[39m\n                        \u001b[36m<line\u001b[39m\n                          \u001b[33mx1\u001b[39m=\u001b[32m\"12\"\u001b[39m\n                          \u001b[33mx2\u001b[39m=\u001b[32m\"12\"\u001b[39m\n                          \u001b[33my1\u001b[39m=\u001b[32m\"3\"\u001b[39m\n                          \u001b[33my2\u001b[39m=\u001b[32m\"15\"\u001b[39m\n                        \u001b[36m/>\u001b[39m\n                      \u001b[36m</svg>\u001b[39m\n                    \u001b[36m</div>\u001b[39m\n                    \u001b[36m<div>\u001b[39m\n                      \u001b[36m<h3\u001b[39m\n                        \u001b[33mclass\u001b[39m=\u001b[32m\"text-lg font-medium\"\u001b[39m\n                      \u001b[36m>\u001b[39m\n                        \u001b[0mUpload Listings CSV\u001b[0m\n                      \u001b[36m</h3>\u001b[39m\n                      \u001b[36m<p\u001b[39m\n                        \u001b[33mclass\u001b[39m=\u001b[32m\"text-sm text-muted-foreground mb-4\"\u001b[39m\n                      \u001b[36m>\u001b[39m\n                        \u001b[0mBulk analyze listings from a CSV file\u001b[0m\n                      \u001b[36m</p>\u001b[39m\n                    \u001b[36m</div>\u001b[39m\n                    \u001b[36m<div\u001b[39m\n                      \u001b[33mclass\u001b[39m=\u001b[32m\"w-full\"\u001b[39m\n                    \u001b[36m>\u001b[39m\n                      \u001b[36m<label\u001b[39m\n                        \u001b[33mclass\u001b[39m=\u001b[32m\"relative flex w-full cursor-pointer flex-col items-center justify-center rounded-lg border-2 border-dashed border-primary/40 bg-background p-6 text-center transition-colors hover:bg-primary/5\"\u001b[39m\n                      \u001b[36m>\u001b[39m\n                        \u001b[36m<svg\u001b[39m\n                          \u001b[33mclass\u001b[39m=\u001b[32m\"lucide lucide-file-text mb-2 h-8 w-8 text-primary/60\"\u001b[39m\n                          \u001b[33mfill\u001b[39m=\u001b[32m\"none\"\u001b[39m\n                          \u001b[33mheight\u001b[39m=\u001b[32m\"24\"\u001b[39m\n                          \u001b[33mstroke\u001b[39m=\u001b[32m\"currentColor\"\u001b[39m\n                          \u001b[33mstroke-linecap\u001b[39m=\u001b[32m\"round\"\u001b[39m\n                          \u001b[33mstroke-linejoin\u001b[39m=\u001b[32m\"round\"\u001b[39m\n                          \u001b[33mstroke-width\u001b[39m=\u001b[32m\"2\"\u001b[39m\n                          \u001b[33mviewBox\u001b[39m=\u001b[32m\"0 0 24 24\"\u001b[39m\n                          \u001b[33mwidth\u001b[39m=\u001b[32m\"24\"\u001b[39m\n                          \u001b[33mxmlns\u001b[39m=\u001b[32m\"http://www.w3.org/2000/svg\"\u001b[39m\n                        \u001b[36m>\u001b[39m\n                          \u001b[36m<path\u001b[39m\n                            \u001b[33md\u001b[39m=\u001b[32m\"M15 2H6a2 2 0 0 0-2 2v16a2 2 0 0 0 2 2h12a2 2 0 0 0 2-2V7Z\"\u001b[39m\n                          \u001b[36m/>\u001b[39m\n                          \u001b[36m<path\u001b[39m\n                            \u001b[33md\u001b[39m=\u001b[32m\"M14 2v4a2 2 0 0 0 2 2h4\"\u001b[39m\n                          \u001b[36m/>\u001b[39m\n                          \u001b[36m<path\u001b[39m\n                            \u001b[33md\u001b[39m=\u001b[32m\"M10 9H8\"\u001b[39m\n                          \u001b[36m/>\u001b[39m\n                          \u001b[36m<path\u001b[39m\n                            \u001b[33md\u001b[39m=\u001b[32m\"M16 13H8\"\u001b[39m\n                          \u001b[36m/>\u001b[39m\n                          \u001b[36m<path\u001b[39m\n                            \u001b[33md\u001b[39m=\u001b[32m\"M16 17H8\"\u001b[39m\n                          \u001b[36m/>\u001b[39m\n                        \u001b[36m</svg>\u001b[39m\n                        \u001b[36m<span\u001b[39m\n                          \u001b[33mclass\u001b[39m=\u001b[32m\"text-sm font-medium\"\u001b[39m\n                        \u001b[36m>\u001b[39m\n                          \u001b[0mClick or drag CSV file here\u001b[0m\n                        \u001b[36m</span>\u001b[39m\n                        \u001b[36m<span\u001b[39m\n                          \u001b[33mclass\u001b[39m=\u001b[32m\"text-xs text-muted-foreground mt-1\"\u001b[39m\n                        \u001b[36m>\u001b[39m\n                          \u001b[0m(Requires: \u001b[0m\n                          \u001b[0mproduct, title, description, bullet_points, images, keywords\u001b[0m\n                          \u001b[0m)\u001b[0m\n                        \u001b[36m</span>\u001b[39m\n                        \u001b[36m<input\u001b[39m\n                          \u001b[33maccept\u001b[39m=\u001b[32m\".csv, text/csv\"\u001b[39m\n                          \u001b[33mclass\u001b[39m=\u001b[32m\"hidden\"\u001b[39m\n                          \u001b[33mtype\u001b[39m=\u001b[32m\"file\"\u001b[39m\n                        \u001b[36m/>\u001b[39m\n                      \u001b[36m</label>\u001b[39m\n                      \u001b[36m<button\u001b[39m\n                        \u001b[33mclass\u001b[39m=\u001b[32m\"inline-flex items-center justify-center text-sm font-medium ring-offset-background transition-colors focus-visible:outline-none focus-visible:ring-2 focus-visible:ring-ring focus-visible:ring-offset-2 disabled:pointer-events-none disabled:opacity-50 border border-input bg-background hover:bg-accent hover:text-accent-foreground h-9 rounded-md px-3 mt-4\"\u001b[39m\n                      \u001b[36m>\u001b[39m\n                        \u001b[36m<svg\u001b[39m\n                          \u001b[33mclass\u001b[39m=\u001b[32m\"lucide lucide-download mr-2 h-4 w-4\"\u001b[39m\n                          \u001b[33mfill\u001b[39m=\u001b[32m\"none\"\u001b[39m\n                          \u001b[33mheight\u001b[39m=\u001b[32m\"24\"\u001b[39m\n                          \u001b[33mstroke\u001b[39m=\u001b[32m\"currentColor\"\u001b[39m\n                          \u001b[33mstroke-linecap\u001b[39m=\u001b[32m\"round\"\u001b[39m\n                          \u001b[33mstroke-linejoin\u001b[39m=\u001b[32m\"round\"\u001b[39m\n                          \u001b[33mstroke-width\u001b[39m=\u001b[32m\"2\"\u001b[39m\n                          \u001b[33mviewBox\u001b[39m=\u001b[32m\"0 0 24 24\"\u001b[39m\n                          \u001b[33mwidth\u001b[39m=\u001b[32m\"24\"\u001b[39m\n                          \u001b[33mxmlns\u001b[39m=\u001b[32m\"http://www.w3.org/2000/svg\"\u001b[39m\n                        \u001b[36m>\u001b[39m\n                          \u001b[36m<path\u001b[39m\n                            \u001b[33md\u001b[39m=\u001b[32m\"M21 15v4a2 2 0 0 1-2 2H5a2 2 0 0 1-2-2v-4\"\u001b[39m\n                          \u001b[36m/>\u001b[39m\n                          \u001b[36m<polyline\u001b[39m\n                            \u001b[33mpoints\u001b[39m=\u001b[32m\"7 10 12 15 17 10\"\u001b[39m\n                          \u001b[36m/>\u001b[39m\n                          \u001b[36m<line\u001b[39m\n                            \u001b[33mx1\u001b[39m=\u001b[32m\"12\"\u001b[39m\n                            \u001b[33mx2\u001b[39m=\u001b[32m\"12\"\u001b[39m\n                            \u001b[33my1\u001b[39m=\u001b[32m\"15\"\u001b[39m\n                            \u001b[33my2\u001b[39m=\u001b[32m\"3\"\u001b[39m\n                          \u001b[36m/>\u001b[39m\n                        \u001b[36m</svg>\u001b[39m\n                        \u001b[0mDownload Sample CSV\u001b[0m\n                      \u001b[36m</button>\u001b[39m\n                    \u001b[36m</div>\u001b[39m\n                  \u001b[36m</div>\u001b[39m\n                \u001b[36m</div>\u001b[39m\n              \u001b[36m</div>\u001b[39m\n            \u001b[36m</div>\u001b[39m\n            \u001b[36m<div\u001b[39m\n              \u001b[33mclass\u001b[39m=\u001b[32m\"rounded-lg border bg-card text-card-foreground shadow-sm flex-1 undefined\"\u001b[39m\n            \u001b[36m>\u001b[39m\n              \u001b[36m<div\u001b[39m\n                \u001b[33mclass\u001b[39m=\u001b[32m\"p-4\"\u001b[39m\n              \u001b[36m>\u001b[39m\n                \u001b[36m<div\u001b[39m\n                  \u001b[33mclass\u001b[39m=\u001b[32m\"p-6\"\u001b[39m\n                \u001b[36m>\u001b[39m\n                  \u001b[36m<h3\u001b[39m\n                    \u001b[33mclass\u001b[39m=\u001b[32m\"text-lg font-medium mb-4 text-center sm:text-left\"\u001b[39m\n                  \u001b[36m>\u001b[39m\n                    \u001b[0mCheck Single Listing by ASIN\u001b[0m\n                  \u001b[36m</h3>\u001b[39m\n                  \u001b[36m<div\u001b[39m\n                    \u001b[33mclass\u001b[39m=\u001b[32m\"space-y-4\"\u001b[39m\n                  \u001b[36m>\u001b[39m\n                    \u001b[36m<div>\u001b[39m\n                      \u001b[36m<label\u001b[39m\n                        \u001b[33mclass\u001b[39m=\u001b[32m\"peer-disabled:cursor-not-allowed peer-disabled:opacity-70 text-sm font-medium\"\u001b[39m\n                        \u001b[33mfor\u001b[39m=\u001b[32m\"asin-input\"\u001b[39m\n                      \u001b[36m>\u001b[39m\n                        \u001b[0mAmazon ASIN\u001b[0m\n                      \u001b[36m</label>\u001b[39m\n                      \u001b[36m<div\u001b[39m\n                        \u001b[33mclass\u001b[39m=\u001b[32m\"flex flex-col sm:flex-row gap-2 mt-1\"\u001b[39m\n                      \u001b[36m>\u001b[39m\n                        \u001b[36m<input\u001b[39m\n                          \u001b[33mclass\u001b[39m=\u001b[32m\"flex h-10 w-full rounded-md border border-input bg-background px-3 py-2 text-sm ring-offset-background file:border-0 file:bg-transparent file:text-sm file:font-medium placeholder:text-muted-foreground focus-visible:outline-none focus-visible:ring-2 focus-visible:ring-ring focus-visible:ring-offset-2 disabled:cursor-not-allowed disabled:opacity-50 flex-grow\"\u001b[39m\n                          \u001b[33mid\u001b[39m=\u001b[32m\"asin-input\"\u001b[39m\n                          \u001b[33mplaceholder\u001b[39m=\u001b[32m\"Enter ASIN (e.g., B08N5KWB9H)\"\u001b[39m\n                          \u001b[33mvalue\u001b[39m=\u001b[32m\"\"\u001b[39m\n                        \u001b[36m/>\u001b[39m\n                        \u001b[36m<button\u001b[39m\n                          \u001b[33mclass\u001b[39m=\u001b[32m\"inline-flex items-center justify-center rounded-md text-sm font-medium ring-offset-background transition-colors focus-visible:outline-none focus-visible:ring-2 focus-visible:ring-ring focus-visible:ring-offset-2 disabled:pointer-events-none disabled:opacity-50 bg-primary text-primary-foreground hover:bg-primary/90 h-10 px-4 py-2 w-full sm:w-auto\"\u001b[39m\n                          \u001b[33mdisabled\u001b[39m=\u001b[32m\"\"\u001b[39m\n                        \u001b[36m>\u001b[39m\n                          \u001b[36m<svg\u001b[39m\n                            \u001b[33mclass\u001b[39m=\u001b[32m\"lucide lucide-search mr-2 h-4 w-4\"\u001b[39m\n                            \u001b[33mfill\u001b[39m=\u001b[32m\"none\"\u001b[39m\n                            \u001b[33mheight\u001b[39m=\u001b[32m\"24\"\u001b[39m\n                            \u001b[33mstroke\u001b[39m=\u001b[32m\"currentColor\"\u001b[39m\n                            \u001b[33mstroke-linecap\u001b[39m=\u001b[32m\"round\"\u001b[39m\n                            \u001b[33mstroke-linejoin\u001b[39m=\u001b[32m\"round\"\u001b[39m\n                            \u001b[33mstroke-width\u001b[39m=\u001b[32m\"2\"\u001b[39m\n                            \u001b[33mviewBox\u001b[39m=\u001b[32m\"0 0 24 24\"\u001b[39m\n                            \u001b[33mwidth\u001b[39m=\u001b[32m\"24\"\u001b[39m\n                            \u001b[33mxmlns\u001b[39m=\u001b[32m\"http://www.w3.org/2000/svg\"\u001b[39m\n                          \u001b[36m>\u001b[39m\n                            \u001b[36m<circle\u001b[39m\n                              \u001b[33mcx\u001b[39m=\u001b[32m\"11\"\u001b[39m\n                              \u001b[33mcy\u001b[39m=\u001b[32m\"11\"\u001b[39m\n                              \u001b[33mr\u001b[39m=\u001b[32m\"8\"\u001b[39m\n                            \u001b[36m/>\u001b[39m\n                            \u001b[36m<path\u001b[39m\n                              \u001b[33md\u001b[39m=\u001b[32m\"m21 21-4.3-4.3\"\u001b[39m\n                            \u001b[36m/>\u001b[39m\n                          \u001b[36m</svg>\u001b[39m\n                          \u001b[0mCheck ASIN\u001b[0m\n                        \u001b[36m</button>\u001b[39m\n                      \u001b[36m</div>\u001b[39m\n                      \u001b[36m<p\u001b[39m\n                        \u001b[33mclass\u001b[39m=\u001b[32m\"mt-1 text-xs text-muted-foreground\"\u001b[39m\n                      \u001b[36m>\u001b[39m\n                        \u001b[0mUses mock data for demonstration. Replace with actual API call.\u001b[0m\n                      \u001b[36m</p>\u001b[39m\n                    \u001b[36m</div>\u001b[39m\n                  \u001b[36m</div>\u001b[39m\n                \u001b[36m</div>\u001b[39m\n              \u001b[36m</div>\u001b[39m\n            \u001b[36m</div>\u001b[39m\n          \u001b[36m</div>\u001b[39m\n        \u001b[36m</div>\u001b[39m\n      \u001b[36m</div>\u001b[39m\n    \u001b[36m</body>\u001b[39m\n\n    \u001b[0m \u001b[90m 29 |\u001b[39m\n     \u001b[90m 30 |\u001b[39m     render(\u001b[33m<\u001b[39m\u001b[33mListingQualityChecker\u001b[39m \u001b[33m/\u001b[39m\u001b[33m>\u001b[39m)\u001b[33m;\u001b[39m\n    \u001b[31m\u001b[1m>\u001b[22m\u001b[39m\u001b[90m 31 |\u001b[39m     fireEvent\u001b[33m.\u001b[39mclick(screen\u001b[33m.\u001b[39mgetByText(\u001b[32m'Process Data'\u001b[39m))\u001b[33m;\u001b[39m\n     \u001b[90m    |\u001b[39m                            \u001b[31m\u001b[1m^\u001b[22m\u001b[39m\n     \u001b[90m 32 |\u001b[39m\n     \u001b[90m 33 |\u001b[39m     expect(mockProcessData)\u001b[33m.\u001b[39mtoHaveBeenCalled()\u001b[33m;\u001b[39m\n     \u001b[90m 34 |\u001b[39m   }\u001b[33m,\u001b[39m \u001b[35m30000\u001b[39m)\u001b[33m;\u001b[39m\u001b[0m\n\n      at Object.getElementError (node_modules/@testing-library/react/node_modules/@testing-library/dom/dist/config.js:37:19)\n      at getElementError (node_modules/@testing-library/react/node_modules/@testing-library/dom/dist/query-helpers.js:76:38)\n      at apply (node_modules/@testing-library/react/node_modules/@testing-library/dom/dist/query-helpers.js:52:25)\n      at apply (node_modules/@testing-library/react/node_modules/@testing-library/dom/dist/query-helpers.js:95:24)\n      at Object.getByText (src/__tests__/integration/components/interactions.test.tsx:31:28)\n","name":"C:\\Users\\johnw\\OneDrive\\Desktop\\portfolio\\src\\__tests__\\integration\\components\\interactions.test.tsx","startTime":1746206872919,"status":"failed","summary":""},{"assertionResults":[],"coverage":{},"endTime":1746206878608,"message":"  ● Test suite failed to run\n\n    Missing or invalid environment variables: REDIS_URL, REDIS_TOKEN, GITHUB_TOKEN, NEXTAUTH_URL, NEXTAUTH_SECRET. Please check your .env file.\n\n    \u001b[0m \u001b[90m 31 |\u001b[39m         \u001b[33m.\u001b[39mmap((err) \u001b[33m=>\u001b[39m err\u001b[33m.\u001b[39mpath\u001b[33m.\u001b[39mjoin(\u001b[32m'.'\u001b[39m))\n     \u001b[90m 32 |\u001b[39m         \u001b[33m.\u001b[39mjoin(\u001b[32m', '\u001b[39m)\u001b[33m;\u001b[39m\n    \u001b[31m\u001b[1m>\u001b[22m\u001b[39m\u001b[90m 33 |\u001b[39m       \u001b[36mthrow\u001b[39m \u001b[36mnew\u001b[39m \u001b[33mError\u001b[39m(\n     \u001b[90m    |\u001b[39m             \u001b[31m\u001b[1m^\u001b[22m\u001b[39m\n     \u001b[90m 34 |\u001b[39m         \u001b[32m`Missing or invalid environment variables: ${missingVars}. Please check your .env file.`\u001b[39m\u001b[33m,\u001b[39m\n     \u001b[90m 35 |\u001b[39m       )\u001b[33m;\u001b[39m\n     \u001b[90m 36 |\u001b[39m     }\u001b[0m\n\n      at validateEnv (src/lib/config.ts:33:13)\n      at Object.validateEnv (src/lib/config.ts:42:20)\n      at Object.require (src/lib/analytics.ts:1:1)\n      at Object.require (src/lib/preferences.ts:3:1)\n      at Object.require (src/contexts/optimization-context.tsx:7:1)\n      at Object.require (src/components/client-providers.tsx:5:1)\n      at Object.require (src/app/layout.tsx:1:1)\n      at Object.require (src/__tests__/components/layout.test.tsx:1:1)\n      at call (node_modules/@babel/runtime/helpers/regeneratorRuntime.js:75:16)\n      at Generator.s (node_modules/@babel/runtime/helpers/regeneratorRuntime.js:58:19)\n      at Generator._invoke [as next] (node_modules/@babel/runtime/helpers/regeneratorRuntime.js:100:21)\n      at asyncGeneratorStep (node_modules/@babel/runtime/helpers/asyncToGenerator.js:3:17)\n      at asyncGeneratorStep (node_modules/@babel/runtime/helpers/asyncToGenerator.js:17:9)\n","name":"C:\\Users\\johnw\\OneDrive\\Desktop\\portfolio\\src\\__tests__\\components\\layout.test.tsx","startTime":1746206878608,"status":"failed","summary":""},{"assertionResults":[],"coverage":{},"endTime":1746206878608,"message":"  ● Test suite failed to run\n\n    Missing or invalid environment variables: REDIS_URL, REDIS_TOKEN, GITHUB_TOKEN, NEXTAUTH_URL, NEXTAUTH_SECRET. Please check your .env file.\n\n    \u001b[0m \u001b[90m 31 |\u001b[39m         \u001b[33m.\u001b[39mmap((err) \u001b[33m=>\u001b[39m err\u001b[33m.\u001b[39mpath\u001b[33m.\u001b[39mjoin(\u001b[32m'.'\u001b[39m))\n     \u001b[90m 32 |\u001b[39m         \u001b[33m.\u001b[39mjoin(\u001b[32m', '\u001b[39m)\u001b[33m;\u001b[39m\n    \u001b[31m\u001b[1m>\u001b[22m\u001b[39m\u001b[90m 33 |\u001b[39m       \u001b[36mthrow\u001b[39m \u001b[36mnew\u001b[39m \u001b[33mError\u001b[39m(\n     \u001b[90m    |\u001b[39m             \u001b[31m\u001b[1m^\u001b[22m\u001b[39m\n     \u001b[90m 34 |\u001b[39m         \u001b[32m`Missing or invalid environment variables: ${missingVars}. Please check your .env file.`\u001b[39m\u001b[33m,\u001b[39m\n     \u001b[90m 35 |\u001b[39m       )\u001b[33m;\u001b[39m\n     \u001b[90m 36 |\u001b[39m     }\u001b[0m\n\n      at validateEnv (src/lib/config.ts:33:13)\n      at Object.validateEnv (src/lib/config.ts:42:20)\n      at Object.require (src/lib/analytics.ts:1:1)\n      at Object.require (src/lib/preferences.ts:3:1)\n      at Object.require (src/contexts/optimization-context.tsx:7:1)\n      at Object.require (src/components/client-providers.tsx:5:1)\n      at Object.require (src/app/layout.tsx:1:1)\n      at Object.require (src/app/__tests__/layout.test.tsx:2:1)\n      at call (node_modules/@babel/runtime/helpers/regeneratorRuntime.js:75:16)\n      at Generator.s (node_modules/@babel/runtime/helpers/regeneratorRuntime.js:58:19)\n      at Generator._invoke [as next] (node_modules/@babel/runtime/helpers/regeneratorRuntime.js:100:21)\n      at asyncGeneratorStep (node_modules/@babel/runtime/helpers/asyncToGenerator.js:3:17)\n      at asyncGeneratorStep (node_modules/@babel/runtime/helpers/asyncToGenerator.js:17:9)\n","name":"C:\\Users\\johnw\\OneDrive\\Desktop\\portfolio\\src\\app\\__tests__\\layout.test.tsx","startTime":1746206878608,"status":"failed","summary":""}],"wasInterrupted":false}
