{
  "numFailedTestSuites": 22,
  "numFailedTests": 29,
  "numPassedTestSuites": 9,
  "numPassedTests": 60,
  "numPendingTestSuites": 2,
  "numPendingTests": 11,
  "numRuntimeErrorTestSuites": 13,
  "numTodoTests": 0,
  "numTotalTestSuites": 33,
  "numTotalTests": 100,
  "openHandles": [],
  "snapshot": {
    "added": 0,
    "didUpdate": false,
    "failure": false,
    "filesAdded": 0,
    "filesRemoved": 0,
    "filesRemovedList": [],
    "filesUnmatched": 0,
    "filesUpdated": 0,
    "matched": 4,
    "total": 4,
    "unchecked": 0,
    "uncheckedKeysByFile": [],
    "unmatched": 0,
    "updated": 0
  },
  "startTime": 1745990786459,
  "success": false,
  "testResults": [
    {
      "assertionResults": [
        {
          "ancestorTitles": ["Core Utilities", "formatCurrency"],
          "duration": 50,
          "failureDetails": [],
          "failureMessages": [],
          "fullName": "Core Utilities formatCurrency formats USD currency correctly",
          "invocations": 1,
          "location": null,
          "numPassingAsserts": 3,
          "retryReasons": [],
          "status": "passed",
          "title": "formats USD currency correctly"
        },
        {
          "ancestorTitles": ["Core Utilities", "formatCurrency"],
          "duration": 10,
          "failureDetails": [
            {
              "matcherResult": {
                "actual": "$1,234.56",
                "expected": "€1,234.56",
                "message": "expect(received).toBe(expected) // Object.is equality\n\nExpected: \"€1,234.56\"\nReceived: \"$1,234.56\"",
                "name": "toBe",
                "pass": false
              }
            }
          ],
          "failureMessages": [
            "Error: expect(received).toBe(expected) // Object.is equality\n\nExpected: \"€1,234.56\"\nReceived: \"$1,234.56\"\n    at Object.toBe (C:\\Users\\johnw\\OneDrive\\Desktop\\portfolio\\src\\__tests__\\lib\\helpers\\helpers.test.ts:12:46)\n    at Promise.then.completed (C:\\Users\\johnw\\OneDrive\\Desktop\\portfolio\\node_modules\\jest-circus\\build\\utils.js:298:28)\n    at new Promise (<anonymous>)\n    at callAsyncCircusFn (C:\\Users\\johnw\\OneDrive\\Desktop\\portfolio\\node_modules\\jest-circus\\build\\utils.js:231:10)\n    at _callCircusTest (C:\\Users\\johnw\\OneDrive\\Desktop\\portfolio\\node_modules\\jest-circus\\build\\run.js:316:40)\n    at processTicksAndRejections (node:internal/process/task_queues:105:5)\n    at _runTest (C:\\Users\\johnw\\OneDrive\\Desktop\\portfolio\\node_modules\\jest-circus\\build\\run.js:252:3)\n    at _runTestsForDescribeBlock (C:\\Users\\johnw\\OneDrive\\Desktop\\portfolio\\node_modules\\jest-circus\\build\\run.js:126:9)\n    at _runTestsForDescribeBlock (C:\\Users\\johnw\\OneDrive\\Desktop\\portfolio\\node_modules\\jest-circus\\build\\run.js:121:9)\n    at _runTestsForDescribeBlock (C:\\Users\\johnw\\OneDrive\\Desktop\\portfolio\\node_modules\\jest-circus\\build\\run.js:121:9)\n    at run (C:\\Users\\johnw\\OneDrive\\Desktop\\portfolio\\node_modules\\jest-circus\\build\\run.js:71:3)\n    at runAndTransformResultsToJestFormat (C:\\Users\\johnw\\OneDrive\\Desktop\\portfolio\\node_modules\\jest-circus\\build\\legacy-code-todo-rewrite\\jestAdapterInit.js:122:21)\n    at jestAdapter (C:\\Users\\johnw\\OneDrive\\Desktop\\portfolio\\node_modules\\jest-circus\\build\\legacy-code-todo-rewrite\\jestAdapter.js:79:19)\n    at runTestInternal (C:\\Users\\johnw\\OneDrive\\Desktop\\portfolio\\node_modules\\jest-runner\\build\\runTest.js:367:16)\n    at runTest (C:\\Users\\johnw\\OneDrive\\Desktop\\portfolio\\node_modules\\jest-runner\\build\\runTest.js:444:34)\n    at Object.worker (C:\\Users\\johnw\\OneDrive\\Desktop\\portfolio\\node_modules\\jest-runner\\build\\testWorker.js:106:12)"
          ],
          "fullName": "Core Utilities formatCurrency handles different currencies",
          "invocations": 1,
          "location": null,
          "numPassingAsserts": 0,
          "retryReasons": [],
          "status": "failed",
          "title": "handles different currencies"
        },
        {
          "ancestorTitles": ["Core Utilities", "formatCurrency"],
          "duration": 2,
          "failureDetails": [],
          "failureMessages": [],
          "fullName": "Core Utilities formatCurrency maintains two decimal places",
          "invocations": 1,
          "location": null,
          "numPassingAsserts": 2,
          "retryReasons": [],
          "status": "passed",
          "title": "maintains two decimal places"
        },
        {
          "ancestorTitles": ["Core Utilities", "generateId"],
          "duration": 1,
          "failureDetails": [],
          "failureMessages": [],
          "fullName": "Core Utilities generateId generates unique IDs",
          "invocations": 1,
          "location": null,
          "numPassingAsserts": 1,
          "retryReasons": [],
          "status": "passed",
          "title": "generates unique IDs"
        },
        {
          "ancestorTitles": ["Core Utilities", "generateId"],
          "duration": 4,
          "failureDetails": [
            {
              "matcherResult": {
                "message": "expect(received).toMatch(expected)\n\nExpected pattern: /^test-/\nReceived string:  \"yvs3yht\"",
                "pass": false
              }
            }
          ],
          "failureMessages": [
            "Error: expect(received).toMatch(expected)\n\nExpected pattern: /^test-/\nReceived string:  \"yvs3yht\"\n    at Object.toMatch (C:\\Users\\johnw\\OneDrive\\Desktop\\portfolio\\src\\__tests__\\lib\\helpers\\helpers.test.ts:32:18)\n    at Promise.then.completed (C:\\Users\\johnw\\OneDrive\\Desktop\\portfolio\\node_modules\\jest-circus\\build\\utils.js:298:28)\n    at new Promise (<anonymous>)\n    at callAsyncCircusFn (C:\\Users\\johnw\\OneDrive\\Desktop\\portfolio\\node_modules\\jest-circus\\build\\utils.js:231:10)\n    at _callCircusTest (C:\\Users\\johnw\\OneDrive\\Desktop\\portfolio\\node_modules\\jest-circus\\build\\run.js:316:40)\n    at processTicksAndRejections (node:internal/process/task_queues:105:5)\n    at _runTest (C:\\Users\\johnw\\OneDrive\\Desktop\\portfolio\\node_modules\\jest-circus\\build\\run.js:252:3)\n    at _runTestsForDescribeBlock (C:\\Users\\johnw\\OneDrive\\Desktop\\portfolio\\node_modules\\jest-circus\\build\\run.js:126:9)\n    at _runTestsForDescribeBlock (C:\\Users\\johnw\\OneDrive\\Desktop\\portfolio\\node_modules\\jest-circus\\build\\run.js:121:9)\n    at _runTestsForDescribeBlock (C:\\Users\\johnw\\OneDrive\\Desktop\\portfolio\\node_modules\\jest-circus\\build\\run.js:121:9)\n    at run (C:\\Users\\johnw\\OneDrive\\Desktop\\portfolio\\node_modules\\jest-circus\\build\\run.js:71:3)\n    at runAndTransformResultsToJestFormat (C:\\Users\\johnw\\OneDrive\\Desktop\\portfolio\\node_modules\\jest-circus\\build\\legacy-code-todo-rewrite\\jestAdapterInit.js:122:21)\n    at jestAdapter (C:\\Users\\johnw\\OneDrive\\Desktop\\portfolio\\node_modules\\jest-circus\\build\\legacy-code-todo-rewrite\\jestAdapter.js:79:19)\n    at runTestInternal (C:\\Users\\johnw\\OneDrive\\Desktop\\portfolio\\node_modules\\jest-runner\\build\\runTest.js:367:16)\n    at runTest (C:\\Users\\johnw\\OneDrive\\Desktop\\portfolio\\node_modules\\jest-runner\\build\\runTest.js:444:34)\n    at Object.worker (C:\\Users\\johnw\\OneDrive\\Desktop\\portfolio\\node_modules\\jest-runner\\build\\testWorker.js:106:12)"
          ],
          "fullName": "Core Utilities generateId includes prefix when provided",
          "invocations": 1,
          "location": null,
          "numPassingAsserts": 0,
          "retryReasons": [],
          "status": "failed",
          "title": "includes prefix when provided"
        },
        {
          "ancestorTitles": ["Core Utilities", "generateId"],
          "duration": 4,
          "failureDetails": [
            {
              "matcherResult": {
                "message": "expect(received).toMatch(expected)\n\nExpected pattern: /^[0-9]+(-[a-z0-9]+)$/\nReceived string:  \"0pqj2jp\"",
                "pass": false
              }
            }
          ],
          "failureMessages": [
            "Error: expect(received).toMatch(expected)\n\nExpected pattern: /^[0-9]+(-[a-z0-9]+)$/\nReceived string:  \"0pqj2jp\"\n    at Object.toMatch (C:\\Users\\johnw\\OneDrive\\Desktop\\portfolio\\src\\__tests__\\lib\\helpers\\helpers.test.ts:37:18)\n    at Promise.then.completed (C:\\Users\\johnw\\OneDrive\\Desktop\\portfolio\\node_modules\\jest-circus\\build\\utils.js:298:28)\n    at new Promise (<anonymous>)\n    at callAsyncCircusFn (C:\\Users\\johnw\\OneDrive\\Desktop\\portfolio\\node_modules\\jest-circus\\build\\utils.js:231:10)\n    at _callCircusTest (C:\\Users\\johnw\\OneDrive\\Desktop\\portfolio\\node_modules\\jest-circus\\build\\run.js:316:40)\n    at processTicksAndRejections (node:internal/process/task_queues:105:5)\n    at _runTest (C:\\Users\\johnw\\OneDrive\\Desktop\\portfolio\\node_modules\\jest-circus\\build\\run.js:252:3)\n    at _runTestsForDescribeBlock (C:\\Users\\johnw\\OneDrive\\Desktop\\portfolio\\node_modules\\jest-circus\\build\\run.js:126:9)\n    at _runTestsForDescribeBlock (C:\\Users\\johnw\\OneDrive\\Desktop\\portfolio\\node_modules\\jest-circus\\build\\run.js:121:9)\n    at _runTestsForDescribeBlock (C:\\Users\\johnw\\OneDrive\\Desktop\\portfolio\\node_modules\\jest-circus\\build\\run.js:121:9)\n    at run (C:\\Users\\johnw\\OneDrive\\Desktop\\portfolio\\node_modules\\jest-circus\\build\\run.js:71:3)\n    at runAndTransformResultsToJestFormat (C:\\Users\\johnw\\OneDrive\\Desktop\\portfolio\\node_modules\\jest-circus\\build\\legacy-code-todo-rewrite\\jestAdapterInit.js:122:21)\n    at jestAdapter (C:\\Users\\johnw\\OneDrive\\Desktop\\portfolio\\node_modules\\jest-circus\\build\\legacy-code-todo-rewrite\\jestAdapter.js:79:19)\n    at runTestInternal (C:\\Users\\johnw\\OneDrive\\Desktop\\portfolio\\node_modules\\jest-runner\\build\\runTest.js:367:16)\n    at runTest (C:\\Users\\johnw\\OneDrive\\Desktop\\portfolio\\node_modules\\jest-runner\\build\\runTest.js:444:34)\n    at Object.worker (C:\\Users\\johnw\\OneDrive\\Desktop\\portfolio\\node_modules\\jest-runner\\build\\testWorker.js:106:12)"
          ],
          "fullName": "Core Utilities generateId generates valid identifiers",
          "invocations": 1,
          "location": null,
          "numPassingAsserts": 0,
          "retryReasons": [],
          "status": "failed",
          "title": "generates valid identifiers"
        },
        {
          "ancestorTitles": ["Core Utilities", "truncateText"],
          "duration": 4,
          "failureDetails": [
            {
              "matcherResult": {
                "actual": "This is a very long ...",
                "expected": "This is a very lon...",
                "message": "expect(received).toBe(expected) // Object.is equality\n\nExpected: \"This is a very lon...\"\nReceived: \"This is a very long ...\"",
                "name": "toBe",
                "pass": false
              }
            }
          ],
          "failureMessages": [
            "Error: expect(received).toBe(expected) // Object.is equality\n\nExpected: \"This is a very lon...\"\nReceived: \"This is a very long ...\"\n    at Object.toBe (C:\\Users\\johnw\\OneDrive\\Desktop\\portfolio\\src\\__tests__\\lib\\helpers\\helpers.test.ts:44:42)\n    at Promise.then.completed (C:\\Users\\johnw\\OneDrive\\Desktop\\portfolio\\node_modules\\jest-circus\\build\\utils.js:298:28)\n    at new Promise (<anonymous>)\n    at callAsyncCircusFn (C:\\Users\\johnw\\OneDrive\\Desktop\\portfolio\\node_modules\\jest-circus\\build\\utils.js:231:10)\n    at _callCircusTest (C:\\Users\\johnw\\OneDrive\\Desktop\\portfolio\\node_modules\\jest-circus\\build\\run.js:316:40)\n    at processTicksAndRejections (node:internal/process/task_queues:105:5)\n    at _runTest (C:\\Users\\johnw\\OneDrive\\Desktop\\portfolio\\node_modules\\jest-circus\\build\\run.js:252:3)\n    at _runTestsForDescribeBlock (C:\\Users\\johnw\\OneDrive\\Desktop\\portfolio\\node_modules\\jest-circus\\build\\run.js:126:9)\n    at _runTestsForDescribeBlock (C:\\Users\\johnw\\OneDrive\\Desktop\\portfolio\\node_modules\\jest-circus\\build\\run.js:121:9)\n    at _runTestsForDescribeBlock (C:\\Users\\johnw\\OneDrive\\Desktop\\portfolio\\node_modules\\jest-circus\\build\\run.js:121:9)\n    at run (C:\\Users\\johnw\\OneDrive\\Desktop\\portfolio\\node_modules\\jest-circus\\build\\run.js:71:3)\n    at runAndTransformResultsToJestFormat (C:\\Users\\johnw\\OneDrive\\Desktop\\portfolio\\node_modules\\jest-circus\\build\\legacy-code-todo-rewrite\\jestAdapterInit.js:122:21)\n    at jestAdapter (C:\\Users\\johnw\\OneDrive\\Desktop\\portfolio\\node_modules\\jest-circus\\build\\legacy-code-todo-rewrite\\jestAdapter.js:79:19)\n    at runTestInternal (C:\\Users\\johnw\\OneDrive\\Desktop\\portfolio\\node_modules\\jest-runner\\build\\runTest.js:367:16)\n    at runTest (C:\\Users\\johnw\\OneDrive\\Desktop\\portfolio\\node_modules\\jest-runner\\build\\runTest.js:444:34)\n    at Object.worker (C:\\Users\\johnw\\OneDrive\\Desktop\\portfolio\\node_modules\\jest-runner\\build\\testWorker.js:106:12)"
          ],
          "fullName": "Core Utilities truncateText truncates text longer than maxLength",
          "invocations": 1,
          "location": null,
          "numPassingAsserts": 0,
          "retryReasons": [],
          "status": "failed",
          "title": "truncates text longer than maxLength"
        },
        {
          "ancestorTitles": ["Core Utilities", "truncateText"],
          "duration": 1,
          "failureDetails": [],
          "failureMessages": [],
          "fullName": "Core Utilities truncateText does not truncate text shorter than maxLength",
          "invocations": 1,
          "location": null,
          "numPassingAsserts": 1,
          "retryReasons": [],
          "status": "passed",
          "title": "does not truncate text shorter than maxLength"
        },
        {
          "ancestorTitles": ["Core Utilities", "truncateText"],
          "duration": 4,
          "failureDetails": [
            {
              "matcherResult": {
                "actual": "AAAAAAAAAAAAAAAAAAAAAAAAAAAAAAAAAAAAAAAAAAAAAAAAAAAAAAAAAAAAAAAAAAAAAAAAAAAAAAAAAAAAAAAAAAAAAAAAAAAAAAAAAAAAAAAAAAAAAAAA...",
                "expected": "AAAAAAAAAAAAAAAAAAAAAAAAAAAAAAAAAAAAAAAAAAAAAAAAAAAAAAAAAAAAAAAAAAAAAAAAAAAAAAAAAAAAAAAAAAAAAAAAA...",
                "message": "expect(received).toBe(expected) // Object.is equality\n\nExpected: \"AAAAAAAAAAAAAAAAAAAAAAAAAAAAAAAAAAAAAAAAAAAAAAAAAAAAAAAAAAAAAAAAAAAAAAAAAAAAAAAAAAAAAAAAAAAAAAAAA...\"\nReceived: \"AAAAAAAAAAAAAAAAAAAAAAAAAAAAAAAAAAAAAAAAAAAAAAAAAAAAAAAAAAAAAAAAAAAAAAAAAAAAAAAAAAAAAAAAAAAAAAAAAAAAAAAAAAAAAAAAAAAAAAAA...\"",
                "name": "toBe",
                "pass": false
              }
            }
          ],
          "failureMessages": [
            "Error: expect(received).toBe(expected) // Object.is equality\n\nExpected: \"AAAAAAAAAAAAAAAAAAAAAAAAAAAAAAAAAAAAAAAAAAAAAAAAAAAAAAAAAAAAAAAAAAAAAAAAAAAAAAAAAAAAAAAAAAAAAAAAA...\"\nReceived: \"AAAAAAAAAAAAAAAAAAAAAAAAAAAAAAAAAAAAAAAAAAAAAAAAAAAAAAAAAAAAAAAAAAAAAAAAAAAAAAAAAAAAAAAAAAAAAAAAAAAAAAAAAAAAAAAAAAAAAAAA...\"\n    at Object.toBe (C:\\Users\\johnw\\OneDrive\\Desktop\\portfolio\\src\\__tests__\\lib\\helpers\\helpers.test.ts:54:34)\n    at Promise.then.completed (C:\\Users\\johnw\\OneDrive\\Desktop\\portfolio\\node_modules\\jest-circus\\build\\utils.js:298:28)\n    at new Promise (<anonymous>)\n    at callAsyncCircusFn (C:\\Users\\johnw\\OneDrive\\Desktop\\portfolio\\node_modules\\jest-circus\\build\\utils.js:231:10)\n    at _callCircusTest (C:\\Users\\johnw\\OneDrive\\Desktop\\portfolio\\node_modules\\jest-circus\\build\\run.js:316:40)\n    at processTicksAndRejections (node:internal/process/task_queues:105:5)\n    at _runTest (C:\\Users\\johnw\\OneDrive\\Desktop\\portfolio\\node_modules\\jest-circus\\build\\run.js:252:3)\n    at _runTestsForDescribeBlock (C:\\Users\\johnw\\OneDrive\\Desktop\\portfolio\\node_modules\\jest-circus\\build\\run.js:126:9)\n    at _runTestsForDescribeBlock (C:\\Users\\johnw\\OneDrive\\Desktop\\portfolio\\node_modules\\jest-circus\\build\\run.js:121:9)\n    at _runTestsForDescribeBlock (C:\\Users\\johnw\\OneDrive\\Desktop\\portfolio\\node_modules\\jest-circus\\build\\run.js:121:9)\n    at run (C:\\Users\\johnw\\OneDrive\\Desktop\\portfolio\\node_modules\\jest-circus\\build\\run.js:71:3)\n    at runAndTransformResultsToJestFormat (C:\\Users\\johnw\\OneDrive\\Desktop\\portfolio\\node_modules\\jest-circus\\build\\legacy-code-todo-rewrite\\jestAdapterInit.js:122:21)\n    at jestAdapter (C:\\Users\\johnw\\OneDrive\\Desktop\\portfolio\\node_modules\\jest-circus\\build\\legacy-code-todo-rewrite\\jestAdapter.js:79:19)\n    at runTestInternal (C:\\Users\\johnw\\OneDrive\\Desktop\\portfolio\\node_modules\\jest-runner\\build\\runTest.js:367:16)\n    at runTest (C:\\Users\\johnw\\OneDrive\\Desktop\\portfolio\\node_modules\\jest-runner\\build\\runTest.js:444:34)\n    at Object.worker (C:\\Users\\johnw\\OneDrive\\Desktop\\portfolio\\node_modules\\jest-runner\\build\\testWorker.js:106:12)"
          ],
          "fullName": "Core Utilities truncateText uses default maxLength of 100",
          "invocations": 1,
          "location": null,
          "numPassingAsserts": 0,
          "retryReasons": [],
          "status": "failed",
          "title": "uses default maxLength of 100"
        },
        {
          "ancestorTitles": ["Core Utilities", "truncateText"],
          "duration": 1,
          "failureDetails": [
            {
              "matcherResult": {
                "actual": "...",
                "expected": "",
                "message": "expect(received).toBe(expected) // Object.is equality\n\nExpected: \"\"\nReceived: \"...\"",
                "name": "toBe",
                "pass": false
              }
            }
          ],
          "failureMessages": [
            "Error: expect(received).toBe(expected) // Object.is equality\n\nExpected: \"\"\nReceived: \"...\"\n    at Object.toBe (C:\\Users\\johnw\\OneDrive\\Desktop\\portfolio\\src\\__tests__\\lib\\helpers\\helpers.test.ts:58:32)\n    at Promise.then.completed (C:\\Users\\johnw\\OneDrive\\Desktop\\portfolio\\node_modules\\jest-circus\\build\\utils.js:298:28)\n    at new Promise (<anonymous>)\n    at callAsyncCircusFn (C:\\Users\\johnw\\OneDrive\\Desktop\\portfolio\\node_modules\\jest-circus\\build\\utils.js:231:10)\n    at _callCircusTest (C:\\Users\\johnw\\OneDrive\\Desktop\\portfolio\\node_modules\\jest-circus\\build\\run.js:316:40)\n    at processTicksAndRejections (node:internal/process/task_queues:105:5)\n    at _runTest (C:\\Users\\johnw\\OneDrive\\Desktop\\portfolio\\node_modules\\jest-circus\\build\\run.js:252:3)\n    at _runTestsForDescribeBlock (C:\\Users\\johnw\\OneDrive\\Desktop\\portfolio\\node_modules\\jest-circus\\build\\run.js:126:9)\n    at _runTestsForDescribeBlock (C:\\Users\\johnw\\OneDrive\\Desktop\\portfolio\\node_modules\\jest-circus\\build\\run.js:121:9)\n    at _runTestsForDescribeBlock (C:\\Users\\johnw\\OneDrive\\Desktop\\portfolio\\node_modules\\jest-circus\\build\\run.js:121:9)\n    at run (C:\\Users\\johnw\\OneDrive\\Desktop\\portfolio\\node_modules\\jest-circus\\build\\run.js:71:3)\n    at runAndTransformResultsToJestFormat (C:\\Users\\johnw\\OneDrive\\Desktop\\portfolio\\node_modules\\jest-circus\\build\\legacy-code-todo-rewrite\\jestAdapterInit.js:122:21)\n    at jestAdapter (C:\\Users\\johnw\\OneDrive\\Desktop\\portfolio\\node_modules\\jest-circus\\build\\legacy-code-todo-rewrite\\jestAdapter.js:79:19)\n    at runTestInternal (C:\\Users\\johnw\\OneDrive\\Desktop\\portfolio\\node_modules\\jest-runner\\build\\runTest.js:367:16)\n    at runTest (C:\\Users\\johnw\\OneDrive\\Desktop\\portfolio\\node_modules\\jest-runner\\build\\runTest.js:444:34)\n    at Object.worker (C:\\Users\\johnw\\OneDrive\\Desktop\\portfolio\\node_modules\\jest-runner\\build\\testWorker.js:106:12)"
          ],
          "fullName": "Core Utilities truncateText handles edge cases",
          "invocations": 1,
          "location": null,
          "numPassingAsserts": 0,
          "retryReasons": [],
          "status": "failed",
          "title": "handles edge cases"
        }
      ],
      "endTime": 1745990791499,
      "message": "  ● Core Utilities › formatCurrency › handles different currencies\n\n    expect(received).toBe(expected) // Object.is equality\n\n    Expected: \"€1,234.56\"\n    Received: \"$1,234.56\"\n\n    \u001b[0m \u001b[90m 10 |\u001b[39m\n     \u001b[90m 11 |\u001b[39m     it(\u001b[32m'handles different currencies'\u001b[39m\u001b[33m,\u001b[39m () \u001b[33m=>\u001b[39m {\n    \u001b[31m\u001b[1m>\u001b[22m\u001b[39m\u001b[90m 12 |\u001b[39m       expect(formatCurrency(\u001b[35m1234.56\u001b[39m\u001b[33m,\u001b[39m \u001b[32m'EUR'\u001b[39m))\u001b[33m.\u001b[39mtoBe(\u001b[32m'€1,234.56'\u001b[39m)\u001b[33m;\u001b[39m\n     \u001b[90m    |\u001b[39m                                              \u001b[31m\u001b[1m^\u001b[22m\u001b[39m\n     \u001b[90m 13 |\u001b[39m       expect(formatCurrency(\u001b[35m1234.56\u001b[39m\u001b[33m,\u001b[39m \u001b[32m'GBP'\u001b[39m))\u001b[33m.\u001b[39mtoBe(\u001b[32m'£1,234.56'\u001b[39m)\u001b[33m;\u001b[39m\n     \u001b[90m 14 |\u001b[39m       expect(formatCurrency(\u001b[35m1234.56\u001b[39m\u001b[33m,\u001b[39m \u001b[32m'JPY'\u001b[39m))\u001b[33m.\u001b[39mtoBe(\u001b[32m'¥1,235'\u001b[39m)\u001b[33m;\u001b[39m\n     \u001b[90m 15 |\u001b[39m     })\u001b[33m;\u001b[39m\u001b[0m\n\n      at Object.toBe (src/__tests__/lib/helpers/helpers.test.ts:12:46)\n\n  ● Core Utilities › generateId › includes prefix when provided\n\n    expect(received).toMatch(expected)\n\n    Expected pattern: /^test-/\n    Received string:  \"yvs3yht\"\n\n    \u001b[0m \u001b[90m 30 |\u001b[39m     it(\u001b[32m'includes prefix when provided'\u001b[39m\u001b[33m,\u001b[39m () \u001b[33m=>\u001b[39m {\n     \u001b[90m 31 |\u001b[39m       \u001b[36mconst\u001b[39m id \u001b[33m=\u001b[39m generateId(\u001b[32m'test-'\u001b[39m)\u001b[33m;\u001b[39m\n    \u001b[31m\u001b[1m>\u001b[22m\u001b[39m\u001b[90m 32 |\u001b[39m       expect(id)\u001b[33m.\u001b[39mtoMatch(\u001b[35m/^test-/\u001b[39m)\u001b[33m;\u001b[39m\n     \u001b[90m    |\u001b[39m                  \u001b[31m\u001b[1m^\u001b[22m\u001b[39m\n     \u001b[90m 33 |\u001b[39m     })\u001b[33m;\u001b[39m\n     \u001b[90m 34 |\u001b[39m\n     \u001b[90m 35 |\u001b[39m     it(\u001b[32m'generates valid identifiers'\u001b[39m\u001b[33m,\u001b[39m () \u001b[33m=>\u001b[39m {\u001b[0m\n\n      at Object.toMatch (src/__tests__/lib/helpers/helpers.test.ts:32:18)\n\n  ● Core Utilities › generateId › generates valid identifiers\n\n    expect(received).toMatch(expected)\n\n    Expected pattern: /^[0-9]+(-[a-z0-9]+)$/\n    Received string:  \"0pqj2jp\"\n\n    \u001b[0m \u001b[90m 35 |\u001b[39m     it(\u001b[32m'generates valid identifiers'\u001b[39m\u001b[33m,\u001b[39m () \u001b[33m=>\u001b[39m {\n     \u001b[90m 36 |\u001b[39m       \u001b[36mconst\u001b[39m id \u001b[33m=\u001b[39m generateId()\u001b[33m;\u001b[39m\n    \u001b[31m\u001b[1m>\u001b[22m\u001b[39m\u001b[90m 37 |\u001b[39m       expect(id)\u001b[33m.\u001b[39mtoMatch(\u001b[35m/^[0-9]+(-[a-z0-9]+)$/\u001b[39m)\u001b[33m;\u001b[39m\n     \u001b[90m    |\u001b[39m                  \u001b[31m\u001b[1m^\u001b[22m\u001b[39m\n     \u001b[90m 38 |\u001b[39m     })\u001b[33m;\u001b[39m\n     \u001b[90m 39 |\u001b[39m   })\u001b[33m;\u001b[39m\n     \u001b[90m 40 |\u001b[39m\u001b[0m\n\n      at Object.toMatch (src/__tests__/lib/helpers/helpers.test.ts:37:18)\n\n  ● Core Utilities › truncateText › truncates text longer than maxLength\n\n    expect(received).toBe(expected) // Object.is equality\n\n    Expected: \"This is a very lon...\"\n    Received: \"This is a very long ...\"\n\n    \u001b[0m \u001b[90m 42 |\u001b[39m     it(\u001b[32m'truncates text longer than maxLength'\u001b[39m\u001b[33m,\u001b[39m () \u001b[33m=>\u001b[39m {\n     \u001b[90m 43 |\u001b[39m       \u001b[36mconst\u001b[39m longText \u001b[33m=\u001b[39m \u001b[32m'This is a very long text that needs to be truncated'\u001b[39m\u001b[33m;\u001b[39m\n    \u001b[31m\u001b[1m>\u001b[22m\u001b[39m\u001b[90m 44 |\u001b[39m       expect(truncateText(longText\u001b[33m,\u001b[39m \u001b[35m20\u001b[39m))\u001b[33m.\u001b[39mtoBe(\u001b[32m'This is a very lon...'\u001b[39m)\u001b[33m;\u001b[39m\n     \u001b[90m    |\u001b[39m                                          \u001b[31m\u001b[1m^\u001b[22m\u001b[39m\n     \u001b[90m 45 |\u001b[39m     })\u001b[33m;\u001b[39m\n     \u001b[90m 46 |\u001b[39m\n     \u001b[90m 47 |\u001b[39m     it(\u001b[32m'does not truncate text shorter than maxLength'\u001b[39m\u001b[33m,\u001b[39m () \u001b[33m=>\u001b[39m {\u001b[0m\n\n      at Object.toBe (src/__tests__/lib/helpers/helpers.test.ts:44:42)\n\n  ● Core Utilities › truncateText › uses default maxLength of 100\n\n    expect(received).toBe(expected) // Object.is equality\n\n    Expected: \"AAAAAAAAAAAAAAAAAAAAAAAAAAAAAAAAAAAAAAAAAAAAAAAAAAAAAAAAAAAAAAAAAAAAAAAAAAAAAAAAAAAAAAAAAAAAAAAAA...\"\n    Received: \"AAAAAAAAAAAAAAAAAAAAAAAAAAAAAAAAAAAAAAAAAAAAAAAAAAAAAAAAAAAAAAAAAAAAAAAAAAAAAAAAAAAAAAAAAAAAAAAAAAAAAAAAAAAAAAAAAAAAAAAA...\"\n\n    \u001b[0m \u001b[90m 52 |\u001b[39m     it(\u001b[32m'uses default maxLength of 100'\u001b[39m\u001b[33m,\u001b[39m () \u001b[33m=>\u001b[39m {\n     \u001b[90m 53 |\u001b[39m       \u001b[36mconst\u001b[39m text \u001b[33m=\u001b[39m \u001b[32m'A'\u001b[39m\u001b[33m.\u001b[39mrepeat(\u001b[35m120\u001b[39m)\u001b[33m;\u001b[39m\n    \u001b[31m\u001b[1m>\u001b[22m\u001b[39m\u001b[90m 54 |\u001b[39m       expect(truncateText(text))\u001b[33m.\u001b[39mtoBe(\u001b[32m'A'\u001b[39m\u001b[33m.\u001b[39mrepeat(\u001b[35m97\u001b[39m) \u001b[33m+\u001b[39m \u001b[32m'...'\u001b[39m)\u001b[33m;\u001b[39m\n     \u001b[90m    |\u001b[39m                                  \u001b[31m\u001b[1m^\u001b[22m\u001b[39m\n     \u001b[90m 55 |\u001b[39m     })\u001b[33m;\u001b[39m\n     \u001b[90m 56 |\u001b[39m\n     \u001b[90m 57 |\u001b[39m     it(\u001b[32m'handles edge cases'\u001b[39m\u001b[33m,\u001b[39m () \u001b[33m=>\u001b[39m {\u001b[0m\n\n      at Object.toBe (src/__tests__/lib/helpers/helpers.test.ts:54:34)\n\n  ● Core Utilities › truncateText › handles edge cases\n\n    expect(received).toBe(expected) // Object.is equality\n\n    Expected: \"\"\n    Received: \"...\"\n\n    \u001b[0m \u001b[90m 56 |\u001b[39m\n     \u001b[90m 57 |\u001b[39m     it(\u001b[32m'handles edge cases'\u001b[39m\u001b[33m,\u001b[39m () \u001b[33m=>\u001b[39m {\n    \u001b[31m\u001b[1m>\u001b[22m\u001b[39m\u001b[90m 58 |\u001b[39m       expect(truncateText(\u001b[32m''\u001b[39m))\u001b[33m.\u001b[39mtoBe(\u001b[32m''\u001b[39m)\u001b[33m;\u001b[39m\n     \u001b[90m    |\u001b[39m                                \u001b[31m\u001b[1m^\u001b[22m\u001b[39m\n     \u001b[90m 59 |\u001b[39m       expect(truncateText(\u001b[32m'abc'\u001b[39m\u001b[33m,\u001b[39m \u001b[35m3\u001b[39m))\u001b[33m.\u001b[39mtoBe(\u001b[32m'abc'\u001b[39m)\u001b[33m;\u001b[39m\n     \u001b[90m 60 |\u001b[39m       expect(truncateText(\u001b[32m'abcd'\u001b[39m\u001b[33m,\u001b[39m \u001b[35m3\u001b[39m))\u001b[33m.\u001b[39mtoBe(\u001b[32m'...'\u001b[39m)\u001b[33m;\u001b[39m\n     \u001b[90m 61 |\u001b[39m     })\u001b[33m;\u001b[39m\u001b[0m\n\n      at Object.toBe (src/__tests__/lib/helpers/helpers.test.ts:58:32)\n",
      "name": "C:\\Users\\johnw\\OneDrive\\Desktop\\portfolio\\src\\__tests__\\lib\\helpers\\helpers.test.ts",
      "startTime": 1745990788424,
      "status": "failed",
      "summary": ""
    },
    {
      "assertionResults": [
        {
          "ancestorTitles": ["Amazon Calculations", "calculateOptimalPrice"],
          "duration": 30,
          "failureDetails": [],
          "failureMessages": [],
          "fullName": "Amazon Calculations calculateOptimalPrice calculates optimal price based on competitor data",
          "invocations": 1,
          "location": null,
          "numPassingAsserts": 2,
          "retryReasons": [],
          "status": "passed",
          "title": "calculates optimal price based on competitor data"
        },
        {
          "ancestorTitles": ["Amazon Calculations", "calculateOptimalPrice"],
          "duration": 2,
          "failureDetails": [],
          "failureMessages": [],
          "fullName": "Amazon Calculations calculateOptimalPrice handles empty competitor data",
          "invocations": 1,
          "location": null,
          "numPassingAsserts": 1,
          "retryReasons": [],
          "status": "passed",
          "title": "handles empty competitor data"
        },
        {
          "ancestorTitles": ["Amazon Calculations", "calculateACoS"],
          "duration": 2,
          "failureDetails": [],
          "failureMessages": [],
          "fullName": "Amazon Calculations calculateACoS calculates ACoS correctly",
          "invocations": 1,
          "location": null,
          "numPassingAsserts": 1,
          "retryReasons": [],
          "status": "passed",
          "title": "calculates ACoS correctly"
        },
        {
          "ancestorTitles": ["Amazon Calculations", "calculateACoS"],
          "duration": 46,
          "failureDetails": [],
          "failureMessages": [],
          "fullName": "Amazon Calculations calculateACoS handles zero sales",
          "invocations": 1,
          "location": null,
          "numPassingAsserts": 1,
          "retryReasons": [],
          "status": "passed",
          "title": "handles zero sales"
        },
        {
          "ancestorTitles": ["Amazon Calculations", "calculateACoS"],
          "duration": 12,
          "failureDetails": [],
          "failureMessages": [],
          "fullName": "Amazon Calculations calculateACoS handles negative values",
          "invocations": 1,
          "location": null,
          "numPassingAsserts": 1,
          "retryReasons": [],
          "status": "passed",
          "title": "handles negative values"
        },
        {
          "ancestorTitles": ["Amazon Calculations", "calculateProductScore"],
          "duration": 1,
          "failureDetails": [],
          "failureMessages": [],
          "fullName": "Amazon Calculations calculateProductScore calculates product score based on multiple factors",
          "invocations": 1,
          "location": null,
          "numPassingAsserts": 2,
          "retryReasons": [],
          "status": "passed",
          "title": "calculates product score based on multiple factors"
        },
        {
          "ancestorTitles": ["Amazon Calculations", "calculateProductScore"],
          "duration": 3,
          "failureDetails": [],
          "failureMessages": [],
          "fullName": "Amazon Calculations calculateProductScore handles missing data points",
          "invocations": 1,
          "location": null,
          "numPassingAsserts": 2,
          "retryReasons": [],
          "status": "passed",
          "title": "handles missing data points"
        },
        {
          "ancestorTitles": ["Amazon Calculations", "calculateProductScore"],
          "duration": 1,
          "failureDetails": [],
          "failureMessages": [],
          "fullName": "Amazon Calculations calculateProductScore penalizes poor performance metrics",
          "invocations": 1,
          "location": null,
          "numPassingAsserts": 1,
          "retryReasons": [],
          "status": "passed",
          "title": "penalizes poor performance metrics"
        }
      ],
      "endTime": 1745990792114,
      "message": "",
      "name": "C:\\Users\\johnw\\OneDrive\\Desktop\\portfolio\\src\\__tests__\\lib\\calculations\\amazon-calculations.test.ts",
      "startTime": 1745990788486,
      "status": "passed",
      "summary": ""
    },
    {
      "assertionResults": [],
      "coverage": {},
      "endTime": 1745990985543,
      "message": "  ● Test suite failed to run\n\n    Configuration error:\n\n    Could not locate module @/lib/query-client mapped as:\n    C:\\Users\\johnw\\OneDrive\\Desktop\\portfolio\\src\\$1.\n\n    Please check your configuration for these entries:\n    {\n      \"moduleNameMapper\": {\n        \"/^@\\/(.*)$/\": \"C:\\Users\\johnw\\OneDrive\\Desktop\\portfolio\\src\\$1\"\n      },\n      \"resolver\": undefined\n    }\n\n    \u001b[0m \u001b[90m  7 |\u001b[39m\n     \u001b[90m  8 |\u001b[39m \u001b[90m// Import your providers here\u001b[39m\n    \u001b[31m\u001b[1m>\u001b[22m\u001b[39m\u001b[90m  9 |\u001b[39m \u001b[36mimport\u001b[39m { queryClient } \u001b[36mfrom\u001b[39m \u001b[32m'@/lib/query-client'\u001b[39m\u001b[33m;\u001b[39m\n     \u001b[90m    |\u001b[39m \u001b[31m\u001b[1m^\u001b[22m\u001b[39m\n     \u001b[90m 10 |\u001b[39m \u001b[36mimport\u001b[39m { \u001b[33mQueryClientProvider\u001b[39m } \u001b[36mfrom\u001b[39m \u001b[32m'@tanstack/react-query'\u001b[39m\u001b[33m;\u001b[39m\n     \u001b[90m 11 |\u001b[39m \u001b[36mimport\u001b[39m { \u001b[33mThemeProvider\u001b[39m } \u001b[36mfrom\u001b[39m \u001b[32m'next-themes'\u001b[39m\u001b[33m;\u001b[39m\n     \u001b[90m 12 |\u001b[39m\u001b[0m\n\n      at createNoMappedModuleFoundError (node_modules/jest-resolve/build/resolver.js:759:17)\n      at Object.require (src/__tests__/test-utils.tsx:9:1)\n      at Object.require (src/__tests__/lib/dataProcessing/dataProcessing.test.ts:2:1)\n",
      "name": "C:\\Users\\johnw\\OneDrive\\Desktop\\portfolio\\src\\__tests__\\lib\\dataProcessing\\dataProcessing.test.ts",
      "startTime": 1745990985543,
      "status": "failed",
      "summary": ""
    },
    {
      "assertionResults": [],
      "coverage": {},
      "endTime": 1745990985543,
      "message": "  ● Test suite failed to run\n\n    RangeError: Maximum call stack size exceeded\n\n    \u001b[0m \u001b[90m  5 |\u001b[39m\n     \u001b[90m  6 |\u001b[39m jest\u001b[33m.\u001b[39mmock(\u001b[32m'util'\u001b[39m\u001b[33m,\u001b[39m () \u001b[33m=>\u001b[39m {\n    \u001b[31m\u001b[1m>\u001b[22m\u001b[39m\u001b[90m  7 |\u001b[39m   \u001b[36mconst\u001b[39m { \u001b[33mTextEncoder\u001b[39m\u001b[33m,\u001b[39m \u001b[33mTextDecoder\u001b[39m } \u001b[33m=\u001b[39m require(\u001b[32m'util'\u001b[39m)\u001b[33m;\u001b[39m\n     \u001b[90m    |\u001b[39m                                        \u001b[31m\u001b[1m^\u001b[22m\u001b[39m\n     \u001b[90m  8 |\u001b[39m   \u001b[36mreturn\u001b[39m {\n     \u001b[90m  9 |\u001b[39m     \u001b[33mTextEncoder\u001b[39m\u001b[33m:\u001b[39m \u001b[33mTextEncoder\u001b[39m\u001b[33m,\u001b[39m\n     \u001b[90m 10 |\u001b[39m     \u001b[33mTextDecoder\u001b[39m\u001b[33m:\u001b[39m \u001b[33mTextDecoder\u001b[39m\u001b[33m,\u001b[39m\u001b[0m\n\n      at Resolver.getModuleID (node_modules/jest-resolve/build/resolver.js:522:14)\n      at require (src/__tests__/integration/api/endpoints.test.ts:7:40)\n      at require (src/__tests__/integration/api/endpoints.test.ts:7:40)\n      at require (src/__tests__/integration/api/endpoints.test.ts:7:40)\n      at require (src/__tests__/integration/api/endpoints.test.ts:7:40)\n      at require (src/__tests__/integration/api/endpoints.test.ts:7:40)\n      at require (src/__tests__/integration/api/endpoints.test.ts:7:40)\n      at require (src/__tests__/integration/api/endpoints.test.ts:7:40)\n      at require (src/__tests__/integration/api/endpoints.test.ts:7:40)\n      at require (src/__tests__/integration/api/endpoints.test.ts:7:40)\n      at require (src/__tests__/integration/api/endpoints.test.ts:7:40)\n      at require (src/__tests__/integration/api/endpoints.test.ts:7:40)\n      at require (src/__tests__/integration/api/endpoints.test.ts:7:40)\n      at require (src/__tests__/integration/api/endpoints.test.ts:7:40)\n      at require (src/__tests__/integration/api/endpoints.test.ts:7:40)\n      at require (src/__tests__/integration/api/endpoints.test.ts:7:40)\n      at require (src/__tests__/integration/api/endpoints.test.ts:7:40)\n      at require (src/__tests__/integration/api/endpoints.test.ts:7:40)\n      at require (src/__tests__/integration/api/endpoints.test.ts:7:40)\n      at require (src/__tests__/integration/api/endpoints.test.ts:7:40)\n      at require (src/__tests__/integration/api/endpoints.test.ts:7:40)\n      at require (src/__tests__/integration/api/endpoints.test.ts:7:40)\n      at require (src/__tests__/integration/api/endpoints.test.ts:7:40)\n      at require (src/__tests__/integration/api/endpoints.test.ts:7:40)\n      at require (src/__tests__/integration/api/endpoints.test.ts:7:40)\n      at require (src/__tests__/integration/api/endpoints.test.ts:7:40)\n      at require (src/__tests__/integration/api/endpoints.test.ts:7:40)\n      at require (src/__tests__/integration/api/endpoints.test.ts:7:40)\n      at require (src/__tests__/integration/api/endpoints.test.ts:7:40)\n      at require (src/__tests__/integration/api/endpoints.test.ts:7:40)\n      at require (src/__tests__/integration/api/endpoints.test.ts:7:40)\n      at require (src/__tests__/integration/api/endpoints.test.ts:7:40)\n      at require (src/__tests__/integration/api/endpoints.test.ts:7:40)\n      at require (src/__tests__/integration/api/endpoints.test.ts:7:40)\n",
      "name": "C:\\Users\\johnw\\OneDrive\\Desktop\\portfolio\\src\\__tests__\\integration\\api\\endpoints.test.ts",
      "startTime": 1745990985543,
      "status": "failed",
      "summary": ""
    },
    {
      "assertionResults": [],
      "coverage": {},
      "endTime": 1745990985543,
      "message": "  ● Test suite failed to run\n\n    Configuration error:\n\n    Could not locate module @/lib/query-client mapped as:\n    C:\\Users\\johnw\\OneDrive\\Desktop\\portfolio\\src\\$1.\n\n    Please check your configuration for these entries:\n    {\n      \"moduleNameMapper\": {\n        \"/^@\\/(.*)$/\": \"C:\\Users\\johnw\\OneDrive\\Desktop\\portfolio\\src\\$1\"\n      },\n      \"resolver\": undefined\n    }\n\n    \u001b[0m \u001b[90m  7 |\u001b[39m\n     \u001b[90m  8 |\u001b[39m \u001b[90m// Import your providers here\u001b[39m\n    \u001b[31m\u001b[1m>\u001b[22m\u001b[39m\u001b[90m  9 |\u001b[39m \u001b[36mimport\u001b[39m { queryClient } \u001b[36mfrom\u001b[39m \u001b[32m'@/lib/query-client'\u001b[39m\u001b[33m;\u001b[39m\n     \u001b[90m    |\u001b[39m \u001b[31m\u001b[1m^\u001b[22m\u001b[39m\n     \u001b[90m 10 |\u001b[39m \u001b[36mimport\u001b[39m { \u001b[33mQueryClientProvider\u001b[39m } \u001b[36mfrom\u001b[39m \u001b[32m'@tanstack/react-query'\u001b[39m\u001b[33m;\u001b[39m\n     \u001b[90m 11 |\u001b[39m \u001b[36mimport\u001b[39m { \u001b[33mThemeProvider\u001b[39m } \u001b[36mfrom\u001b[39m \u001b[32m'next-themes'\u001b[39m\u001b[33m;\u001b[39m\n     \u001b[90m 12 |\u001b[39m\u001b[0m\n\n      at createNoMappedModuleFoundError (node_modules/jest-resolve/build/resolver.js:759:17)\n      at Object.require (src/__tests__/test-utils.tsx:9:1)\n      at Object.require (src/__tests__/components/ErrorBoundary/ErrorBoundary.test.tsx:2:1)\n",
      "name": "C:\\Users\\johnw\\OneDrive\\Desktop\\portfolio\\src\\__tests__\\components\\ErrorBoundary\\ErrorBoundary.test.tsx",
      "startTime": 1745990985543,
      "status": "failed",
      "summary": ""
    },
    {
      "assertionResults": [
        {
          "ancestorTitles": ["Component Interactions"],
          "duration": 147,
          "failureDetails": [{ "name": "TestingLibraryElementError" }],
          "failureMessages": [
            "TestingLibraryElementError: Unable to find an element by: [data-testid=\"file-upload-input\"]\n\nIgnored nodes: comments, script, style\n\u001b[36m<body>\u001b[39m\n  \u001b[36m<div>\u001b[39m\n    \u001b[36m<div\u001b[39m\n      \u001b[33mclass\u001b[39m=\u001b[32m\"space-y-6\"\u001b[39m\n    \u001b[36m>\u001b[39m\n      \u001b[36m<div\u001b[39m\n        \u001b[33mclass\u001b[39m=\u001b[32m\"bg-blue-50 dark:bg-blue-900/20 p-4 rounded-lg flex items-start gap-3\"\u001b[39m\n      \u001b[36m>\u001b[39m\n        \u001b[36m<svg\u001b[39m\n          \u001b[33mclass\u001b[39m=\u001b[32m\"lucide lucide-info h-5 w-5 text-blue-500 mt-0.5 flex-shrink-0\"\u001b[39m\n          \u001b[33mfill\u001b[39m=\u001b[32m\"none\"\u001b[39m\n          \u001b[33mheight\u001b[39m=\u001b[32m\"24\"\u001b[39m\n          \u001b[33mstroke\u001b[39m=\u001b[32m\"currentColor\"\u001b[39m\n          \u001b[33mstroke-linecap\u001b[39m=\u001b[32m\"round\"\u001b[39m\n          \u001b[33mstroke-linejoin\u001b[39m=\u001b[32m\"round\"\u001b[39m\n          \u001b[33mstroke-width\u001b[39m=\u001b[32m\"2\"\u001b[39m\n          \u001b[33mviewBox\u001b[39m=\u001b[32m\"0 0 24 24\"\u001b[39m\n          \u001b[33mwidth\u001b[39m=\u001b[32m\"24\"\u001b[39m\n          \u001b[33mxmlns\u001b[39m=\u001b[32m\"http://www.w3.org/2000/svg\"\u001b[39m\n        \u001b[36m>\u001b[39m\n          \u001b[36m<circle\u001b[39m\n            \u001b[33mcx\u001b[39m=\u001b[32m\"12\"\u001b[39m\n            \u001b[33mcy\u001b[39m=\u001b[32m\"12\"\u001b[39m\n            \u001b[33mr\u001b[39m=\u001b[32m\"10\"\u001b[39m\n          \u001b[36m/>\u001b[39m\n          \u001b[36m<path\u001b[39m\n            \u001b[33md\u001b[39m=\u001b[32m\"M12 16v-4\"\u001b[39m\n          \u001b[36m/>\u001b[39m\n          \u001b[36m<path\u001b[39m\n            \u001b[33md\u001b[39m=\u001b[32m\"M12 8h.01\"\u001b[39m\n          \u001b[36m/>\u001b[39m\n        \u001b[36m</svg>\u001b[39m\n        \u001b[36m<div\u001b[39m\n          \u001b[33mclass\u001b[39m=\u001b[32m\"text-sm text-blue-700 dark:text-blue-300\"\u001b[39m\n        \u001b[36m>\u001b[39m\n          \u001b[36m<p\u001b[39m\n            \u001b[33mclass\u001b[39m=\u001b[32m\"font-medium\"\u001b[39m\n          \u001b[36m>\u001b[39m\n            \u001b[0mHow it Works:\u001b[0m\n          \u001b[36m</p>\u001b[39m\n          \u001b[36m<ul\u001b[39m\n            \u001b[33mclass\u001b[39m=\u001b[32m\"list-disc list-inside ml-4\"\u001b[39m\n          \u001b[36m>\u001b[39m\n            \u001b[36m<li>\u001b[39m\n              \u001b[0mUpload a CSV with listing details (product, title, description, bullet_points, images, keywords).\u001b[0m\n            \u001b[36m</li>\u001b[39m\n            \u001b[36m<li>\u001b[39m\n              \u001b[0mAlternatively, enter an ASIN to fetch and analyze (mock data used for demo).\u001b[0m\n            \u001b[36m</li>\u001b[39m\n            \u001b[36m<li>\u001b[39m\n              \u001b[0mThe tool checks for completeness, length requirements, and keyword presence.\u001b[0m\n            \u001b[36m</li>\u001b[39m\n            \u001b[36m<li>\u001b[39m\n              \u001b[0mA quality score (0-100) is calculated based on detected issues.\u001b[0m\n            \u001b[36m</li>\u001b[39m\n            \u001b[36m<li>\u001b[39m\n              \u001b[0mView issues and suggestions for each listing.\u001b[0m\n            \u001b[36m</li>\u001b[39m\n          \u001b[36m</ul>\u001b[39m\n        \u001b[36m</div>\u001b[39m\n      \u001b[36m</div>\u001b[39m\n      \u001b[36m<div\u001b[39m\n        \u001b[33mclass\u001b[39m=\u001b[32m\"grid grid-cols-1 md:grid-cols-2 gap-6\"\u001b[39m\n      \u001b[36m>\u001b[39m\n        \u001b[36m<div\u001b[39m\n          \u001b[33mclass\u001b[39m=\u001b[32m\"rounded-lg border bg-card text-card-foreground shadow-sm flex-1 undefined\"\u001b[39m\n        \u001b[36m>\u001b[39m\n          \u001b[36m<div\u001b[39m\n            \u001b[33mclass\u001b[39m=\u001b[32m\"p-4\"\u001b[39m\n          \u001b[36m>\u001b[39m\n            \u001b[36m<div\u001b[39m\n              \u001b[33mclass\u001b[39m=\u001b[32m\"p-6\"\u001b[39m\n            \u001b[36m>\u001b[39m\n              \u001b[36m<div\u001b[39m\n                \u001b[33mclass\u001b[39m=\u001b[32m\"flex flex-col items-center justify-center gap-4 text-center\"\u001b[39m\n              \u001b[36m>\u001b[39m\n                \u001b[36m<div\u001b[39m\n                  \u001b[33mclass\u001b[39m=\u001b[32m\"rounded-full bg-primary/10 p-3\"\u001b[39m\n                \u001b[36m>\u001b[39m\n                  \u001b[36m<svg\u001b[39m\n                    \u001b[33mclass\u001b[39m=\u001b[32m\"lucide lucide-upload h-6 w-6 text-primary\"\u001b[39m\n                    \u001b[33mfill\u001b[39m=\u001b[32m\"none\"\u001b[39m\n                    \u001b[33mheight\u001b[39m=\u001b[32m\"24\"\u001b[39m\n                    \u001b[33mstroke\u001b[39m=\u001b[32m\"currentColor\"\u001b[39m\n                    \u001b[33mstroke-linecap\u001b[39m=\u001b[32m\"round\"\u001b[39m\n                    \u001b[33mstroke-linejoin\u001b[39m=\u001b[32m\"round\"\u001b[39m\n                    \u001b[33mstroke-width\u001b[39m=\u001b[32m\"2\"\u001b[39m\n                    \u001b[33mviewBox\u001b[39m=\u001b[32m\"0 0 24 24\"\u001b[39m\n                    \u001b[33mwidth\u001b[39m=\u001b[32m\"24\"\u001b[39m\n                    \u001b[33mxmlns\u001b[39m=\u001b[32m\"http://www.w3.org/2000/svg\"\u001b[39m\n                  \u001b[36m>\u001b[39m\n                    \u001b[36m<path\u001b[39m\n                      \u001b[33md\u001b[39m=\u001b[32m\"M21 15v4a2 2 0 0 1-2 2H5a2 2 0 0 1-2-2v-4\"\u001b[39m\n                    \u001b[36m/>\u001b[39m\n                    \u001b[36m<polyline\u001b[39m\n                      \u001b[33mpoints\u001b[39m=\u001b[32m\"17 8 12 3 7 8\"\u001b[39m\n                    \u001b[36m/>\u001b[39m\n                    \u001b[36m<line\u001b[39m\n                      \u001b[33mx1\u001b[39m=\u001b[32m\"12\"\u001b[39m\n                      \u001b[33mx2\u001b[39m=\u001b[32m\"12\"\u001b[39m\n                      \u001b[33my1\u001b[39m=\u001b[32m\"3\"\u001b[39m\n                      \u001b[33my2\u001b[39m=\u001b[32m\"15\"\u001b[39m\n                    \u001b[36m/>\u001b[39m\n                  \u001b[36m</svg>\u001b[39m\n                \u001b[36m</div>\u001b[39m\n                \u001b[36m<div>\u001b[39m\n                  \u001b[36m<h3\u001b[39m\n                    \u001b[33mclass\u001b[39m=\u001b[32m\"text-lg font-medium\"\u001b[39m\n                  \u001b[36m>\u001b[39m\n                    \u001b[0mUpload Listings CSV\u001b[0m\n                  \u001b[36m</h3>\u001b[39m\n                  \u001b[36m<p\u001b[39m\n                    \u001b[33mclass\u001b[39m=\u001b[32m\"text-sm text-muted-foreground mb-4\"\u001b[39m\n                  \u001b[36m>\u001b[39m\n                    \u001b[0mBulk analyze listings from a CSV file\u001b[0m\n                  \u001b[36m</p>\u001b[39m\n                \u001b[36m</div>\u001b[39m\n                \u001b[36m<div\u001b[39m\n                  \u001b[33mclass\u001b[39m=\u001b[32m\"w-full\"\u001b[39m\n                \u001b[36m>\u001b[39m\n                  \u001b[36m<label\u001b[39m\n                    \u001b[33mclass\u001b[39m=\u001b[32m\"relative flex w-full cursor-pointer flex-col items-center justify-center rounded-lg border-2 border-dashed border-primary/40 bg-background p-6 text-center transition-colors hover:bg-primary/5\"\u001b[39m\n                  \u001b[36m>\u001b[39m\n                    \u001b[36m<svg\u001b[39m\n                      \u001b[33mclass\u001b[39m=\u001b[32m\"lucide lucide-file-text mb-2 h-8 w-8 text-primary/60\"\u001b[39m\n                      \u001b[33mfill\u001b[39m=\u001b[32m\"none\"\u001b[39m\n                      \u001b[33mheight\u001b[39m=\u001b[32m\"24\"\u001b[39m\n                      \u001b[33mstroke\u001b[39m=\u001b[32m\"currentColor\"\u001b[39m\n                      \u001b[33mstroke-linecap\u001b[39m=\u001b[32m\"round\"\u001b[39m\n                      \u001b[33mstroke-linejoin\u001b[39m=\u001b[32m\"round\"\u001b[39m\n                      \u001b[33mstroke-width\u001b[39m=\u001b[32m\"2\"\u001b[39m\n                      \u001b[33mviewBox\u001b[39m=\u001b[32m\"0 0 24 24\"\u001b[39m\n                      \u001b[33mwidth\u001b[39m=\u001b[32m\"24\"\u001b[39m\n                      \u001b[33mxmlns\u001b[39m=\u001b[32m\"http://www.w3.org/2000/svg\"\u001b[39m\n                    \u001b[36m>\u001b[39m\n                      \u001b[36m<path\u001b[39m\n                        \u001b[33md\u001b[39m=\u001b[32m\"M15 2H6a2 2 0 0 0-2 2v16a2 2 0 0 0 2 2h12a2 2 0 0 0 2-2V7Z\"\u001b[39m\n                      \u001b[36m/>\u001b[39m\n                      \u001b[36m<path\u001b[39m\n                        \u001b[33md\u001b[39m=\u001b[32m\"M14 2v4a2 2 0 0 0 2 2h4\"\u001b[39m\n                      \u001b[36m/>\u001b[39m\n                      \u001b[36m<path\u001b[39m\n                        \u001b[33md\u001b[39m=\u001b[32m\"M10 9H8\"\u001b[39m\n                      \u001b[36m/>\u001b[39m\n                      \u001b[36m<path\u001b[39m\n                        \u001b[33md\u001b[39m=\u001b[32m\"M16 13H8\"\u001b[39m\n                      \u001b[36m/>\u001b[39m\n                      \u001b[36m<path\u001b[39m\n                        \u001b[33md\u001b[39m=\u001b[32m\"M16 17H8\"\u001b[39m\n                      \u001b[36m/>\u001b[39m\n                    \u001b[36m</svg>\u001b[39m\n                    \u001b[36m<span\u001b[39m\n                      \u001b[33mclass\u001b[39m=\u001b[32m\"text-sm font-medium\"\u001b[39m\n                    \u001b[36m>\u001b[39m\n                      \u001b[0mClick or drag CSV file here\u001b[0m\n                    \u001b[36m</span>\u001b[39m\n                    \u001b[36m<span\u001b[39m\n                      \u001b[33mclass\u001b[39m=\u001b[32m\"text-xs text-muted-foreground mt-1\"\u001b[39m\n                    \u001b[36m>\u001b[39m\n                      \u001b[0m(Requires: \u001b[0m\n                      \u001b[0mproduct, title, description, bullet_points, images, keywords\u001b[0m\n                      \u001b[0m)\u001b[0m\n                    \u001b[36m</span>\u001b[39m\n                    \u001b[36m<input\u001b[39m\n                      \u001b[33maccept\u001b[39m=\u001b[32m\".csv, text/csv\"\u001b[39m\n                      \u001b[33mclass\u001b[39m=\u001b[32m\"hidden\"\u001b[39m\n                      \u001b[33mtype\u001b[39m=\u001b[32m\"file\"\u001b[39m\n                    \u001b[36m/>\u001b[39m\n                  \u001b[36m</label>\u001b[39m\n                  \u001b[36m<button\u001b[39m\n                    \u001b[33mclass\u001b[39m=\u001b[32m\"inline-flex items-center justify-center text-sm font-medium ring-offset-background transition-colors focus-visible:outline-none focus-visible:ring-2 focus-visible:ring-ring focus-visible:ring-offset-2 disabled:pointer-events-none disabled:opacity-50 border border-input bg-background hover:bg-accent hover:text-accent-foreground h-9 rounded-md px-3 mt-4\"\u001b[39m\n                  \u001b[36m>\u001b[39m\n                    \u001b[36m<svg\u001b[39m\n                      \u001b[33mclass\u001b[39m=\u001b[32m\"lucide lucide-download mr-2 h-4 w-4\"\u001b[39m\n                      \u001b[33mfill\u001b[39m=\u001b[32m\"none\"\u001b[39m\n                      \u001b[33mheight\u001b[39m=\u001b[32m\"24\"\u001b[39m\n                      \u001b[33mstroke\u001b[39m=\u001b[32m\"currentColor\"\u001b[39m\n                      \u001b[33mstroke-linecap\u001b[39m=\u001b[32m\"round\"\u001b[39m\n                      \u001b[33mstroke-linejoin\u001b[39m=\u001b[32m\"round\"\u001b[39m\n                      \u001b[33mstroke-width\u001b[39m=\u001b[32m\"2\"\u001b[39m\n                      \u001b[33mviewBox\u001b[39m=\u001b[32m\"0 0 24 24\"\u001b[39m\n                      \u001b[33mwidth\u001b[39m=\u001b[32m\"24\"\u001b[39m\n                      \u001b[33mxmlns\u001b[39m=\u001b[32m\"http://www.w3.org/2000/svg\"\u001b[39m\n                    \u001b[36m>\u001b[39m\n                      \u001b[36m<path\u001b[39m\n                        \u001b[33md\u001b[39m=\u001b[32m\"M21 15v4a2 2 0 0 1-2 2H5a2 2 0 0 1-2-2v-4\"\u001b[39m\n                      \u001b[36m/>\u001b[39m\n                      \u001b[36m<polyline\u001b[39m\n                        \u001b[33mpoints\u001b[39m=\u001b[32m\"7 10 12 15 17 10\"\u001b[39m\n                      \u001b[36m/>\u001b[39m\n                      \u001b[36m<line\u001b[39m\n                        \u001b[33mx1\u001b[39m=\u001b[32m\"12\"\u001b[39m\n                        \u001b[33mx2\u001b[39m=\u001b[32m\"12\"\u001b[39m\n                        \u001b[33my1\u001b[39m=\u001b[32m\"15\"\u001b[39m\n                        \u001b[33my2\u001b[39m=\u001b[32m\"3\"\u001b[39m\n                      \u001b[36m/>\u001b[39m\n                    \u001b[36m</svg>\u001b[39m\n                    \u001b[0mDownload Sample CSV\u001b[0m\n                  \u001b[36m</button>\u001b[39m\n                \u001b[36m</div>\u001b[39m\n              \u001b[36m</div>\u001b[39m\n            \u001b[36m</div>\u001b[39m\n          \u001b[36m</div>\u001b[39m\n        \u001b[36m</div>\u001b[39m\n        \u001b[36m<div\u001b[39m\n          \u001b[33mclass\u001b[39m=\u001b[32m\"rounded-lg border bg-card text-card-foreground shadow-sm flex-1 undefined\"\u001b[39m\n        \u001b[36m>\u001b[39m\n          \u001b[36m<div\u001b[39m\n            \u001b[33mclass\u001b[39m=\u001b[32m\"p-4\"\u001b[39m\n          \u001b[36m>\u001b[39m\n            \u001b[36m<div\u001b[39m\n              \u001b[33mclass\u001b[39m=\u001b[32m\"p-6\"\u001b[39m\n            \u001b[36m>\u001b[39m\n              \u001b[36m<h3\u001b[39m\n                \u001b[33mclass\u001b[39m=\u001b[32m\"text-lg font-medium mb-4 text-center sm:text-left\"\u001b[39m\n              \u001b[36m>\u001b[39m\n                \u001b[0mCheck Single Listing by ASIN\u001b[0m\n              \u001b[36m</h3>\u001b[39m\n              \u001b[36m<div\u001b[39m\n                \u001b[33mclass\u001b[39m=\u001b[32m\"space-y-4\"\u001b[39m\n              \u001b[36m>\u001b[39m\n                \u001b[36m<div>\u001b[39m\n                  \u001b[36m<label\u001b[39m\n                    \u001b[33mclass\u001b[39m=\u001b[32m\"peer-disabled:cursor-not-allowed peer-disabled:opacity-70 text-sm font-medium\"\u001b[39m\n                    \u001b[33mfor\u001b[39m=\u001b[32m\"asin-input\"\u001b[39m\n                  \u001b[36m>\u001b[39m\n                    \u001b[0mAmazon ASIN\u001b[0m\n                  \u001b[36m</label>\u001b[39m\n                  \u001b[36m<div\u001b[39m\n                    \u001b[33mclass\u001b[39m=\u001b[32m\"flex flex-col sm:flex-row gap-2 mt-1\"\u001b[39m\n                  \u001b[36m>\u001b[39m\n                    \u001b[36m<input\u001b[39m\n                      \u001b[33mclass\u001b[39m=\u001b[32m\"flex h-10 w-full rounded-md border border-input bg-background px-3 py-2 text-sm ring-offset-background file:border-0 file:bg-transparent file:text-sm file:font-medium placeholder:text-muted-foreground focus-visible:outline-none focus-visible:ring-2 focus-visible:ring-ring focus-visible:ring-offset-2 disabled:cursor-not-allowed disabled:opacity-50 flex-grow\"\u001b[39m\n                      \u001b[33mid\u001b[39m=\u001b[32m\"asin-input\"\u001b[39m\n                      \u001b[33mplaceholder\u001b[39m=\u001b[32m\"Enter ASIN (e.g., B08N5KWB9H)\"\u001b[39m\n                      \u001b[33mvalue\u001b[39m=\u001b[32m\"\"\u001b[39m\n                    \u001b[36m/>\u001b[39m\n                    \u001b[36m<button\u001b[39m\n                      \u001b[33mclass\u001b[39m=\u001b[32m\"inline-flex items-center justify-center rounded-md text-sm font-medium ring-offset-background transition-colors focus-visible:outline-none focus-visible:ring-2 focus-visible:ring-ring focus-visible:ring-offset-2 disabled:pointer-events-none disabled:opacity-50 bg-primary text-primary-foreground hover:bg-primary/90 h-10 px-4 py-2 w-full sm:w-auto\"\u001b[39m\n                      \u001b[33mdisabled\u001b[39m=\u001b[32m\"\"\u001b[39m\n                    \u001b[36m>\u001b[39m\n                      \u001b[36m<svg\u001b[39m\n                        \u001b[33mclass\u001b[39m=\u001b[32m\"lucide lucide-search mr-2 h-4 w-4\"\u001b[39m\n                        \u001b[33mfill\u001b[39m=\u001b[32m\"none\"\u001b[39m\n                        \u001b[33mheight\u001b[39m=\u001b[32m\"24\"\u001b[39m\n                        \u001b[33mstroke\u001b[39m=\u001b[32m\"currentColor\"\u001b[39m\n                        \u001b[33mstroke-linecap\u001b[39m=\u001b[32m\"round\"\u001b[39m\n                        \u001b[33mstroke-linejoin\u001b[39m=\u001b[32m\"round\"\u001b[39m\n                        \u001b[33mstroke-width\u001b[39m=\u001b[32m\"2\"\u001b[39m\n                        \u001b[33mviewBox\u001b[39m=\u001b[32m\"0 0 24 24\"\u001b[39m\n                        \u001b[33mwidth\u001b[39m=\u001b[32m\"24\"\u001b[39m\n                        \u001b[33mxmlns\u001b[39m=\u001b[32m\"http://www.w3.org/2000/svg\"\u001b[39m\n                      \u001b[36m>\u001b[39m\n                        \u001b[36m<circle\u001b[39m\n                          \u001b[33mcx\u001b[39m=\u001b[32m\"11\"\u001b[39m\n                          \u001b[33mcy\u001b[39m=\u001b[32m\"11\"\u001b[39m\n                          \u001b[33mr\u001b[39m=\u001b[32m\"8\"\u001b[39m\n                        \u001b[36m/>\u001b[39m\n                        \u001b[36m<path\u001b[39m\n                          \u001b[33md\u001b[39m=\u001b[32m\"m21 21-4.3-4.3\"\u001b[39m\n                        \u001b[36m/>\u001b[39m\n                      \u001b[36m</svg>\u001b[39m\n                      \u001b[0mCheck ASIN\u001b[0m\n                    \u001b[36m</button>\u001b[39m\n                  \u001b[36m</div>\u001b[39m\n                  \u001b[36m<p\u001b[39m\n                    \u001b[33mclass\u001b[39m=\u001b[32m\"mt-1 text-xs text-muted-foreground\"\u001b[39m\n                  \u001b[36m>\u001b[39m\n                    \u001b[0mUses mock data for demonstration. Replace with actual API call.\u001b[0m\n                  \u001b[36m</p>\u001b[39m\n                \u001b[36m</div>\u001b[39m\n              \u001b[36m</div>\u001b[39m\n            \u001b[36m</div>\u001b[39m\n          \u001b[36m</div>\u001b[39m\n        \u001b[36m</div>\u001b[39m\n      \u001b[36m</div>\u001b[39m\n    \u001b[36m</div>\u001b[39m\n  \u001b[36m</div>\u001b[39m\n\u001b[36m</body>\u001b[39m\n    at Object.getElementError (C:\\Users\\johnw\\OneDrive\\Desktop\\portfolio\\node_modules\\@testing-library\\react\\node_modules\\@testing-library\\dom\\dist\\config.js:37:19)\n    at C:\\Users\\johnw\\OneDrive\\Desktop\\portfolio\\node_modules\\@testing-library\\react\\node_modules\\@testing-library\\dom\\dist\\query-helpers.js:76:38\n    at C:\\Users\\johnw\\OneDrive\\Desktop\\portfolio\\node_modules\\@testing-library\\react\\node_modules\\@testing-library\\dom\\dist\\query-helpers.js:52:17\n    at C:\\Users\\johnw\\OneDrive\\Desktop\\portfolio\\node_modules\\@testing-library\\react\\node_modules\\@testing-library\\dom\\dist\\query-helpers.js:95:19\n    at Object.getByTestId (C:\\Users\\johnw\\OneDrive\\Desktop\\portfolio\\src\\__tests__\\integration\\components\\interactions.test.tsx:16:30)\n    at Promise.then.completed (C:\\Users\\johnw\\OneDrive\\Desktop\\portfolio\\node_modules\\jest-circus\\build\\utils.js:298:28)\n    at new Promise (<anonymous>)\n    at callAsyncCircusFn (C:\\Users\\johnw\\OneDrive\\Desktop\\portfolio\\node_modules\\jest-circus\\build\\utils.js:231:10)\n    at _callCircusTest (C:\\Users\\johnw\\OneDrive\\Desktop\\portfolio\\node_modules\\jest-circus\\build\\run.js:316:40)\n    at processTicksAndRejections (node:internal/process/task_queues:105:5)\n    at _runTest (C:\\Users\\johnw\\OneDrive\\Desktop\\portfolio\\node_modules\\jest-circus\\build\\run.js:252:3)\n    at _runTestsForDescribeBlock (C:\\Users\\johnw\\OneDrive\\Desktop\\portfolio\\node_modules\\jest-circus\\build\\run.js:126:9)\n    at _runTestsForDescribeBlock (C:\\Users\\johnw\\OneDrive\\Desktop\\portfolio\\node_modules\\jest-circus\\build\\run.js:121:9)\n    at run (C:\\Users\\johnw\\OneDrive\\Desktop\\portfolio\\node_modules\\jest-circus\\build\\run.js:71:3)\n    at runAndTransformResultsToJestFormat (C:\\Users\\johnw\\OneDrive\\Desktop\\portfolio\\node_modules\\jest-circus\\build\\legacy-code-todo-rewrite\\jestAdapterInit.js:122:21)\n    at jestAdapter (C:\\Users\\johnw\\OneDrive\\Desktop\\portfolio\\node_modules\\jest-circus\\build\\legacy-code-todo-rewrite\\jestAdapter.js:79:19)\n    at runTestInternal (C:\\Users\\johnw\\OneDrive\\Desktop\\portfolio\\node_modules\\jest-runner\\build\\runTest.js:367:16)\n    at runTest (C:\\Users\\johnw\\OneDrive\\Desktop\\portfolio\\node_modules\\jest-runner\\build\\runTest.js:444:34)\n    at Object.worker (C:\\Users\\johnw\\OneDrive\\Desktop\\portfolio\\node_modules\\jest-runner\\build\\testWorker.js:106:12)"
          ],
          "fullName": "Component Interactions updates store on file upload",
          "invocations": 1,
          "location": null,
          "numPassingAsserts": 0,
          "retryReasons": [],
          "status": "failed",
          "title": "updates store on file upload"
        },
        {
          "ancestorTitles": ["Component Interactions"],
          "duration": 44,
          "failureDetails": [{ "name": "TestingLibraryElementError" }],
          "failureMessages": [
            "TestingLibraryElementError: Unable to find an element with the text: Process Data. This could be because the text is broken up by multiple elements. In this case, you can provide a function for your text matcher to make your matcher more flexible.\n\nIgnored nodes: comments, script, style\n\u001b[36m<body>\u001b[39m\n  \u001b[36m<div>\u001b[39m\n    \u001b[36m<div\u001b[39m\n      \u001b[33mclass\u001b[39m=\u001b[32m\"space-y-6\"\u001b[39m\n    \u001b[36m>\u001b[39m\n      \u001b[36m<div\u001b[39m\n        \u001b[33mclass\u001b[39m=\u001b[32m\"bg-blue-50 dark:bg-blue-900/20 p-4 rounded-lg flex items-start gap-3\"\u001b[39m\n      \u001b[36m>\u001b[39m\n        \u001b[36m<svg\u001b[39m\n          \u001b[33mclass\u001b[39m=\u001b[32m\"lucide lucide-info h-5 w-5 text-blue-500 mt-0.5 flex-shrink-0\"\u001b[39m\n          \u001b[33mfill\u001b[39m=\u001b[32m\"none\"\u001b[39m\n          \u001b[33mheight\u001b[39m=\u001b[32m\"24\"\u001b[39m\n          \u001b[33mstroke\u001b[39m=\u001b[32m\"currentColor\"\u001b[39m\n          \u001b[33mstroke-linecap\u001b[39m=\u001b[32m\"round\"\u001b[39m\n          \u001b[33mstroke-linejoin\u001b[39m=\u001b[32m\"round\"\u001b[39m\n          \u001b[33mstroke-width\u001b[39m=\u001b[32m\"2\"\u001b[39m\n          \u001b[33mviewBox\u001b[39m=\u001b[32m\"0 0 24 24\"\u001b[39m\n          \u001b[33mwidth\u001b[39m=\u001b[32m\"24\"\u001b[39m\n          \u001b[33mxmlns\u001b[39m=\u001b[32m\"http://www.w3.org/2000/svg\"\u001b[39m\n        \u001b[36m>\u001b[39m\n          \u001b[36m<circle\u001b[39m\n            \u001b[33mcx\u001b[39m=\u001b[32m\"12\"\u001b[39m\n            \u001b[33mcy\u001b[39m=\u001b[32m\"12\"\u001b[39m\n            \u001b[33mr\u001b[39m=\u001b[32m\"10\"\u001b[39m\n          \u001b[36m/>\u001b[39m\n          \u001b[36m<path\u001b[39m\n            \u001b[33md\u001b[39m=\u001b[32m\"M12 16v-4\"\u001b[39m\n          \u001b[36m/>\u001b[39m\n          \u001b[36m<path\u001b[39m\n            \u001b[33md\u001b[39m=\u001b[32m\"M12 8h.01\"\u001b[39m\n          \u001b[36m/>\u001b[39m\n        \u001b[36m</svg>\u001b[39m\n        \u001b[36m<div\u001b[39m\n          \u001b[33mclass\u001b[39m=\u001b[32m\"text-sm text-blue-700 dark:text-blue-300\"\u001b[39m\n        \u001b[36m>\u001b[39m\n          \u001b[36m<p\u001b[39m\n            \u001b[33mclass\u001b[39m=\u001b[32m\"font-medium\"\u001b[39m\n          \u001b[36m>\u001b[39m\n            \u001b[0mHow it Works:\u001b[0m\n          \u001b[36m</p>\u001b[39m\n          \u001b[36m<ul\u001b[39m\n            \u001b[33mclass\u001b[39m=\u001b[32m\"list-disc list-inside ml-4\"\u001b[39m\n          \u001b[36m>\u001b[39m\n            \u001b[36m<li>\u001b[39m\n              \u001b[0mUpload a CSV with listing details (product, title, description, bullet_points, images, keywords).\u001b[0m\n            \u001b[36m</li>\u001b[39m\n            \u001b[36m<li>\u001b[39m\n              \u001b[0mAlternatively, enter an ASIN to fetch and analyze (mock data used for demo).\u001b[0m\n            \u001b[36m</li>\u001b[39m\n            \u001b[36m<li>\u001b[39m\n              \u001b[0mThe tool checks for completeness, length requirements, and keyword presence.\u001b[0m\n            \u001b[36m</li>\u001b[39m\n            \u001b[36m<li>\u001b[39m\n              \u001b[0mA quality score (0-100) is calculated based on detected issues.\u001b[0m\n            \u001b[36m</li>\u001b[39m\n            \u001b[36m<li>\u001b[39m\n              \u001b[0mView issues and suggestions for each listing.\u001b[0m\n            \u001b[36m</li>\u001b[39m\n          \u001b[36m</ul>\u001b[39m\n        \u001b[36m</div>\u001b[39m\n      \u001b[36m</div>\u001b[39m\n      \u001b[36m<div\u001b[39m\n        \u001b[33mclass\u001b[39m=\u001b[32m\"grid grid-cols-1 md:grid-cols-2 gap-6\"\u001b[39m\n      \u001b[36m>\u001b[39m\n        \u001b[36m<div\u001b[39m\n          \u001b[33mclass\u001b[39m=\u001b[32m\"rounded-lg border bg-card text-card-foreground shadow-sm flex-1 undefined\"\u001b[39m\n        \u001b[36m>\u001b[39m\n          \u001b[36m<div\u001b[39m\n            \u001b[33mclass\u001b[39m=\u001b[32m\"p-4\"\u001b[39m\n          \u001b[36m>\u001b[39m\n            \u001b[36m<div\u001b[39m\n              \u001b[33mclass\u001b[39m=\u001b[32m\"p-6\"\u001b[39m\n            \u001b[36m>\u001b[39m\n              \u001b[36m<div\u001b[39m\n                \u001b[33mclass\u001b[39m=\u001b[32m\"flex flex-col items-center justify-center gap-4 text-center\"\u001b[39m\n              \u001b[36m>\u001b[39m\n                \u001b[36m<div\u001b[39m\n                  \u001b[33mclass\u001b[39m=\u001b[32m\"rounded-full bg-primary/10 p-3\"\u001b[39m\n                \u001b[36m>\u001b[39m\n                  \u001b[36m<svg\u001b[39m\n                    \u001b[33mclass\u001b[39m=\u001b[32m\"lucide lucide-upload h-6 w-6 text-primary\"\u001b[39m\n                    \u001b[33mfill\u001b[39m=\u001b[32m\"none\"\u001b[39m\n                    \u001b[33mheight\u001b[39m=\u001b[32m\"24\"\u001b[39m\n                    \u001b[33mstroke\u001b[39m=\u001b[32m\"currentColor\"\u001b[39m\n                    \u001b[33mstroke-linecap\u001b[39m=\u001b[32m\"round\"\u001b[39m\n                    \u001b[33mstroke-linejoin\u001b[39m=\u001b[32m\"round\"\u001b[39m\n                    \u001b[33mstroke-width\u001b[39m=\u001b[32m\"2\"\u001b[39m\n                    \u001b[33mviewBox\u001b[39m=\u001b[32m\"0 0 24 24\"\u001b[39m\n                    \u001b[33mwidth\u001b[39m=\u001b[32m\"24\"\u001b[39m\n                    \u001b[33mxmlns\u001b[39m=\u001b[32m\"http://www.w3.org/2000/svg\"\u001b[39m\n                  \u001b[36m>\u001b[39m\n                    \u001b[36m<path\u001b[39m\n                      \u001b[33md\u001b[39m=\u001b[32m\"M21 15v4a2 2 0 0 1-2 2H5a2 2 0 0 1-2-2v-4\"\u001b[39m\n                    \u001b[36m/>\u001b[39m\n                    \u001b[36m<polyline\u001b[39m\n                      \u001b[33mpoints\u001b[39m=\u001b[32m\"17 8 12 3 7 8\"\u001b[39m\n                    \u001b[36m/>\u001b[39m\n                    \u001b[36m<line\u001b[39m\n                      \u001b[33mx1\u001b[39m=\u001b[32m\"12\"\u001b[39m\n                      \u001b[33mx2\u001b[39m=\u001b[32m\"12\"\u001b[39m\n                      \u001b[33my1\u001b[39m=\u001b[32m\"3\"\u001b[39m\n                      \u001b[33my2\u001b[39m=\u001b[32m\"15\"\u001b[39m\n                    \u001b[36m/>\u001b[39m\n                  \u001b[36m</svg>\u001b[39m\n                \u001b[36m</div>\u001b[39m\n                \u001b[36m<div>\u001b[39m\n                  \u001b[36m<h3\u001b[39m\n                    \u001b[33mclass\u001b[39m=\u001b[32m\"text-lg font-medium\"\u001b[39m\n                  \u001b[36m>\u001b[39m\n                    \u001b[0mUpload Listings CSV\u001b[0m\n                  \u001b[36m</h3>\u001b[39m\n                  \u001b[36m<p\u001b[39m\n                    \u001b[33mclass\u001b[39m=\u001b[32m\"text-sm text-muted-foreground mb-4\"\u001b[39m\n                  \u001b[36m>\u001b[39m\n                    \u001b[0mBulk analyze listings from a CSV file\u001b[0m\n                  \u001b[36m</p>\u001b[39m\n                \u001b[36m</div>\u001b[39m\n                \u001b[36m<div\u001b[39m\n                  \u001b[33mclass\u001b[39m=\u001b[32m\"w-full\"\u001b[39m\n                \u001b[36m>\u001b[39m\n                  \u001b[36m<label\u001b[39m\n                    \u001b[33mclass\u001b[39m=\u001b[32m\"relative flex w-full cursor-pointer flex-col items-center justify-center rounded-lg border-2 border-dashed border-primary/40 bg-background p-6 text-center transition-colors hover:bg-primary/5\"\u001b[39m\n                  \u001b[36m>\u001b[39m\n                    \u001b[36m<svg\u001b[39m\n                      \u001b[33mclass\u001b[39m=\u001b[32m\"lucide lucide-file-text mb-2 h-8 w-8 text-primary/60\"\u001b[39m\n                      \u001b[33mfill\u001b[39m=\u001b[32m\"none\"\u001b[39m\n                      \u001b[33mheight\u001b[39m=\u001b[32m\"24\"\u001b[39m\n                      \u001b[33mstroke\u001b[39m=\u001b[32m\"currentColor\"\u001b[39m\n                      \u001b[33mstroke-linecap\u001b[39m=\u001b[32m\"round\"\u001b[39m\n                      \u001b[33mstroke-linejoin\u001b[39m=\u001b[32m\"round\"\u001b[39m\n                      \u001b[33mstroke-width\u001b[39m=\u001b[32m\"2\"\u001b[39m\n                      \u001b[33mviewBox\u001b[39m=\u001b[32m\"0 0 24 24\"\u001b[39m\n                      \u001b[33mwidth\u001b[39m=\u001b[32m\"24\"\u001b[39m\n                      \u001b[33mxmlns\u001b[39m=\u001b[32m\"http://www.w3.org/2000/svg\"\u001b[39m\n                    \u001b[36m>\u001b[39m\n                      \u001b[36m<path\u001b[39m\n                        \u001b[33md\u001b[39m=\u001b[32m\"M15 2H6a2 2 0 0 0-2 2v16a2 2 0 0 0 2 2h12a2 2 0 0 0 2-2V7Z\"\u001b[39m\n                      \u001b[36m/>\u001b[39m\n                      \u001b[36m<path\u001b[39m\n                        \u001b[33md\u001b[39m=\u001b[32m\"M14 2v4a2 2 0 0 0 2 2h4\"\u001b[39m\n                      \u001b[36m/>\u001b[39m\n                      \u001b[36m<path\u001b[39m\n                        \u001b[33md\u001b[39m=\u001b[32m\"M10 9H8\"\u001b[39m\n                      \u001b[36m/>\u001b[39m\n                      \u001b[36m<path\u001b[39m\n                        \u001b[33md\u001b[39m=\u001b[32m\"M16 13H8\"\u001b[39m\n                      \u001b[36m/>\u001b[39m\n                      \u001b[36m<path\u001b[39m\n                        \u001b[33md\u001b[39m=\u001b[32m\"M16 17H8\"\u001b[39m\n                      \u001b[36m/>\u001b[39m\n                    \u001b[36m</svg>\u001b[39m\n                    \u001b[36m<span\u001b[39m\n                      \u001b[33mclass\u001b[39m=\u001b[32m\"text-sm font-medium\"\u001b[39m\n                    \u001b[36m>\u001b[39m\n                      \u001b[0mClick or drag CSV file here\u001b[0m\n                    \u001b[36m</span>\u001b[39m\n                    \u001b[36m<span\u001b[39m\n                      \u001b[33mclass\u001b[39m=\u001b[32m\"text-xs text-muted-foreground mt-1\"\u001b[39m\n                    \u001b[36m>\u001b[39m\n                      \u001b[0m(Requires: \u001b[0m\n                      \u001b[0mproduct, title, description, bullet_points, images, keywords\u001b[0m\n                      \u001b[0m)\u001b[0m\n                    \u001b[36m</span>\u001b[39m\n                    \u001b[36m<input\u001b[39m\n                      \u001b[33maccept\u001b[39m=\u001b[32m\".csv, text/csv\"\u001b[39m\n                      \u001b[33mclass\u001b[39m=\u001b[32m\"hidden\"\u001b[39m\n                      \u001b[33mtype\u001b[39m=\u001b[32m\"file\"\u001b[39m\n                    \u001b[36m/>\u001b[39m\n                  \u001b[36m</label>\u001b[39m\n                  \u001b[36m<button\u001b[39m\n                    \u001b[33mclass\u001b[39m=\u001b[32m\"inline-flex items-center justify-center text-sm font-medium ring-offset-background transition-colors focus-visible:outline-none focus-visible:ring-2 focus-visible:ring-ring focus-visible:ring-offset-2 disabled:pointer-events-none disabled:opacity-50 border border-input bg-background hover:bg-accent hover:text-accent-foreground h-9 rounded-md px-3 mt-4\"\u001b[39m\n                  \u001b[36m>\u001b[39m\n                    \u001b[36m<svg\u001b[39m\n                      \u001b[33mclass\u001b[39m=\u001b[32m\"lucide lucide-download mr-2 h-4 w-4\"\u001b[39m\n                      \u001b[33mfill\u001b[39m=\u001b[32m\"none\"\u001b[39m\n                      \u001b[33mheight\u001b[39m=\u001b[32m\"24\"\u001b[39m\n                      \u001b[33mstroke\u001b[39m=\u001b[32m\"currentColor\"\u001b[39m\n                      \u001b[33mstroke-linecap\u001b[39m=\u001b[32m\"round\"\u001b[39m\n                      \u001b[33mstroke-linejoin\u001b[39m=\u001b[32m\"round\"\u001b[39m\n                      \u001b[33mstroke-width\u001b[39m=\u001b[32m\"2\"\u001b[39m\n                      \u001b[33mviewBox\u001b[39m=\u001b[32m\"0 0 24 24\"\u001b[39m\n                      \u001b[33mwidth\u001b[39m=\u001b[32m\"24\"\u001b[39m\n                      \u001b[33mxmlns\u001b[39m=\u001b[32m\"http://www.w3.org/2000/svg\"\u001b[39m\n                    \u001b[36m>\u001b[39m\n                      \u001b[36m<path\u001b[39m\n                        \u001b[33md\u001b[39m=\u001b[32m\"M21 15v4a2 2 0 0 1-2 2H5a2 2 0 0 1-2-2v-4\"\u001b[39m\n                      \u001b[36m/>\u001b[39m\n                      \u001b[36m<polyline\u001b[39m\n                        \u001b[33mpoints\u001b[39m=\u001b[32m\"7 10 12 15 17 10\"\u001b[39m\n                      \u001b[36m/>\u001b[39m\n                      \u001b[36m<line\u001b[39m\n                        \u001b[33mx1\u001b[39m=\u001b[32m\"12\"\u001b[39m\n                        \u001b[33mx2\u001b[39m=\u001b[32m\"12\"\u001b[39m\n                        \u001b[33my1\u001b[39m=\u001b[32m\"15\"\u001b[39m\n                        \u001b[33my2\u001b[39m=\u001b[32m\"3\"\u001b[39m\n                      \u001b[36m/>\u001b[39m\n                    \u001b[36m</svg>\u001b[39m\n                    \u001b[0mDownload Sample CSV\u001b[0m\n                  \u001b[36m</button>\u001b[39m\n                \u001b[36m</div>\u001b[39m\n              \u001b[36m</div>\u001b[39m\n            \u001b[36m</div>\u001b[39m\n          \u001b[36m</div>\u001b[39m\n        \u001b[36m</div>\u001b[39m\n        \u001b[36m<div\u001b[39m\n          \u001b[33mclass\u001b[39m=\u001b[32m\"rounded-lg border bg-card text-card-foreground shadow-sm flex-1 undefined\"\u001b[39m\n        \u001b[36m>\u001b[39m\n          \u001b[36m<div\u001b[39m\n            \u001b[33mclass\u001b[39m=\u001b[32m\"p-4\"\u001b[39m\n          \u001b[36m>\u001b[39m\n            \u001b[36m<div\u001b[39m\n              \u001b[33mclass\u001b[39m=\u001b[32m\"p-6\"\u001b[39m\n            \u001b[36m>\u001b[39m\n              \u001b[36m<h3\u001b[39m\n                \u001b[33mclass\u001b[39m=\u001b[32m\"text-lg font-medium mb-4 text-center sm:text-left\"\u001b[39m\n              \u001b[36m>\u001b[39m\n                \u001b[0mCheck Single Listing by ASIN\u001b[0m\n              \u001b[36m</h3>\u001b[39m\n              \u001b[36m<div\u001b[39m\n                \u001b[33mclass\u001b[39m=\u001b[32m\"space-y-4\"\u001b[39m\n              \u001b[36m>\u001b[39m\n                \u001b[36m<div>\u001b[39m\n                  \u001b[36m<label\u001b[39m\n                    \u001b[33mclass\u001b[39m=\u001b[32m\"peer-disabled:cursor-not-allowed peer-disabled:opacity-70 text-sm font-medium\"\u001b[39m\n                    \u001b[33mfor\u001b[39m=\u001b[32m\"asin-input\"\u001b[39m\n                  \u001b[36m>\u001b[39m\n                    \u001b[0mAmazon ASIN\u001b[0m\n                  \u001b[36m</label>\u001b[39m\n                  \u001b[36m<div\u001b[39m\n                    \u001b[33mclass\u001b[39m=\u001b[32m\"flex flex-col sm:flex-row gap-2 mt-1\"\u001b[39m\n                  \u001b[36m>\u001b[39m\n                    \u001b[36m<input\u001b[39m\n                      \u001b[33mclass\u001b[39m=\u001b[32m\"flex h-10 w-full rounded-md border border-input bg-background px-3 py-2 text-sm ring-offset-background file:border-0 file:bg-transparent file:text-sm file:font-medium placeholder:text-muted-foreground focus-visible:outline-none focus-visible:ring-2 focus-visible:ring-ring focus-visible:ring-offset-2 disabled:cursor-not-allowed disabled:opacity-50 flex-grow\"\u001b[39m\n                      \u001b[33mid\u001b[39m=\u001b[32m\"asin-input\"\u001b[39m\n                      \u001b[33mplaceholder\u001b[39m=\u001b[32m\"Enter ASIN (e.g., B08N5KWB9H)\"\u001b[39m\n                      \u001b[33mvalue\u001b[39m=\u001b[32m\"\"\u001b[39m\n                    \u001b[36m/>\u001b[39m\n                    \u001b[36m<button\u001b[39m\n                      \u001b[33mclass\u001b[39m=\u001b[32m\"inline-flex items-center justify-center rounded-md text-sm font-medium ring-offset-background transition-colors focus-visible:outline-none focus-visible:ring-2 focus-visible:ring-ring focus-visible:ring-offset-2 disabled:pointer-events-none disabled:opacity-50 bg-primary text-primary-foreground hover:bg-primary/90 h-10 px-4 py-2 w-full sm:w-auto\"\u001b[39m\n                      \u001b[33mdisabled\u001b[39m=\u001b[32m\"\"\u001b[39m\n                    \u001b[36m>\u001b[39m\n                      \u001b[36m<svg\u001b[39m\n                        \u001b[33mclass\u001b[39m=\u001b[32m\"lucide lucide-search mr-2 h-4 w-4\"\u001b[39m\n                        \u001b[33mfill\u001b[39m=\u001b[32m\"none\"\u001b[39m\n                        \u001b[33mheight\u001b[39m=\u001b[32m\"24\"\u001b[39m\n                        \u001b[33mstroke\u001b[39m=\u001b[32m\"currentColor\"\u001b[39m\n                        \u001b[33mstroke-linecap\u001b[39m=\u001b[32m\"round\"\u001b[39m\n                        \u001b[33mstroke-linejoin\u001b[39m=\u001b[32m\"round\"\u001b[39m\n                        \u001b[33mstroke-width\u001b[39m=\u001b[32m\"2\"\u001b[39m\n                        \u001b[33mviewBox\u001b[39m=\u001b[32m\"0 0 24 24\"\u001b[39m\n                        \u001b[33mwidth\u001b[39m=\u001b[32m\"24\"\u001b[39m\n                        \u001b[33mxmlns\u001b[39m=\u001b[32m\"http://www.w3.org/2000/svg\"\u001b[39m\n                      \u001b[36m>\u001b[39m\n                        \u001b[36m<circle\u001b[39m\n                          \u001b[33mcx\u001b[39m=\u001b[32m\"11\"\u001b[39m\n                          \u001b[33mcy\u001b[39m=\u001b[32m\"11\"\u001b[39m\n                          \u001b[33mr\u001b[39m=\u001b[32m\"8\"\u001b[39m\n                        \u001b[36m/>\u001b[39m\n                        \u001b[36m<path\u001b[39m\n                          \u001b[33md\u001b[39m=\u001b[32m\"m21 21-4.3-4.3\"\u001b[39m\n                        \u001b[36m/>\u001b[39m\n                      \u001b[36m</svg>\u001b[39m\n                      \u001b[0mCheck ASIN\u001b[0m\n                    \u001b[36m</button>\u001b[39m\n                  \u001b[36m</div>\u001b[39m\n                  \u001b[36m<p\u001b[39m\n                    \u001b[33mclass\u001b[39m=\u001b[32m\"mt-1 text-xs text-muted-foreground\"\u001b[39m\n                  \u001b[36m>\u001b[39m\n                    \u001b[0mUses mock data for demonstration. Replace with actual API call.\u001b[0m\n                  \u001b[36m</p>\u001b[39m\n                \u001b[36m</div>\u001b[39m\n              \u001b[36m</div>\u001b[39m\n            \u001b[36m</div>\u001b[39m\n          \u001b[36m</div>\u001b[39m\n        \u001b[36m</div>\u001b[39m\n      \u001b[36m</div>\u001b[39m\n    \u001b[36m</div>\u001b[39m\n  \u001b[36m</div>\u001b[39m\n\u001b[36m</body>\u001b[39m\n    at Object.getElementError (C:\\Users\\johnw\\OneDrive\\Desktop\\portfolio\\node_modules\\@testing-library\\react\\node_modules\\@testing-library\\dom\\dist\\config.js:37:19)\n    at 
[...]
      "name": "C:\\Users\\johnw\\OneDrive\\Desktop\\portfolio\\src\\__tests__\\components\\blog-image.test.tsx",
      "startTime": 1745990829152,
      "status": "failed",
      "summary": ""
    },
    {
      "assertionResults": [],
      "coverage": {},
      "endTime": 1745990985543,
      "message": "  ● Test suite failed to run\n\n    Missing or invalid environment variables: REDIS_URL, REDIS_TOKEN, GITHUB_TOKEN, LINKEDIN_API_KEY, NEXTAUTH_URL, NEXTAUTH_SECRET. Please check your .env file.\n\n    \u001b[0m \u001b[90m 32 |\u001b[39m         \u001b[33m.\u001b[39mmap((err) \u001b[33m=>\u001b[39m err\u001b[33m.\u001b[39mpath\u001b[33m.\u001b[39mjoin(\u001b[32m'.'\u001b[39m))\n     \u001b[90m 33 |\u001b[39m         \u001b[33m.\u001b[39mjoin(\u001b[32m', '\u001b[39m)\u001b[33m;\u001b[39m\n    \u001b[31m\u001b[1m>\u001b[22m\u001b[39m\u001b[90m 34 |\u001b[39m       \u001b[36mthrow\u001b[39m \u001b[36mnew\u001b[39m \u001b[33mError\u001b[39m(\n     \u001b[90m    |\u001b[39m             \u001b[31m\u001b[1m^\u001b[22m\u001b[39m\n     \u001b[90m 35 |\u001b[39m         \u001b[32m`Missing or invalid environment variables: ${missingVars}. Please check your .env file.`\u001b[39m\u001b[33m,\u001b[39m\n     \u001b[90m 36 |\u001b[39m       )\u001b[33m;\u001b[39m\n     \u001b[90m 37 |\u001b[39m     }\u001b[0m\n\n      at validateEnv (src/lib/config.ts:34:13)\n      at Object.validateEnv (src/lib/config.ts:43:20)\n      at Object.require (src/lib/analytics.ts:1:1)\n      at Object.require (src/lib/preferences.ts:3:1)\n      at Object.require (src/contexts/optimization-context.tsx:7:1)\n      at Object.require (src/components/client-providers.tsx:5:1)\n      at Object.require (src/app/layout.tsx:1:1)\n      at Object.require (src/app/__tests__/layout.test.tsx:2:1)\n",
      "name": "C:\\Users\\johnw\\OneDrive\\Desktop\\portfolio\\src\\app\\__tests__\\layout.test.tsx",
      "startTime": 1745990985543,
      "status": "failed",
      "summary": ""
    },
    {
      "assertionResults": [],
      "coverage": {},
      "endTime": 1745990985543,
      "message": "  ● Test suite failed to run\n\n    Configuration error:\n\n    Could not locate module @/lib/query-client mapped as:\n    C:\\Users\\johnw\\OneDrive\\Desktop\\portfolio\\src\\$1.\n\n    Please check your configuration for these entries:\n    {\n      \"moduleNameMapper\": {\n        \"/^@\\/(.*)$/\": \"C:\\Users\\johnw\\OneDrive\\Desktop\\portfolio\\src\\$1\"\n      },\n      \"resolver\": undefined\n    }\n\n    \u001b[0m \u001b[90m  7 |\u001b[39m\n     \u001b[90m  8 |\u001b[39m \u001b[90m// Import your providers here\u001b[39m\n    \u001b[31m\u001b[1m>\u001b[22m\u001b[39m\u001b[90m  9 |\u001b[39m \u001b[36mimport\u001b[39m { queryClient } \u001b[36mfrom\u001b[39m \u001b[32m'@/lib/query-client'\u001b[39m\u001b[33m;\u001b[39m\n     \u001b[90m    |\u001b[39m \u001b[31m\u001b[1m^\u001b[22m\u001b[39m\n     \u001b[90m 10 |\u001b[39m \u001b[36mimport\u001b[39m { \u001b[33mQueryClientProvider\u001b[39m } \u001b[36mfrom\u001b[39m \u001b[32m'@tanstack/react-query'\u001b[39m\u001b[33m;\u001b[39m\n     \u001b[90m 11 |\u001b[39m \u001b[36mimport\u001b[39m { \u001b[33mThemeProvider\u001b[39m } \u001b[36mfrom\u001b[39m \u001b[32m'next-themes'\u001b[39m\u001b[33m;\u001b[39m\n     \u001b[90m 12 |\u001b[39m\u001b[0m\n\n      at createNoMappedModuleFoundError (node_modules/jest-resolve/build/resolver.js:759:17)\n      at Object.require (src/__tests__/test-utils.tsx:9:1)\n      at Object.require (src/__tests__/components/blog-card.test.tsx:2:1)\n",
      "name": "C:\\Users\\johnw\\OneDrive\\Desktop\\portfolio\\src\\__tests__\\components\\blog-card.test.tsx",
      "startTime": 1745990985543,
      "status": "failed",
      "summary": ""
    },
    {
      "assertionResults": [],
      "coverage": {},
      "endTime": 1745990985543,
      "message": "  ● Test suite failed to run\n\n    Configuration error:\n\n    Could not locate module @/lib/query-client mapped as:\n    C:\\Users\\johnw\\OneDrive\\Desktop\\portfolio\\src\\$1.\n\n    Please check your configuration for these entries:\n    {\n      \"moduleNameMapper\": {\n        \"/^@\\/(.*)$/\": \"C:\\Users\\johnw\\OneDrive\\Desktop\\portfolio\\src\\$1\"\n      },\n      \"resolver\": undefined\n    }\n\n    \u001b[0m \u001b[90m  7 |\u001b[39m\n     \u001b[90m  8 |\u001b[39m \u001b[90m// Import your providers here\u001b[39m\n    \u001b[31m\u001b[1m>\u001b[22m\u001b[39m\u001b[90m  9 |\u001b[39m \u001b[36mimport\u001b[39m { queryClient } \u001b[36mfrom\u001b[39m \u001b[32m'@/lib/query-client'\u001b[39m\u001b[33m;\u001b[39m\n     \u001b[90m    |\u001b[39m \u001b[31m\u001b[1m^\u001b[22m\u001b[39m\n     \u001b[90m 10 |\u001b[39m \u001b[36mimport\u001b[39m { \u001b[33mQueryClientProvider\u001b[39m } \u001b[36mfrom\u001b[39m \u001b[32m'@tanstack/react-query'\u001b[39m\u001b[33m;\u001b[39m\n     \u001b[90m 11 |\u001b[39m \u001b[36mimport\u001b[39m { \u001b[33mThemeProvider\u001b[39m } \u001b[36mfrom\u001b[39m \u001b[32m'next-themes'\u001b[39m\u001b[33m;\u001b[39m\n     \u001b[90m 12 |\u001b[39m\u001b[0m\n\n      at createNoMappedModuleFoundError (node_modules/jest-resolve/build/resolver.js:759:17)\n      at Object.require (src/__tests__/test-utils.tsx:9:1)\n",
      "name": "C:\\Users\\johnw\\OneDrive\\Desktop\\portfolio\\src\\__tests__\\test-utils.tsx",
      "startTime": 1745990985543,
      "status": "failed",
      "summary": ""
    },
    {
      "assertionResults": [
        {
          "ancestorTitles": ["KeywordDeduplicator"],
          "duration": 166,
          "failureDetails": [],
          "failureMessages": [],
          "fullName": "KeywordDeduplicator renders correctly",
          "invocations": 1,
          "location": null,
          "numPassingAsserts": 3,
          "retryReasons": [],
          "status": "passed",
          "title": "renders correctly"
        },
        {
          "ancestorTitles": ["KeywordDeduplicator"],
          "duration": 1240,
          "failureDetails": [],
          "failureMessages": [],
          "fullName": "KeywordDeduplicator processes manual keywords correctly",
          "invocations": 1,
          "location": null,
          "numPassingAsserts": 2,
          "retryReasons": [],
          "status": "passed",
          "title": "processes manual keywords correctly"
        },
        {
          "ancestorTitles": ["KeywordDeduplicator"],
          "duration": 60015,
          "failureDetails": [
            {
              "message": "thrown: \"Exceeded timeout of 60000 ms for a test.\nAdd a timeout value to this test to increase the timeout, if this is a long-running test. See https://jestjs.io/docs/api#testname-fn-timeout.\""
            }
          ],
          "failureMessages": [
            "Error: thrown: \"Exceeded timeout of 60000 ms for a test.\nAdd a timeout value to this test to increase the timeout, if this is a long-running test. See https://jestjs.io/docs/api#testname-fn-timeout.\"\n    at it (C:\\Users\\johnw\\OneDrive\\Desktop\\portfolio\\src\\__tests__\\components\\amazon-seller-tools\\keyword-deduplicator.test.tsx:40:3)\n    at _dispatchDescribe (C:\\Users\\johnw\\OneDrive\\Desktop\\portfolio\\node_modules\\jest-circus\\build\\index.js:91:26)\n    at describe (C:\\Users\\johnw\\OneDrive\\Desktop\\portfolio\\node_modules\\jest-circus\\build\\index.js:55:5)\n    at Object.describe (C:\\Users\\johnw\\OneDrive\\Desktop\\portfolio\\src\\__tests__\\components\\amazon-seller-tools\\keyword-deduplicator.test.tsx:6:1)\n    at Runtime._execModule (C:\\Users\\johnw\\OneDrive\\Desktop\\portfolio\\node_modules\\jest-runtime\\build\\index.js:1439:24)\n    at Runtime._loadModule (C:\\Users\\johnw\\OneDrive\\Desktop\\portfolio\\node_modules\\jest-runtime\\build\\index.js:1022:12)\n    at Runtime.requireModule (C:\\Users\\johnw\\OneDrive\\Desktop\\portfolio\\node_modules\\jest-runtime\\build\\index.js:882:12)\n    at jestAdapter (C:\\Users\\johnw\\OneDrive\\Desktop\\portfolio\\node_modules\\jest-circus\\build\\legacy-code-todo-rewrite\\jestAdapter.js:77:13)\n    at processTicksAndRejections (node:internal/process/task_queues:105:5)\n    at runTestInternal (C:\\Users\\johnw\\OneDrive\\Desktop\\portfolio\\node_modules\\jest-runner\\build\\runTest.js:367:16)\n    at runTest (C:\\Users\\johnw\\OneDrive\\Desktop\\portfolio\\node_modules\\jest-runner\\build\\runTest.js:444:34)\n    at Object.worker (C:\\Users\\johnw\\OneDrive\\Desktop\\portfolio\\node_modules\\jest-runner\\build\\testWorker.js:106:12)"
          ],
          "fullName": "KeywordDeduplicator shows error when no keywords are entered",
          "invocations": 1,
          "location": null,
          "numPassingAsserts": 0,
          "retryReasons": [],
          "status": "failed",
          "title": "shows error when no keywords are entered"
        },
        {
          "ancestorTitles": ["KeywordDeduplicator"],
          "duration": 60014,
          "failureDetails": [
            {
              "message": "thrown: \"Exceeded timeout of 60000 ms for a test.\nAdd a timeout value to this test to increase the timeout, if this is a long-running test. See https://jestjs.io/docs/api#testname-fn-timeout.\""
            }
          ],
          "failureMessages": [
            "Error: thrown: \"Exceeded timeout of 60000 ms for a test.\nAdd a timeout value to this test to increase the timeout, if this is a long-running test. See https://jestjs.io/docs/api#testname-fn-timeout.\"\n    at it (C:\\Users\\johnw\\OneDrive\\Desktop\\portfolio\\src\\__tests__\\components\\amazon-seller-tools\\keyword-deduplicator.test.tsx:59:3)\n    at _dispatchDescribe (C:\\Users\\johnw\\OneDrive\\Desktop\\portfolio\\node_modules\\jest-circus\\build\\index.js:91:26)\n    at describe (C:\\Users\\johnw\\OneDrive\\Desktop\\portfolio\\node_modules\\jest-circus\\build\\index.js:55:5)\n    at Object.describe (C:\\Users\\johnw\\OneDrive\\Desktop\\portfolio\\src\\__tests__\\components\\amazon-seller-tools\\keyword-deduplicator.test.tsx:6:1)\n    at Runtime._execModule (C:\\Users\\johnw\\OneDrive\\Desktop\\portfolio\\node_modules\\jest-runtime\\build\\index.js:1439:24)\n    at Runtime._loadModule (C:\\Users\\johnw\\OneDrive\\Desktop\\portfolio\\node_modules\\jest-runtime\\build\\index.js:1022:12)\n    at Runtime.requireModule (C:\\Users\\johnw\\OneDrive\\Desktop\\portfolio\\node_modules\\jest-runtime\\build\\index.js:882:12)\n    at jestAdapter (C:\\Users\\johnw\\OneDrive\\Desktop\\portfolio\\node_modules\\jest-circus\\build\\legacy-code-todo-rewrite\\jestAdapter.js:77:13)\n    at processTicksAndRejections (node:internal/process/task_queues:105:5)\n    at runTestInternal (C:\\Users\\johnw\\OneDrive\\Desktop\\portfolio\\node_modules\\jest-runner\\build\\runTest.js:367:16)\n    at runTest (C:\\Users\\johnw\\OneDrive\\Desktop\\portfolio\\node_modules\\jest-runner\\build\\runTest.js:444:34)\n    at Object.worker (C:\\Users\\johnw\\OneDrive\\Desktop\\portfolio\\node_modules\\jest-runner\\build\\testWorker.js:106:12)"
          ],
          "fullName": "KeywordDeduplicator shows error when keywords contain only separators",
          "invocations": 1,
          "location": null,
          "numPassingAsserts": 0,
          "retryReasons": [],
          "status": "failed",
          "title": "shows error when keywords contain only separators"
        },
        {
          "ancestorTitles": ["KeywordDeduplicator"],
          "duration": 60014,
          "failureDetails": [
            {
              "message": "thrown: \"Exceeded timeout of 60000 ms for a test.\nAdd a timeout value to this test to increase the timeout, if this is a long-running test. See https://jestjs.io/docs/api#testname-fn-timeout.\""
            }
          ],
          "failureMessages": [
            "Error: thrown: \"Exceeded timeout of 60000 ms for a test.\nAdd a timeout value to this test to increase the timeout, if this is a long-running test. See https://jestjs.io/docs/api#testname-fn-timeout.\"\n    at it (C:\\Users\\johnw\\OneDrive\\Desktop\\portfolio\\src\\__tests__\\components\\amazon-seller-tools\\keyword-deduplicator.test.tsx:79:3)\n    at _dispatchDescribe (C:\\Users\\johnw\\OneDrive\\Desktop\\portfolio\\node_modules\\jest-circus\\build\\index.js:91:26)\n    at describe (C:\\Users\\johnw\\OneDrive\\Desktop\\portfolio\\node_modules\\jest-circus\\build\\index.js:55:5)\n    at Object.describe (C:\\Users\\johnw\\OneDrive\\Desktop\\portfolio\\src\\__tests__\\components\\amazon-seller-tools\\keyword-deduplicator.test.tsx:6:1)\n    at Runtime._execModule (C:\\Users\\johnw\\OneDrive\\Desktop\\portfolio\\node_modules\\jest-runtime\\build\\index.js:1439:24)\n    at Runtime._loadModule (C:\\Users\\johnw\\OneDrive\\Desktop\\portfolio\\node_modules\\jest-runtime\\build\\index.js:1022:12)\n    at Runtime.requireModule (C:\\Users\\johnw\\OneDrive\\Desktop\\portfolio\\node_modules\\jest-runtime\\build\\index.js:882:12)\n    at jestAdapter (C:\\Users\\johnw\\OneDrive\\Desktop\\portfolio\\node_modules\\jest-circus\\build\\legacy-code-todo-rewrite\\jestAdapter.js:77:13)\n    at processTicksAndRejections (node:internal/process/task_queues:105:5)\n    at runTestInternal (C:\\Users\\johnw\\OneDrive\\Desktop\\portfolio\\node_modules\\jest-runner\\build\\runTest.js:367:16)\n    at runTest (C:\\Users\\johnw\\OneDrive\\Desktop\\portfolio\\node_modules\\jest-runner\\build\\runTest.js:444:34)\n    at Object.worker (C:\\Users\\johnw\\OneDrive\\Desktop\\portfolio\\node_modules\\jest-runner\\build\\testWorker.js:106:12)"
          ],
          "fullName": "KeywordDeduplicator shows error when invalid keywords format is entered",
          "invocations": 1,
          "location": null,
          "numPassingAsserts": 0,
          "retryReasons": [],
          "status": "failed",
          "title": "shows error when invalid keywords format is entered"
        },
        {
          "ancestorTitles": ["KeywordDeduplicator"],
          "duration": 58,
          "failureDetails": [],
          "failureMessages": [],
          "fullName": "KeywordDeduplicator matches snapshot",
          "invocations": 1,
          "location": null,
          "numPassingAsserts": 1,
          "retryReasons": [],
          "status": "passed",
          "title": "matches snapshot"
        }
      ],
      "endTime": 1745990982179,
      "message": "  ● KeywordDeduplicator › shows error when no keywords are entered\n\n    thrown: \"Exceeded timeout of 60000 ms for a test.\n    Add a timeout value to this test to increase the timeout, if this is a long-running test. See https://jestjs.io/docs/api#testname-fn-timeout.\"\n\n    \u001b[0m \u001b[90m 38 |\u001b[39m   }\u001b[33m,\u001b[39m \u001b[35m60000\u001b[39m)\u001b[33m;\u001b[39m\n     \u001b[90m 39 |\u001b[39m\n    \u001b[31m\u001b[1m>\u001b[22m\u001b[39m\u001b[90m 40 |\u001b[39m   it(\u001b[32m'shows error when no keywords are entered'\u001b[39m\u001b[33m,\u001b[39m \u001b[36masync\u001b[39m () \u001b[33m=>\u001b[39m {\n     \u001b[90m    |\u001b[39m   \u001b[31m\u001b[1m^\u001b[22m\u001b[39m\n     \u001b[90m 41 |\u001b[39m     \u001b[36mconst\u001b[39m user \u001b[33m=\u001b[39m userEvent\u001b[33m.\u001b[39msetup()\u001b[33m;\u001b[39m\n     \u001b[90m 42 |\u001b[39m     render(\u001b[33m<\u001b[39m\u001b[33mKeywordDeduplicator\u001b[39m \u001b[33m/\u001b[39m\u001b[33m>\u001b[39m)\u001b[33m;\u001b[39m\n     \u001b[90m 43 |\u001b[39m\u001b[0m\n\n      at it (src/__tests__/components/amazon-seller-tools/keyword-deduplicator.test.tsx:40:3)\n      at Object.describe (src/__tests__/components/amazon-seller-tools/keyword-deduplicator.test.tsx:6:1)\n\n  ● KeywordDeduplicator › shows error when keywords contain only separators\n\n    thrown: \"Exceeded timeout of 60000 ms for a test.\n    Add a timeout value to this test to increase the timeout, if this is a long-running test. See https://jestjs.io/docs/api#testname-fn-timeout.\"\n\n    \u001b[0m \u001b[90m 57 |\u001b[39m   }\u001b[33m,\u001b[39m \u001b[35m60000\u001b[39m)\u001b[33m;\u001b[39m\n     \u001b[90m 58 |\u001b[39m\n    \u001b[31m\u001b[1m>\u001b[22m\u001b[39m\u001b[90m 59 |\u001b[39m   it(\u001b[32m'shows error when keywords contain only separators'\u001b[39m\u001b[33m,\u001b[39m \u001b[36masync\u001b[39m () \u001b[33m=>\u001b[39m {\n     \u001b[90m    |\u001b[39m   \u001b[31m\u001b[1m^\u001b[22m\u001b[39m\n     \u001b[90m 60 |\u001b[39m     \u001b[36mconst\u001b[39m user \u001b[33m=\u001b[39m userEvent\u001b[33m.\u001b[39msetup()\u001b[33m;\u001b[39m\n     \u001b[90m 61 |\u001b[39m     render(\u001b[33m<\u001b[39m\u001b[33mKeywordDeduplicator\u001b[39m \u001b[33m/\u001b[39m\u001b[33m>\u001b[39m)\u001b[33m;\u001b[39m\n     \u001b[90m 62 |\u001b[39m\u001b[0m\n\n      at it (src/__tests__/components/amazon-seller-tools/keyword-deduplicator.test.tsx:59:3)\n      at Object.describe (src/__tests__/components/amazon-seller-tools/keyword-deduplicator.test.tsx:6:1)\n\n  ● KeywordDeduplicator › shows error when invalid keywords format is entered\n\n    thrown: \"Exceeded timeout of 60000 ms for a test.\n    Add a timeout value to this test to increase the timeout, if this is a long-running test. See https://jestjs.io/docs/api#testname-fn-timeout.\"\n\n    \u001b[0m \u001b[90m 77 |\u001b[39m   }\u001b[33m,\u001b[39m \u001b[35m60000\u001b[39m)\u001b[33m;\u001b[39m\n     \u001b[90m 78 |\u001b[39m\n    \u001b[31m\u001b[1m>\u001b[22m\u001b[39m\u001b[90m 79 |\u001b[39m   it(\u001b[32m'shows error when invalid keywords format is entered'\u001b[39m\u001b[33m,\u001b[39m \u001b[36masync\u001b[39m () \u001b[33m=>\u001b[39m {\n     \u001b[90m    |\u001b[39m   \u001b[31m\u001b[1m^\u001b[22m\u001b[39m\n     \u001b[90m 80 |\u001b[39m     \u001b[36mconst\u001b[39m user \u001b[33m=\u001b[39m userEvent\u001b[33m.\u001b[39msetup()\u001b[33m;\u001b[39m\n     \u001b[90m 81 |\u001b[39m     render(\u001b[33m<\u001b[39m\u001b[33mKeywordDeduplicator\u001b[39m \u001b[33m/\u001b[39m\u001b[33m>\u001b[39m)\u001b[33m;\u001b[39m\n     \u001b[90m 82 |\u001b[39m\u001b[0m\n\n      at it (src/__tests__/components/amazon-seller-tools/keyword-deduplicator.test.tsx:79:3)\n      at Object.describe (src/__tests__/components/amazon-seller-tools/keyword-deduplicator.test.tsx:6:1)\n",
      "name": "C:\\Users\\johnw\\OneDrive\\Desktop\\portfolio\\src\\__tests__\\components\\amazon-seller-tools\\keyword-deduplicator.test.tsx",
      "startTime": 1745990798606,
      "status": "failed",
      "summary": ""
    }
  ],
  "wasInterrupted": false
}
