{"numFailedTestSuites":17,"numFailedTests":3,"numPassedTestSuites":7,"numPassedTests":40,"numPendingTestSuites":1,"numPendingTests":5,"numRuntimeErrorTestSuites":15,"numTodoTests":0,"numTotalTestSuites":25,"numTotalTests":48,"openHandles":[],"snapshot":{"added":0,"didUpdate":false,"failure":false,"filesAdded":0,"filesRemoved":0,"filesRemovedList":[],"filesUnmatched":0,"filesUpdated":0,"matched":0,"total":0,"unchecked":0,"uncheckedKeysByFile":[],"unmatched":0,"updated":0},"startTime":1745895363927,"success":false,"testResults":[{"assertionResults":[{"ancestorTitles":["CampaignCard Component"],"duration":93,"failureDetails":[{}],"failureMessages":["TypeError: expect(...).toBeInTheDocument is not a function\n    at Object.toBeInTheDocument (C:\\Users\\johnw\\OneDrive\\Desktop\\portfolio\\src\\__tests__\\components\\amazon-seller-tools\\CampaignCard.test.tsx:20:47)\n    at Promise.then.completed (C:\\Users\\johnw\\OneDrive\\Desktop\\portfolio\\node_modules\\jest-circus\\build\\utils.js:298:28)\n    at new Promise (<anonymous>)\n    at callAsyncCircusFn (C:\\Users\\johnw\\OneDrive\\Desktop\\portfolio\\node_modules\\jest-circus\\build\\utils.js:231:10)\n    at _callCircusTest (C:\\Users\\johnw\\OneDrive\\Desktop\\portfolio\\node_modules\\jest-circus\\build\\run.js:316:40)\n    at processTicksAndRejections (node:internal/process/task_queues:95:5)\n    at _runTest (C:\\Users\\johnw\\OneDrive\\Desktop\\portfolio\\node_modules\\jest-circus\\build\\run.js:252:3)\n    at _runTestsForDescribeBlock (C:\\Users\\johnw\\OneDrive\\Desktop\\portfolio\\node_modules\\jest-circus\\build\\run.js:126:9)\n    at _runTestsForDescribeBlock (C:\\Users\\johnw\\OneDrive\\Desktop\\portfolio\\node_modules\\jest-circus\\build\\run.js:121:9)\n    at run (C:\\Users\\johnw\\OneDrive\\Desktop\\portfolio\\node_modules\\jest-circus\\build\\run.js:71:3)\n    at runAndTransformResultsToJestFormat (C:\\Users\\johnw\\OneDrive\\Desktop\\portfolio\\node_modules\\jest-circus\\build\\legacy-code-todo-rewrite\\jestAdapterInit.js:122:21)\n    at jestAdapter (C:\\Users\\johnw\\OneDrive\\Desktop\\portfolio\\node_modules\\jest-circus\\build\\legacy-code-todo-rewrite\\jestAdapter.js:79:19)\n    at runTestInternal (C:\\Users\\johnw\\OneDrive\\Desktop\\portfolio\\node_modules\\jest-runner\\build\\runTest.js:367:16)\n    at runTest (C:\\Users\\johnw\\OneDrive\\Desktop\\portfolio\\node_modules\\jest-runner\\build\\runTest.js:444:34)\n    at Object.worker (C:\\Users\\johnw\\OneDrive\\Desktop\\portfolio\\node_modules\\jest-runner\\build\\testWorker.js:106:12)"],"fullName":"CampaignCard Component renders without crashing","invocations":1,"location":null,"numPassingAsserts":0,"retryReasons":[],"status":"failed","title":"renders without crashing"}],"endTime":1745895368172,"message":"\u001b[1m\u001b[31m  \u001b[1m● \u001b[22m\u001b[1mCampaignCard Component › renders without crashing\u001b[39m\u001b[22m\n\n    TypeError: expect(...).toBeInTheDocument is not a function\n\u001b[2m\u001b[22m\n\u001b[2m    \u001b[0m \u001b[90m 18 |\u001b[39m     }\u001b[33m;\u001b[39m\u001b[22m\n\u001b[2m     \u001b[90m 19 |\u001b[39m     render(\u001b[33m<\u001b[39m\u001b[33mCampaignCard\u001b[39m campaign\u001b[33m=\u001b[39m{mockCampaign} \u001b[33m/\u001b[39m\u001b[33m>\u001b[39m)\u001b[33m;\u001b[39m\u001b[22m\n\u001b[2m    \u001b[31m\u001b[1m>\u001b[22m\u001b[2m\u001b[39m\u001b[90m 20 |\u001b[39m     expect(screen\u001b[33m.\u001b[39mgetByText(\u001b[32m'Test Campaign'\u001b[39m))\u001b[33m.\u001b[39mtoBeInTheDocument()\u001b[33m;\u001b[39m\u001b[22m\n\u001b[2m     \u001b[90m    |\u001b[39m                                               \u001b[31m\u001b[1m^\u001b[22m\u001b[2m\u001b[39m\u001b[22m\n\u001b[2m     \u001b[90m 21 |\u001b[39m   })\u001b[33m;\u001b[39m\u001b[22m\n\u001b[2m     \u001b[90m 22 |\u001b[39m\u001b[22m\n\u001b[2m     \u001b[90m 23 |\u001b[39m   \u001b[90m// Add more test cases as needed\u001b[39m\u001b[0m\u001b[22m\n\u001b[2m\u001b[22m\n\u001b[2m      \u001b[2mat Object.toBeInTheDocument (\u001b[22m\u001b[2m\u001b[0m\u001b[36msrc/__tests__/components/amazon-seller-tools/CampaignCard.test.tsx\u001b[39m\u001b[0m\u001b[2m:20:47)\u001b[22m\u001b[2m\u001b[22m\n","name":"C:\\Users\\johnw\\OneDrive\\Desktop\\portfolio\\src\\__tests__\\components\\amazon-seller-tools\\CampaignCard.test.tsx","startTime":1745895366361,"status":"failed","summary":""},{"assertionResults":[{"ancestorTitles":["Component Interactions"],"duration":176,"failureDetails":[{"name":"TestingLibraryElementError"}],"failureMessages":["TestingLibraryElementError: Unable to find an element by: [data-testid=\"file-upload-input\"]\n\nIgnored nodes: comments, script, style\n\u001b[36m<body>\u001b[39m\n  \u001b[36m<div>\u001b[39m\n    \u001b[36m<div\u001b[39m\n      \u001b[33mclass\u001b[39m=\u001b[32m\"space-y-6\"\u001b[39m\n    \u001b[36m>\u001b[39m\n      \u001b[36m<div\u001b[39m\n        \u001b[33mclass\u001b[39m=\u001b[32m\"bg-blue-50 dark:bg-blue-900/20 p-4 rounded-lg flex items-start gap-3\"\u001b[39m\n      \u001b[36m>\u001b[39m\n        \u001b[36m<svg\u001b[39m\n          \u001b[33mclass\u001b[39m=\u001b[32m\"lucide lucide-info h-5 w-5 text-blue-500 mt-0.5 flex-shrink-0\"\u001b[39m\n          \u001b[33mfill\u001b[39m=\u001b[32m\"none\"\u001b[39m\n          \u001b[33mheight\u001b[39m=\u001b[32m\"24\"\u001b[39m\n          \u001b[33mstroke\u001b[39m=\u001b[32m\"currentColor\"\u001b[39m\n          \u001b[33mstroke-linecap\u001b[39m=\u001b[32m\"round\"\u001b[39m\n          \u001b[33mstroke-linejoin\u001b[39m=\u001b[32m\"round\"\u001b[39m\n          \u001b[33mstroke-width\u001b[39m=\u001b[32m\"2\"\u001b[39m\n          \u001b[33mviewBox\u001b[39m=\u001b[32m\"0 0 24 24\"\u001b[39m\n          \u001b[33mwidth\u001b[39m=\u001b[32m\"24\"\u001b[39m\n          \u001b[33mxmlns\u001b[39m=\u001b[32m\"http://www.w3.org/2000/svg\"\u001b[39m\n        \u001b[36m>\u001b[39m\n          \u001b[36m<circle\u001b[39m\n            \u001b[33mcx\u001b[39m=\u001b[32m\"12\"\u001b[39m\n            \u001b[33mcy\u001b[39m=\u001b[32m\"12\"\u001b[39m\n            \u001b[33mr\u001b[39m=\u001b[32m\"10\"\u001b[39m\n          \u001b[36m/>\u001b[39m\n          \u001b[36m<path\u001b[39m\n            \u001b[33md\u001b[39m=\u001b[32m\"M12 16v-4\"\u001b[39m\n          \u001b[36m/>\u001b[39m\n          \u001b[36m<path\u001b[39m\n            \u001b[33md\u001b[39m=\u001b[32m\"M12 8h.01\"\u001b[39m\n          \u001b[36m/>\u001b[39m\n        \u001b[36m</svg>\u001b[39m\n        \u001b[36m<div\u001b[39m\n          \u001b[33mclass\u001b[39m=\u001b[32m\"text-sm text-blue-700 dark:text-blue-300\"\u001b[39m\n        \u001b[36m>\u001b[39m\n          \u001b[36m<p\u001b[39m\n            \u001b[33mclass\u001b[39m=\u001b[32m\"font-medium\"\u001b[39m\n          \u001b[36m>\u001b[39m\n            \u001b[0mHow it Works:\u001b[0m\n          \u001b[36m</p>\u001b[39m\n          \u001b[36m<ul\u001b[39m\n            \u001b[33mclass\u001b[39m=\u001b[32m\"list-disc list-inside ml-4\"\u001b[39m\n          \u001b[36m>\u001b[39m\n            \u001b[36m<li>\u001b[39m\n              \u001b[0mUpload a CSV with listing details (product, title, description, bullet_points, images, keywords).\u001b[0m\n            \u001b[36m</li>\u001b[39m\n            \u001b[36m<li>\u001b[39m\n              \u001b[0mAlternatively, enter an ASIN to fetch and analyze (mock data used for demo).\u001b[0m\n            \u001b[36m</li>\u001b[39m\n            \u001b[36m<li>\u001b[39m\n              \u001b[0mThe tool checks for completeness, length requirements, and keyword presence.\u001b[0m\n            \u001b[36m</li>\u001b[39m\n            \u001b[36m<li>\u001b[39m\n              \u001b[0mA quality score (0-100) is calculated based on detected issues.\u001b[0m\n            \u001b[36m</li>\u001b[39m\n            \u001b[36m<li>\u001b[39m\n              \u001b[0mView issues and suggestions for each listing.\u001b[0m\n            \u001b[36m</li>\u001b[39m\n          \u001b[36m</ul>\u001b[39m\n        \u001b[36m</div>\u001b[39m\n      \u001b[36m</div>\u001b[39m\n      \u001b[36m<div\u001b[39m\n        \u001b[33mclass\u001b[39m=\u001b[32m\"grid grid-cols-1 md:grid-cols-2 gap-6\"\u001b[39m\n      \u001b[36m>\u001b[39m\n        \u001b[36m<div\u001b[39m\n          \u001b[33mclass\u001b[39m=\u001b[32m\"rounded-lg border bg-card text-card-foreground shadow-sm flex-1 undefined\"\u001b[39m\n        \u001b[36m>\u001b[39m\n          \u001b[36m<div\u001b[39m\n            \u001b[33mclass\u001b[39m=\u001b[32m\"p-4\"\u001b[39m\n          \u001b[36m>\u001b[39m\n            \u001b[36m<div\u001b[39m\n              \u001b[33mclass\u001b[39m=\u001b[32m\"p-6\"\u001b[39m\n            \u001b[36m>\u001b[39m\n              \u001b[36m<div\u001b[39m\n                \u001b[33mclass\u001b[39m=\u001b[32m\"flex flex-col items-center justify-center gap-4 text-center\"\u001b[39m\n              \u001b[36m>\u001b[39m\n                \u001b[36m<div\u001b[39m\n                  \u001b[33mclass\u001b[39m=\u001b[32m\"rounded-full bg-primary/10 p-3\"\u001b[39m\n                \u001b[36m>\u001b[39m\n                  \u001b[36m<svg\u001b[39m\n                    \u001b[33mclass\u001b[39m=\u001b[32m\"lucide lucide-upload h-6 w-6 text-primary\"\u001b[39m\n                    \u001b[33mfill\u001b[39m=\u001b[32m\"none\"\u001b[39m\n                    \u001b[33mheight\u001b[39m=\u001b[32m\"24\"\u001b[39m\n                    \u001b[33mstroke\u001b[39m=\u001b[32m\"currentColor\"\u001b[39m\n                    \u001b[33mstroke-linecap\u001b[39m=\u001b[32m\"round\"\u001b[39m\n                    \u001b[33mstroke-linejoin\u001b[39m=\u001b[32m\"round\"\u001b[39m\n                    \u001b[33mstroke-width\u001b[39m=\u001b[32m\"2\"\u001b[39m\n                    \u001b[33mviewBox\u001b[39m=\u001b[32m\"0 0 24 24\"\u001b[39m\n                    \u001b[33mwidth\u001b[39m=\u001b[32m\"24\"\u001b[39m\n                    \u001b[33mxmlns\u001b[39m=\u001b[32m\"http://www.w3.org/2000/svg\"\u001b[39m\n                  \u001b[36m>\u001b[39m\n                    \u001b[36m<path\u001b[39m\n                      \u001b[33md\u001b[39m=\u001b[32m\"M21 15v4a2 2 0 0 1-2 2H5a2 2 0 0 1-2-2v-4\"\u001b[39m\n                    \u001b[36m/>\u001b[39m\n                    \u001b[36m<polyline\u001b[39m\n                      \u001b[33mpoints\u001b[39m=\u001b[32m\"17 8 12 3 7 8\"\u001b[39m\n                    \u001b[36m/>\u001b[39m\n                    \u001b[36m<line\u001b[39m\n                      \u001b[33mx1\u001b[39m=\u001b[32m\"12\"\u001b[39m\n                      \u001b[33mx2\u001b[39m=\u001b[32m\"12\"\u001b[39m\n                      \u001b[33my1\u001b[39m=\u001b[32m\"3\"\u001b[39m\n                      \u001b[33my2\u001b[39m=\u001b[32m\"15\"\u001b[39m\n                    \u001b[36m/>\u001b[39m\n                  \u001b[36m</svg>\u001b[39m\n                \u001b[36m</div>\u001b[39m\n                \u001b[36m<div>\u001b[39m\n                  \u001b[36m<h3\u001b[39m\n                    \u001b[33mclass\u001b[39m=\u001b[32m\"text-lg font-medium\"\u001b[39m\n                  \u001b[36m>\u001b[39m\n                    \u001b[0mUpload Listings CSV\u001b[0m\n                  \u001b[36m</h3>\u001b[39m\n                  \u001b[36m<p\u001b[39m\n                    \u001b[33mclass\u001b[39m=\u001b[32m\"text-sm text-muted-foreground mb-4\"\u001b[39m\n                  \u001b[36m>\u001b[39m\n                    \u001b[0mBulk analyze listings from a CSV file\u001b[0m\n                  \u001b[36m</p>\u001b[39m\n                \u001b[36m</div>\u001b[39m\n                \u001b[36m<div\u001b[39m\n                  \u001b[33mclass\u001b[39m=\u001b[32m\"w-full\"\u001b[39m\n                \u001b[36m>\u001b[39m\n                  \u001b[36m<label\u001b[39m\n                    \u001b[33mclass\u001b[39m=\u001b[32m\"relative flex w-full cursor-pointer flex-col items-center justify-center rounded-lg border-2 border-dashed border-primary/40 bg-background p-6 text-center transition-colors hover:bg-primary/5\"\u001b[39m\n                  \u001b[36m>\u001b[39m\n                    \u001b[36m<svg\u001b[39m\n                      \u001b[33mclass\u001b[39m=\u001b[32m\"lucide lucide-file-text mb-2 h-8 w-8 text-primary/60\"\u001b[39m\n                      \u001b[33mfill\u001b[39m=\u001b[32m\"none\"\u001b[39m\n                      \u001b[33mheight\u001b[39m=\u001b[32m\"24\"\u001b[39m\n                      \u001b[33mstroke\u001b[39m=\u001b[32m\"currentColor\"\u001b[39m\n                      \u001b[33mstroke-linecap\u001b[39m=\u001b[32m\"round\"\u001b[39m\n                      \u001b[33mstroke-linejoin\u001b[39m=\u001b[32m\"round\"\u001b[39m\n                      \u001b[33mstroke-width\u001b[39m=\u001b[32m\"2\"\u001b[39m\n                      \u001b[33mviewBox\u001b[39m=\u001b[32m\"0 0 24 24\"\u001b[39m\n                      \u001b[33mwidth\u001b[39m=\u001b[32m\"24\"\u001b[39m\n                      \u001b[33mxmlns\u001b[39m=\u001b[32m\"http://www.w3.org/2000/svg\"\u001b[39m\n                    \u001b[36m>\u001b[39m\n                      \u001b[36m<path\u001b[39m\n                        \u001b[33md\u001b[39m=\u001b[32m\"M15 2H6a2 2 0 0 0-2 2v16a2 2 0 0 0 2 2h12a2 2 0 0 0 2-2V7Z\"\u001b[39m\n                      \u001b[36m/>\u001b[39m\n                      \u001b[36m<path\u001b[39m\n                        \u001b[33md\u001b[39m=\u001b[32m\"M14 2v4a2 2 0 0 0 2 2h4\"\u001b[39m\n                      \u001b[36m/>\u001b[39m\n                      \u001b[36m<path\u001b[39m\n                        \u001b[33md\u001b[39m=\u001b[32m\"M10 9H8\"\u001b[39m\n                      \u001b[36m/>\u001b[39m\n                      \u001b[36m<path\u001b[39m\n                        \u001b[33md\u001b[39m=\u001b[32m\"M16 13H8\"\u001b[39m\n                      \u001b[36m/>\u001b[39m\n                      \u001b[36m<path\u001b[39m\n                        \u001b[33md\u001b[39m=\u001b[32m\"M16 17H8\"\u001b[39m\n                      \u001b[36m/>\u001b[39m\n                    \u001b[36m</svg>\u001b[39m\n                    \u001b[36m<span\u001b[39m\n                      \u001b[33mclass\u001b[39m=\u001b[32m\"text-sm font-medium\"\u001b[39m\n                    \u001b[36m>\u001b[39m\n                      \u001b[0mClick or drag CSV file here\u001b[0m\n                    \u001b[36m</span>\u001b[39m\n                    \u001b[36m<span\u001b[39m\n                      \u001b[33mclass\u001b[39m=\u001b[32m\"text-xs text-muted-foreground mt-1\"\u001b[39m\n                    \u001b[36m>\u001b[39m\n                      \u001b[0m(Requires: \u001b[0m\n                      \u001b[0mproduct, title, description, bullet_points, images, keywords\u001b[0m\n                      \u001b[0m)\u001b[0m\n                    \u001b[36m</span>\u001b[39m\n                    \u001b[36m<input\u001b[39m\n                      \u001b[33maccept\u001b[39m=\u001b[32m\".csv, text/csv\"\u001b[39m\n                      \u001b[33mclass\u001b[39m=\u001b[32m\"hidden\"\u001b[39m\n                      \u001b[33mtype\u001b[39m=\u001b[32m\"file\"\u001b[39m\n                    \u001b[36m/>\u001b[39m\n                  \u001b[36m</label>\u001b[39m\n                  \u001b[36m<button\u001b[39m\n                    \u001b[33mclass\u001b[39m=\u001b[32m\"inline-flex items-center justify-center text-sm font-medium ring-offset-background transition-colors focus-visible:outline-none focus-visible:ring-2 focus-visible:ring-ring focus-visible:ring-offset-2 disabled:pointer-events-none disabled:opacity-50 border border-input bg-background hover:bg-accent hover:text-accent-foreground h-9 rounded-md px-3 mt-4\"\u001b[39m\n                  \u001b[36m>\u001b[39m\n                    \u001b[36m<svg\u001b[39m\n                      \u001b[33mclass\u001b[39m=\u001b[32m\"lucide lucide-download mr-2 h-4 w-4\"\u001b[39m\n                      \u001b[33mfill\u001b[39m=\u001b[32m\"none\"\u001b[39m\n                      \u001b[33mheight\u001b[39m=\u001b[32m\"24\"\u001b[39m\n                      \u001b[33mstroke\u001b[39m=\u001b[32m\"currentColor\"\u001b[39m\n                      \u001b[33mstroke-linecap\u001b[39m=\u001b[32m\"round\"\u001b[39m\n                      \u001b[33mstroke-linejoin\u001b[39m=\u001b[32m\"round\"\u001b[39m\n                      \u001b[33mstroke-width\u001b[39m=\u001b[32m\"2\"\u001b[39m\n                      \u001b[33mviewBox\u001b[39m=\u001b[32m\"0 0 24 24\"\u001b[39m\n                      \u001b[33mwidth\u001b[39m=\u001b[32m\"24\"\u001b[39m\n                      \u001b[33mxmlns\u001b[39m=\u001b[32m\"http://www.w3.org/2000/svg\"\u001b[39m\n                    \u001b[36m>\u001b[39m\n                      \u001b[36m<path\u001b[39m\n                        \u001b[33md\u001b[39m=\u001b[32m\"M21 15v4a2 2 0 0 1-2 2H5a2 2 0 0 1-2-2v-4\"\u001b[39m\n                      \u001b[36m/>\u001b[39m\n                      \u001b[36m<polyline\u001b[39m\n                        \u001b[33mpoints\u001b[39m=\u001b[32m\"7 10 12 15 17 10\"\u001b[39m\n                      \u001b[36m/>\u001b[39m\n                      \u001b[36m<line\u001b[39m\n                        \u001b[33mx1\u001b[39m=\u001b[32m\"12\"\u001b[39m\n                        \u001b[33mx2\u001b[39m=\u001b[32m\"12\"\u001b[39m\n                        \u001b[33my1\u001b[39m=\u001b[32m\"15\"\u001b[39m\n                        \u001b[33my2\u001b[39m=\u001b[32m\"3\"\u001b[39m\n                      \u001b[36m/>\u001b[39m\n                    \u001b[36m</svg>\u001b[39m\n                    \u001b[0mDownload Sample CSV\u001b[0m\n                  \u001b[36m</button>\u001b[39m\n                \u001b[36m</div>\u001b[39m\n              \u001b[36m</div>\u001b[39m\n            \u001b[36m</div>\u001b[39m\n          \u001b[36m</div>\u001b[39m\n        \u001b[36m</div>\u001b[39m\n        \u001b[36m<div\u001b[39m\n          \u001b[33mclass\u001b[39m=\u001b[32m\"rounded-lg border bg-card text-card-foreground shadow-sm flex-1 undefined\"\u001b[39m\n        \u001b[36m>\u001b[39m\n          \u001b[36m<div\u001b[39m\n            \u001b[33mclass\u001b[39m=\u001b[32m\"p-4\"\u001b[39m\n          \u001b[36m>\u001b[39m\n            \u001b[36m<div\u001b[39m\n              \u001b[33mclass\u001b[39m=\u001b[32m\"p-6\"\u001b[39m\n            \u001b[36m>\u001b[39m\n              \u001b[36m<h3\u001b[39m\n                \u001b[33mclass\u001b[39m=\u001b[32m\"text-lg font-medium mb-4 text-center sm:text-left\"\u001b[39m\n              \u001b[36m>\u001b[39m\n                \u001b[0mCheck Single Listing by ASIN\u001b[0m\n              \u001b[36m</h3>\u001b[39m\n              \u001b[36m<div\u001b[39m\n                \u001b[33mclass\u001b[39m=\u001b[32m\"space-y-4\"\u001b[39m\n              \u001b[36m>\u001b[39m\n                \u001b[36m<div>\u001b[39m\n                  \u001b[36m<label\u001b[39m\n                    \u001b[33mclass\u001b[39m=\u001b[32m\"peer-disabled:cursor-not-allowed peer-disabled:opacity-70 text-sm font-medium\"\u001b[39m\n                    \u001b[33mfor\u001b[39m=\u001b[32m\"asin-input\"\u001b[39m\n                  \u001b[36m>\u001b[39m\n                    \u001b[0mAmazon ASIN\u001b[0m\n                  \u001b[36m</label>\u001b[39m\n                  \u001b[36m<div\u001b[39m\n                    \u001b[33mclass\u001b[39m=\u001b[32m\"flex flex-col sm:flex-row gap-2 mt-1\"\u001b[39m\n                  \u001b[36m>\u001b[39m\n                    \u001b[36m<input\u001b[39m\n                      \u001b[33mclass\u001b[39m=\u001b[32m\"flex h-10 w-full rounded-md border border-input bg-background px-3 py-2 text-sm ring-offset-background file:border-0 file:bg-transparent file:text-sm file:font-medium placeholder:text-muted-foreground focus-visible:outline-none focus-visible:ring-2 focus-visible:ring-ring focus-visible:ring-offset-2 disabled:cursor-not-allowed disabled:opacity-50 flex-grow\"\u001b[39m\n                      \u001b[33mid\u001b[39m=\u001b[32m\"asin-input\"\u001b[39m\n                      \u001b[33mplaceholder\u001b[39m=\u001b[32m\"Enter ASIN (e.g., B08N5KWB9H)\"\u001b[39m\n                      \u001b[33mvalue\u001b[39m=\u001b[32m\"\"\u001b[39m\n                    \u001b[36m/>\u001b[39m\n                    \u001b[36m<button\u001b[39m\n                      \u001b[33mclass\u001b[39m=\u001b[32m\"inline-flex items-center justify-center rounded-md text-sm font-medium ring-offset-background transition-colors focus-visible:outline-none focus-visible:ring-2 focus-visible:ring-ring focus-visible:ring-offset-2 disabled:pointer-events-none disabled:opacity-50 bg-primary text-primary-foreground hover:bg-primary/90 h-10 px-4 py-2 w-full sm:w-auto\"\u001b[39m\n                      \u001b[33mdisabled\u001b[39m=\u001b[32m\"\"\u001b[39m\n                    \u001b[36m>\u001b[39m\n                      \u001b[36m<svg\u001b[39m\n                        \u001b[33mclass\u001b[39m=\u001b[32m\"lucide lucide-search mr-2 h-4 w-4\"\u001b[39m\n                        \u001b[33mfill\u001b[39m=\u001b[32m\"none\"\u001b[39m\n                        \u001b[33mheight\u001b[39m=\u001b[32m\"24\"\u001b[39m\n                        \u001b[33mstroke\u001b[39m=\u001b[32m\"currentColor\"\u001b[39m\n                        \u001b[33mstroke-linecap\u001b[39m=\u001b[32m\"round\"\u001b[39m\n                        \u001b[33mstroke-linejoin\u001b[39m=\u001b[32m\"round\"\u001b[39m\n                        \u001b[33mstroke-width\u001b[39m=\u001b[32m\"2\"\u001b[39m\n                        \u001b[33mviewBox\u001b[39m=\u001b[32m\"0 0 24 24\"\u001b[39m\n                        \u001b[33mwidth\u001b[39m=\u001b[32m\"24\"\u001b[39m\n                        \u001b[33mxmlns\u001b[39m=\u001b[32m\"http://www.w3.org/2000/svg\"\u001b[39m\n                      \u001b[36m>\u001b[39m\n                        \u001b[36m<circle\u001b[39m\n                          \u001b[33mcx\u001b[39m=\u001b[32m\"11\"\u001b[39m\n                          \u001b[33mcy\u001b[39m=\u001b[32m\"11\"\u001b[39m\n                          \u001b[33mr\u001b[39m=\u001b[32m\"8\"\u001b[39m\n                        \u001b[36m/>\u001b[39m\n                        \u001b[36m<path\u001b[39m\n                          \u001b[33md\u001b[39m=\u001b[32m\"m21 21-4.3-4.3\"\u001b[39m\n                        \u001b[36m/>\u001b[39m\n                      \u001b[36m</svg>\u001b[39m\n                      \u001b[0mCheck ASIN\u001b[0m\n                    \u001b[36m</button>\u001b[39m\n                  \u001b[36m</div>\u001b[39m\n                  \u001b[36m<p\u001b[39m\n                    \u001b[33mclass\u001b[39m=\u001b[32m\"mt-1 text-xs text-muted-foreground\"\u001b[39m\n                  \u001b[36m>\u001b[39m\n                    \u001b[0mUses mock data for demonstration. Replace with actual API call.\u001b[0m\n                  \u001b[36m</p>\u001b[39m\n                \u001b[36m</div>\u001b[39m\n              \u001b[36m</div>\u001b[39m\n            \u001b[36m</div>\u001b[39m\n          \u001b[36m</div>\u001b[39m\n        \u001b[36m</div>\u001b[39m\n      \u001b[36m</div>\u001b[39m\n    \u001b[36m</div>\u001b[39m\n  \u001b[36m</div>\u001b[39m\n\u001b[36m</body>\u001b[39m\n    at Object.getElementError (C:\\Users\\johnw\\OneDrive\\Desktop\\portfolio\\node_modules\\@testing-library\\dom\\dist\\config.js:37:19)\n    at C:\\Users\\johnw\\OneDrive\\Desktop\\portfolio\\node_modules\\@testing-library\\dom\\dist\\query-helpers.js:76:38\n    at C:\\Users\\johnw\\OneDrive\\Desktop\\portfolio\\node_modules\\@testing-library\\dom\\dist\\query-helpers.js:52:17\n    at C:\\Users\\johnw\\OneDrive\\Desktop\\portfolio\\node_modules\\@testing-library\\dom\\dist\\query-helpers.js:95:19\n    at Object.getByTestId (C:\\Users\\johnw\\OneDrive\\Desktop\\portfolio\\src\\__tests__\\integration\\components\\interactions.test.tsx:16:30)\n    at Promise.then.completed (C:\\Users\\johnw\\OneDrive\\Desktop\\portfolio\\node_modules\\jest-circus\\build\\utils.js:298:28)\n    at new Promise (<anonymous>)\n    at callAsyncCircusFn (C:\\Users\\johnw\\OneDrive\\Desktop\\portfolio\\node_modules\\jest-circus\\build\\utils.js:231:10)\n    at _callCircusTest (C:\\Users\\johnw\\OneDrive\\Desktop\\portfolio\\node_modules\\jest-circus\\build\\run.js:316:40)\n    at processTicksAndRejections (node:internal/process/task_queues:95:5)\n    at _runTest (C:\\Users\\johnw\\OneDrive\\Desktop\\portfolio\\node_modules\\jest-circus\\build\\run.js:252:3)\n    at _runTestsForDescribeBlock (C:\\Users\\johnw\\OneDrive\\Desktop\\portfolio\\node_modules\\jest-circus\\build\\run.js:126:9)\n    at _runTestsForDescribeBlock (C:\\Users\\johnw\\OneDrive\\Desktop\\portfolio\\node_modules\\jest-circus\\build\\run.js:121:9)\n    at run (C:\\Users\\johnw\\OneDrive\\Desktop\\portfolio\\node_modules\\jest-circus\\build\\run.js:71:3)\n    at runAndTransformResultsToJestFormat (C:\\Users\\johnw\\OneDrive\\Desktop\\portfolio\\node_modules\\jest-circus\\build\\legacy-code-todo-rewrite\\jestAdapterInit.js:122:21)\n    at jestAdapter (C:\\Users\\johnw\\OneDrive\\Desktop\\portfolio\\node_modules\\jest-circus\\build\\legacy-code-todo-rewrite\\jestAdapter.js:79:19)\n    at runTestInternal (C:\\Users\\johnw\\OneDrive\\Desktop\\portfolio\\node_modules\\jest-runner\\build\\runTest.js:367:16)\n    at runTest (C:\\Users\\johnw\\OneDrive\\Desktop\\portfolio\\node_modules\\jest-runner\\build\\runTest.js:444:34)\n    at Object.worker (C:\\Users\\johnw\\OneDrive\\Desktop\\portfolio\\node_modules\\jest-runner\\build\\testWorker.js:106:12)"],"fullName":"Component Interactions updates store on file upload","invocations":1,"location":null,"numPassingAsserts":0,"retryReasons":[],"status":"failed","title":"updates store on file upload"},{"ancestorTitles":["Component Interactions"],"duration":51,"failureDetails":[{"name":"TestingLibraryElementError"}],"failureMessages":["TestingLibraryElementError: Unable to find an element with the text: Process Data. This could be because the text is broken up by multiple elements. In this case, you can provide a function for your text matcher to make your matcher more flexible.\n\nIgnored nodes: comments, script, style\n\u001b[36m<body>\u001b[39m\n  \u001b[36m<div>\u001b[39m\n    \u001b[36m<div\u001b[39m\n      \u001b[33mclass\u001b[39m=\u001b[32m\"space-y-6\"\u001b[39m\n    \u001b[36m>\u001b[39m\n      \u001b[36m<div\u001b[39m\n        \u001b[33mclass\u001b[39m=\u001b[32m\"bg-blue-50 dark:bg-blue-900/20 p-4 rounded-lg flex items-start gap-3\"\u001b[39m\n      \u001b[36m>\u001b[39m\n        \u001b[36m<svg\u001b[39m\n          \u001b[33mclass\u001b[39m=\u001b[32m\"lucide lucide-info h-5 w-5 text-blue-500 mt-0.5 flex-shrink-0\"\u001b[39m\n          \u001b[33mfill\u001b[39m=\u001b[32m\"none\"\u001b[39m\n          \u001b[33mheight\u001b[39m=\u001b[32m\"24\"\u001b[39m\n          \u001b[33mstroke\u001b[39m=\u001b[32m\"currentColor\"\u001b[39m\n          \u001b[33mstroke-linecap\u001b[39m=\u001b[32m\"round\"\u001b[39m\n          \u001b[33mstroke-linejoin\u001b[39m=\u001b[32m\"round\"\u001b[39m\n          \u001b[33mstroke-width\u001b[39m=\u001b[32m\"2\"\u001b[39m\n          \u001b[33mviewBox\u001b[39m=\u001b[32m\"0 0 24 24\"\u001b[39m\n          \u001b[33mwidth\u001b[39m=\u001b[32m\"24\"\u001b[39m\n          \u001b[33mxmlns\u001b[39m=\u001b[32m\"http://www.w3.org/2000/svg\"\u001b[39m\n        \u001b[36m>\u001b[39m\n          \u001b[36m<circle\u001b[39m\n            \u001b[33mcx\u001b[39m=\u001b[32m\"12\"\u001b[39m\n            \u001b[33mcy\u001b[39m=\u001b[32m\"12\"\u001b[39m\n            \u001b[33mr\u001b[39m=\u001b[32m\"10\"\u001b[39m\n          \u001b[36m/>\u001b[39m\n          \u001b[36m<path\u001b[39m\n            \u001b[33md\u001b[39m=\u001b[32m\"M12 16v-4\"\u001b[39m\n          \u001b[36m/>\u001b[39m\n          \u001b[36m<path\u001b[39m\n            \u001b[33md\u001b[39m=\u001b[32m\"M12 8h.01\"\u001b[39m\n          \u001b[36m/>\u001b[39m\n        \u001b[36m</svg>\u001b[39m\n        \u001b[36m<div\u001b[39m\n          \u001b[33mclass\u001b[39m=\u001b[32m\"text-sm text-blue-700 dark:text-blue-300\"\u001b[39m\n        \u001b[36m>\u001b[39m\n          \u001b[36m<p\u001b[39m\n            \u001b[33mclass\u001b[39m=\u001b[32m\"font-medium\"\u001b[39m\n          \u001b[36m>\u001b[39m\n            \u001b[0mHow it Works:\u001b[0m\n          \u001b[36m</p>\u001b[39m\n          \u001b[36m<ul\u001b[39m\n            \u001b[33mclass\u001b[39m=\u001b[32m\"list-disc list-inside ml-4\"\u001b[39m\n          \u001b[36m>\u001b[39m\n            \u001b[36m<li>\u001b[39m\n              \u001b[0mUpload a CSV with listing details (product, title, description, bullet_points, images, keywords).\u001b[0m\n            \u001b[36m</li>\u001b[39m\n            \u001b[36m<li>\u001b[39m\n              \u001b[0mAlternatively, enter an ASIN to fetch and analyze (mock data used for demo).\u001b[0m\n            \u001b[36m</li>\u001b[39m\n            \u001b[36m<li>\u001b[39m\n              \u001b[0mThe tool checks for completeness, length requirements, and keyword presence.\u001b[0m\n            \u001b[36m</li>\u001b[39m\n            \u001b[36m<li>\u001b[39m\n              \u001b[0mA quality score (0-100) is calculated based on detected issues.\u001b[0m\n            \u001b[36m</li>\u001b[39m\n            \u001b[36m<li>\u001b[39m\n              \u001b[0mView issues and suggestions for each listing.\u001b[0m\n            \u001b[36m</li>\u001b[39m\n          \u001b[36m</ul>\u001b[39m\n        \u001b[36m</div>\u001b[39m\n      \u001b[36m</div>\u001b[39m\n      \u001b[36m<div\u001b[39m\n        \u001b[33mclass\u001b[39m=\u001b[32m\"grid grid-cols-1 md:grid-cols-2 gap-6\"\u001b[39m\n      \u001b[36m>\u001b[39m\n        \u001b[36m<div\u001b[39m\n          \u001b[33mclass\u001b[39m=\u001b[32m\"rounded-lg border bg-card text-card-foreground shadow-sm flex-1 undefined\"\u001b[39m\n        \u001b[36m>\u001b[39m\n          \u001b[36m<div\u001b[39m\n            \u001b[33mclass\u001b[39m=\u001b[32m\"p-4\"\u001b[39m\n          \u001b[36m>\u001b[39m\n            \u001b[36m<div\u001b[39m\n              \u001b[33mclass\u001b[39m=\u001b[32m\"p-6\"\u001b[39m\n            \u001b[36m>\u001b[39m\n              \u001b[36m<div\u001b[39m\n                \u001b[33mclass\u001b[39m=\u001b[32m\"flex flex-col items-center justify-center gap-4 text-center\"\u001b[39m\n              \u001b[36m>\u001b[39m\n                \u001b[36m<div\u001b[39m\n                  \u001b[33mclass\u001b[39m=\u001b[32m\"rounded-full bg-primary/10 p-3\"\u001b[39m\n                \u001b[36m>\u001b[39m\n                  \u001b[36m<svg\u001b[39m\n                    \u001b[33mclass\u001b[39m=\u001b[32m\"lucide lucide-upload h-6 w-6 text-primary\"\u001b[39m\n                    \u001b[33mfill\u001b[39m=\u001b[32m\"none\"\u001b[39m\n                    \u001b[33mheight\u001b[39m=\u001b[32m\"24\"\u001b[39m\n                    \u001b[33mstroke\u001b[39m=\u001b[32m\"currentColor\"\u001b[39m\n                    \u001b[33mstroke-linecap\u001b[39m=\u001b[32m\"round\"\u001b[39m\n                    \u001b[33mstroke-linejoin\u001b[39m=\u001b[32m\"round\"\u001b[39m\n                    \u001b[33mstroke-width\u001b[39m=\u001b[32m\"2\"\u001b[39m\n                    \u001b[33mviewBox\u001b[39m=\u001b[32m\"0 0 24 24\"\u001b[39m\n                    \u001b[33mwidth\u001b[39m=\u001b[32m\"24\"\u001b[39m\n                    \u001b[33mxmlns\u001b[39m=\u001b[32m\"http://www.w3.org/2000/svg\"\u001b[39m\n                  \u001b[36m>\u001b[39m\n                    \u001b[36m<path\u001b[39m\n                      \u001b[33md\u001b[39m=\u001b[32m\"M21 15v4a2 2 0 0 1-2 2H5a2 2 0 0 1-2-2v-4\"\u001b[39m\n                    \u001b[36m/>\u001b[39m\n                    \u001b[36m<polyline\u001b[39m\n                      \u001b[33mpoints\u001b[39m=\u001b[32m\"17 8 12 3 7 8\"\u001b[39m\n                    \u001b[36m/>\u001b[39m\n                    \u001b[36m<line\u001b[39m\n                      \u001b[33mx1\u001b[39m=\u001b[32m\"12\"\u001b[39m\n                      \u001b[33mx2\u001b[39m=\u001b[32m\"12\"\u001b[39m\n                      \u001b[33my1\u001b[39m=\u001b[32m\"3\"\u001b[39m\n                      \u001b[33my2\u001b[39m=\u001b[32m\"15\"\u001b[39m\n                    \u001b[36m/>\u001b[39m\n                  \u001b[36m</svg>\u001b[39m\n                \u001b[36m</div>\u001b[39m\n                \u001b[36m<div>\u001b[39m\n                  \u001b[36m<h3\u001b[39m\n                    \u001b[33mclass\u001b[39m=\u001b[32m\"text-lg font-medium\"\u001b[39m\n                  \u001b[36m>\u001b[39m\n                    \u001b[0mUpload Listings CSV\u001b[0m\n                  \u001b[36m</h3>\u001b[39m\n                  \u001b[36m<p\u001b[39m\n                    \u001b[33mclass\u001b[39m=\u001b[32m\"text-sm text-muted-foreground mb-4\"\u001b[39m\n                  \u001b[36m>\u001b[39m\n                    \u001b[0mBulk analyze listings from a CSV file\u001b[0m\n                  \u001b[36m</p>\u001b[39m\n                \u001b[36m</div>\u001b[39m\n                \u001b[36m<div\u001b[39m\n                  \u001b[33mclass\u001b[39m=\u001b[32m\"w-full\"\u001b[39m\n                \u001b[36m>\u001b[39m\n                  \u001b[36m<label\u001b[39m\n                    \u001b[33mclass\u001b[39m=\u001b[32m\"relative flex w-full cursor-pointer flex-col items-center justify-center rounded-lg border-2 border-dashed border-primary/40 bg-background p-6 text-center transition-colors hover:bg-primary/5\"\u001b[39m\n                  \u001b[36m>\u001b[39m\n                    \u001b[36m<svg\u001b[39m\n                      \u001b[33mclass\u001b[39m=\u001b[32m\"lucide lucide-file-text mb-2 h-8 w-8 text-primary/60\"\u001b[39m\n                      \u001b[33mfill\u001b[39m=\u001b[32m\"none\"\u001b[39m\n                      \u001b[33mheight\u001b[39m=\u001b[32m\"24\"\u001b[39m\n                      \u001b[33mstroke\u001b[39m=\u001b[32m\"currentColor\"\u001b[39m\n                      \u001b[33mstroke-linecap\u001b[39m=\u001b[32m\"round\"\u001b[39m\n                      \u001b[33mstroke-linejoin\u001b[39m=\u001b[32m\"round\"\u001b[39m\n                      \u001b[33mstroke-width\u001b[39m=\u001b[32m\"2\"\u001b[39m\n                      \u001b[33mviewBox\u001b[39m=\u001b[32m\"0 0 24 24\"\u001b[39m\n                      \u001b[33mwidth\u001b[39m=\u001b[32m\"24\"\u001b[39m\n                      \u001b[33mxmlns\u001b[39m=\u001b[32m\"http://www.w3.org/2000/svg\"\u001b[39m\n                    \u001b[36m>\u001b[39m\n                      \u001b[36m<path\u001b[39m\n                        \u001b[33md\u001b[39m=\u001b[32m\"M15 2H6a2 2 0 0 0-2 2v16a2 2 0 0 0 2 2h12a2 2 0 0 0 2-2V7Z\"\u001b[39m\n                      \u001b[36m/>\u001b[39m\n                      \u001b[36m<path\u001b[39m\n                        \u001b[33md\u001b[39m=\u001b[32m\"M14 2v4a2 2 0 0 0 2 2h4\"\u001b[39m\n                      \u001b[36m/>\u001b[39m\n                      \u001b[36m<path\u001b[39m\n                        \u001b[33md\u001b[39m=\u001b[32m\"M10 9H8\"\u001b[39m\n                      \u001b[36m/>\u001b[39m\n                      \u001b[36m<path\u001b[39m\n                        \u001b[33md\u001b[39m=\u001b[32m\"M16 13H8\"\u001b[39m\n                      \u001b[36m/>\u001b[39m\n                      \u001b[36m<path\u001b[39m\n                        \u001b[33md\u001b[39m=\u001b[32m\"M16 17H8\"\u001b[39m\n                      \u001b[36m/>\u001b[39m\n                    \u001b[36m</svg>\u001b[39m\n                    \u001b[36m<span\u001b[39m\n                      \u001b[33mclass\u001b[39m=\u001b[32m\"text-sm font-medium\"\u001b[39m\n                    \u001b[36m>\u001b[39m\n                      \u001b[0mClick or drag CSV file here\u001b[0m\n                    \u001b[36m</span>\u001b[39m\n                    \u001b[36m<span\u001b[39m\n                      \u001b[33mclass\u001b[39m=\u001b[32m\"text-xs text-muted-foreground mt-1\"\u001b[39m\n                    \u001b[36m>\u001b[39m\n                      \u001b[0m(Requires: \u001b[0m\n                      \u001b[0mproduct, title, description, bullet_points, images, keywords\u001b[0m\n                      \u001b[0m)\u001b[0m\n                    \u001b[36m</span>\u001b[39m\n                    \u001b[36m<input\u001b[39m\n                      \u001b[33maccept\u001b[39m=\u001b[32m\".csv, text/csv\"\u001b[39m\n                      \u001b[33mclass\u001b[39m=\u001b[32m\"hidden\"\u001b[39m\n                      \u001b[33mtype\u001b[39m=\u001b[32m\"file\"\u001b[39m\n                    \u001b[36m/>\u001b[39m\n                  \u001b[36m</label>\u001b[39m\n                  \u001b[36m<button\u001b[39m\n                    \u001b[33mclass\u001b[39m=\u001b[32m\"inline-flex items-center justify-center text-sm font-medium ring-offset-background transition-colors focus-visible:outline-none focus-visible:ring-2 focus-visible:ring-ring focus-visible:ring-offset-2 disabled:pointer-events-none disabled:opacity-50 border border-input bg-background hover:bg-accent hover:text-accent-foreground h-9 rounded-md px-3 mt-4\"\u001b[39m\n                  \u001b[36m>\u001b[39m\n                    \u001b[36m<svg\u001b[39m\n                      \u001b[33mclass\u001b[39m=\u001b[32m\"lucide lucide-download mr-2 h-4 w-4\"\u001b[39m\n                      \u001b[33mfill\u001b[39m=\u001b[32m\"none\"\u001b[39m\n                      \u001b[33mheight\u001b[39m=\u001b[32m\"24\"\u001b[39m\n                      \u001b[33mstroke\u001b[39m=\u001b[32m\"currentColor\"\u001b[39m\n                      \u001b[33mstroke-linecap\u001b[39m=\u001b[32m\"round\"\u001b[39m\n                      \u001b[33mstroke-linejoin\u001b[39m=\u001b[32m\"round\"\u001b[39m\n                      \u001b[33mstroke-width\u001b[39m=\u001b[32m\"2\"\u001b[39m\n                      \u001b[33mviewBox\u001b[39m=\u001b[32m\"0 0 24 24\"\u001b[39m\n                      \u001b[33mwidth\u001b[39m=\u001b[32m\"24\"\u001b[39m\n                      \u001b[33mxmlns\u001b[39m=\u001b[32m\"http://www.w3.org/2000/svg\"\u001b[39m\n                    \u001b[36m>\u001b[39m\n                      \u001b[36m<path\u001b[39m\n                        \u001b[33md\u001b[39m=\u001b[32m\"M21 15v4a2 2 0 0 1-2 2H5a2 2 0 0 1-2-2v-4\"\u001b[39m\n                      \u001b[36m/>\u001b[39m\n                      \u001b[36m<polyline\u001b[39m\n                        \u001b[33mpoints\u001b[39m=\u001b[32m\"7 10 12 15 17 10\"\u001b[39m\n                      \u001b[36m/>\u001b[39m\n                      \u001b[36m<line\u001b[39m\n                        \u001b[33mx1\u001b[39m=\u001b[32m\"12\"\u001b[39m\n                        \u001b[33mx2\u001b[39m=\u001b[32m\"12\"\u001b[39m\n                        \u001b[33my1\u001b[39m=\u001b[32m\"15\"\u001b[39m\n                        \u001b[33my2\u001b[39m=\u001b[32m\"3\"\u001b[39m\n                      \u001b[36m/>\u001b[39m\n                    \u001b[36m</svg>\u001b[39m\n                    \u001b[0mDownload Sample CSV\u001b[0m\n                  \u001b[36m</button>\u001b[39m\n                \u001b[36m</div>\u001b[39m\n              \u001b[36m</div>\u001b[39m\n            \u001b[36m</div>\u001b[39m\n          \u001b[36m</div>\u001b[39m\n        \u001b[36m</div>\u001b[39m\n        \u001b[36m<div\u001b[39m\n          \u001b[33mclass\u001b[39m=\u001b[32m\"rounded-lg border bg-card text-card-foreground shadow-sm flex-1 undefined\"\u001b[39m\n        \u001b[36m>\u001b[39m\n          \u001b[36m<div\u001b[39m\n            \u001b[33mclass\u001b[39m=\u001b[32m\"p-4\"\u001b[39m\n          \u001b[36m>\u001b[39m\n            \u001b[36m<div\u001b[39m\n              \u001b[33mclass\u001b[39m=\u001b[32m\"p-6\"\u001b[39m\n            \u001b[36m>\u001b[39m\n              \u001b[36m<h3\u001b[39m\n                \u001b[33mclass\u001b[39m=\u001b[32m\"text-lg font-medium mb-4 text-center sm:text-left\"\u001b[39m\n              \u001b[36m>\u001b[39m\n                \u001b[0mCheck Single Listing by ASIN\u001b[0m\n              \u001b[36m</h3>\u001b[39m\n              \u001b[36m<div\u001b[39m\n                \u001b[33mclass\u001b[39m=\u001b[32m\"space-y-4\"\u001b[39m\n              \u001b[36m>\u001b[39m\n                \u001b[36m<div>\u001b[39m\n                  \u001b[36m<label\u001b[39m\n                    \u001b[33mclass\u001b[39m=\u001b[32m\"peer-disabled:cursor-not-allowed peer-disabled:opacity-70 text-sm font-medium\"\u001b[39m\n                    \u001b[33mfor\u001b[39m=\u001b[32m\"asin-input\"\u001b[39m\n                  \u001b[36m>\u001b[39m\n                    \u001b[0mAmazon ASIN\u001b[0m\n                  \u001b[36m</label>\u001b[39m\n                  \u001b[36m<div\u001b[39m\n                    \u001b[33mclass\u001b[39m=\u001b[32m\"flex flex-col sm:flex-row gap-2 mt-1\"\u001b[39m\n                  \u001b[36m>\u001b[39m\n                    \u001b[36m<input\u001b[39m\n                      \u001b[33mclass\u001b[39m=\u001b[32m\"flex h-10 w-full rounded-md border border-input bg-background px-3 py-2 text-sm ring-offset-background file:border-0 file:bg-transparent file:text-sm file:font-medium placeholder:text-muted-foreground focus-visible:outline-none focus-visible:ring-2 focus-visible:ring-ring focus-visible:ring-offset-2 disabled:cursor-not-allowed disabled:opacity-50 flex-grow\"\u001b[39m\n                      \u001b[33mid\u001b[39m=\u001b[32m\"asin-input\"\u001b[39m\n                      \u001b[33mplaceholder\u001b[39m=\u001b[32m\"Enter ASIN (e.g., B08N5KWB9H)\"\u001b[39m\n                      \u001b[33mvalue\u001b[39m=\u001b[32m\"\"\u001b[39m\n                    \u001b[36m/>\u001b[39m\n                    \u001b[36m<button\u001b[39m\n                      \u001b[33mclass\u001b[39m=\u001b[32m\"inline-flex items-center justify-center rounded-md text-sm font-medium ring-offset-background transition-colors focus-visible:outline-none focus-visible:ring-2 focus-visible:ring-ring focus-visible:ring-offset-2 disabled:pointer-events-none disabled:opacity-50 bg-primary text-primary-foreground hover:bg-primary/90 h-10 px-4 py-2 w-full sm:w-auto\"\u001b[39m\n                      \u001b[33mdisabled\u001b[39m=\u001b[32m\"\"\u001b[39m\n                    \u001b[36m>\u001b[39m\n                      \u001b[36m<svg\u001b[39m\n                        \u001b[33mclass\u001b[39m=\u001b[32m\"lucide lucide-search mr-2 h-4 w-4\"\u001b[39m\n                        \u001b[33mfill\u001b[39m=\u001b[32m\"none\"\u001b[39m\n                        \u001b[33mheight\u001b[39m=\u001b[32m\"24\"\u001b[39m\n                        \u001b[33mstroke\u001b[39m=\u001b[32m\"currentColor\"\u001b[39m\n                        \u001b[33mstroke-linecap\u001b[39m=\u001b[32m\"round\"\u001b[39m\n                        \u001b[33mstroke-linejoin\u001b[39m=\u001b[32m\"round\"\u001b[39m\n                        \u001b[33mstroke-width\u001b[39m=\u001b[32m\"2\"\u001b[39m\n                        \u001b[33mviewBox\u001b[39m=\u001b[32m\"0 0 24 24\"\u001b[39m\n                        \u001b[33mwidth\u001b[39m=\u001b[32m\"24\"\u001b[39m\n                        \u001b[33mxmlns\u001b[39m=\u001b[32m\"http://www.w3.org/2000/svg\"\u001b[39m\n                      \u001b[36m>\u001b[39m\n                        \u001b[36m<circle\u001b[39m\n                          \u001b[33mcx\u001b[39m=\u001b[32m\"11\"\u001b[39m\n                          \u001b[33mcy\u001b[39m=\u001b[32m\"11\"\u001b[39m\n                          \u001b[33mr\u001b[39m=\u001b[32m\"8\"\u001b[39m\n                        \u001b[36m/>\u001b[39m\n                        \u001b[36m<path\u001b[39m\n                          \u001b[33md\u001b[39m=\u001b[32m\"m21 21-4.3-4.3\"\u001b[39m\n                        \u001b[36m/>\u001b[39m\n                      \u001b[36m</svg>\u001b[39m\n                      \u001b[0mCheck ASIN\u001b[0m\n                    \u001b[36m</button>\u001b[39m\n                  \u001b[36m</div>\u001b[39m\n                  \u001b[36m<p\u001b[39m\n                    \u001b[33mclass\u001b[39m=\u001b[32m\"mt-1 text-xs text-muted-foreground\"\u001b[39m\n                  \u001b[36m>\u001b[39m\n                    \u001b[0mUses mock data for demonstration. Replace with actual API call.\u001b[0m\n                  \u001b[36m</p>\u001b[39m\n                \u001b[36m</div>\u001b[39m\n              \u001b[36m</div>\u001b[39m\n            \u001b[36m</div>\u001b[39m\n          \u001b[36m</div>\u001b[39m\n        \u001b[36m</div>\u001b[39m\n      \u001b[36m</div>\u001b[39m\n    \u001b[36m</div>\u001b[39m\n  \u001b[36m</div>\u001b[39m\n\u001b[36m</body>\u001b[39m\n    at Object.getElementError (C:\\Users\\johnw\\OneDrive\\Desktop\\portfolio\\node_modules\\@testing-library\\dom\\dist\\config.js:37:19)\n    at C:\\Users\\johnw\\OneDrive\\Desktop\\portfolio\\node_modules\\@testing-library\\dom\\dist\\query-helpers.js:76:38\n    at C:\\Users\\johnw\\OneDrive\\Desktop\\portfolio\\node_modules\\@testing-library\\dom\\dist\\query-helpers.js:52:17\n    at C:\\Users\\johnw\\OneDrive\\Desktop\\portfolio\\node_modules\\@testing-library\\dom\\dist\\query-helpers.js:95:19\n    at Object.getByText (C:\\Users\\johnw\\OneDrive\\Desktop\\portfolio\\src\\__tests__\\integration\\components\\interactions.test.tsx:31:28)\n    at Promise.then.completed (C:\\Users\\johnw\\OneDrive\\Desktop\\portfolio\\node_modules\\jest-circus\\build\\utils.js:298:28)\n    at new Promise (<anonymous>)\n    at callAsyncCircusFn (C:\\Users\\johnw\\OneDrive\\Desktop\\portfolio\\node_modules\\jest-circus\\build\\utils.js:231:10)\n    at _callCircusTest (C:\\Users\\johnw\\OneDrive\\Desktop\\portfolio\\node_modules\\jest-circus\\build\\run.js:316:40)\n    at processTicksAndRejections (node:internal/process/task_queues:95:5)\n    at _runTest (C:\\Users\\johnw\\OneDrive\\Desktop\\portfolio\\node_modules\\jest-circus\\build\\run.js:252:3)\n    at _runTestsForDescribeBlock (C:\\Users\\johnw\\OneDrive\\Desktop\\portfolio\\node_modules\\jest-circus\\build\\run.js:126:9)\n    at _runTestsForDescribeBlock (C:\\Users\\johnw\\OneDrive\\Desktop\\portfolio\\node_modules\\jest-circus\\build\\run.js:121:9)\n    at run (C:\\Users\\johnw\\OneDrive\\Desktop\\portfolio\\node_modules\\jest-circus\\build\\run.js:71:3)\n    at runAndTransformResultsToJestFormat (C:\\Users\\johnw\\OneDrive\\Desktop\\portfolio\\node_modules\\jest-circus\\build\\legacy-code-todo-rewrite\\jestAdapterInit.js:122:21)\n    at jestAdapter (C:\\Users\\johnw\\OneDrive\\Desktop\\portfolio\\node_modules\\jest-circus\\build\\legacy-code-todo-rewrite\\jestAdapter.js:79:19)\n    at runTestInternal (C:\\Users\\johnw\\OneDrive\\Desktop\\portfolio\\node_modules\\jest-runner\\build\\runTest.js:367:16)\n    at runTest (C:\\Users\\johnw\\OneDrive\\Desktop\\portfolio\\node_modules\\jest-runner\\build\\runTest.js:444:34)\n    at Object.worker (C:\\Users\\johnw\\OneDrive\\Desktop\\portfolio\\node_modules\\jest-runner\\build\\testWorker.js:106:12)"],"fullName":"Component Interactions triggers data processing when button clicked","invocations":1,"location":null,"numPassingAsserts":0,"retryReasons":[],"status":"failed","title":"triggers data processing when button clicked"}],"endTime":1745895368695,"message":"\u001b[1m\u001b[31m  \u001b[1m● \u001b[22m\u001b[1mComponent Interactions › updates store on file upload\u001b[39m\u001b[22m\n\n    TestingLibraryElementError: Unable to find an element by: [data-testid=\"file-upload-input\"]\n\n    Ignored nodes: comments, script, style\n    \u001b[36m<body>\u001b[39m\n      \u001b[36m<div>\u001b[39m\n        \u001b[36m<div\u001b[39m\n          \u001b[33mclass\u001b[39m=\u001b[32m\"space-y-6\"\u001b[39m\n        \u001b[36m>\u001b[39m\n          \u001b[36m<div\u001b[39m\n            \u001b[33mclass\u001b[39m=\u001b[32m\"bg-blue-50 dark:bg-blue-900/20 p-4 rounded-lg flex items-start gap-3\"\u001b[39m\n          \u001b[36m>\u001b[39m\n            \u001b[36m<svg\u001b[39m\n              \u001b[33mclass\u001b[39m=\u001b[32m\"lucide lucide-info h-5 w-5 text-blue-500 mt-0.5 flex-shrink-0\"\u001b[39m\n              \u001b[33mfill\u001b[39m=\u001b[32m\"none\"\u001b[39m\n              \u001b[33mheight\u001b[39m=\u001b[32m\"24\"\u001b[39m\n              \u001b[33mstroke\u001b[39m=\u001b[32m\"currentColor\"\u001b[39m\n              \u001b[33mstroke-linecap\u001b[39m=\u001b[32m\"round\"\u001b[39m\n              \u001b[33mstroke-linejoin\u001b[39m=\u001b[32m\"round\"\u001b[39m\n              \u001b[33mstroke-width\u001b[39m=\u001b[32m\"2\"\u001b[39m\n              \u001b[33mviewBox\u001b[39m=\u001b[32m\"0 0 24 24\"\u001b[39m\n              \u001b[33mwidth\u001b[39m=\u001b[32m\"24\"\u001b[39m\n              \u001b[33mxmlns\u001b[39m=\u001b[32m\"http://www.w3.org/2000/svg\"\u001b[39m\n            \u001b[36m>\u001b[39m\n              \u001b[36m<circle\u001b[39m\n                \u001b[33mcx\u001b[39m=\u001b[32m\"12\"\u001b[39m\n                \u001b[33mcy\u001b[39m=\u001b[32m\"12\"\u001b[39m\n                \u001b[33mr\u001b[39m=\u001b[32m\"10\"\u001b[39m\n              \u001b[36m/>\u001b[39m\n              \u001b[36m<path\u001b[39m\n                \u001b[33md\u001b[39m=\u001b[32m\"M12 16v-4\"\u001b[39m\n              \u001b[36m/>\u001b[39m\n              \u001b[36m<path\u001b[39m\n                \u001b[33md\u001b[39m=\u001b[32m\"M12 8h.01\"\u001b[39m\n              \u001b[36m/>\u001b[39m\n            \u001b[36m</svg>\u001b[39m\n            \u001b[36m<div\u001b[39m\n              \u001b[33mclass\u001b[39m=\u001b[32m\"text-sm text-blue-700 dark:text-blue-300\"\u001b[39m\n            \u001b[36m>\u001b[39m\n              \u001b[36m<p\u001b[39m\n                \u001b[33mclass\u001b[39m=\u001b[32m\"font-medium\"\u001b[39m\n              \u001b[36m>\u001b[39m\n                \u001b[0mHow it Works:\u001b[0m\n              \u001b[36m</p>\u001b[39m\n              \u001b[36m<ul\u001b[39m\n                \u001b[33mclass\u001b[39m=\u001b[32m\"list-disc list-inside ml-4\"\u001b[39m\n              \u001b[36m>\u001b[39m\n                \u001b[36m<li>\u001b[39m\n                  \u001b[0mUpload a CSV with listing details (product, title, description, bullet_points, images, keywords).\u001b[0m\n                \u001b[36m</li>\u001b[39m\n                \u001b[36m<li>\u001b[39m\n                  \u001b[0mAlternatively, enter an ASIN to fetch and analyze (mock data used for demo).\u001b[0m\n                \u001b[36m</li>\u001b[39m\n                \u001b[36m<li>\u001b[39m\n                  \u001b[0mThe tool checks for completeness, length requirements, and keyword presence.\u001b[0m\n                \u001b[36m</li>\u001b[39m\n                \u001b[36m<li>\u001b[39m\n                  \u001b[0mA quality score (0-100) is calculated based on detected issues.\u001b[0m\n                \u001b[36m</li>\u001b[39m\n                \u001b[36m<li>\u001b[39m\n                  \u001b[0mView issues and suggestions for each listing.\u001b[0m\n                \u001b[36m</li>\u001b[39m\n              \u001b[36m</ul>\u001b[39m\n            \u001b[36m</div>\u001b[39m\n          \u001b[36m</div>\u001b[39m\n          \u001b[36m<div\u001b[39m\n            \u001b[33mclass\u001b[39m=\u001b[32m\"grid grid-cols-1 md:grid-cols-2 gap-6\"\u001b[39m\n          \u001b[36m>\u001b[39m\n            \u001b[36m<div\u001b[39m\n              \u001b[33mclass\u001b[39m=\u001b[32m\"rounded-lg border bg-card text-card-foreground shadow-sm flex-1 undefined\"\u001b[39m\n            \u001b[36m>\u001b[39m\n              \u001b[36m<div\u001b[39m\n                \u001b[33mclass\u001b[39m=\u001b[32m\"p-4\"\u001b[39m\n              \u001b[36m>\u001b[39m\n                \u001b[36m<div\u001b[39m\n                  \u001b[33mclass\u001b[39m=\u001b[32m\"p-6\"\u001b[39m\n                \u001b[36m>\u001b[39m\n                  \u001b[36m<div\u001b[39m\n                    \u001b[33mclass\u001b[39m=\u001b[32m\"flex flex-col items-center justify-center gap-4 text-center\"\u001b[39m\n                  \u001b[36m>\u001b[39m\n                    \u001b[36m<div\u001b[39m\n                      \u001b[33mclass\u001b[39m=\u001b[32m\"rounded-full bg-primary/10 p-3\"\u001b[39m\n                    \u001b[36m>\u001b[39m\n                      \u001b[36m<svg\u001b[39m\n                        \u001b[33mclass\u001b[39m=\u001b[32m\"lucide lucide-upload h-6 w-6 text-primary\"\u001b[39m\n                        \u001b[33mfill\u001b[39m=\u001b[32m\"none\"\u001b[39m\n                        \u001b[33mheight\u001b[39m=\u001b[32m\"24\"\u001b[39m\n                        \u001b[33mstroke\u001b[39m=\u001b[32m\"currentColor\"\u001b[39m\n                        \u001b[33mstroke-linecap\u001b[39m=\u001b[32m\"round\"\u001b[39m\n                        \u001b[33mstroke-linejoin\u001b[39m=\u001b[32m\"round\"\u001b[39m\n                        \u001b[33mstroke-width\u001b[39m=\u001b[32m\"2\"\u001b[39m\n                        \u001b[33mviewBox\u001b[39m=\u001b[32m\"0 0 24 24\"\u001b[39m\n                        \u001b[33mwidth\u001b[39m=\u001b[32m\"24\"\u001b[39m\n                        \u001b[33mxmlns\u001b[39m=\u001b[32m\"http://www.w3.org/2000/svg\"\u001b[39m\n                      \u001b[36m>\u001b[39m\n                        \u001b[36m<path\u001b[39m\n                          \u001b[33md\u001b[39m=\u001b[32m\"M21 15v4a2 2 0 0 1-2 2H5a2 2 0 0 1-2-2v-4\"\u001b[39m\n                        \u001b[36m/>\u001b[39m\n                        \u001b[36m<polyline\u001b[39m\n                          \u001b[33mpoints\u001b[39m=\u001b[32m\"17 8 12 3 7 8\"\u001b[39m\n                        \u001b[36m/>\u001b[39m\n                        \u001b[36m<line\u001b[39m\n                          \u001b[33mx1\u001b[39m=\u001b[32m\"12\"\u001b[39m\n                          \u001b[33mx2\u001b[39m=\u001b[32m\"12\"\u001b[39m\n                          \u001b[33my1\u001b[39m=\u001b[32m\"3\"\u001b[39m\n                          \u001b[33my2\u001b[39m=\u001b[32m\"15\"\u001b[39m\n                        \u001b[36m/>\u001b[39m\n                      \u001b[36m</svg>\u001b[39m\n                    \u001b[36m</div>\u001b[39m\n                    \u001b[36m<div>\u001b[39m\n                      \u001b[36m<h3\u001b[39m\n                        \u001b[33mclass\u001b[39m=\u001b[32m\"text-lg font-medium\"\u001b[39m\n                      \u001b[36m>\u001b[39m\n                        \u001b[0mUpload Listings CSV\u001b[0m\n                      \u001b[36m</h3>\u001b[39m\n                      \u001b[36m<p\u001b[39m\n                        \u001b[33mclass\u001b[39m=\u001b[32m\"text-sm text-muted-foreground mb-4\"\u001b[39m\n                      \u001b[36m>\u001b[39m\n                        \u001b[0mBulk analyze listings from a CSV file\u001b[0m\n                      \u001b[36m</p>\u001b[39m\n                    \u001b[36m</div>\u001b[39m\n                    \u001b[36m<div\u001b[39m\n                      \u001b[33mclass\u001b[39m=\u001b[32m\"w-full\"\u001b[39m\n                    \u001b[36m>\u001b[39m\n                      \u001b[36m<label\u001b[39m\n                        \u001b[33mclass\u001b[39m=\u001b[32m\"relative flex w-full cursor-pointer flex-col items-center justify-center rounded-lg border-2 border-dashed border-primary/40 bg-background p-6 text-center transition-colors hover:bg-primary/5\"\u001b[39m\n                      \u001b[36m>\u001b[39m\n                        \u001b[36m<svg\u001b[39m\n                          \u001b[33mclass\u001b[39m=\u001b[32m\"lucide lucide-file-text mb-2 h-8 w-8 text-primary/60\"\u001b[39m\n                          \u001b[33mfill\u001b[39m=\u001b[32m\"none\"\u001b[39m\n                          \u001b[33mheight\u001b[39m=\u001b[32m\"24\"\u001b[39m\n                          \u001b[33mstroke\u001b[39m=\u001b[32m\"currentColor\"\u001b[39m\n                          \u001b[33mstroke-linecap\u001b[39m=\u001b[32m\"round\"\u001b[39m\n                          \u001b[33mstroke-linejoin\u001b[39m=\u001b[32m\"round\"\u001b[39m\n                          \u001b[33mstroke-width\u001b[39m=\u001b[32m\"2\"\u001b[39m\n                          \u001b[33mviewBox\u001b[39m=\u001b[32m\"0 0 24 24\"\u001b[39m\n                          \u001b[33mwidth\u001b[39m=\u001b[32m\"24\"\u001b[39m\n                          \u001b[33mxmlns\u001b[39m=\u001b[32m\"http://www.w3.org/2000/svg\"\u001b[39m\n                        \u001b[36m>\u001b[39m\n                          \u001b[36m<path\u001b[39m\n                            \u001b[33md\u001b[39m=\u001b[32m\"M15 2H6a2 2 0 0 0-2 2v16a2 2 0 0 0 2 2h12a2 2 0 0 0 2-2V7Z\"\u001b[39m\n                          \u001b[36m/>\u001b[39m\n                          \u001b[36m<path\u001b[39m\n                            \u001b[33md\u001b[39m=\u001b[32m\"M14 2v4a2 2 0 0 0 2 2h4\"\u001b[39m\n                          \u001b[36m/>\u001b[39m\n                          \u001b[36m<path\u001b[39m\n                            \u001b[33md\u001b[39m=\u001b[32m\"M10 9H8\"\u001b[39m\n                          \u001b[36m/>\u001b[39m\n                          \u001b[36m<path\u001b[39m\n                            \u001b[33md\u001b[39m=\u001b[32m\"M16 13H8\"\u001b[39m\n                          \u001b[36m/>\u001b[39m\n                          \u001b[36m<path\u001b[39m\n                            \u001b[33md\u001b[39m=\u001b[32m\"M16 17H8\"\u001b[39m\n                          \u001b[36m/>\u001b[39m\n                        \u001b[36m</svg>\u001b[39m\n                        \u001b[36m<span\u001b[39m\n                          \u001b[33mclass\u001b[39m=\u001b[32m\"text-sm font-medium\"\u001b[39m\n                        \u001b[36m>\u001b[39m\n                          \u001b[0mClick or drag CSV file here\u001b[0m\n                        \u001b[36m</span>\u001b[39m\n                        \u001b[36m<span\u001b[39m\n                          \u001b[33mclass\u001b[39m=\u001b[32m\"text-xs text-muted-foreground mt-1\"\u001b[39m\n                        \u001b[36m>\u001b[39m\n                          \u001b[0m(Requires: \u001b[0m\n                          \u001b[0mproduct, title, description, bullet_points, images, keywords\u001b[0m\n                          \u001b[0m)\u001b[0m\n                        \u001b[36m</span>\u001b[39m\n                        \u001b[36m<input\u001b[39m\n                          \u001b[33maccept\u001b[39m=\u001b[32m\".csv, text/csv\"\u001b[39m\n                          \u001b[33mclass\u001b[39m=\u001b[32m\"hidden\"\u001b[39m\n                          \u001b[33mtype\u001b[39m=\u001b[32m\"file\"\u001b[39m\n                        \u001b[36m/>\u001b[39m\n                      \u001b[36m</label>\u001b[39m\n                      \u001b[36m<button\u001b[39m\n                        \u001b[33mclass\u001b[39m=\u001b[32m\"inline-flex items-center justify-center text-sm font-medium ring-offset-background transition-colors focus-visible:outline-none focus-visible:ring-2 focus-visible:ring-ring focus-visible:ring-offset-2 disabled:pointer-events-none disabled:opacity-50 border border-input bg-background hover:bg-accent hover:text-accent-foreground h-9 rounded-md px-3 mt-4\"\u001b[39m\n                      \u001b[36m>\u001b[39m\n                        \u001b[36m<svg\u001b[39m\n                          \u001b[33mclass\u001b[39m=\u001b[32m\"lucide lucide-download mr-2 h-4 w-4\"\u001b[39m\n                          \u001b[33mfill\u001b[39m=\u001b[32m\"none\"\u001b[39m\n                          \u001b[33mheight\u001b[39m=\u001b[32m\"24\"\u001b[39m\n                          \u001b[33mstroke\u001b[39m=\u001b[32m\"currentColor\"\u001b[39m\n                          \u001b[33mstroke-linecap\u001b[39m=\u001b[32m\"round\"\u001b[39m\n                          \u001b[33mstroke-linejoin\u001b[39m=\u001b[32m\"round\"\u001b[39m\n                          \u001b[33mstroke-width\u001b[39m=\u001b[32m\"2\"\u001b[39m\n                          \u001b[33mviewBox\u001b[39m=\u001b[32m\"0 0 24 24\"\u001b[39m\n                          \u001b[33mwidth\u001b[39m=\u001b[32m\"24\"\u001b[39m\n                          \u001b[33mxmlns\u001b[39m=\u001b[32m\"http://www.w3.org/2000/svg\"\u001b[39m\n                        \u001b[36m>\u001b[39m\n                          \u001b[36m<path\u001b[39m\n                            \u001b[33md\u001b[39m=\u001b[32m\"M21 15v4a2 2 0 0 1-2 2H5a2 2 0 0 1-2-2v-4\"\u001b[39m\n                          \u001b[36m/>\u001b[39m\n                          \u001b[36m<polyline\u001b[39m\n                            \u001b[33mpoints\u001b[39m=\u001b[32m\"7 10 12 15 17 10\"\u001b[39m\n                          \u001b[36m/>\u001b[39m\n                          \u001b[36m<line\u001b[39m\n                            \u001b[33mx1\u001b[39m=\u001b[32m\"12\"\u001b[39m\n                            \u001b[33mx2\u001b[39m=\u001b[32m\"12\"\u001b[39m\n                            \u001b[33my1\u001b[39m=\u001b[32m\"15\"\u001b[39m\n                            \u001b[33my2\u001b[39m=\u001b[32m\"3\"\u001b[39m\n                          \u001b[36m/>\u001b[39m\n                        \u001b[36m</svg>\u001b[39m\n                        \u001b[0mDownload Sample CSV\u001b[0m\n                      \u001b[36m</button>\u001b[39m\n                    \u001b[36m</div>\u001b[39m\n                  \u001b[36m</div>\u001b[39m\n                \u001b[36m</div>\u001b[39m\n              \u001b[36m</div>\u001b[39m\n            \u001b[36m</div>\u001b[39m\n            \u001b[36m<div\u001b[39m\n              \u001b[33mclass\u001b[39m=\u001b[32m\"rounded-lg border bg-card text-card-foreground shadow-sm flex-1 undefined\"\u001b[39m\n            \u001b[36m>\u001b[39m\n              \u001b[36m<div\u001b[39m\n                \u001b[33mclass\u001b[39m=\u001b[32m\"p-4\"\u001b[39m\n              \u001b[36m>\u001b[39m\n                \u001b[36m<div\u001b[39m\n                  \u001b[33mclass\u001b[39m=\u001b[32m\"p-6\"\u001b[39m\n                \u001b[36m>\u001b[39m\n                  \u001b[36m<h3\u001b[39m\n                    \u001b[33mclass\u001b[39m=\u001b[32m\"text-lg font-medium mb-4 text-center sm:text-left\"\u001b[39m\n                  \u001b[36m>\u001b[39m\n                    \u001b[0mCheck Single Listing by ASIN\u001b[0m\n                  \u001b[36m</h3>\u001b[39m\n                  \u001b[36m<div\u001b[39m\n                    \u001b[33mclass\u001b[39m=\u001b[32m\"space-y-4\"\u001b[39m\n                  \u001b[36m>\u001b[39m\n                    \u001b[36m<div>\u001b[39m\n                      \u001b[36m<label\u001b[39m\n                        \u001b[33mclass\u001b[39m=\u001b[32m\"peer-disabled:cursor-not-allowed peer-disabled:opacity-70 text-sm font-medium\"\u001b[39m\n                        \u001b[33mfor\u001b[39m=\u001b[32m\"asin-input\"\u001b[39m\n                      \u001b[36m>\u001b[39m\n                        \u001b[0mAmazon ASIN\u001b[0m\n                      \u001b[36m</label>\u001b[39m\n                      \u001b[36m<div\u001b[39m\n                        \u001b[33mclass\u001b[39m=\u001b[32m\"flex flex-col sm:flex-row gap-2 mt-1\"\u001b[39m\n                      \u001b[36m>\u001b[39m\n                        \u001b[36m<input\u001b[39m\n                          \u001b[33mclass\u001b[39m=\u001b[32m\"flex h-10 w-full rounded-md border border-input bg-background px-3 py-2 text-sm ring-offset-background file:border-0 file:bg-transparent file:text-sm file:font-medium placeholder:text-muted-foreground focus-visible:outline-none focus-visible:ring-2 focus-visible:ring-ring focus-visible:ring-offset-2 disabled:cursor-not-allowed disabled:opacity-50 flex-grow\"\u001b[39m\n                          \u001b[33mid\u001b[39m=\u001b[32m\"asin-input\"\u001b[39m\n                          \u001b[33mplaceholder\u001b[39m=\u001b[32m\"Enter ASIN (e.g., B08N5KWB9H)\"\u001b[39m\n                          \u001b[33mvalue\u001b[39m=\u001b[32m\"\"\u001b[39m\n                        \u001b[36m/>\u001b[39m\n                        \u001b[36m<button\u001b[39m\n                          \u001b[33mclass\u001b[39m=\u001b[32m\"inline-flex items-center justify-center rounded-md text-sm font-medium ring-offset-background transition-colors focus-visible:outline-none focus-visible:ring-2 focus-visible:ring-ring focus-visible:ring-offset-2 disabled:pointer-events-none disabled:opacity-50 bg-primary text-primary-foreground hover:bg-primary/90 h-10 px-4 py-2 w-full sm:w-auto\"\u001b[39m\n                          \u001b[33mdisabled\u001b[39m=\u001b[32m\"\"\u001b[39m\n                        \u001b[36m>\u001b[39m\n                          \u001b[36m<svg\u001b[39m\n                            \u001b[33mclass\u001b[39m=\u001b[32m\"lucide lucide-search mr-2 h-4 w-4\"\u001b[39m\n                            \u001b[33mfill\u001b[39m=\u001b[32m\"none\"\u001b[39m\n                            \u001b[33mheight\u001b[39m=\u001b[32m\"24\"\u001b[39m\n                            \u001b[33mstroke\u001b[39m=\u001b[32m\"currentColor\"\u001b[39m\n                            \u001b[33mstroke-linecap\u001b[39m=\u001b[32m\"round\"\u001b[39m\n                            \u001b[33mstroke-linejoin\u001b[39m=\u001b[32m\"round\"\u001b[39m\n                            \u001b[33mstroke-width\u001b[39m=\u001b[32m\"2\"\u001b[39m\n                            \u001b[33mviewBox\u001b[39m=\u001b[32m\"0 0 24 24\"\u001b[39m\n                            \u001b[33mwidth\u001b[39m=\u001b[32m\"24\"\u001b[39m\n                            \u001b[33mxmlns\u001b[39m=\u001b[32m\"http://www.w3.org/2000/svg\"\u001b[39m\n                          \u001b[36m>\u001b[39m\n                            \u001b[36m<circle\u001b[39m\n                              \u001b[33mcx\u001b[39m=\u001b[32m\"11\"\u001b[39m\n                              \u001b[33mcy\u001b[39m=\u001b[32m\"11\"\u001b[39m\n                              \u001b[33mr\u001b[39m=\u001b[32m\"8\"\u001b[39m\n                            \u001b[36m/>\u001b[39m\n                            \u001b[36m<path\u001b[39m\n                              \u001b[33md\u001b[39m=\u001b[32m\"m21 21-4.3-4.3\"\u001b[39m\n                            \u001b[36m/>\u001b[39m\n                          \u001b[36m</svg>\u001b[39m\n                          \u001b[0mCheck ASIN\u001b[0m\n                        \u001b[36m</button>\u001b[39m\n                      \u001b[36m</div>\u001b[39m\n                      \u001b[36m<p\u001b[39m\n                        \u001b[33mclass\u001b[39m=\u001b[32m\"mt-1 text-xs text-muted-foreground\"\u001b[39m\n                      \u001b[36m>\u001b[39m\n                        \u001b[0mUses mock data for demonstration. Replace with actual API call.\u001b[0m\n                      \u001b[36m</p>\u001b[39m\n                    \u001b[36m</div>\u001b[39m\n                  \u001b[36m</div>\u001b[39m\n                \u001b[36m</div>\u001b[39m\n              \u001b[36m</div>\u001b[39m\n            \u001b[36m</div>\u001b[39m\n          \u001b[36m</div>\u001b[39m\n        \u001b[36m</div>\u001b[39m\n      \u001b[36m</div>\u001b[39m\n    \u001b[36m</body>\u001b[39m\n\u001b[2m\u001b[22m\n\u001b[2m    \u001b[0m \u001b[90m 14 |\u001b[39m\u001b[22m\n\u001b[2m     \u001b[90m 15 |\u001b[39m     render(\u001b[33m<\u001b[39m\u001b[33mListingQualityChecker\u001b[39m \u001b[33m/\u001b[39m\u001b[33m>\u001b[39m)\u001b[33m;\u001b[39m\u001b[22m\n\u001b[2m    \u001b[31m\u001b[1m>\u001b[22m\u001b[2m\u001b[39m\u001b[90m 16 |\u001b[39m     \u001b[36mconst\u001b[39m fileInput \u001b[33m=\u001b[39m screen\u001b[33m.\u001b[39mgetByTestId(\u001b[32m'file-upload-input'\u001b[39m)\u001b[33m;\u001b[39m\u001b[22m\n\u001b[2m     \u001b[90m    |\u001b[39m                              \u001b[31m\u001b[1m^\u001b[22m\u001b[2m\u001b[39m\u001b[22m\n\u001b[2m     \u001b[90m 17 |\u001b[39m     fireEvent\u001b[33m.\u001b[39mchange(fileInput\u001b[33m,\u001b[39m {\u001b[22m\n\u001b[2m     \u001b[90m 18 |\u001b[39m       target\u001b[33m:\u001b[39m { files\u001b[33m:\u001b[39m [\u001b[36mnew\u001b[39m \u001b[33mFile\u001b[39m([\u001b[32m'test'\u001b[39m]\u001b[33m,\u001b[39m \u001b[32m'test.csv'\u001b[39m\u001b[33m,\u001b[39m { type\u001b[33m:\u001b[39m \u001b[32m'text/csv'\u001b[39m })] }\u001b[33m,\u001b[39m\u001b[22m\n\u001b[2m     \u001b[90m 19 |\u001b[39m     })\u001b[33m;\u001b[39m\u001b[0m\u001b[22m\n\u001b[2m\u001b[22m\n\u001b[2m      \u001b[2mat Object.getElementError (\u001b[22m\u001b[2mnode_modules/@testing-library/dom/dist/config.js\u001b[2m:37:19)\u001b[22m\u001b[2m\u001b[22m\n\u001b[2m      \u001b[2mat \u001b[22m\u001b[2mnode_modules/@testing-library/dom/dist/query-helpers.js\u001b[2m:76:38\u001b[22m\u001b[2m\u001b[22m\n\u001b[2m      \u001b[2mat \u001b[22m\u001b[2mnode_modules/@testing-library/dom/dist/query-helpers.js\u001b[2m:52:17\u001b[22m\u001b[2m\u001b[22m\n\u001b[2m      \u001b[2mat \u001b[22m\u001b[2mnode_modules/@testing-library/dom/dist/query-helpers.js\u001b[2m:95:19\u001b[22m\u001b[2m\u001b[22m\n\u001b[2m      \u001b[2mat Object.getByTestId (\u001b[22m\u001b[2m\u001b[0m\u001b[36msrc/__tests__/integration/components/interactions.test.tsx\u001b[39m\u001b[0m\u001b[2m:16:30)\u001b[22m\u001b[2m\u001b[22m\n\n\u001b[1m\u001b[31m  \u001b[1m● \u001b[22m\u001b[1mComponent Interactions › triggers data processing when button clicked\u001b[39m\u001b[22m\n\n    TestingLibraryElementError: Unable to find an element with the text: Process Data. This could be because the text is broken up by multiple elements. In this case, you can provide a function for your text matcher to make your matcher more flexible.\n\n    Ignored nodes: comments, script, style\n    \u001b[36m<body>\u001b[39m\n      \u001b[36m<div>\u001b[39m\n        \u001b[36m<div\u001b[39m\n          \u001b[33mclass\u001b[39m=\u001b[32m\"space-y-6\"\u001b[39m\n        \u001b[36m>\u001b[39m\n          \u001b[36m<div\u001b[39m\n            \u001b[33mclass\u001b[39m=\u001b[32m\"bg-blue-50 dark:bg-blue-900/20 p-4 rounded-lg flex items-start gap-3\"\u001b[39m\n          \u001b[36m>\u001b[39m\n            \u001b[36m<svg\u001b[39m\n              \u001b[33mclass\u001b[39m=\u001b[32m\"lucide lucide-info h-5 w-5 text-blue-500 mt-0.5 flex-shrink-0\"\u001b[39m\n              \u001b[33mfill\u001b[39m=\u001b[32m\"none\"\u001b[39m\n              \u001b[33mheight\u001b[39m=\u001b[32m\"24\"\u001b[39m\n              \u001b[33mstroke\u001b[39m=\u001b[32m\"currentColor\"\u001b[39m\n              \u001b[33mstroke-linecap\u001b[39m=\u001b[32m\"round\"\u001b[39m\n              \u001b[33mstroke-linejoin\u001b[39m=\u001b[32m\"round\"\u001b[39m\n              \u001b[33mstroke-width\u001b[39m=\u001b[32m\"2\"\u001b[39m\n              \u001b[33mviewBox\u001b[39m=\u001b[32m\"0 0 24 24\"\u001b[39m\n              \u001b[33mwidth\u001b[39m=\u001b[32m\"24\"\u001b[39m\n              \u001b[33mxmlns\u001b[39m=\u001b[32m\"http://www.w3.org/2000/svg\"\u001b[39m\n            \u001b[36m>\u001b[39m\n              \u001b[36m<circle\u001b[39m\n                \u001b[33mcx\u001b[39m=\u001b[32m\"12\"\u001b[39m\n                \u001b[33mcy\u001b[39m=\u001b[32m\"12\"\u001b[39m\n                \u001b[33mr\u001b[39m=\u001b[32m\"10\"\u001b[39m\n              \u001b[36m/>\u001b[39m\n              \u001b[36m<path\u001b[39m\n                \u001b[33md\u001b[39m=\u001b[32m\"M12 16v-4\"\u001b[39m\n              \u001b[36m/>\u001b[39m\n              \u001b[36m<path\u001b[39m\n                \u001b[33md\u001b[39m=\u001b[32m\"M12 8h.01\"\u001b[39m\n              \u001b[36m/>\u001b[39m\n            \u001b[36m</svg>\u001b[39m\n            \u001b[36m<div\u001b[39m\n              \u001b[33mclass\u001b[39m=\u001b[32m\"text-sm text-blue-700 dark:text-blue-300\"\u001b[39m\n            \u001b[36m>\u001b[39m\n              \u001b[36m<p\u001b[39m\n                \u001b[33mclass\u001b[39m=\u001b[32m\"font-medium\"\u001b[39m\n              \u001b[36m>\u001b[39m\n                \u001b[0mHow it Works:\u001b[0m\n              \u001b[36m</p>\u001b[39m\n              \u001b[36m<ul\u001b[39m\n                \u001b[33mclass\u001b[39m=\u001b[32m\"list-disc list-inside ml-4\"\u001b[39m\n              \u001b[36m>\u001b[39m\n                \u001b[36m<li>\u001b[39m\n                  \u001b[0mUpload a CSV with listing details (product, title, description, bullet_points, images, keywords).\u001b[0m\n                \u001b[36m</li>\u001b[39m\n                \u001b[36m<li>\u001b[39m\n                  \u001b[0mAlternatively, enter an ASIN to fetch and analyze (mock data used for demo).\u001b[0m\n                \u001b[36m</li>\u001b[39m\n                \u001b[36m<li>\u001b[39m\n                  \u001b[0mThe tool checks for completeness, length requirements, and keyword presence.\u001b[0m\n                \u001b[36m</li>\u001b[39m\n                \u001b[36m<li>\u001b[39m\n                  \u001b[0mA quality score (0-100) is calculated based on detected issues.\u001b[0m\n                \u001b[36m</li>\u001b[39m\n                \u001b[36m<li>\u001b[39m\n                  \u001b[0mView issues and suggestions for each listing.\u001b[0m\n                \u001b[36m</li>\u001b[39m\n              \u001b[36m</ul>\u001b[39m\n            \u001b[36m</div>\u001b[39m\n          \u001b[36m</div>\u001b[39m\n          \u001b[36m<div\u001b[39m\n            \u001b[33mclass\u001b[39m=\u001b[32m\"grid grid-cols-1 md:grid-cols-2 gap-6\"\u001b[39m\n          \u001b[36m>\u001b[39m\n            \u001b[36m<div\u001b[39m\n              \u001b[33mclass\u001b[39m=\u001b[32m\"rounded-lg border bg-card text-card-foreground shadow-sm flex-1 undefined\"\u001b[39m\n            \u001b[36m>\u001b[39m\n              \u001b[36m<div\u001b[39m\n                \u001b[33mclass\u001b[39m=\u001b[32m\"p-4\"\u001b[39m\n              \u001b[36m>\u001b[39m\n                \u001b[36m<div\u001b[39m\n                  \u001b[33mclass\u001b[39m=\u001b[32m\"p-6\"\u001b[39m\n                \u001b[36m>\u001b[39m\n                  \u001b[36m<div\u001b[39m\n                    \u001b[33mclass\u001b[39m=\u001b[32m\"flex flex-col items-center justify-center gap-4 text-center\"\u001b[39m\n                  \u001b[36m>\u001b[39m\n                    \u001b[36m<div\u001b[39m\n                      \u001b[33mclass\u001b[39m=\u001b[32m\"rounded-full bg-primary/10 p-3\"\u001b[39m\n                    \u001b[36m>\u001b[39m\n                      \u001b[36m<svg\u001b[39m\n                        \u001b[33mclass\u001b[39m=\u001b[32m\"lucide lucide-upload h-6 w-6 text-primary\"\u001b[39m\n                        \u001b[33mfill\u001b[39m=\u001b[32m\"none\"\u001b[39m\n                        \u001b[33mheight\u001b[39m=\u001b[32m\"24\"\u001b[39m\n                        \u001b[33mstroke\u001b[39m=\u001b[32m\"currentColor\"\u001b[39m\n                        \u001b[33mstroke-linecap\u001b[39m=\u001b[32m\"round\"\u001b[39m\n                        \u001b[33mstroke-linejoin\u001b[39m=\u001b[32m\"round\"\u001b[39m\n                        \u001b[33mstroke-width\u001b[39m=\u001b[32m\"2\"\u001b[39m\n                        \u001b[33mviewBox\u001b[39m=\u001b[32m\"0 0 24 24\"\u001b[39m\n                        \u001b[33mwidth\u001b[39m=\u001b[32m\"24\"\u001b[39m\n                        \u001b[33mxmlns\u001b[39m=\u001b[32m\"http://www.w3.org/2000/svg\"\u001b[39m\n                      \u001b[36m>\u001b[39m\n                        \u001b[36m<path\u001b[39m\n                          \u001b[33md\u001b[39m=\u001b[32m\"M21 15v4a2 2 0 0 1-2 2H5a2 2 0 0 1-2-2v-4\"\u001b[39m\n                        \u001b[36m/>\u001b[39m\n                        \u001b[36m<polyline\u001b[39m\n                          \u001b[33mpoints\u001b[39m=\u001b[32m\"17 8 12 3 7 8\"\u001b[39m\n                        \u001b[36m/>\u001b[39m\n                        \u001b[36m<line\u001b[39m\n                          \u001b[33mx1\u001b[39m=\u001b[32m\"12\"\u001b[39m\n                          \u001b[33mx2\u001b[39m=\u001b[32m\"12\"\u001b[39m\n                          \u001b[33my1\u001b[39m=\u001b[32m\"3\"\u001b[39m\n                          \u001b[33my2\u001b[39m=\u001b[32m\"15\"\u001b[39m\n                        \u001b[36m/>\u001b[39m\n                      \u001b[36m</svg>\u001b[39m\n                    \u001b[36m</div>\u001b[39m\n                    \u001b[36m<div>\u001b[39m\n                      \u001b[36m<h3\u001b[39m\n                        \u001b[33mclass\u001b[39m=\u001b[32m\"text-lg font-medium\"\u001b[39m\n                      \u001b[36m>\u001b[39m\n                        \u001b[0mUpload Listings CSV\u001b[0m\n                      \u001b[36m</h3>\u001b[39m\n                      \u001b[36m<p\u001b[39m\n                        \u001b[33mclass\u001b[39m=\u001b[32m\"text-sm text-muted-foreground mb-4\"\u001b[39m\n                      \u001b[36m>\u001b[39m\n                        \u001b[0mBulk analyze listings from a CSV file\u001b[0m\n                      \u001b[36m</p>\u001b[39m\n                    \u001b[36m</div>\u001b[39m\n                    \u001b[36m<div\u001b[39m\n                      \u001b[33mclass\u001b[39m=\u001b[32m\"w-full\"\u001b[39m\n                    \u001b[36m>\u001b[39m\n                      \u001b[36m<label\u001b[39m\n                        \u001b[33mclass\u001b[39m=\u001b[32m\"relative flex w-full cursor-pointer flex-col items-center justify-center rounded-lg border-2 border-dashed border-primary/40 bg-background p-6 text-center transition-colors hover:bg-primary/5\"\u001b[39m\n                      \u001b[36m>\u001b[39m\n                        \u001b[36m<svg\u001b[39m\n                          \u001b[33mclass\u001b[39m=\u001b[32m\"lucide lucide-file-text mb-2 h-8 w-8 text-primary/60\"\u001b[39m\n                          \u001b[33mfill\u001b[39m=\u001b[32m\"none\"\u001b[39m\n                          \u001b[33mheight\u001b[39m=\u001b[32m\"24\"\u001b[39m\n                          \u001b[33mstroke\u001b[39m=\u001b[32m\"currentColor\"\u001b[39m\n                          \u001b[33mstroke-linecap\u001b[39m=\u001b[32m\"round\"\u001b[39m\n                          \u001b[33mstroke-linejoin\u001b[39m=\u001b[32m\"round\"\u001b[39m\n                          \u001b[33mstroke-width\u001b[39m=\u001b[32m\"2\"\u001b[39m\n                          \u001b[33mviewBox\u001b[39m=\u001b[32m\"0 0 24 24\"\u001b[39m\n                          \u001b[33mwidth\u001b[39m=\u001b[32m\"24\"\u001b[39m\n                          \u001b[33mxmlns\u001b[39m=\u001b[32m\"http://www.w3.org/2000/svg\"\u001b[39m\n                        \u001b[36m>\u001b[39m\n                          \u001b[36m<path\u001b[39m\n                            \u001b[33md\u001b[39m=\u001b[32m\"M15 2H6a2 2 0 0 0-2 2v16a2 2 0 0 0 2 2h12a2 2 0 0 0 2-2V7Z\"\u001b[39m\n                          \u001b[36m/>\u001b[39m\n                          \u001b[36m<path\u001b[39m\n                            \u001b[33md\u001b[39m=\u001b[32m\"M14 2v4a2 2 0 0 0 2 2h4\"\u001b[39m\n                          \u001b[36m/>\u001b[39m\n                          \u001b[36m<path\u001b[39m\n                            \u001b[33md\u001b[39m=\u001b[32m\"M10 9H8\"\u001b[39m\n                          \u001b[36m/>\u001b[39m\n                          \u001b[36m<path\u001b[39m\n                            \u001b[33md\u001b[39m=\u001b[32m\"M16 13H8\"\u001b[39m\n                          \u001b[36m/>\u001b[39m\n                          \u001b[36m<path\u001b[39m\n                            \u001b[33md\u001b[39m=\u001b[32m\"M16 17H8\"\u001b[39m\n                          \u001b[36m/>\u001b[39m\n                        \u001b[36m</svg>\u001b[39m\n                        \u001b[36m<span\u001b[39m\n                          \u001b[33mclass\u001b[39m=\u001b[32m\"text-sm font-medium\"\u001b[39m\n                        \u001b[36m>\u001b[39m\n                          \u001b[0mClick or drag CSV file here\u001b[0m\n                        \u001b[36m</span>\u001b[39m\n                        \u001b[36m<span\u001b[39m\n                          \u001b[33mclass\u001b[39m=\u001b[32m\"text-xs text-muted-foreground mt-1\"\u001b[39m\n                        \u001b[36m>\u001b[39m\n                          \u001b[0m(Requires: \u001b[0m\n                          \u001b[0mproduct, title, description, bullet_points, images, keywords\u001b[0m\n                          \u001b[0m)\u001b[0m\n                        \u001b[36m</span>\u001b[39m\n                    
[...]
9merror(\u001b[32m'[Error Reporting Service]'\u001b[39m\u001b[33m,\u001b[39m errorContext)\u001b[33m;\u001b[39m\n     \u001b[90m 29 |\u001b[39m   }\u001b[0m\n\n      \u001b[2mat Resolver._throwModNotFoundError (\u001b[22mnode_modules/jest-resolve/build/resolver.js\u001b[2m:427:11)\u001b[22m\n      \u001b[2mat Object.<anonymous> (\u001b[22msrc/lib/error-handling.ts\u001b[2m:26:56)\u001b[22m\n      \u001b[2mat Object.<anonymous> (\u001b[22msrc/components/amazon-seller-tools/keyword-deduplicator.tsx\u001b[2m:28:24)\u001b[22m\n      \u001b[2mat Object.<anonymous> (\u001b[22m\u001b[0m\u001b[36msrc/__tests__/components/amazon-seller-tools/keyword-deduplicator.test.tsx\u001b[39m\u001b[0m\u001b[2m:6:69)\u001b[22m\n","name":"C:\\Users\\johnw\\OneDrive\\Desktop\\portfolio\\src\\__tests__\\components\\amazon-seller-tools\\keyword-deduplicator.test.tsx","startTime":1745895385348,"status":"failed","summary":""},{"assertionResults":[],"coverage":{},"endTime":1745895385348,"message":"  \u001b[1m● \u001b[22mTest suite failed to run\n\n    Cannot find module '@testing-library/jest-dom' from 'src/__tests__/components/amazon-seller-tools/fba-calculator.test.tsx'\n\n    \u001b[0m \u001b[90m  7 |\u001b[39m\n     \u001b[90m  8 |\u001b[39m describe(\u001b[32m'FbaCalculator'\u001b[39m\u001b[33m,\u001b[39m () \u001b[33m=>\u001b[39m {\n    \u001b[31m\u001b[1m>\u001b[22m\u001b[39m\u001b[90m  9 |\u001b[39m   console\u001b[33m.\u001b[39mlog(\u001b[32m'FbaCalculator test suite started'\u001b[39m)\u001b[33m;\u001b[39m\n     \u001b[90m    |\u001b[39m \u001b[31m\u001b[1m^\u001b[22m\u001b[39m\n     \u001b[90m 10 |\u001b[39m   \u001b[36mconst\u001b[39m mockOnCalculateAction \u001b[33m=\u001b[39m jest\u001b[33m.\u001b[39mfn()\u001b[33m;\u001b[39m\n     \u001b[90m 11 |\u001b[39m   \u001b[35m10\u001b[39m \u001b[33m|\u001b[39m\n     \u001b[90m 12 |\u001b[39m     beforeEach(() \u001b[33m=>\u001b[39m {\u001b[0m\n\n      \u001b[2mat Resolver._throwModNotFoundError (\u001b[22mnode_modules/jest-resolve/build/resolver.js\u001b[2m:427:11)\u001b[22m\n      \u001b[2mat Object.<anonymous> (\u001b[22m\u001b[0m\u001b[36msrc/__tests__/components/amazon-seller-tools/fba-calculator.test.tsx\u001b[39m\u001b[0m\u001b[2m:9:1)\u001b[22m\n","name":"C:\\Users\\johnw\\OneDrive\\Desktop\\portfolio\\src\\__tests__\\components\\amazon-seller-tools\\fba-calculator.test.tsx","startTime":1745895385348,"status":"failed","summary":""},{"assertionResults":[{"ancestorTitles":["DescriptionEditor"],"duration":null,"failureDetails":[],"failureMessages":[],"fullName":"DescriptionEditor renders editor with default content","invocations":1,"location":null,"numPassingAsserts":0,"retryReasons":[],"status":"pending","title":"renders editor with default content"},{"ancestorTitles":["DescriptionEditor"],"duration":null,"failureDetails":[],"failureMessages":[],"fullName":"DescriptionEditor updates content when typing","invocations":1,"location":null,"numPassingAsserts":0,"retryReasons":[],"status":"pending","title":"updates content when typing"},{"ancestorTitles":["DescriptionEditor"],"duration":null,"failureDetails":[],"failureMessages":[],"fullName":"DescriptionEditor calls onSave with content when save button is clicked","invocations":1,"location":null,"numPassingAsserts":0,"retryReasons":[],"status":"pending","title":"calls onSave with content when save button is clicked"},{"ancestorTitles":["DescriptionEditor"],"duration":null,"failureDetails":[],"failureMessages":[],"fullName":"DescriptionEditor calls onCancel when cancel button is clicked","invocations":1,"location":null,"numPassingAsserts":0,"retryReasons":[],"status":"pending","title":"calls onCancel when cancel button is clicked"},{"ancestorTitles":["DescriptionEditor"],"duration":null,"failureDetails":[],"failureMessages":[],"fullName":"DescriptionEditor matches snapshot","invocations":1,"location":null,"numPassingAsserts":0,"retryReasons":[],"status":"pending","title":"matches snapshot"}],"coverage":{},"endTime":1745895385348,"message":"","name":"C:\\Users\\johnw\\OneDrive\\Desktop\\portfolio\\src\\__tests__\\components\\amazon-seller-tools\\description-editor.test.tsx","startTime":1745895385348,"status":"skipped","summary":""},{"assertionResults":[],"coverage":{},"endTime":1745895385348,"message":"  \u001b[1m● \u001b[22mTest suite failed to run\n\n    Cannot find module '@testing-library/jest-dom' from 'src/__tests__/components/amazon-seller-tools/DataCard.test.tsx'\n\n    \u001b[0m \u001b[90m 4 |\u001b[39m\n     \u001b[90m 5 |\u001b[39m describe(\u001b[32m'DataCard Component'\u001b[39m\u001b[33m,\u001b[39m () \u001b[33m=>\u001b[39m {\n    \u001b[31m\u001b[1m>\u001b[22m\u001b[39m\u001b[90m 6 |\u001b[39m   it(\u001b[32m'renders without crashing'\u001b[39m\u001b[33m,\u001b[39m () \u001b[33m=>\u001b[39m {\n     \u001b[90m   |\u001b[39m \u001b[31m\u001b[1m^\u001b[22m\u001b[39m\n     \u001b[90m 7 |\u001b[39m     render(\u001b[33m<\u001b[39m\u001b[33mDataCard\u001b[39m\u001b[33m>\u001b[39m\u001b[33mTest\u001b[39m \u001b[33mContent\u001b[39m\u001b[33m<\u001b[39m\u001b[33m/\u001b[39m\u001b[33mDataCard\u001b[39m\u001b[33m>\u001b[39m)\u001b[33m;\u001b[39m\n     \u001b[90m 8 |\u001b[39m     expect(screen\u001b[33m.\u001b[39mgetByText(\u001b[32m'Test Content'\u001b[39m))\u001b[33m.\u001b[39mtoBeInTheDocument()\u001b[33m;\u001b[39m\n     \u001b[90m 9 |\u001b[39m   })\u001b[33m;\u001b[39m\u001b[0m\n\n      \u001b[2mat Resolver._throwModNotFoundError (\u001b[22mnode_modules/jest-resolve/build/resolver.js\u001b[2m:427:11)\u001b[22m\n      \u001b[2mat Object.<anonymous> (\u001b[22m\u001b[0m\u001b[36msrc/__tests__/components/amazon-seller-tools/DataCard.test.tsx\u001b[39m\u001b[0m\u001b[2m:6:1)\u001b[22m\n","name":"C:\\Users\\johnw\\OneDrive\\Desktop\\portfolio\\src\\__tests__\\components\\amazon-seller-tools\\DataCard.test.tsx","startTime":1745895385348,"status":"failed","summary":""},{"assertionResults":[],"coverage":{},"endTime":1745895385348,"message":"  \u001b[1m● \u001b[22mTest suite failed to run\n\n    Cannot find module '@testing-library/jest-dom' from 'src/__tests__/components/amazon-seller-tools/CsvUploader.test.tsx'\n\n    \u001b[0m \u001b[90m 4 |\u001b[39m \u001b[36mimport\u001b[39m \u001b[33mCsvUploader\u001b[39m \u001b[36mfrom\u001b[39m \u001b[32m'../../../components/amazon-seller-tools/CsvUploader'\u001b[39m\u001b[33m;\u001b[39m\n     \u001b[90m 5 |\u001b[39m\n    \u001b[31m\u001b[1m>\u001b[22m\u001b[39m\u001b[90m 6 |\u001b[39m describe(\u001b[32m'CsvUploader Component'\u001b[39m\u001b[33m,\u001b[39m () \u001b[33m=>\u001b[39m {\n     \u001b[90m   |\u001b[39m \u001b[31m\u001b[1m^\u001b[22m\u001b[39m\n     \u001b[90m 7 |\u001b[39m   it(\u001b[32m'renders without crashing'\u001b[39m\u001b[33m,\u001b[39m () \u001b[33m=>\u001b[39m {\n     \u001b[90m 8 |\u001b[39m     \u001b[36mconst\u001b[39m mockOnUploadSuccess \u001b[33m=\u001b[39m jest\u001b[33m.\u001b[39mfn()\u001b[33m;\u001b[39m\n     \u001b[90m 9 |\u001b[39m     render(\u001b[33m<\u001b[39m\u001b[33mCsvUploader\u001b[39m onUploadSuccess\u001b[33m=\u001b[39m{mockOnUploadSuccess} \u001b[33m/\u001b[39m\u001b[33m>\u001b[39m)\u001b[33m;\u001b[39m\u001b[0m\n\n      \u001b[2mat Resolver._throwModNotFoundError (\u001b[22mnode_modules/jest-resolve/build/resolver.js\u001b[2m:427:11)\u001b[22m\n      \u001b[2mat Object.<anonymous> (\u001b[22m\u001b[0m\u001b[36msrc/__tests__/components/amazon-seller-tools/CsvUploader.test.tsx\u001b[39m\u001b[0m\u001b[2m:6:1)\u001b[22m\n","name":"C:\\Users\\johnw\\OneDrive\\Desktop\\portfolio\\src\\__tests__\\components\\amazon-seller-tools\\CsvUploader.test.tsx","startTime":1745895385348,"status":"failed","summary":""},{"assertionResults":[],"coverage":{},"endTime":1745895385348,"message":"  \u001b[1m● \u001b[22mTest suite failed to run\n\n    Cannot find module '@sentry/react' from 'src/lib/error-handling.ts'\n\n    Require stack:\n      src/lib/error-handling.ts\n      src/components/amazon-seller-tools/CsvDataMapper.tsx\n      src/__tests__/components/amazon-seller-tools/CsvDataMapper.test.tsx\n\n    \u001b[0m \u001b[90m 24 |\u001b[39m       \u001b[33mSentry\u001b[39m\u001b[33m?\u001b[39m\u001b[33m.\u001b[39mcaptureException(errorContext\u001b[33m.\u001b[39merror\u001b[33m,\u001b[39m {\n     \u001b[90m 25 |\u001b[39m         contexts\u001b[33m:\u001b[39m { error\u001b[33m:\u001b[39m errorContext }\u001b[33m,\u001b[39m\n    \u001b[31m\u001b[1m>\u001b[22m\u001b[39m\u001b[90m 26 |\u001b[39m       })\u001b[33m;\u001b[39m\n     \u001b[90m    |\u001b[39m                    \u001b[31m\u001b[1m^\u001b[22m\u001b[39m\n     \u001b[90m 27 |\u001b[39m     }\n     \u001b[90m 28 |\u001b[39m     console\u001b[33m.\u001b[39merror(\u001b[32m'[Error Reporting Service]'\u001b[39m\u001b[33m,\u001b[39m errorContext)\u001b[33m;\u001b[39m\n     \u001b[90m 29 |\u001b[39m   }\u001b[0m\n\n      \u001b[2mat Resolver._throwModNotFoundError (\u001b[22mnode_modules/jest-resolve/build/resolver.js\u001b[2m:427:11)\u001b[22m\n      \u001b[2mat Object.<anonymous> (\u001b[22msrc/lib/error-handling.ts\u001b[2m:26:56)\u001b[22m\n      \u001b[2mat Object.<anonymous> (\u001b[22msrc/components/amazon-seller-tools/CsvDataMapper.tsx\u001b[2m:17:24)\u001b[22m\n      \u001b[2mat Object.<anonymous> (\u001b[22m\u001b[0m\u001b[36msrc/__tests__/components/amazon-seller-tools/CsvDataMapper.test.tsx\u001b[39m\u001b[0m\u001b[2m:6:63)\u001b[22m\n","name":"C:\\Users\\johnw\\OneDrive\\Desktop\\portfolio\\src\\__tests__\\components\\amazon-seller-tools\\CsvDataMapper.test.tsx","startTime":1745895385348,"status":"failed","summary":""},{"assertionResults":[],"coverage":{},"endTime":1745895385348,"message":"  \u001b[1m● \u001b[22mTest suite failed to run\n\n    Cannot find module '@sentry/react' from 'src/lib/error-handling.ts'\n\n    Require stack:\n      src/lib/error-handling.ts\n      src/lib/amazon-tools/keyword-trend-service.ts\n      src/components/amazon-seller-tools/keyword-trend-analyzer.tsx\n      src/__tests__/components/amazon-seller-tools/keyword-trend-analyzer.test.tsx\n\n    \u001b[0m \u001b[90m 24 |\u001b[39m       \u001b[33mSentry\u001b[39m\u001b[33m?\u001b[39m\u001b[33m.\u001b[39mcaptureException(errorContext\u001b[33m.\u001b[39merror\u001b[33m,\u001b[39m {\n     \u001b[90m 25 |\u001b[39m         contexts\u001b[33m:\u001b[39m { error\u001b[33m:\u001b[39m errorContext }\u001b[33m,\u001b[39m\n    \u001b[31m\u001b[1m>\u001b[22m\u001b[39m\u001b[90m 26 |\u001b[39m       })\u001b[33m;\u001b[39m\n     \u001b[90m    |\u001b[39m                    \u001b[31m\u001b[1m^\u001b[22m\u001b[39m\n     \u001b[90m 27 |\u001b[39m     }\n     \u001b[90m 28 |\u001b[39m     console\u001b[33m.\u001b[39merror(\u001b[32m'[Error Reporting Service]'\u001b[39m\u001b[33m,\u001b[39m errorContext)\u001b[33m;\u001b[39m\n     \u001b[90m 29 |\u001b[39m   }\u001b[0m\n\n      \u001b[2mat Resolver._throwModNotFoundError (\u001b[22mnode_modules/jest-resolve/build/resolver.js\u001b[2m:427:11)\u001b[22m\n      \u001b[2mat Object.<anonymous> (\u001b[22msrc/lib/error-handling.ts\u001b[2m:26:56)\u001b[22m\n      \u001b[2mat Object.<anonymous> (\u001b[22msrc/lib/amazon-tools/keyword-trend-service.ts\u001b[2m:20:24)\u001b[22m\n      \u001b[2mat Object.<anonymous> (\u001b[22msrc/components/amazon-seller-tools/keyword-trend-analyzer.tsx\u001b[2m:22:30)\u001b[22m\n      \u001b[2mat Object.<anonymous> (\u001b[22m\u001b[0m\u001b[36msrc/__tests__/components/amazon-seller-tools/keyword-trend-analyzer.test.tsx\u001b[39m\u001b[0m\u001b[2m:9:70)\u001b[22m\n","name":"C:\\Users\\johnw\\OneDrive\\Desktop\\portfolio\\src\\__tests__\\components\\amazon-seller-tools\\keyword-trend-analyzer.test.tsx","startTime":1745895385348,"status":"failed","summary":""},{"assertionResults":[],"coverage":{},"endTime":1745895385348,"message":"  \u001b[1m● \u001b[22mTest suite failed to run\n\n    ReferenceError: TextEncoder is not defined\n\n    \u001b[0m \u001b[90m 11 |\u001b[39m   }\u001b[33m;\u001b[39m\n     \u001b[90m 12 |\u001b[39m })\u001b[33m;\u001b[39m\n    \u001b[31m\u001b[1m>\u001b[22m\u001b[39m\u001b[90m 13 |\u001b[39m\n     \u001b[90m    |\u001b[39m \u001b[31m\u001b[1m^\u001b[22m\u001b[39m\n     \u001b[90m 14 |\u001b[39m \u001b[36mif\u001b[39m (\u001b[36mtypeof\u001b[39m \u001b[33mTextEncoder\u001b[39m \u001b[33m===\u001b[39m \u001b[32m'undefined'\u001b[39m) {\n     \u001b[90m 15 |\u001b[39m   \u001b[90m// @ts-ignore\u001b[39m\n     \u001b[90m 16 |\u001b[39m   global\u001b[33m.\u001b[39m\u001b[33mTextEncoder\u001b[39m \u001b[33m=\u001b[39m require(\u001b[32m'util'\u001b[39m)\u001b[33m.\u001b[39m\u001b[33mTextEncoder\u001b[39m\u001b[33m;\u001b[39m\u001b[0m\n\n      \u001b[2mat Object.<anonymous> (\u001b[22mnode_modules/@mswjs/interceptors/src/utils/bufferUtils.ts\u001b[2m:1:17)\u001b[22m\n      \u001b[2mat Object.<anonymous> (\u001b[22mnode_modules/@mswjs/interceptors/lib/browser/index.js\u001b[2m:4:24)\u001b[22m\n      \u001b[2mat Object.<anonymous> (\u001b[22mnode_modules/msw/src/core/utils/matching/matchRequestUrl.ts\u001b[2m:2:29)\u001b[22m\n      \u001b[2mat Object.<anonymous> (\u001b[22mnode_modules/msw/src/core/handlers/HttpHandler.ts\u001b[2m:13:8)\u001b[22m\n      \u001b[2mat Object.<anonymous> (\u001b[22mnode_modules/msw/src/core/http.ts\u001b[2m:10:8)\u001b[22m\n      \u001b[2mat Object.<anonymous> (\u001b[22mnode_modules/msw/src/core/index.ts\u001b[2m:7:22)\u001b[22m\n      \u001b[2mat Object.<anonymous> (\u001b[22m\u001b[0m\u001b[36msrc/__tests__/integration/api/endpoints.test.ts\u001b[39m\u001b[0m\u001b[2m:13:14)\u001b[22m\n","name":"C:\\Users\\johnw\\OneDrive\\Desktop\\portfolio\\src\\__tests__\\integration\\api\\endpoints.test.ts","startTime":1745895385348,"status":"failed","summary":""},{"assertionResults":[],"coverage":{},"endTime":1745895385348,"message":"  \u001b[1m● \u001b[22mTest suite failed to run\n\n    Cannot find module '@sentry/react' from 'src/lib/error-handling.ts'\n\n    Require stack:\n      src/lib/error-handling.ts\n      src/components/amazon-seller-tools/acos-calculator.tsx\n      src/__tests__/components/amazon-seller-tools/acos-calculator.test.tsx\n\n    \u001b[0m \u001b[90m 24 |\u001b[39m       \u001b[33mSentry\u001b[39m\u001b[33m?\u001b[39m\u001b[33m.\u001b[39mcaptureException(errorContext\u001b[33m.\u001b[39merror\u001b[33m,\u001b[39m {\n     \u001b[90m 25 |\u001b[39m         contexts\u001b[33m:\u001b[39m { error\u001b[33m:\u001b[39m errorContext }\u001b[33m,\u001b[39m\n    \u001b[31m\u001b[1m>\u001b[22m\u001b[39m\u001b[90m 26 |\u001b[39m       })\u001b[33m;\u001b[39m\n     \u001b[90m    |\u001b[39m                    \u001b[31m\u001b[1m^\u001b[22m\u001b[39m\n     \u001b[90m 27 |\u001b[39m     }\n     \u001b[90m 28 |\u001b[39m     console\u001b[33m.\u001b[39merror(\u001b[32m'[Error Reporting Service]'\u001b[39m\u001b[33m,\u001b[39m errorContext)\u001b[33m;\u001b[39m\n     \u001b[90m 29 |\u001b[39m   }\u001b[0m\n\n      \u001b[2mat Resolver._throwModNotFoundError (\u001b[22mnode_modules/jest-resolve/build/resolver.js\u001b[2m:427:11)\u001b[22m\n      \u001b[2mat Object.<anonymous> (\u001b[22msrc/lib/error-handling.ts\u001b[2m:26:56)\u001b[22m\n      \u001b[2mat Object.<anonymous> (\u001b[22msrc/components/amazon-seller-tools/acos-calculator.tsx\u001b[2m:16:24)\u001b[22m\n      \u001b[2mat Object.<anonymous> (\u001b[22m\u001b[0m\u001b[36msrc/__tests__/components/amazon-seller-tools/acos-calculator.test.tsx\u001b[39m\u001b[0m\u001b[2m:6:64)\u001b[22m\n","name":"C:\\Users\\johnw\\OneDrive\\Desktop\\portfolio\\src\\__tests__\\components\\amazon-seller-tools\\acos-calculator.test.tsx","startTime":1745895385348,"status":"failed","summary":""},{"assertionResults":[],"coverage":{},"endTime":1745895385348,"message":"  \u001b[1m● \u001b[22mTest suite failed to run\n\n    Cannot find module '@testing-library/jest-dom' from 'src/__tests__/components/SharedUI.test.tsx'\n\n    \u001b[0m \u001b[90m  6 |\u001b[39m\n     \u001b[90m  7 |\u001b[39m describe(\u001b[32m'SharedUI Components'\u001b[39m\u001b[33m,\u001b[39m () \u001b[33m=>\u001b[39m {\n    \u001b[31m\u001b[1m>\u001b[22m\u001b[39m\u001b[90m  8 |\u001b[39m   describe(\u001b[32m'Button'\u001b[39m\u001b[33m,\u001b[39m () \u001b[33m=>\u001b[39m {\n     \u001b[90m    |\u001b[39m \u001b[31m\u001b[1m^\u001b[22m\u001b[39m\n     \u001b[90m  9 |\u001b[39m     it(\u001b[32m'renders with default props'\u001b[39m\u001b[33m,\u001b[39m () \u001b[33m=>\u001b[39m {\n     \u001b[90m 10 |\u001b[39m       render(\u001b[33m<\u001b[39m\u001b[33mButton\u001b[39m\u001b[33m>\u001b[39m\u001b[33mTest\u001b[39m\u001b[33m<\u001b[39m\u001b[33m/\u001b[39m\u001b[33mButton\u001b[39m\u001b[33m>\u001b[39m)\u001b[33m;\u001b[39m\n     \u001b[90m 11 |\u001b[39m       \u001b[36mconst\u001b[39m button \u001b[33m=\u001b[39m screen\u001b[33m.\u001b[39mgetByText(\u001b[32m'Test'\u001b[39m)\u001b[33m;\u001b[39m\u001b[0m\n\n      \u001b[2mat Resolver._throwModNotFoundError (\u001b[22mnode_modules/jest-resolve/build/resolver.js\u001b[2m:427:11)\u001b[22m\n      \u001b[2mat Object.<anonymous> (\u001b[22m\u001b[0m\u001b[36msrc/__tests__/components/SharedUI.test.tsx\u001b[39m\u001b[0m\u001b[2m:8:1)\u001b[22m\n","name":"C:\\Users\\johnw\\OneDrive\\Desktop\\portfolio\\src\\__tests__\\components\\SharedUI.test.tsx","startTime":1745895385348,"status":"failed","summary":""},{"assertionResults":[],"coverage":{},"endTime":1745895385348,"message":"  \u001b[1m● \u001b[22mTest suite failed to run\n\n    Cannot find module '@testing-library/jest-dom' from 'src/__tests__/components/amazon-seller-tools/competitor-analyzer.test.tsx'\n\n    \u001b[0m \u001b[90m  5 |\u001b[39m\n     \u001b[90m  6 |\u001b[39m describe(\u001b[32m'CompetitorAnalyzer'\u001b[39m\u001b[33m,\u001b[39m () \u001b[33m=>\u001b[39m {\n    \u001b[31m\u001b[1m>\u001b[22m\u001b[39m\u001b[90m  7 |\u001b[39m   \u001b[36mconst\u001b[39m mockOnAnalyze \u001b[33m=\u001b[39m jest\u001b[33m.\u001b[39mfn()\u001b[33m;\u001b[39m\n     \u001b[90m    |\u001b[39m \u001b[31m\u001b[1m^\u001b[22m\u001b[39m\n     \u001b[90m  8 |\u001b[39m\n     \u001b[90m  9 |\u001b[39m   beforeEach(() \u001b[33m=>\u001b[39m {\n     \u001b[90m 10 |\u001b[39m     jest\u001b[33m.\u001b[39mclearAllMocks()\u001b[33m;\u001b[39m\u001b[0m\n\n      \u001b[2mat Resolver._throwModNotFoundError (\u001b[22mnode_modules/jest-resolve/build/resolver.js\u001b[2m:427:11)\u001b[22m\n      \u001b[2mat Object.<anonymous> (\u001b[22m\u001b[0m\u001b[36msrc/__tests__/components/amazon-seller-tools/competitor-analyzer.test.tsx\u001b[39m\u001b[0m\u001b[2m:7:1)\u001b[22m\n","name":"C:\\Users\\johnw\\OneDrive\\Desktop\\portfolio\\src\\__tests__\\components\\amazon-seller-tools\\competitor-analyzer.test.tsx","startTime":1745895385348,"status":"failed","summary":""},{"assertionResults":[],"coverage":{},"endTime":1745895385348,"message":"  \u001b[1m● \u001b[22mTest suite failed to run\n\n    Cannot find module '@testing-library/jest-dom' from 'src/__tests__/components/error-boundary.test.tsx'\n\n    \u001b[0m \u001b[90m  6 |\u001b[39m   fireEvent\u001b[33m,\u001b[39m\n     \u001b[90m  7 |\u001b[39m   render\u001b[33m,\u001b[39m\n    \u001b[31m\u001b[1m>\u001b[22m\u001b[39m\u001b[90m  8 |\u001b[39m   screen\u001b[33m,\u001b[39m\n     \u001b[90m    |\u001b[39m \u001b[31m\u001b[1m^\u001b[22m\u001b[39m\n     \u001b[90m  9 |\u001b[39m   waitFor\u001b[33m,\u001b[39m\n     \u001b[90m 10 |\u001b[39m } \u001b[36mfrom\u001b[39m \u001b[32m'@testing-library/react'\u001b[39m\u001b[33m;\u001b[39m\n     \u001b[90m 11 |\u001b[39m \u001b[36mimport\u001b[39m { \u001b[33mReactElement\u001b[39m } \u001b[36mfrom\u001b[39m \u001b[32m'react'\u001b[39m\u001b[33m;\u001b[39m\u001b[0m\n\n      \u001b[2mat Resolver._throwModNotFoundError (\u001b[22mnode_modules/jest-resolve/build/resolver.js\u001b[2m:427:11)\u001b[22m\n      \u001b[2mat Object.<anonymous> (\u001b[22m\u001b[0m\u001b[36msrc/__tests__/components/error-boundary.test.tsx\u001b[39m\u001b[0m\u001b[2m:8:1)\u001b[22m\n","name":"C:\\Users\\johnw\\OneDrive\\Desktop\\portfolio\\src\\__tests__\\components\\error-boundary.test.tsx","startTime":1745895385348,"status":"failed","summary":""}],"wasInterrupted":false}
