{"numFailedTestSuites":34,"numFailedTests":0,"numPassedTestSuites":0,"numPassedTests":0,"numPendingTestSuites":0,"numPendingTests":0,"numRuntimeErrorTestSuites":34,"numTodoTests":0,"numTotalTestSuites":34,"numTotalTests":0,"openHandles":[],"snapshot":{"added":0,"didUpdate":false,"failure":false,"filesAdded":0,"filesRemoved":0,"filesRemovedList":[],"filesUnmatched":0,"filesUpdated":0,"matched":0,"total":0,"unchecked":0,"uncheckedKeysByFile":[],"unmatched":0,"updated":0},"startTime":1746103765213,"success":false,"testResults":[{"assertionResults":[],"coverage":{},"endTime":1746103794689,"message":"  \u001b[1m● \u001b[22mTest suite failed to run\n\n    Cannot find module 'msw/node' from 'src/__mocks__/server.ts'\n\n    Require stack:\n      src/__mocks__/server.ts\n      src/setupTests.ts\n\n    \u001b[0m\u001b[31m\u001b[1m>\u001b[22m\u001b[39m\u001b[90m 1 |\u001b[39m \u001b[36mimport\u001b[39m { setupServer } \u001b[36mfrom\u001b[39m \u001b[32m'msw/node'\u001b[39m\u001b[33m;\u001b[39m\n     \u001b[90m   |\u001b[39m \u001b[31m\u001b[1m^\u001b[22m\u001b[39m\n     \u001b[90m 2 |\u001b[39m \u001b[36mimport\u001b[39m { handlers } \u001b[36mfrom\u001b[39m \u001b[32m'./handlers'\u001b[39m\u001b[33m;\u001b[39m\n     \u001b[90m 3 |\u001b[39m\n     \u001b[90m 4 |\u001b[39m \u001b[90m// This configures a request mocking server with the given request handlers.\u001b[39m\u001b[0m\n\n      \u001b[2mat Resolver._throwModNotFoundError (\u001b[22mnode_modules/jest-resolve/build/resolver.js\u001b[2m:427:11)\u001b[22m\n      \u001b[2mat Object.require (\u001b[22msrc/__mocks__/server.ts\u001b[2m:1:1)\u001b[22m\n      \u001b[2mat Object.require (\u001b[22msrc/setupTests.ts\u001b[2m:30:1)\u001b[22m\n      \u001b[2mat s (\u001b[22mnode_modules/@babel/runtime/helpers/regeneratorRuntime.js\u001b[2m:77:16)\u001b[22m\n      \u001b[2mat Generator.<anonymous> (\u001b[22mnode_modules/@babel/runtime/helpers/regeneratorRuntime.js\u001b[2m:60:19)\u001b[22m\n      \u001b[2mat Generator.next (\u001b[22mnode_modules/@babel/runtime/helpers/regeneratorRuntime.js\u001b[2m:102:21)\u001b[22m\n      \u001b[2mat asyncGeneratorStep (\u001b[22mnode_modules/@babel/runtime/helpers/asyncToGenerator.js\u001b[2m:3:17)\u001b[22m\n      \u001b[2mat _next (\u001b[22mnode_modules/@babel/runtime/helpers/asyncToGenerator.js\u001b[2m:17:9)\u001b[22m\n","name":"C:\\Users\\johnw\\OneDrive\\Desktop\\portfolio\\src\\__tests__\\integration\\components\\unified-dashboard.test.tsx","startTime":1746103794689,"status":"failed","summary":""},{"assertionResults":[],"coverage":{},"endTime":1746103794689,"message":"  \u001b[1m● \u001b[22mTest suite failed to run\n\n    Cannot find module 'msw/node' from 'src/__mocks__/server.ts'\n\n    Require stack:\n      src/__mocks__/server.ts\n      src/setupTests.ts\n\n    \u001b[0m\u001b[31m\u001b[1m>\u001b[22m\u001b[39m\u001b[90m 1 |\u001b[39m \u001b[36mimport\u001b[39m { setupServer } \u001b[36mfrom\u001b[39m \u001b[32m'msw/node'\u001b[39m\u001b[33m;\u001b[39m\n     \u001b[90m   |\u001b[39m \u001b[31m\u001b[1m^\u001b[22m\u001b[39m\n     \u001b[90m 2 |\u001b[39m \u001b[36mimport\u001b[39m { handlers } \u001b[36mfrom\u001b[39m \u001b[32m'./handlers'\u001b[39m\u001b[33m;\u001b[39m\n     \u001b[90m 3 |\u001b[39m\n     \u001b[90m 4 |\u001b[39m \u001b[90m// This configures a request mocking server with the given request handlers.\u001b[39m\u001b[0m\n\n      \u001b[2mat Resolver._throwModNotFoundError (\u001b[22mnode_modules/jest-resolve/build/resolver.js\u001b[2m:427:11)\u001b[22m\n      \u001b[2mat Object.require (\u001b[22msrc/__mocks__/server.ts\u001b[2m:1:1)\u001b[22m\n      \u001b[2mat Object.require (\u001b[22msrc/setupTests.ts\u001b[2m:30:1)\u001b[22m\n      \u001b[2mat s (\u001b[22mnode_modules/@babel/runtime/helpers/regeneratorRuntime.js\u001b[2m:77:16)\u001b[22m\n      \u001b[2mat Generator.<anonymous> (\u001b[22mnode_modules/@babel/runtime/helpers/regeneratorRuntime.js\u001b[2m:60:19)\u001b[22m\n      \u001b[2mat Generator.next (\u001b[22mnode_modules/@babel/runtime/helpers/regeneratorRuntime.js\u001b[2m:102:21)\u001b[22m\n      \u001b[2mat asyncGeneratorStep (\u001b[22mnode_modules/@babel/runtime/helpers/asyncToGenerator.js\u001b[2m:3:17)\u001b[22m\n      \u001b[2mat _next (\u001b[22mnode_modules/@babel/runtime/helpers/asyncToGenerator.js\u001b[2m:17:9)\u001b[22m\n","name":"C:\\Users\\johnw\\OneDrive\\Desktop\\portfolio\\src\\__tests__\\integration\\components\\keyword-analyzer.test.tsx","startTime":1746103794689,"status":"failed","summary":""},{"assertionResults":[],"coverage":{},"endTime":1746103794689,"message":"  \u001b[1m● \u001b[22mTest suite failed to run\n\n    Cannot find module 'msw/node' from 'src/__mocks__/server.ts'\n\n    Require stack:\n      src/__mocks__/server.ts\n      src/setupTests.ts\n\n    \u001b[0m\u001b[31m\u001b[1m>\u001b[22m\u001b[39m\u001b[90m 1 |\u001b[39m \u001b[36mimport\u001b[39m { setupServer } \u001b[36mfrom\u001b[39m \u001b[32m'msw/node'\u001b[39m\u001b[33m;\u001b[39m\n     \u001b[90m   |\u001b[39m \u001b[31m\u001b[1m^\u001b[22m\u001b[39m\n     \u001b[90m 2 |\u001b[39m \u001b[36mimport\u001b[39m { handlers } \u001b[36mfrom\u001b[39m \u001b[32m'./handlers'\u001b[39m\u001b[33m;\u001b[39m\n     \u001b[90m 3 |\u001b[39m\n     \u001b[90m 4 |\u001b[39m \u001b[90m// This configures a request mocking server with the given request handlers.\u001b[39m\u001b[0m\n\n      \u001b[2mat Resolver._throwModNotFoundError (\u001b[22mnode_modules/jest-resolve/build/resolver.js\u001b[2m:427:11)\u001b[22m\n      \u001b[2mat Object.require (\u001b[22msrc/__mocks__/server.ts\u001b[2m:1:1)\u001b[22m\n      \u001b[2mat Object.require (\u001b[22msrc/setupTests.ts\u001b[2m:30:1)\u001b[22m\n      \u001b[2mat s (\u001b[22mnode_modules/@babel/runtime/helpers/regeneratorRuntime.js\u001b[2m:77:16)\u001b[22m\n      \u001b[2mat Generator.<anonymous> (\u001b[22mnode_modules/@babel/runtime/helpers/regeneratorRuntime.js\u001b[2m:60:19)\u001b[22m\n      \u001b[2mat Generator.next (\u001b[22mnode_modules/@babel/runtime/helpers/regeneratorRuntime.js\u001b[2m:102:21)\u001b[22m\n      \u001b[2mat asyncGeneratorStep (\u001b[22mnode_modules/@babel/runtime/helpers/asyncToGenerator.js\u001b[2m:3:17)\u001b[22m\n      \u001b[2mat _next (\u001b[22mnode_modules/@babel/runtime/helpers/asyncToGenerator.js\u001b[2m:17:9)\u001b[22m\n","name":"C:\\Users\\johnw\\OneDrive\\Desktop\\portfolio\\src\\__tests__\\integration\\components\\interactions.test.tsx","startTime":1746103794689,"status":"failed","summary":""},{"assertionResults":[],"coverage":{},"endTime":1746103794689,"message":"  \u001b[1m● \u001b[22mTest suite failed to run\n\n    Cannot find module 'msw/node' from 'src/__mocks__/server.ts'\n\n    Require stack:\n      src/__mocks__/server.ts\n      src/setupTests.ts\n\n    \u001b[0m\u001b[31m\u001b[1m>\u001b[22m\u001b[39m\u001b[90m 1 |\u001b[39m \u001b[36mimport\u001b[39m { setupServer } \u001b[36mfrom\u001b[39m \u001b[32m'msw/node'\u001b[39m\u001b[33m;\u001b[39m\n     \u001b[90m   |\u001b[39m \u001b[31m\u001b[1m^\u001b[22m\u001b[39m\n     \u001b[90m 2 |\u001b[39m \u001b[36mimport\u001b[39m { handlers } \u001b[36mfrom\u001b[39m \u001b[32m'./handlers'\u001b[39m\u001b[33m;\u001b[39m\n     \u001b[90m 3 |\u001b[39m\n     \u001b[90m 4 |\u001b[39m \u001b[90m// This configures a request mocking server with the given request handlers.\u001b[39m\u001b[0m\n\n      \u001b[2mat Resolver._throwModNotFoundError (\u001b[22mnode_modules/jest-resolve/build/resolver.js\u001b[2m:427:11)\u001b[22m\n      \u001b[2mat Object.require (\u001b[22msrc/__mocks__/server.ts\u001b[2m:1:1)\u001b[22m\n      \u001b[2mat Object.require (\u001b[22msrc/setupTests.ts\u001b[2m:30:1)\u001b[22m\n      \u001b[2mat s (\u001b[22mnode_modules/@babel/runtime/helpers/regeneratorRuntime.js\u001b[2m:77:16)\u001b[22m\n      \u001b[2mat Generator.<anonymous> (\u001b[22mnode_modules/@babel/runtime/helpers/regeneratorRuntime.js\u001b[2m:60:19)\u001b[22m\n      \u001b[2mat Generator.next (\u001b[22mnode_modules/@babel/runtime/helpers/regeneratorRuntime.js\u001b[2m:102:21)\u001b[22m\n      \u001b[2mat asyncGeneratorStep (\u001b[22mnode_modules/@babel/runtime/helpers/asyncToGenerator.js\u001b[2m:3:17)\u001b[22m\n      \u001b[2mat _next (\u001b[22mnode_modules/@babel/runtime/helpers/asyncToGenerator.js\u001b[2m:17:9)\u001b[22m\n","name":"C:\\Users\\johnw\\OneDrive\\Desktop\\portfolio\\src\\__tests__\\lib\\helpers\\helpers.test.ts","startTime":1746103794689,"status":"failed","summary":""},{"assertionResults":[],"coverage":{},"endTime":1746103794689,"message":"  \u001b[1m● \u001b[22mTest suite failed to run\n\n    Cannot find module 'msw/node' from 'src/__mocks__/server.ts'\n\n    Require stack:\n      src/__mocks__/server.ts\n      src/setupTests.ts\n\n    \u001b[0m\u001b[31m\u001b[1m>\u001b[22m\u001b[39m\u001b[90m 1 |\u001b[39m \u001b[36mimport\u001b[39m { setupServer } \u001b[36mfrom\u001b[39m \u001b[32m'msw/node'\u001b[39m\u001b[33m;\u001b[39m\n     \u001b[90m   |\u001b[39m \u001b[31m\u001b[1m^\u001b[22m\u001b[39m\n     \u001b[90m 2 |\u001b[39m \u001b[36mimport\u001b[39m { handlers } \u001b[36mfrom\u001b[39m \u001b[32m'./handlers'\u001b[39m\u001b[33m;\u001b[39m\n     \u001b[90m 3 |\u001b[39m\n     \u001b[90m 4 |\u001b[39m \u001b[90m// This configures a request mocking server with the given request handlers.\u001b[39m\u001b[0m\n\n      \u001b[2mat Resolver._throwModNotFoundError (\u001b[22mnode_modules/jest-resolve/build/resolver.js\u001b[2m:427:11)\u001b[22m\n      \u001b[2mat Object.require (\u001b[22msrc/__mocks__/server.ts\u001b[2m:1:1)\u001b[22m\n      \u001b[2mat Object.require (\u001b[22msrc/setupTests.ts\u001b[2m:30:1)\u001b[22m\n      \u001b[2mat s (\u001b[22mnode_modules/@babel/runtime/helpers/regeneratorRuntime.js\u001b[2m:77:16)\u001b[22m\n      \u001b[2mat Generator.<anonymous> (\u001b[22mnode_modules/@babel/runtime/helpers/regeneratorRuntime.js\u001b[2m:60:19)\u001b[22m\n      \u001b[2mat Generator.next (\u001b[22mnode_modules/@babel/runtime/helpers/regeneratorRuntime.js\u001b[2m:102:21)\u001b[22m\n      \u001b[2mat asyncGeneratorStep (\u001b[22mnode_modules/@babel/runtime/helpers/asyncToGenerator.js\u001b[2m:3:17)\u001b[22m\n      \u001b[2mat _next (\u001b[22mnode_modules/@babel/runtime/helpers/asyncToGenerator.js\u001b[2m:17:9)\u001b[22m\n","name":"C:\\Users\\johnw\\OneDrive\\Desktop\\portfolio\\src\\__tests__\\integration\\api\\endpoints.test.ts","startTime":1746103794689,"status":"failed","summary":""},{"assertionResults":[],"coverage":{},"endTime":1746103794689,"message":"  \u001b[1m● \u001b[22mTest suite failed to run\n\n    Cannot find module 'msw/node' from 'src/__mocks__/server.ts'\n\n    Require stack:\n      src/__mocks__/server.ts\n      src/setupTests.ts\n\n    \u001b[0m\u001b[31m\u001b[1m>\u001b[22m\u001b[39m\u001b[90m 1 |\u001b[39m \u001b[36mimport\u001b[39m { setupServer } \u001b[36mfrom\u001b[39m \u001b[32m'msw/node'\u001b[39m\u001b[33m;\u001b[39m\n     \u001b[90m   |\u001b[39m \u001b[31m\u001b[1m^\u001b[22m\u001b[39m\n     \u001b[90m 2 |\u001b[39m \u001b[36mimport\u001b[39m { handlers } \u001b[36mfrom\u001b[39m \u001b[32m'./handlers'\u001b[39m\u001b[33m;\u001b[39m\n     \u001b[90m 3 |\u001b[39m\n     \u001b[90m 4 |\u001b[39m \u001b[90m// This configures a request mocking server with the given request handlers.\u001b[39m\u001b[0m\n\n      \u001b[2mat Resolver._throwModNotFoundError (\u001b[22mnode_modules/jest-resolve/build/resolver.js\u001b[2m:427:11)\u001b[22m\n      \u001b[2mat Object.require (\u001b[22msrc/__mocks__/server.ts\u001b[2m:1:1)\u001b[22m\n      \u001b[2mat Object.require (\u001b[22msrc/setupTests.ts\u001b[2m:30:1)\u001b[22m\n      \u001b[2mat s (\u001b[22mnode_modules/@babel/runtime/helpers/regeneratorRuntime.js\u001b[2m:77:16)\u001b[22m\n      \u001b[2mat Generator.<anonymous> (\u001b[22mnode_modules/@babel/runtime/helpers/regeneratorRuntime.js\u001b[2m:60:19)\u001b[22m\n      \u001b[2mat Generator.next (\u001b[22mnode_modules/@babel/runtime/helpers/regeneratorRuntime.js\u001b[2m:102:21)\u001b[22m\n      \u001b[2mat asyncGeneratorStep (\u001b[22mnode_modules/@babel/runtime/helpers/asyncToGenerator.js\u001b[2m:3:17)\u001b[22m\n      \u001b[2mat _next (\u001b[22mnode_modules/@babel/runtime/helpers/asyncToGenerator.js\u001b[2m:17:9)\u001b[22m\n","name":"C:\\Users\\johnw\\OneDrive\\Desktop\\portfolio\\src\\__tests__\\lib\\dataProcessing\\dataProcessing.test.ts","startTime":1746103794689,"status":"failed","summary":""},{"assertionResults":[],"coverage":{},"endTime":1746103794689,"message":"  \u001b[1m● \u001b[22mTest suite failed to run\n\n    Cannot find module 'msw/node' from 'src/__mocks__/server.ts'\n\n    Require stack:\n      src/__mocks__/server.ts\n      src/setupTests.ts\n\n    \u001b[0m\u001b[31m\u001b[1m>\u001b[22m\u001b[39m\u001b[90m 1 |\u001b[39m \u001b[36mimport\u001b[39m { setupServer } \u001b[36mfrom\u001b[39m \u001b[32m'msw/node'\u001b[39m\u001b[33m;\u001b[39m\n     \u001b[90m   |\u001b[39m \u001b[31m\u001b[1m^\u001b[22m\u001b[39m\n     \u001b[90m 2 |\u001b[39m \u001b[36mimport\u001b[39m { handlers } \u001b[36mfrom\u001b[39m \u001b[32m'./handlers'\u001b[39m\u001b[33m;\u001b[39m\n     \u001b[90m 3 |\u001b[39m\n     \u001b[90m 4 |\u001b[39m \u001b[90m// This configures a request mocking server with the given request handlers.\u001b[39m\u001b[0m\n\n      \u001b[2mat Resolver._throwModNotFoundError (\u001b[22mnode_modules/jest-resolve/build/resolver.js\u001b[2m:427:11)\u001b[22m\n      \u001b[2mat Object.require (\u001b[22msrc/__mocks__/server.ts\u001b[2m:1:1)\u001b[22m\n      \u001b[2mat Object.require (\u001b[22msrc/setupTests.ts\u001b[2m:30:1)\u001b[22m\n      \u001b[2mat s (\u001b[22mnode_modules/@babel/runtime/helpers/regeneratorRuntime.js\u001b[2m:77:16)\u001b[22m\n      \u001b[2mat Generator.<anonymous> (\u001b[22mnode_modules/@babel/runtime/helpers/regeneratorRuntime.js\u001b[2m:60:19)\u001b[22m\n      \u001b[2mat Generator.next (\u001b[22mnode_modules/@babel/runtime/helpers/regeneratorRuntime.js\u001b[2m:102:21)\u001b[22m\n      \u001b[2mat asyncGeneratorStep (\u001b[22mnode_modules/@babel/runtime/helpers/asyncToGenerator.js\u001b[2m:3:17)\u001b[22m\n      \u001b[2mat _next (\u001b[22mnode_modules/@babel/runtime/helpers/asyncToGenerator.js\u001b[2m:17:9)\u001b[22m\n","name":"C:\\Users\\johnw\\OneDrive\\Desktop\\portfolio\\src\\__tests__\\components\\ErrorBoundary\\ErrorBoundary.test.tsx","startTime":1746103794689,"status":"failed","summary":""},{"assertionResults":[],"coverage":{},"endTime":1746103794689,"message":"  \u001b[1m● \u001b[22mTest suite failed to run\n\n    Cannot find module 'msw/node' from 'src/__mocks__/server.ts'\n\n    Require stack:\n      src/__mocks__/server.ts\n      src/setupTests.ts\n\n    \u001b[0m\u001b[31m\u001b[1m>\u001b[22m\u001b[39m\u001b[90m 1 |\u001b[39m \u001b[36mimport\u001b[39m { setupServer } \u001b[36mfrom\u001b[39m \u001b[32m'msw/node'\u001b[39m\u001b[33m;\u001b[39m\n     \u001b[90m   |\u001b[39m \u001b[31m\u001b[1m^\u001b[22m\u001b[39m\n     \u001b[90m 2 |\u001b[39m \u001b[36mimport\u001b[39m { handlers } \u001b[36mfrom\u001b[39m \u001b[32m'./handlers'\u001b[39m\u001b[33m;\u001b[39m\n     \u001b[90m 3 |\u001b[39m\n     \u001b[90m 4 |\u001b[39m \u001b[90m// This configures a request mocking server with the given request handlers.\u001b[39m\u001b[0m\n\n      \u001b[2mat Resolver._throwModNotFoundError (\u001b[22mnode_modules/jest-resolve/build/resolver.js\u001b[2m:427:11)\u001b[22m\n      \u001b[2mat Object.require (\u001b[22msrc/__mocks__/server.ts\u001b[2m:1:1)\u001b[22m\n      \u001b[2mat Object.require (\u001b[22msrc/setupTests.ts\u001b[2m:30:1)\u001b[22m\n      \u001b[2mat s (\u001b[22mnode_modules/@babel/runtime/helpers/regeneratorRuntime.js\u001b[2m:77:16)\u001b[22m\n      \u001b[2mat Generator.<anonymous> (\u001b[22mnode_modules/@babel/runtime/helpers/regeneratorRuntime.js\u001b[2m:60:19)\u001b[22m\n      \u001b[2mat Generator.next (\u001b[22mnode_modules/@babel/runtime/helpers/regeneratorRuntime.js\u001b[2m:102:21)\u001b[22m\n      \u001b[2mat asyncGeneratorStep (\u001b[22mnode_modules/@babel/runtime/helpers/asyncToGenerator.js\u001b[2m:3:17)\u001b[22m\n      \u001b[2mat _next (\u001b[22mnode_modules/@babel/runtime/helpers/asyncToGenerator.js\u001b[2m:17:9)\u001b[22m\n","name":"C:\\Users\\johnw\\OneDrive\\Desktop\\portfolio\\src\\__tests__\\lib\\calculations\\amazon-calculations.test.ts","startTime":1746103794689,"status":"failed","summary":""},{"assertionResults":[],"coverage":{},"endTime":1746103794689,"message":"  \u001b[1m● \u001b[22mTest suite failed to run\n\n    Cannot find module 'msw/node' from 'src/__mocks__/server.ts'\n\n    Require stack:\n      src/__mocks__/server.ts\n      src/setupTests.ts\n\n    \u001b[0m\u001b[31m\u001b[1m>\u001b[22m\u001b[39m\u001b[90m 1 |\u001b[39m \u001b[36mimport\u001b[39m { setupServer } \u001b[36mfrom\u001b[39m \u001b[32m'msw/node'\u001b[39m\u001b[33m;\u001b[39m\n     \u001b[90m   |\u001b[39m \u001b[31m\u001b[1m^\u001b[22m\u001b[39m\n     \u001b[90m 2 |\u001b[39m \u001b[36mimport\u001b[39m { handlers } \u001b[36mfrom\u001b[39m \u001b[32m'./handlers'\u001b[39m\u001b[33m;\u001b[39m\n     \u001b[90m 3 |\u001b[39m\n     \u001b[90m 4 |\u001b[39m \u001b[90m// This configures a request mocking server with the given request handlers.\u001b[39m\u001b[0m\n\n      \u001b[2mat Resolver._throwModNotFoundError (\u001b[22mnode_modules/jest-resolve/build/resolver.js\u001b[2m:427:11)\u001b[22m\n      \u001b[2mat Object.require (\u001b[22msrc/__mocks__/server.ts\u001b[2m:1:1)\u001b[22m\n      \u001b[2mat Object.require (\u001b[22msrc/setupTests.ts\u001b[2m:30:1)\u001b[22m\n      \u001b[2mat s (\u001b[22mnode_modules/@babel/runtime/helpers/regeneratorRuntime.js\u001b[2m:77:16)\u001b[22m\n      \u001b[2mat Generator.<anonymous> (\u001b[22mnode_modules/@babel/runtime/helpers/regeneratorRuntime.js\u001b[2m:60:19)\u001b[22m\n      \u001b[2mat Generator.next (\u001b[22mnode_modules/@babel/runtime/helpers/regeneratorRuntime.js\u001b[2m:102:21)\u001b[22m\n      \u001b[2mat asyncGeneratorStep (\u001b[22mnode_modules/@babel/runtime/helpers/asyncToGenerator.js\u001b[2m:3:17)\u001b[22m\n      \u001b[2mat _next (\u001b[22mnode_modules/@babel/runtime/helpers/asyncToGenerator.js\u001b[2m:17:9)\u001b[22m\n","name":"C:\\Users\\johnw\\OneDrive\\Desktop\\portfolio\\src\\__tests__\\components\\amazon-seller-tools\\UnifiedDashboardHeader.test.tsx","startTime":1746103794689,"status":"failed","summary":""},{"assertionResults":[],"coverage":{},"endTime":1746103794689,"message":"  \u001b[1m● \u001b[22mTest suite failed to run\n\n    Cannot find module 'msw/node' from 'src/__mocks__/server.ts'\n\n    Require stack:\n      src/__mocks__/server.ts\n      src/setupTests.ts\n\n    \u001b[0m\u001b[31m\u001b[1m>\u001b[22m\u001b[39m\u001b[90m 1 |\u001b[39m \u001b[36mimport\u001b[39m { setupServer } \u001b[36mfrom\u001b[39m \u001b[32m'msw/node'\u001b[39m\u001b[33m;\u001b[39m\n     \u001b[90m   |\u001b[39m \u001b[31m\u001b[1m^\u001b[22m\u001b[39m\n     \u001b[90m 2 |\u001b[39m \u001b[36mimport\u001b[39m { handlers } \u001b[36mfrom\u001b[39m \u001b[32m'./handlers'\u001b[39m\u001b[33m;\u001b[39m\n     \u001b[90m 3 |\u001b[39m\n     \u001b[90m 4 |\u001b[39m \u001b[90m// This configures a request mocking server with the given request handlers.\u001b[39m\u001b[0m\n\n      \u001b[2mat Resolver._throwModNotFoundError (\u001b[22mnode_modules/jest-resolve/build/resolver.js\u001b[2m:427:11)\u001b[22m\n      \u001b[2mat Object.require (\u001b[22msrc/__mocks__/server.ts\u001b[2m:1:1)\u001b[22m\n      \u001b[2mat Object.require (\u001b[22msrc/setupTests.ts\u001b[2m:30:1)\u001b[22m\n      \u001b[2mat s (\u001b[22mnode_modules/@babel/runtime/helpers/regeneratorRuntime.js\u001b[2m:77:16)\u001b[22m\n      \u001b[2mat Generator.<anonymous> (\u001b[22mnode_modules/@babel/runtime/helpers/regeneratorRuntime.js\u001b[2m:60:19)\u001b[22m\n      \u001b[2mat Generator.next (\u001b[22mnode_modules/@babel/runtime/helpers/regeneratorRuntime.js\u001b[2m:102:21)\u001b[22m\n      \u001b[2mat asyncGeneratorStep (\u001b[22mnode_modules/@babel/runtime/helpers/asyncToGenerator.js\u001b[2m:3:17)\u001b[22m\n      \u001b[2mat _next (\u001b[22mnode_modules/@babel/runtime/helpers/asyncToGenerator.js\u001b[2m:17:9)\u001b[22m\n","name":"C:\\Users\\johnw\\OneDrive\\Desktop\\portfolio\\src\\__tests__\\components\\amazon-seller-tools\\ManualFbaForm.test.tsx","startTime":1746103794689,"status":"failed","summary":""},{"assertionResults":[],"coverage":{},"endTime":1746103794689,"message":"  \u001b[1m● \u001b[22mTest suite failed to run\n\n    Cannot find module 'msw/node' from 'src/__mocks__/server.ts'\n\n    Require stack:\n      src/__mocks__/server.ts\n      src/setupTests.ts\n\n    \u001b[0m\u001b[31m\u001b[1m>\u001b[22m\u001b[39m\u001b[90m 1 |\u001b[39m \u001b[36mimport\u001b[39m { setupServer } \u001b[36mfrom\u001b[39m \u001b[32m'msw/node'\u001b[39m\u001b[33m;\u001b[39m\n     \u001b[90m   |\u001b[39m \u001b[31m\u001b[1m^\u001b[22m\u001b[39m\n     \u001b[90m 2 |\u001b[39m \u001b[36mimport\u001b[39m { handlers } \u001b[36mfrom\u001b[39m \u001b[32m'./handlers'\u001b[39m\u001b[33m;\u001b[39m\n     \u001b[90m 3 |\u001b[39m\n     \u001b[90m 4 |\u001b[39m \u001b[90m// This configures a request mocking server with the given request handlers.\u001b[39m\u001b[0m\n\n      \u001b[2mat Resolver._throwModNotFoundError (\u001b[22mnode_modules/jest-resolve/build/resolver.js\u001b[2m:427:11)\u001b[22m\n      \u001b[2mat Object.require (\u001b[22msrc/__mocks__/server.ts\u001b[2m:1:1)\u001b[22m\n      \u001b[2mat Object.require (\u001b[22msrc/setupTests.ts\u001b[2m:30:1)\u001b[22m\n      \u001b[2mat s (\u001b[22mnode_modules/@babel/runtime/helpers/regeneratorRuntime.js\u001b[2m:77:16)\u001b[22m\n      \u001b[2mat Generator.<anonymous> (\u001b[22mnode_modules/@babel/runtime/helpers/regeneratorRuntime.js\u001b[2m:60:19)\u001b[22m\n      \u001b[2mat Generator.next (\u001b[22mnode_modules/@babel/runtime/helpers/regeneratorRuntime.js\u001b[2m:102:21)\u001b[22m\n      \u001b[2mat asyncGeneratorStep (\u001b[22mnode_modules/@babel/runtime/helpers/asyncToGenerator.js\u001b[2m:3:17)\u001b[22m\n      \u001b[2mat _next (\u001b[22mnode_modules/@babel/runtime/helpers/asyncToGenerator.js\u001b[2m:17:9)\u001b[22m\n","name":"C:\\Users\\johnw\\OneDrive\\Desktop\\portfolio\\src\\__tests__\\components\\amazon-seller-tools\\keyword-trend-analyzer.test.tsx","startTime":1746103794689,"status":"failed","summary":""},{"assertionResults":[],"coverage":{},"endTime":1746103794689,"message":"  \u001b[1m● \u001b[22mTest suite failed to run\n\n    Cannot find module 'msw/node' from 'src/__mocks__/server.ts'\n\n    Require stack:\n      src/__mocks__/server.ts\n      src/setupTests.ts\n\n    \u001b[0m\u001b[31m\u001b[1m>\u001b[22m\u001b[39m\u001b[90m 1 |\u001b[39m \u001b[36mimport\u001b[39m { setupServer } \u001b[36mfrom\u001b[39m \u001b[32m'msw/node'\u001b[39m\u001b[33m;\u001b[39m\n     \u001b[90m   |\u001b[39m \u001b[31m\u001b[1m^\u001b[22m\u001b[39m\n     \u001b[90m 2 |\u001b[39m \u001b[36mimport\u001b[39m { handlers } \u001b[36mfrom\u001b[39m \u001b[32m'./handlers'\u001b[39m\u001b[33m;\u001b[39m\n     \u001b[90m 3 |\u001b[39m\n     \u001b[90m 4 |\u001b[39m \u001b[90m// This configures a request mocking server with the given request handlers.\u001b[39m\u001b[0m\n\n      \u001b[2mat Resolver._throwModNotFoundError (\u001b[22mnode_modules/jest-resolve/build/resolver.js\u001b[2m:427:11)\u001b[22m\n      \u001b[2mat Object.require (\u001b[22msrc/__mocks__/server.ts\u001b[2m:1:1)\u001b[22m\n      \u001b[2mat Object.require (\u001b[22msrc/setupTests.ts\u001b[2m:30:1)\u001b[22m\n      \u001b[2mat s (\u001b[22mnode_modules/@babel/runtime/helpers/regeneratorRuntime.js\u001b[2m:77:16)\u001b[22m\n      \u001b[2mat Generator.<anonymous> (\u001b[22mnode_modules/@babel/runtime/helpers/regeneratorRuntime.js\u001b[2m:60:19)\u001b[22m\n      \u001b[2mat Generator.next (\u001b[22mnode_modules/@babel/runtime/helpers/regeneratorRuntime.js\u001b[2m:102:21)\u001b[22m\n      \u001b[2mat asyncGeneratorStep (\u001b[22mnode_modules/@babel/runtime/helpers/asyncToGenerator.js\u001b[2m:3:17)\u001b[22m\n      \u001b[2mat _next (\u001b[22mnode_modules/@babel/runtime/helpers/asyncToGenerator.js\u001b[2m:17:9)\u001b[22m\n","name":"C:\\Users\\johnw\\OneDrive\\Desktop\\portfolio\\src\\__tests__\\components\\amazon-seller-tools\\keyword-deduplicator.test.tsx","startTime":1746103794689,"status":"failed","summary":""},{"assertionResults":[],"coverage":{},"endTime":1746103794689,"message":"  \u001b[1m● \u001b[22mTest suite failed to run\n\n    Cannot find module 'msw/node' from 'src/__mocks__/server.ts'\n\n    Require stack:\n      src/__mocks__/server.ts\n      src/setupTests.ts\n\n    \u001b[0m\u001b[31m\u001b[1m>\u001b[22m\u001b[39m\u001b[90m 1 |\u001b[39m \u001b[36mimport\u001b[39m { setupServer } \u001b[36mfrom\u001b[39m \u001b[32m'msw/node'\u001b[39m\u001b[33m;\u001b[39m\n     \u001b[90m   |\u001b[39m \u001b[31m\u001b[1m^\u001b[22m\u001b[39m\n     \u001b[90m 2 |\u001b[39m \u001b[36mimport\u001b[39m { handlers } \u001b[36mfrom\u001b[39m \u001b[32m'./handlers'\u001b[39m\u001b[33m;\u001b[39m\n     \u001b[90m 3 |\u001b[39m\n     \u001b[90m 4 |\u001b[39m \u001b[90m// This configures a request mocking server with the given request handlers.\u001b[39m\u001b[0m\n\n      \u001b[2mat Resolver._throwModNotFoundError (\u001b[22mnode_modules/jest-resolve/build/resolver.js\u001b[2m:427:11)\u001b[22m\n      \u001b[2mat Object.require (\u001b[22msrc/__mocks__/server.ts\u001b[2m:1:1)\u001b[22m\n      \u001b[2mat Object.require (\u001b[22msrc/setupTests.ts\u001b[2m:30:1)\u001b[22m\n      \u001b[2mat s (\u001b[22mnode_modules/@babel/runtime/helpers/regeneratorRuntime.js\u001b[2m:77:16)\u001b[22m\n      \u001b[2mat Generator.<anonymous> (\u001b[22mnode_modules/@babel/runtime/helpers/regeneratorRuntime.js\u001b[2m:60:19)\u001b[22m\n      \u001b[2mat Generator.next (\u001b[22mnode_modules/@babel/runtime/helpers/regeneratorRuntime.js\u001b[2m:102:21)\u001b[22m\n      \u001b[2mat asyncGeneratorStep (\u001b[22mnode_modules/@babel/runtime/helpers/asyncToGenerator.js\u001b[2m:3:17)\u001b[22m\n      \u001b[2mat _next (\u001b[22mnode_modules/@babel/runtime/helpers/asyncToGenerator.js\u001b[2m:17:9)\u001b[22m\n","name":"C:\\Users\\johnw\\OneDrive\\Desktop\\portfolio\\src\\__tests__\\components\\amazon-seller-tools\\fba-calculator.test.tsx","startTime":1746103794689,"status":"failed","summary":""},{"assertionResults":[],"coverage":{},"endTime":1746103794689,"message":"  \u001b[1m● \u001b[22mTest suite failed to run\n\n    Cannot find module 'msw/node' from 'src/__mocks__/server.ts'\n\n    Require stack:\n      src/__mocks__/server.ts\n      src/setupTests.ts\n\n    \u001b[0m\u001b[31m\u001b[1m>\u001b[22m\u001b[39m\u001b[90m 1 |\u001b[39m \u001b[36mimport\u001b[39m { setupServer } \u001b[36mfrom\u001b[39m \u001b[32m'msw/node'\u001b[39m\u001b[33m;\u001b[39m\n     \u001b[90m   |\u001b[39m \u001b[31m\u001b[1m^\u001b[22m\u001b[39m\n     \u001b[90m 2 |\u001b[39m \u001b[36mimport\u001b[39m { handlers } \u001b[36mfrom\u001b[39m \u001b[32m'./handlers'\u001b[39m\u001b[33m;\u001b[39m\n     \u001b[90m 3 |\u001b[39m\n     \u001b[90m 4 |\u001b[39m \u001b[90m// This configures a request mocking server with the given request handlers.\u001b[39m\u001b[0m\n\n      \u001b[2mat Resolver._throwModNotFoundError (\u001b[22mnode_modules/jest-resolve/build/resolver.js\u001b[2m:427:11)\u001b[22m\n      \u001b[2mat Object.require (\u001b[22msrc/__mocks__/server.ts\u001b[2m:1:1)\u001b[22m\n      \u001b[2mat Object.require (\u001b[22msrc/setupTests.ts\u001b[2m:30:1)\u001b[22m\n      \u001b[2mat s (\u001b[22mnode_modules/@babel/runtime/helpers/regeneratorRuntime.js\u001b[2m:77:16)\u001b[22m\n      \u001b[2mat Generator.<anonymous> (\u001b[22mnode_modules/@babel/runtime/helpers/regeneratorRuntime.js\u001b[2m:60:19)\u001b[22m\n      \u001b[2mat Generator.next (\u001b[22mnode_modules/@babel/runtime/helpers/regeneratorRuntime.js\u001b[2m:102:21)\u001b[22m\n      \u001b[2mat asyncGeneratorStep (\u001b[22mnode_modules/@babel/runtime/helpers/asyncToGenerator.js\u001b[2m:3:17)\u001b[22m\n      \u001b[2mat _next (\u001b[22mnode_modules/@babel/runtime/helpers/asyncToGenerator.js\u001b[2m:17:9)\u001b[22m\n","name":"C:\\Users\\johnw\\OneDrive\\Desktop\\portfolio\\src\\__tests__\\components\\amazon-seller-tools\\keyword-analyzer.test.tsx","startTime":1746103794689,"status":"failed","summary":""},{"assertionResults":[],"coverage":{},"endTime":1746103794689,"message":"  \u001b[1m● \u001b[22mTest suite failed to run\n\n    Cannot find module 'msw/node' from 'src/__mocks__/server.ts'\n\n    Require stack:\n      src/__mocks__/server.ts\n      src/setupTests.ts\n\n    \u001b[0m\u001b[31m\u001b[1m>\u001b[22m\u001b[39m\u001b[90m 1 |\u001b[39m \u001b[36mimport\u001b[39m { setupServer } \u001b[36mfrom\u001b[39m \u001b[32m'msw/node'\u001b[39m\u001b[33m;\u001b[39m\n     \u001b[90m   |\u001b[39m \u001b[31m\u001b[1m^\u001b[22m\u001b[39m\n     \u001b[90m 2 |\u001b[39m \u001b[36mimport\u001b[39m { handlers } \u001b[36mfrom\u001b[39m \u001b[32m'./handlers'\u001b[39m\u001b[33m;\u001b[39m\n     \u001b[90m 3 |\u001b[39m\n     \u001b[90m 4 |\u001b[39m \u001b[90m// This configures a request mocking server with the given request handlers.\u001b[39m\u001b[0m\n\n      \u001b[2mat Resolver._throwModNotFoundError (\u001b[22mnode_modules/jest-resolve/build/resolver.js\u001b[2m:427:11)\u001b[22m\n      \u001b[2mat Object.require (\u001b[22msrc/__mocks__/server.ts\u001b[2m:1:1)\u001b[22m\n      \u001b[2mat Object.require (\u001b[22msrc/setupTests.ts\u001b[2m:30:1)\u001b[22m\n      \u001b[2mat s (\u001b[22mnode_modules/@babel/runtime/helpers/regeneratorRuntime.js\u001b[2m:77:16)\u001b[22m\n      \u001b[2mat Generator.<anonymous> (\u001b[22mnode_modules/@babel/runtime/helpers/regeneratorRuntime.js\u001b[2m:60:19)\u001b[22m\n      \u001b[2mat Generator.next (\u001b[22mnode_modules/@babel/runtime/helpers/regeneratorRuntime.js\u001b[2m:102:21)\u001b[22m\n      \u001b[2mat asyncGeneratorStep (\u001b[22mnode_modules/@babel/runtime/helpers/asyncToGenerator.js\u001b[2m:3:17)\u001b[22m\n      \u001b[2mat _next (\u001b[22mnode_modules/@babel/runtime/helpers/asyncToGenerator.js\u001b[2m:17:9)\u001b[22m\n","name":"C:\\Users\\johnw\\OneDrive\\Desktop\\portfolio\\src\\__tests__\\components\\amazon-seller-tools\\description-editor.test.tsx","startTime":1746103794689,"status":"failed","summary":""},{"assertionResults":[],"coverage":{},"endTime":1746103794689,"message":"  \u001b[1m● \u001b[22mTest suite failed to run\n\n    Cannot find module 'msw/node' from 'src/__mocks__/server.ts'\n\n    Require stack:\n      src/__mocks__/server.ts\n      src/setupTests.ts\n\n    \u001b[0m\u001b[31m\u001b[1m>\u001b[22m\u001b[39m\u001b[90m 1 |\u001b[39m \u001b[36mimport\u001b[39m { setupServer } \u001b[36mfrom\u001b[39m \u001b[32m'msw/node'\u001b[39m\u001b[33m;\u001b[39m\n     \u001b[90m   |\u001b[39m \u001b[31m\u001b[1m^\u001b[22m\u001b[39m\n     \u001b[90m 2 |\u001b[39m \u001b[36mimport\u001b[39m { handlers } \u001b[36mfrom\u001b[39m \u001b[32m'./handlers'\u001b[39m\u001b[33m;\u001b[39m\n     \u001b[90m 3 |\u001b[39m\n     \u001b[90m 4 |\u001b[39m \u001b[90m// This configures a request mocking server with the given request handlers.\u001b[39m\u001b[0m\n\n      \u001b[2mat Resolver._throwModNotFoundError (\u001b[22mnode_modules/jest-resolve/build/resolver.js\u001b[2m:427:11)\u001b[22m\n      \u001b[2mat Object.require (\u001b[22msrc/__mocks__/server.ts\u001b[2m:1:1)\u001b[22m\n      \u001b[2mat Object.require (\u001b[22msrc/setupTests.ts\u001b[2m:30:1)\u001b[22m\n      \u001b[2mat s (\u001b[22mnode_modules/@babel/runtime/helpers/regeneratorRuntime.js\u001b[2m:77:16)\u001b[22m\n      \u001b[2mat Generator.<anonymous> (\u001b[22mnode_modules/@babel/runtime/helpers/regeneratorRuntime.js\u001b[2m:60:19)\u001b[22m\n      \u001b[2mat Generator.next (\u001b[22mnode_modules/@babel/runtime/helpers/regeneratorRuntime.js\u001b[2m:102:21)\u001b[22m\n      \u001b[2mat asyncGeneratorStep (\u001b[22mnode_modules/@babel/runtime/helpers/asyncToGenerator.js\u001b[2m:3:17)\u001b[22m\n      \u001b[2mat _next (\u001b[22mnode_modules/@babel/runtime/helpers/asyncToGenerator.js\u001b[2m:17:9)\u001b[22m\n","name":"C:\\Users\\johnw\\OneDrive\\Desktop\\portfolio\\src\\__tests__\\components\\amazon-seller-tools\\DataCard.test.tsx","startTime":1746103794689,"status":"failed","summary":""},{"assertionResults":[],"coverage":{},"endTime":1746103794689,"message":"  \u001b[1m● \u001b[22mTest suite failed to run\n\n    Cannot find module 'msw/node' from 'src/__mocks__/server.ts'\n\n    Require stack:\n      src/__mocks__/server.ts\n      src/setupTests.ts\n\n    \u001b[0m\u001b[31m\u001b[1m>\u001b[22m\u001b[39m\u001b[90m 1 |\u001b[39m \u001b[36mimport\u001b[39m { setupServer } \u001b[36mfrom\u001b[39m \u001b[32m'msw/node'\u001b[39m\u001b[33m;\u001b[39m\n     \u001b[90m   |\u001b[39m \u001b[31m\u001b[1m^\u001b[22m\u001b[39m\n     \u001b[90m 2 |\u001b[39m \u001b[36mimport\u001b[39m { handlers } \u001b[36mfrom\u001b[39m \u001b[32m'./handlers'\u001b[39m\u001b[33m;\u001b[39m\n     \u001b[90m 3 |\u001b[39m\n     \u001b[90m 4 |\u001b[39m \u001b[90m// This configures a request mocking server with the given request handlers.\u001b[39m\u001b[0m\n\n      \u001b[2mat Resolver._throwModNotFoundError (\u001b[22mnode_modules/jest-resolve/build/resolver.js\u001b[2m:427:11)\u001b[22m\n      \u001b[2mat Object.require (\u001b[22msrc/__mocks__/server.ts\u001b[2m:1:1)\u001b[22m\n      \u001b[2mat Object.require (\u001b[22msrc/setupTests.ts\u001b[2m:30:1)\u001b[22m\n      \u001b[2mat s (\u001b[22mnode_modules/@babel/runtime/helpers/regeneratorRuntime.js\u001b[2m:77:16)\u001b[22m\n      \u001b[2mat Generator.<anonymous> (\u001b[22mnode_modules/@babel/runtime/helpers/regeneratorRuntime.js\u001b[2m:60:19)\u001b[22m\n      \u001b[2mat Generator.next (\u001b[22mnode_modules/@babel/runtime/helpers/regeneratorRuntime.js\u001b[2m:102:21)\u001b[22m\n      \u001b[2mat asyncGeneratorStep (\u001b[22mnode_modules/@babel/runtime/helpers/asyncToGenerator.js\u001b[2m:3:17)\u001b[22m\n      \u001b[2mat _next (\u001b[22mnode_modules/@babel/runtime/helpers/asyncToGenerator.js\u001b[2m:17:9)\u001b[22m\n","name":"C:\\Users\\johnw\\OneDrive\\Desktop\\portfolio\\src\\__tests__\\components\\amazon-seller-tools\\CsvUploader.test.tsx","startTime":1746103794689,"status":"failed","summary":""},{"assertionResults":[],"coverage":{},"endTime":1746103794689,"message":"  \u001b[1m● \u001b[22mTest suite failed to run\n\n    Cannot find module 'msw/node' from 'src/__mocks__/server.ts'\n\n    Require stack:\n      src/__mocks__/server.ts\n      src/setupTests.ts\n\n    \u001b[0m\u001b[31m\u001b[1m>\u001b[22m\u001b[39m\u001b[90m 1 |\u001b[39m \u001b[36mimport\u001b[39m { setupServer } \u001b[36mfrom\u001b[39m \u001b[32m'msw/node'\u001b[39m\u001b[33m;\u001b[39m\n     \u001b[90m   |\u001b[39m \u001b[31m\u001b[1m^\u001b[22m\u001b[39m\n     \u001b[90m 2 |\u001b[39m \u001b[36mimport\u001b[39m { handlers } \u001b[36mfrom\u001b[39m \u001b[32m'./handlers'\u001b[39m\u001b[33m;\u001b[39m\n     \u001b[90m 3 |\u001b[39m\n     \u001b[90m 4 |\u001b[39m \u001b[90m// This configures a request mocking server with the given request handlers.\u001b[39m\u001b[0m\n\n      \u001b[2mat Resolver._throwModNotFoundError (\u001b[22mnode_modules/jest-resolve/build/resolver.js\u001b[2m:427:11)\u001b[22m\n      \u001b[2mat Object.require (\u001b[22msrc/__mocks__/server.ts\u001b[2m:1:1)\u001b[22m\n      \u001b[2mat Object.require (\u001b[22msrc/setupTests.ts\u001b[2m:30:1)\u001b[22m\n      \u001b[2mat s (\u001b[22mnode_modules/@babel/runtime/helpers/regeneratorRuntime.js\u001b[2m:77:16)\u001b[22m\n      \u001b[2mat Generator.<anonymous> (\u001b[22mnode_modules/@babel/runtime/helpers/regeneratorRuntime.js\u001b[2m:60:19)\u001b[22m\n      \u001b[2mat Generator.next (\u001b[22mnode_modules/@babel/runtime/helpers/regeneratorRuntime.js\u001b[2m:102:21)\u001b[22m\n      \u001b[2mat asyncGeneratorStep (\u001b[22mnode_modules/@babel/runtime/helpers/asyncToGenerator.js\u001b[2m:3:17)\u001b[22m\n      \u001b[2mat _next (\u001b[22mnode_modules/@babel/runtime/helpers/asyncToGenerator.js\u001b[2m:17:9)\u001b[22m\n","name":"C:\\Users\\johnw\\OneDrive\\Desktop\\portfolio\\src\\__tests__\\components\\amazon-seller-tools\\CsvDataMapper.test.tsx","startTime":1746103794689,"status":"failed","summary":""},{"assertionResults":[],"coverage":{},"endTime":1746103794689,"message":"  \u001b[1m● \u001b[22mTest suite failed to run\n\n    Cannot find module 'msw/node' from 'src/__mocks__/server.ts'\n\n    Require stack:\n      src/__mocks__/server.ts\n      src/setupTests.ts\n\n    \u001b[0m\u001b[31m\u001b[1m>\u001b[22m\u001b[39m\u001b[90m 1 |\u001b[39m \u001b[36mimport\u001b[39m { setupServer } \u001b[36mfrom\u001b[39m \u001b[32m'msw/node'\u001b[39m\u001b[33m;\u001b[39m\n     \u001b[90m   |\u001b[39m \u001b[31m\u001b[1m^\u001b[22m\u001b[39m\n     \u001b[90m 2 |\u001b[39m \u001b[36mimport\u001b[39m { handlers } \u001b[36mfrom\u001b[39m \u001b[32m'./handlers'\u001b[39m\u001b[33m;\u001b[39m\n     \u001b[90m 3 |\u001b[39m\n     \u001b[90m 4 |\u001b[39m \u001b[90m// This configures a request mocking server with the given request handlers.\u001b[39m\u001b[0m\n\n      \u001b[2mat Resolver._throwModNotFoundError (\u001b[22mnode_modules/jest-resolve/build/resolver.js\u001b[2m:427:11)\u001b[22m\n      \u001b[2mat Object.require (\u001b[22msrc/__mocks__/server.ts\u001b[2m:1:1)\u001b[22m\n      \u001b[2mat Object.require (\u001b[22msrc/setupTests.ts\u001b[2m:30:1)\u001b[22m\n      \u001b[2mat s (\u001b[22mnode_modules/@babel/runtime/helpers/regeneratorRuntime.js\u001b[2m:77:16)\u001b[22m\n      \u001b[2mat Generator.<anonymous> (\u001b[22mnode_modules/@babel/runtime/helpers/regeneratorRuntime.js\u001b[2m:60:19)\u001b[22m\n      \u001b[2mat Generator.next (\u001b[22mnode_modules/@babel/runtime/helpers/regeneratorRuntime.js\u001b[2m:102:21)\u001b[22m\n      \u001b[2mat asyncGeneratorStep (\u001b[22mnode_modules/@babel/runtime/helpers/asyncToGenerator.js\u001b[2m:3:17)\u001b[22m\n      \u001b[2mat _next (\u001b[22mnode_modules/@babel/runtime/helpers/asyncToGenerator.js\u001b[2m:17:9)\u001b[22m\n","name":"C:\\Users\\johnw\\OneDrive\\Desktop\\portfolio\\src\\__tests__\\components\\amazon-seller-tools\\competitor-analyzer.test.tsx","startTime":1746103794689,"status":"failed","summary":""},{"assertionResults":[],"coverage":{},"endTime":1746103794689,"message":"  \u001b[1m● \u001b[22mTest suite failed to run\n\n    Cannot find module 'msw/node' from 'src/__mocks__/server.ts'\n\n    Require stack:\n      src/__mocks__/server.ts\n      src/setupTests.ts\n\n    \u001b[0m\u001b[31m\u001b[1m>\u001b[22m\u001b[39m\u001b[90m 1 |\u001b[39m \u001b[36mimport\u001b[39m { setupServer } \u001b[36mfrom\u001b[39m \u001b[32m'msw/node'\u001b[39m\u001b[33m;\u001b[39m\n     \u001b[90m   |\u001b[39m \u001b[31m\u001b[1m^\u001b[22m\u001b[39m\n     \u001b[90m 2 |\u001b[39m \u001b[36mimport\u001b[39m { handlers } \u001b[36mfrom\u001b[39m \u001b[32m'./handlers'\u001b[39m\u001b[33m;\u001b[39m\n     \u001b[90m 3 |\u001b[39m\n     \u001b[90m 4 |\u001b[39m \u001b[90m// This configures a request mocking server with the given request handlers.\u001b[39m\u001b[0m\n\n      \u001b[2mat Resolver._throwModNotFoundError (\u001b[22mnode_modules/jest-resolve/build/resolver.js\u001b[2m:427:11)\u001b[22m\n      \u001b[2mat Object.require (\u001b[22msrc/__mocks__/server.ts\u001b[2m:1:1)\u001b[22m\n      \u001b[2mat Object.require (\u001b[22msrc/setupTests.ts\u001b[2m:30:1)\u001b[22m\n      \u001b[2mat s (\u001b[22mnode_modules/@babel/runtime/helpers/regeneratorRuntime.js\u001b[2m:77:16)\u001b[22m\n      \u001b[2mat Generator.<anonymous> (\u001b[22mnode_modules/@babel/runtime/helpers/regeneratorRuntime.js\u001b[2m:60:19)\u001b[22m\n      \u001b[2mat Generator.next (\u001b[22mnode_modules/@babel/runtime/helpers/regeneratorRuntime.js\u001b[2m:102:21)\u001b[22m\n      \u001b[2mat asyncGeneratorStep (\u001b[22mnode_modules/@babel/runtime/helpers/asyncToGenerator.js\u001b[2m:3:17)\u001b[22m\n      \u001b[2mat _next (\u001b[22mnode_modules/@babel/runtime/helpers/asyncToGenerator.js\u001b[2m:17:9)\u001b[22m\n","name":"C:\\Users\\johnw\\OneDrive\\Desktop\\portfolio\\src\\__tests__\\components\\amazon-seller-tools\\CampaignCard.test.tsx","startTime":1746103794689,"status":"failed","summary":""},{"assertionResults":[],"coverage":{},"endTime":1746103794689,"message":"  \u001b[1m● \u001b[22mTest suite failed to run\n\n    Cannot find module 'msw/node' from 'src/__mocks__/server.ts'\n\n    Require stack:\n      src/__mocks__/server.ts\n      src/setupTests.ts\n\n    \u001b[0m\u001b[31m\u001b[1m>\u001b[22m\u001b[39m\u001b[90m 1 |\u001b[39m \u001b[36mimport\u001b[39m { setupServer } \u001b[36mfrom\u001b[39m \u001b[32m'msw/node'\u001b[39m\u001b[33m;\u001b[39m\n     \u001b[90m   |\u001b[39m \u001b[31m\u001b[1m^\u001b[22m\u001b[39m\n     \u001b[90m 2 |\u001b[39m \u001b[36mimport\u001b[39m { handlers } \u001b[36mfrom\u001b[39m \u001b[32m'./handlers'\u001b[39m\u001b[33m;\u001b[39m\n     \u001b[90m 3 |\u001b[39m\n     \u001b[90m 4 |\u001b[39m \u001b[90m// This configures a request mocking server with the given request handlers.\u001b[39m\u001b[0m\n\n      \u001b[2mat Resolver._throwModNotFoundError (\u001b[22mnode_modules/jest-resolve/build/resolver.js\u001b[2m:427:11)\u001b[22m\n      \u001b[2mat Object.require (\u001b[22msrc/__mocks__/server.ts\u001b[2m:1:1)\u001b[22m\n      \u001b[2mat Object.require (\u001b[22msrc/setupTests.ts\u001b[2m:30:1)\u001b[22m\n      \u001b[2mat s (\u001b[22mnode_modules/@babel/runtime/helpers/regeneratorRuntime.js\u001b[2m:77:16)\u001b[22m\n      \u001b[2mat Generator.<anonymous> (\u001b[22mnode_modules/@babel/runtime/helpers/regeneratorRuntime.js\u001b[2m:60:19)\u001b[22m\n      \u001b[2mat Generator.next (\u001b[22mnode_modules/@babel/runtime/helpers/regeneratorRuntime.js\u001b[2m:102:21)\u001b[22m\n      \u001b[2mat asyncGeneratorStep (\u001b[22mnode_modules/@babel/runtime/helpers/asyncToGenerator.js\u001b[2m:3:17)\u001b[22m\n      \u001b[2mat _next (\u001b[22mnode_modules/@babel/runtime/helpers/asyncToGenerator.js\u001b[2m:17:9)\u001b[22m\n","name":"C:\\Users\\johnw\\OneDrive\\Desktop\\portfolio\\src\\__tests__\\components\\amazon-seller-tools\\AmazonToolsUI.test.tsx","startTime":1746103794689,"status":"failed","summary":""},{"assertionResults":[],"coverage":{},"endTime":1746103794689,"message":"  \u001b[1m● \u001b[22mTest suite failed to run\n\n    Cannot find module 'msw/node' from 'src/__mocks__/server.ts'\n\n    Require stack:\n      src/__mocks__/server.ts\n      src/setupTests.ts\n\n    \u001b[0m\u001b[31m\u001b[1m>\u001b[22m\u001b[39m\u001b[90m 1 |\u001b[39m \u001b[36mimport\u001b[39m { setupServer } \u001b[36mfrom\u001b[39m \u001b[32m'msw/node'\u001b[39m\u001b[33m;\u001b[39m\n     \u001b[90m   |\u001b[39m \u001b[31m\u001b[1m^\u001b[22m\u001b[39m\n     \u001b[90m 2 |\u001b[39m \u001b[36mimport\u001b[39m { handlers } \u001b[36mfrom\u001b[39m \u001b[32m'./handlers'\u001b[39m\u001b[33m;\u001b[39m\n     \u001b[90m 3 |\u001b[39m\n     \u001b[90m 4 |\u001b[39m \u001b[90m// This configures a request mocking server with the given request handlers.\u001b[39m\u001b[0m\n\n      \u001b[2mat Resolver._throwModNotFoundError (\u001b[22mnode_modules/jest-resolve/build/resolver.js\u001b[2m:427:11)\u001b[22m\n      \u001b[2mat Object.require (\u001b[22msrc/__mocks__/server.ts\u001b[2m:1:1)\u001b[22m\n      \u001b[2mat Object.require (\u001b[22msrc/setupTests.ts\u001b[2m:30:1)\u001b[22m\n      \u001b[2mat s (\u001b[22mnode_modules/@babel/runtime/helpers/regeneratorRuntime.js\u001b[2m:77:16)\u001b[22m\n      \u001b[2mat Generator.<anonymous> (\u001b[22mnode_modules/@babel/runtime/helpers/regeneratorRuntime.js\u001b[2m:60:19)\u001b[22m\n      \u001b[2mat Generator.next (\u001b[22mnode_modules/@babel/runtime/helpers/regeneratorRuntime.js\u001b[2m:102:21)\u001b[22m\n      \u001b[2mat asyncGeneratorStep (\u001b[22mnode_modules/@babel/runtime/helpers/asyncToGenerator.js\u001b[2m:3:17)\u001b[22m\n      \u001b[2mat _next (\u001b[22mnode_modules/@babel/runtime/helpers/asyncToGenerator.js\u001b[2m:17:9)\u001b[22m\n","name":"C:\\Users\\johnw\\OneDrive\\Desktop\\portfolio\\src\\__tests__\\components\\amazon-seller-tools\\acos-calculator.test.tsx","startTime":1746103794689,"status":"failed","summary":""},{"assertionResults":[],"coverage":{},"endTime":1746103794689,"message":"  \u001b[1m● \u001b[22mTest suite failed to run\n\n    Cannot find module 'msw/node' from 'src/__mocks__/server.ts'\n\n    Require stack:\n      src/__mocks__/server.ts\n      src/setupTests.ts\n\n    \u001b[0m\u001b[31m\u001b[1m>\u001b[22m\u001b[39m\u001b[90m 1 |\u001b[39m \u001b[36mimport\u001b[39m { setupServer } \u001b[36mfrom\u001b[39m \u001b[32m'msw/node'\u001b[39m\u001b[33m;\u001b[39m\n     \u001b[90m   |\u001b[39m \u001b[31m\u001b[1m^\u001b[22m\u001b[39m\n     \u001b[90m 2 |\u001b[39m \u001b[36mimport\u001b[39m { handlers } \u001b[36mfrom\u001b[39m \u001b[32m'./handlers'\u001b[39m\u001b[33m;\u001b[39m\n     \u001b[90m 3 |\u001b[39m\n     \u001b[90m 4 |\u001b[39m \u001b[90m// This configures a request mocking server with the given request handlers.\u001b[39m\u001b[0m\n\n      \u001b[2mat Resolver._throwModNotFoundError (\u001b[22mnode_modules/jest-resolve/build/resolver.js\u001b[2m:427:11)\u001b[22m\n      \u001b[2mat Object.require (\u001b[22msrc/__mocks__/server.ts\u001b[2m:1:1)\u001b[22m\n      \u001b[2mat Object.require (\u001b[22msrc/setupTests.ts\u001b[2m:30:1)\u001b[22m\n      \u001b[2mat s (\u001b[22mnode_modules/@babel/runtime/helpers/regeneratorRuntime.js\u001b[2m:77:16)\u001b[22m\n      \u001b[2mat Generator.<anonymous> (\u001b[22mnode_modules/@babel/runtime/helpers/regeneratorRuntime.js\u001b[2m:60:19)\u001b[22m\n      \u001b[2mat Generator.next (\u001b[22mnode_modules/@babel/runtime/helpers/regeneratorRuntime.js\u001b[2m:102:21)\u001b[22m\n      \u001b[2mat asyncGeneratorStep (\u001b[22mnode_modules/@babel/runtime/helpers/asyncToGenerator.js\u001b[2m:3:17)\u001b[22m\n      \u001b[2mat _next (\u001b[22mnode_modules/@babel/runtime/helpers/asyncToGenerator.js\u001b[2m:17:9)\u001b[22m\n","name":"C:\\Users\\johnw\\OneDrive\\Desktop\\portfolio\\src\\lib\\hooks\\__tests__\\use-csv-parser.test.ts","startTime":1746103794689,"status":"failed","summary":""},{"assertionResults":[],"coverage":{},"endTime":1746103794689,"message":"  \u001b[1m● \u001b[22mTest suite failed to run\n\n    Cannot find module 'msw/node' from 'src/__mocks__/server.ts'\n\n    Require stack:\n      src/__mocks__/server.ts\n      src/setupTests.ts\n\n    \u001b[0m\u001b[31m\u001b[1m>\u001b[22m\u001b[39m\u001b[90m 1 |\u001b[39m \u001b[36mimport\u001b[39m { setupServer } \u001b[36mfrom\u001b[39m \u001b[32m'msw/node'\u001b[39m\u001b[33m;\u001b[39m\n     \u001b[90m   |\u001b[39m \u001b[31m\u001b[1m^\u001b[22m\u001b[39m\n     \u001b[90m 2 |\u001b[39m \u001b[36mimport\u001b[39m { handlers } \u001b[36mfrom\u001b[39m \u001b[32m'./handlers'\u001b[39m\u001b[33m;\u001b[39m\n     \u001b[90m 3 |\u001b[39m\n     \u001b[90m 4 |\u001b[39m \u001b[90m// This configures a request mocking server with the given request handlers.\u001b[39m\u001b[0m\n\n      \u001b[2mat Resolver._throwModNotFoundError (\u001b[22mnode_modules/jest-resolve/build/resolver.js\u001b[2m:427:11)\u001b[22m\n      \u001b[2mat Object.require (\u001b[22msrc/__mocks__/server.ts\u001b[2m:1:1)\u001b[22m\n      \u001b[2mat Object.require (\u001b[22msrc/setupTests.ts\u001b[2m:30:1)\u001b[22m\n      \u001b[2mat s (\u001b[22mnode_modules/@babel/runtime/helpers/regeneratorRuntime.js\u001b[2m:77:16)\u001b[22m\n      \u001b[2mat Generator.<anonymous> (\u001b[22mnode_modules/@babel/runtime/helpers/regeneratorRuntime.js\u001b[2m:60:19)\u001b[22m\n      \u001b[2mat Generator.next (\u001b[22mnode_modules/@babel/runtime/helpers/regeneratorRuntime.js\u001b[2m:102:21)\u001b[22m\n      \u001b[2mat asyncGeneratorStep (\u001b[22mnode_modules/@babel/runtime/helpers/asyncToGenerator.js\u001b[2m:3:17)\u001b[22m\n      \u001b[2mat _next (\u001b[22mnode_modules/@babel/runtime/helpers/asyncToGenerator.js\u001b[2m:17:9)\u001b[22m\n","name":"C:\\Users\\johnw\\OneDrive\\Desktop\\portfolio\\src\\lib\\amazon-tools\\__tests__\\csv-utils.test.ts","startTime":1746103794689,"status":"failed","summary":""},{"assertionResults":[],"coverage":{},"endTime":1746103794689,"message":"  \u001b[1m● \u001b[22mTest suite failed to run\n\n    Cannot find module 'msw/node' from 'src/__mocks__/server.ts'\n\n    Require stack:\n      src/__mocks__/server.ts\n      src/setupTests.ts\n\n    \u001b[0m\u001b[31m\u001b[1m>\u001b[22m\u001b[39m\u001b[90m 1 |\u001b[39m \u001b[36mimport\u001b[39m { setupServer } \u001b[36mfrom\u001b[39m \u001b[32m'msw/node'\u001b[39m\u001b[33m;\u001b[39m\n     \u001b[90m   |\u001b[39m \u001b[31m\u001b[1m^\u001b[22m\u001b[39m\n     \u001b[90m 2 |\u001b[39m \u001b[36mimport\u001b[39m { handlers } \u001b[36mfrom\u001b[39m \u001b[32m'./handlers'\u001b[39m\u001b[33m;\u001b[39m\n     \u001b[90m 3 |\u001b[39m\n     \u001b[90m 4 |\u001b[39m \u001b[90m// This configures a request mocking server with the given request handlers.\u001b[39m\u001b[0m\n\n      \u001b[2mat Resolver._throwModNotFoundError (\u001b[22mnode_modules/jest-resolve/build/resolver.js\u001b[2m:427:11)\u001b[22m\n      \u001b[2mat Object.require (\u001b[22msrc/__mocks__/server.ts\u001b[2m:1:1)\u001b[22m\n      \u001b[2mat Object.require (\u001b[22msrc/setupTests.ts\u001b[2m:30:1)\u001b[22m\n      \u001b[2mat s (\u001b[22mnode_modules/@babel/runtime/helpers/regeneratorRuntime.js\u001b[2m:77:16)\u001b[22m\n      \u001b[2mat Generator.<anonymous> (\u001b[22mnode_modules/@babel/runtime/helpers/regeneratorRuntime.js\u001b[2m:60:19)\u001b[22m\n      \u001b[2mat Generator.next (\u001b[22mnode_modules/@babel/runtime/helpers/regeneratorRuntime.js\u001b[2m:102:21)\u001b[22m\n      \u001b[2mat asyncGeneratorStep (\u001b[22mnode_modules/@babel/runtime/helpers/asyncToGenerator.js\u001b[2m:3:17)\u001b[22m\n      \u001b[2mat _next (\u001b[22mnode_modules/@babel/runtime/helpers/asyncToGenerator.js\u001b[2m:17:9)\u001b[22m\n","name":"C:\\Users\\johnw\\OneDrive\\Desktop\\portfolio\\src\\__tests__\\components\\SharedUI.test.tsx","startTime":1746103794689,"status":"failed","summary":""},{"assertionResults":[],"coverage":{},"endTime":1746103794689,"message":"  \u001b[1m● \u001b[22mTest suite failed to run\n\n    Cannot find module 'msw/node' from 'src/__mocks__/server.ts'\n\n    Require stack:\n      src/__mocks__/server.ts\n      src/setupTests.ts\n\n    \u001b[0m\u001b[31m\u001b[1m>\u001b[22m\u001b[39m\u001b[90m 1 |\u001b[39m \u001b[36mimport\u001b[39m { setupServer } \u001b[36mfrom\u001b[39m \u001b[32m'msw/node'\u001b[39m\u001b[33m;\u001b[39m\n     \u001b[90m   |\u001b[39m \u001b[31m\u001b[1m^\u001b[22m\u001b[39m\n     \u001b[90m 2 |\u001b[39m \u001b[36mimport\u001b[39m { handlers } \u001b[36mfrom\u001b[39m \u001b[32m'./handlers'\u001b[39m\u001b[33m;\u001b[39m\n     \u001b[90m 3 |\u001b[39m\n     \u001b[90m 4 |\u001b[39m \u001b[90m// This configures a request mocking server with the given request handlers.\u001b[39m\u001b[0m\n\n      \u001b[2mat Resolver._throwModNotFoundError (\u001b[22mnode_modules/jest-resolve/build/resolver.js\u001b[2m:427:11)\u001b[22m\n      \u001b[2mat Object.require (\u001b[22msrc/__mocks__/server.ts\u001b[2m:1:1)\u001b[22m\n      \u001b[2mat Object.require (\u001b[22msrc/setupTests.ts\u001b[2m:30:1)\u001b[22m\n      \u001b[2mat s (\u001b[22mnode_modules/@babel/runtime/helpers/regeneratorRuntime.js\u001b[2m:77:16)\u001b[22m\n      \u001b[2mat Generator.<anonymous> (\u001b[22mnode_modules/@babel/runtime/helpers/regeneratorRuntime.js\u001b[2m:60:19)\u001b[22m\n      \u001b[2mat Generator.next (\u001b[22mnode_modules/@babel/runtime/helpers/regeneratorRuntime.js\u001b[2m:102:21)\u001b[22m\n      \u001b[2mat asyncGeneratorStep (\u001b[22mnode_modules/@babel/runtime/helpers/asyncToGenerator.js\u001b[2m:3:17)\u001b[22m\n      \u001b[2mat _next (\u001b[22mnode_modules/@babel/runtime/helpers/asyncToGenerator.js\u001b[2m:17:9)\u001b[22m\n","name":"C:\\Users\\johnw\\OneDrive\\Desktop\\portfolio\\src\\__tests__\\components\\mdx-components.test.tsx","startTime":1746103794689,"status":"failed","summary":""},{"assertionResults":[],"coverage":{},"endTime":1746103794689,"message":"  \u001b[1m● \u001b[22mTest suite failed to run\n\n    Cannot find module 'msw/node' from 'src/__mocks__/server.ts'\n\n    Require stack:\n      src/__mocks__/server.ts\n      src/setupTests.ts\n\n    \u001b[0m\u001b[31m\u001b[1m>\u001b[22m\u001b[39m\u001b[90m 1 |\u001b[39m \u001b[36mimport\u001b[39m { setupServer } \u001b[36mfrom\u001b[39m \u001b[32m'msw/node'\u001b[39m\u001b[33m;\u001b[39m\n     \u001b[90m   |\u001b[39m \u001b[31m\u001b[1m^\u001b[22m\u001b[39m\n     \u001b[90m 2 |\u001b[39m \u001b[36mimport\u001b[39m { handlers } \u001b[36mfrom\u001b[39m \u001b[32m'./handlers'\u001b[39m\u001b[33m;\u001b[39m\n     \u001b[90m 3 |\u001b[39m\n     \u001b[90m 4 |\u001b[39m \u001b[90m// This configures a request mocking server with the given request handlers.\u001b[39m\u001b[0m\n\n      \u001b[2mat Resolver._throwModNotFoundError (\u001b[22mnode_modules/jest-resolve/build/resolver.js\u001b[2m:427:11)\u001b[22m\n      \u001b[2mat Object.require (\u001b[22msrc/__mocks__/server.ts\u001b[2m:1:1)\u001b[22m\n      \u001b[2mat Object.require (\u001b[22msrc/setupTests.ts\u001b[2m:30:1)\u001b[22m\n      \u001b[2mat s (\u001b[22mnode_modules/@babel/runtime/helpers/regeneratorRuntime.js\u001b[2m:77:16)\u001b[22m\n      \u001b[2mat Generator.<anonymous> (\u001b[22mnode_modules/@babel/runtime/helpers/regeneratorRuntime.js\u001b[2m:60:19)\u001b[22m\n      \u001b[2mat Generator.next (\u001b[22mnode_modules/@babel/runtime/helpers/regeneratorRuntime.js\u001b[2m:102:21)\u001b[22m\n      \u001b[2mat asyncGeneratorStep (\u001b[22mnode_modules/@babel/runtime/helpers/asyncToGenerator.js\u001b[2m:3:17)\u001b[22m\n      \u001b[2mat _next (\u001b[22mnode_modules/@babel/runtime/helpers/asyncToGenerator.js\u001b[2m:17:9)\u001b[22m\n","name":"C:\\Users\\johnw\\OneDrive\\Desktop\\portfolio\\src\\__tests__\\components\\layout.test.tsx","startTime":1746103794689,"status":"failed","summary":""},{"assertionResults":[],"coverage":{},"endTime":1746103794689,"message":"  \u001b[1m● \u001b[22mTest suite failed to run\n\n    Cannot find module 'msw/node' from 'src/__mocks__/server.ts'\n\n    Require stack:\n      src/__mocks__/server.ts\n      src/setupTests.ts\n\n    \u001b[0m\u001b[31m\u001b[1m>\u001b[22m\u001b[39m\u001b[90m 1 |\u001b[39m \u001b[36mimport\u001b[39m { setupServer } \u001b[36mfrom\u001b[39m \u001b[32m'msw/node'\u001b[39m\u001b[33m;\u001b[39m\n     \u001b[90m   |\u001b[39m \u001b[31m\u001b[1m^\u001b[22m\u001b[39m\n     \u001b[90m 2 |\u001b[39m \u001b[36mimport\u001b[39m { handlers } \u001b[36mfrom\u001b[39m \u001b[32m'./handlers'\u001b[39m\u001b[33m;\u001b[39m\n     \u001b[90m 3 |\u001b[39m\n     \u001b[90m 4 |\u001b[39m \u001b[90m// This configures a request mocking server with the given request handlers.\u001b[39m\u001b[0m\n\n      \u001b[2mat Resolver._throwModNotFoundError (\u001b[22mnode_modules/jest-resolve/build/resolver.js\u001b[2m:427:11)\u001b[22m\n      \u001b[2mat Object.require (\u001b[22msrc/__mocks__/server.ts\u001b[2m:1:1)\u001b[22m\n      \u001b[2mat Object.require (\u001b[22msrc/setupTests.ts\u001b[2m:30:1)\u001b[22m\n      \u001b[2mat s (\u001b[22mnode_modules/@babel/runtime/helpers/regeneratorRuntime.js\u001b[2m:77:16)\u001b[22m\n      \u001b[2mat Generator.<anonymous> (\u001b[22mnode_modules/@babel/runtime/helpers/regeneratorRuntime.js\u001b[2m:60:19)\u001b[22m\n      \u001b[2mat Generator.next (\u001b[22mnode_modules/@babel/runtime/helpers/regeneratorRuntime.js\u001b[2m:102:21)\u001b[22m\n      \u001b[2mat asyncGeneratorStep (\u001b[22mnode_modules/@babel/runtime/helpers/asyncToGenerator.js\u001b[2m:3:17)\u001b[22m\n      \u001b[2mat _next (\u001b[22mnode_modules/@babel/runtime/helpers/asyncToGenerator.js\u001b[2m:17:9)\u001b[22m\n","name":"C:\\Users\\johnw\\OneDrive\\Desktop\\portfolio\\src\\__tests__\\components\\error-boundary.test.tsx","startTime":1746103794689,"status":"failed","summary":""},{"assertionResults":[],"coverage":{},"endTime":1746103794689,"message":"  \u001b[1m● \u001b[22mTest suite failed to run\n\n    Cannot find module 'msw/node' from 'src/__mocks__/server.ts'\n\n    Require stack:\n      src/__mocks__/server.ts\n      src/setupTests.ts\n\n    \u001b[0m\u001b[31m\u001b[1m>\u001b[22m\u001b[39m\u001b[90m 1 |\u001b[39m \u001b[36mimport\u001b[39m { setupServer } \u001b[36mfrom\u001b[39m \u001b[32m'msw/node'\u001b[39m\u001b[33m;\u001b[39m\n     \u001b[90m   |\u001b[39m \u001b[31m\u001b[1m^\u001b[22m\u001b[39m\n     \u001b[90m 2 |\u001b[39m \u001b[36mimport\u001b[39m { handlers } \u001b[36mfrom\u001b[39m \u001b[32m'./handlers'\u001b[39m\u001b[33m;\u001b[39m\n     \u001b[90m 3 |\u001b[39m\n     \u001b[90m 4 |\u001b[39m \u001b[90m// This configures a request mocking server with the given request handlers.\u001b[39m\u001b[0m\n\n      \u001b[2mat Resolver._throwModNotFoundError (\u001b[22mnode_modules/jest-resolve/build/resolver.js\u001b[2m:427:11)\u001b[22m\n      \u001b[2mat Object.require (\u001b[22msrc/__mocks__/server.ts\u001b[2m:1:1)\u001b[22m\n      \u001b[2mat Object.require (\u001b[22msrc/setupTests.ts\u001b[2m:30:1)\u001b[22m\n      \u001b[2mat s (\u001b[22mnode_modules/@babel/runtime/helpers/regeneratorRuntime.js\u001b[2m:77:16)\u001b[22m\n      \u001b[2mat Generator.<anonymous> (\u001b[22mnode_modules/@babel/runtime/helpers/regeneratorRuntime.js\u001b[2m:60:19)\u001b[22m\n      \u001b[2mat Generator.next (\u001b[22mnode_modules/@babel/runtime/helpers/regeneratorRuntime.js\u001b[2m:102:21)\u001b[22m\n      \u001b[2mat asyncGeneratorStep (\u001b[22mnode_modules/@babel/runtime/helpers/asyncToGenerator.js\u001b[2m:3:17)\u001b[22m\n      \u001b[2mat _next (\u001b[22mnode_modules/@babel/runtime/helpers/asyncToGenerator.js\u001b[2m:17:9)\u001b[22m\n","name":"C:\\Users\\johnw\\OneDrive\\Desktop\\portfolio\\src\\__tests__\\components\\csv-uploader.test.tsx","startTime":1746103794689,"status":"failed","summary":""},{"assertionResults":[],"coverage":{},"endTime":1746103794693,"message":"  \u001b[1m● \u001b[22mTest suite failed to run\n\n    Cannot find module 'msw/node' from 'src/__mocks__/server.ts'\n\n    Require stack:\n      src/__mocks__/server.ts\n      src/setupTests.ts\n\n    \u001b[0m\u001b[31m\u001b[1m>\u001b[22m\u001b[39m\u001b[90m 1 |\u001b[39m \u001b[36mimport\u001b[39m { setupServer } \u001b[36mfrom\u001b[39m \u001b[32m'msw/node'\u001b[39m\u001b[33m;\u001b[39m\n     \u001b[90m   |\u001b[39m \u001b[31m\u001b[1m^\u001b[22m\u001b[39m\n     \u001b[90m 2 |\u001b[39m \u001b[36mimport\u001b[39m { handlers } \u001b[36mfrom\u001b[39m \u001b[32m'./handlers'\u001b[39m\u001b[33m;\u001b[39m\n     \u001b[90m 3 |\u001b[39m\n     \u001b[90m 4 |\u001b[39m \u001b[90m// This configures a request mocking server with the given request handlers.\u001b[39m\u001b[0m\n\n      \u001b[2mat Resolver._throwModNotFoundError (\u001b[22mnode_modules/jest-resolve/build/resolver.js\u001b[2m:427:11)\u001b[22m\n      \u001b[2mat Object.require (\u001b[22msrc/__mocks__/server.ts\u001b[2m:1:1)\u001b[22m\n      \u001b[2mat Object.require (\u001b[22msrc/setupTests.ts\u001b[2m:30:1)\u001b[22m\n      \u001b[2mat s (\u001b[22mnode_modules/@babel/runtime/helpers/regeneratorRuntime.js\u001b[2m:77:16)\u001b[22m\n      \u001b[2mat Generator.<anonymous> (\u001b[22mnode_modules/@babel/runtime/helpers/regeneratorRuntime.js\u001b[2m:60:19)\u001b[22m\n      \u001b[2mat Generator.next (\u001b[22mnode_modules/@babel/runtime/helpers/regeneratorRuntime.js\u001b[2m:102:21)\u001b[22m\n      \u001b[2mat asyncGeneratorStep (\u001b[22mnode_modules/@babel/runtime/helpers/asyncToGenerator.js\u001b[2m:3:17)\u001b[22m\n      \u001b[2mat _next (\u001b[22mnode_modules/@babel/runtime/helpers/asyncToGenerator.js\u001b[2m:17:9)\u001b[22m\n","name":"C:\\Users\\johnw\\OneDrive\\Desktop\\portfolio\\src\\__tests__\\components\\blog-section.test.tsx","startTime":1746103794693,"status":"failed","summary":""},{"assertionResults":[],"coverage":{},"endTime":1746103794693,"message":"  \u001b[1m● \u001b[22mTest suite failed to run\n\n    Cannot find module 'msw/node' from 'src/__mocks__/server.ts'\n\n    Require stack:\n      src/__mocks__/server.ts\n      src/setupTests.ts\n\n    \u001b[0m\u001b[31m\u001b[1m>\u001b[22m\u001b[39m\u001b[90m 1 |\u001b[39m \u001b[36mimport\u001b[39m { setupServer } \u001b[36mfrom\u001b[39m \u001b[32m'msw/node'\u001b[39m\u001b[33m;\u001b[39m\n     \u001b[90m   |\u001b[39m \u001b[31m\u001b[1m^\u001b[22m\u001b[39m\n     \u001b[90m 2 |\u001b[39m \u001b[36mimport\u001b[39m { handlers } \u001b[36mfrom\u001b[39m \u001b[32m'./handlers'\u001b[39m\u001b[33m;\u001b[39m\n     \u001b[90m 3 |\u001b[39m\n     \u001b[90m 4 |\u001b[39m \u001b[90m// This configures a request mocking server with the given request handlers.\u001b[39m\u001b[0m\n\n      \u001b[2mat Resolver._throwModNotFoundError (\u001b[22mnode_modules/jest-resolve/build/resolver.js\u001b[2m:427:11)\u001b[22m\n      \u001b[2mat Object.require (\u001b[22msrc/__mocks__/server.ts\u001b[2m:1:1)\u001b[22m\n      \u001b[2mat Object.require (\u001b[22msrc/setupTests.ts\u001b[2m:30:1)\u001b[22m\n      \u001b[2mat s (\u001b[22mnode_modules/@babel/runtime/helpers/regeneratorRuntime.js\u001b[2m:77:16)\u001b[22m\n      \u001b[2mat Generator.<anonymous> (\u001b[22mnode_modules/@babel/runtime/helpers/regeneratorRuntime.js\u001b[2m:60:19)\u001b[22m\n      \u001b[2mat Generator.next (\u001b[22mnode_modules/@babel/runtime/helpers/regeneratorRuntime.js\u001b[2m:102:21)\u001b[22m\n      \u001b[2mat asyncGeneratorStep (\u001b[22mnode_modules/@babel/runtime/helpers/asyncToGenerator.js\u001b[2m:3:17)\u001b[22m\n      \u001b[2mat _next (\u001b[22mnode_modules/@babel/runtime/helpers/asyncToGenerator.js\u001b[2m:17:9)\u001b[22m\n","name":"C:\\Users\\johnw\\OneDrive\\Desktop\\portfolio\\src\\__tests__\\components\\blog-image.test.tsx","startTime":1746103794693,"status":"failed","summary":""},{"assertionResults":[],"coverage":{},"endTime":1746103794693,"message":"  \u001b[1m● \u001b[22mTest suite failed to run\n\n    Cannot find module 'msw/node' from 'src/__mocks__/server.ts'\n\n    Require stack:\n      src/__mocks__/server.ts\n      src/setupTests.ts\n\n    \u001b[0m\u001b[31m\u001b[1m>\u001b[22m\u001b[39m\u001b[90m 1 |\u001b[39m \u001b[36mimport\u001b[39m { setupServer } \u001b[36mfrom\u001b[39m \u001b[32m'msw/node'\u001b[39m\u001b[33m;\u001b[39m\n     \u001b[90m   |\u001b[39m \u001b[31m\u001b[1m^\u001b[22m\u001b[39m\n     \u001b[90m 2 |\u001b[39m \u001b[36mimport\u001b[39m { handlers } \u001b[36mfrom\u001b[39m \u001b[32m'./handlers'\u001b[39m\u001b[33m;\u001b[39m\n     \u001b[90m 3 |\u001b[39m\n     \u001b[90m 4 |\u001b[39m \u001b[90m// This configures a request mocking server with the given request handlers.\u001b[39m\u001b[0m\n\n      \u001b[2mat Resolver._throwModNotFoundError (\u001b[22mnode_modules/jest-resolve/build/resolver.js\u001b[2m:427:11)\u001b[22m\n      \u001b[2mat Object.require (\u001b[22msrc/__mocks__/server.ts\u001b[2m:1:1)\u001b[22m\n      \u001b[2mat Object.require (\u001b[22msrc/setupTests.ts\u001b[2m:30:1)\u001b[22m\n      \u001b[2mat s (\u001b[22mnode_modules/@babel/runtime/helpers/regeneratorRuntime.js\u001b[2m:77:16)\u001b[22m\n      \u001b[2mat Generator.<anonymous> (\u001b[22mnode_modules/@babel/runtime/helpers/regeneratorRuntime.js\u001b[2m:60:19)\u001b[22m\n      \u001b[2mat Generator.next (\u001b[22mnode_modules/@babel/runtime/helpers/regeneratorRuntime.js\u001b[2m:102:21)\u001b[22m\n      \u001b[2mat asyncGeneratorStep (\u001b[22mnode_modules/@babel/runtime/helpers/asyncToGenerator.js\u001b[2m:3:17)\u001b[22m\n      \u001b[2mat _next (\u001b[22mnode_modules/@babel/runtime/helpers/asyncToGenerator.js\u001b[2m:17:9)\u001b[22m\n","name":"C:\\Users\\johnw\\OneDrive\\Desktop\\portfolio\\src\\__tests__\\components\\blog-card.test.tsx","startTime":1746103794693,"status":"failed","summary":""},{"assertionResults":[],"coverage":{},"endTime":1746103794693,"message":"  \u001b[1m● \u001b[22mTest suite failed to run\n\n    Cannot find module 'msw/node' from 'src/__mocks__/server.ts'\n\n    Require stack:\n      src/__mocks__/server.ts\n      src/setupTests.ts\n\n    \u001b[0m\u001b[31m\u001b[1m>\u001b[22m\u001b[39m\u001b[90m 1 |\u001b[39m \u001b[36mimport\u001b[39m { setupServer } \u001b[36mfrom\u001b[39m \u001b[32m'msw/node'\u001b[39m\u001b[33m;\u001b[39m\n     \u001b[90m   |\u001b[39m \u001b[31m\u001b[1m^\u001b[22m\u001b[39m\n     \u001b[90m 2 |\u001b[39m \u001b[36mimport\u001b[39m { handlers } \u001b[36mfrom\u001b[39m \u001b[32m'./handlers'\u001b[39m\u001b[33m;\u001b[39m\n     \u001b[90m 3 |\u001b[39m\n     \u001b[90m 4 |\u001b[39m \u001b[90m// This configures a request mocking server with the given request handlers.\u001b[39m\u001b[0m\n\n      \u001b[2mat Resolver._throwModNotFoundError (\u001b[22mnode_modules/jest-resolve/build/resolver.js\u001b[2m:427:11)\u001b[22m\n      \u001b[2mat Object.require (\u001b[22msrc/__mocks__/server.ts\u001b[2m:1:1)\u001b[22m\n      \u001b[2mat Object.require (\u001b[22msrc/setupTests.ts\u001b[2m:30:1)\u001b[22m\n      \u001b[2mat s (\u001b[22mnode_modules/@babel/runtime/helpers/regeneratorRuntime.js\u001b[2m:77:16)\u001b[22m\n      \u001b[2mat Generator.<anonymous> (\u001b[22mnode_modules/@babel/runtime/helpers/regeneratorRuntime.js\u001b[2m:60:19)\u001b[22m\n      \u001b[2mat Generator.next (\u001b[22mnode_modules/@babel/runtime/helpers/regeneratorRuntime.js\u001b[2m:102:21)\u001b[22m\n      \u001b[2mat asyncGeneratorStep (\u001b[22mnode_modules/@babel/runtime/helpers/asyncToGenerator.js\u001b[2m:3:17)\u001b[22m\n      \u001b[2mat _next (\u001b[22mnode_modules/@babel/runtime/helpers/asyncToGenerator.js\u001b[2m:17:9)\u001b[22m\n","name":"C:\\Users\\johnw\\OneDrive\\Desktop\\portfolio\\src\\app\\__tests__\\layout.test.tsx","startTime":1746103794693,"status":"failed","summary":""},{"assertionResults":[],"coverage":{},"endTime":1746103794693,"message":"  \u001b[1m● \u001b[22mTest suite failed to run\n\n    Cannot find module 'msw/node' from 'src/__mocks__/server.ts'\n\n    Require stack:\n      src/__mocks__/server.ts\n      src/setupTests.ts\n\n    \u001b[0m\u001b[31m\u001b[1m>\u001b[22m\u001b[39m\u001b[90m 1 |\u001b[39m \u001b[36mimport\u001b[39m { setupServer } \u001b[36mfrom\u001b[39m \u001b[32m'msw/node'\u001b[39m\u001b[33m;\u001b[39m\n     \u001b[90m   |\u001b[39m \u001b[31m\u001b[1m^\u001b[22m\u001b[39m\n     \u001b[90m 2 |\u001b[39m \u001b[36mimport\u001b[39m { handlers } \u001b[36mfrom\u001b[39m \u001b[32m'./handlers'\u001b[39m\u001b[33m;\u001b[39m\n     \u001b[90m 3 |\u001b[39m\n     \u001b[90m 4 |\u001b[39m \u001b[90m// This configures a request mocking server with the given request handlers.\u001b[39m\u001b[0m\n\n      \u001b[2mat Resolver._throwModNotFoundError (\u001b[22mnode_modules/jest-resolve/build/resolver.js\u001b[2m:427:11)\u001b[22m\n      \u001b[2mat Object.require (\u001b[22msrc/__mocks__/server.ts\u001b[2m:1:1)\u001b[22m\n      \u001b[2mat Object.require (\u001b[22msrc/setupTests.ts\u001b[2m:30:1)\u001b[22m\n      \u001b[2mat s (\u001b[22mnode_modules/@babel/runtime/helpers/regeneratorRuntime.js\u001b[2m:77:16)\u001b[22m\n      \u001b[2mat Generator.<anonymous> (\u001b[22mnode_modules/@babel/runtime/helpers/regeneratorRuntime.js\u001b[2m:60:19)\u001b[22m\n      \u001b[2mat Generator.next (\u001b[22mnode_modules/@babel/runtime/helpers/regeneratorRuntime.js\u001b[2m:102:21)\u001b[22m\n      \u001b[2mat asyncGeneratorStep (\u001b[22mnode_modules/@babel/runtime/helpers/asyncToGenerator.js\u001b[2m:3:17)\u001b[22m\n      \u001b[2mat _next (\u001b[22mnode_modules/@babel/runtime/helpers/asyncToGenerator.js\u001b[2m:17:9)\u001b[22m\n","name":"C:\\Users\\johnw\\OneDrive\\Desktop\\portfolio\\src\\__tests__\\test-utils.tsx","startTime":1746103794693,"status":"failed","summary":""}],"wasInterrupted":false}
