{
  "numFailedTestSuites": 9,
  "numFailedTests": 15,
  "numPassedTestSuites": 14,
  "numPassedTests": 76,
  "numPendingTestSuites": 2,
  "numPendingTests": 11,
  "numRuntimeErrorTestSuites": 1,
  "numTodoTests": 0,
  "numTotalTestSuites": 25,
  "numTotalTests": 102,
  "openHandles": [],
  "snapshot": {
    "added": 0,
    "didUpdate": false,
    "failure": false,
    "filesAdded": 0,
    "filesRemoved": 0,
    "filesRemovedList": [],
    "filesUnmatched": 0,
    "filesUpdated": 0,
    "matched": 5,
    "total": 5,
    "unchecked": 0,
    "uncheckedKeysByFile": [],
    "unmatched": 0,
    "updated": 0
  },
  "startTime": 1745939815155,
  "success": false,
  "testResults": [
    {
      "assertionResults": [
        {
          "ancestorTitles": ["FbaCalculator"],
          "duration": 162,
          "failureDetails": [],
          "failureMessages": [],
          "fullName": "FbaCalculator renders without crashing",
          "invocations": 1,
          "location": null,
          "numPassingAsserts": 0,
          "retryReasons": [],
          "status": "passed",
          "title": "renders without crashing"
        },
        {
          "ancestorTitles": ["FbaCalculator"],
          "duration": 71,
          "failureDetails": [],
          "failureMessages": [],
          "fullName": "FbaCalculator renders calculator form fields",
          "invocations": 1,
          "location": null,
          "numPassingAsserts": 4,
          "retryReasons": [],
          "status": "passed",
          "title": "renders calculator form fields"
        },
        {
          "ancestorTitles": ["FbaCalculator"],
          "duration": 10421,
          "failureDetails": [{ "name": "TestingLibraryElementError" }],
          "failureMessages": [
            "Error: Unable to find an element with the text: /product name must be at least 3 characters/i. This could be because the text is broken up by multiple elements. In this case, you can provide a function for your text matcher to make your matcher more flexible.\n\nIgnored nodes: comments, script, style\n\u001b[36m<body>\u001b[39m\n  \u001b[36m<div>\u001b[39m\n    \u001b[36m<div\u001b[39m\n      \u001b[33mclass\u001b[39m=\u001b[32m\"space-y-6\"\u001b[39m\n    \u001b[36m>\u001b[39m\n      \u001b[36m<div\u001b[39m\n        \u001b[33mclass\u001b[39m=\u001b[32m\"bg-blue-50 dark:bg-blue-900/20 p-4 rounded-lg flex items-start gap-3\"\u001b[39m\n        \u001b[33mrole\u001b[39m=\u001b[32m\"alert\"\u001b[39m\n      \u001b[36m>\u001b[39m\n        \u001b[36m<svg\u001b[39m\n          \u001b[33mclass\u001b[39m=\u001b[32m\"lucide lucide-info h-5 w-5 text-blue-500 mt-0.5 flex-shrink-0\"\u001b[39m\n          \u001b[33mfill\u001b[39m=\u001b[32m\"none\"\u001b[39m\n          \u001b[33mheight\u001b[39m=\u001b[32m\"24\"\u001b[39m\n          \u001b[33mstroke\u001b[39m=\u001b[32m\"currentColor\"\u001b[39m\n          \u001b[33mstroke-linecap\u001b[39m=\u001b[32m\"round\"\u001b[39m\n          \u001b[33mstroke-linejoin\u001b[39m=\u001b[32m\"round\"\u001b[39m\n          \u001b[33mstroke-width\u001b[39m=\u001b[32m\"2\"\u001b[39m\n          \u001b[33mviewBox\u001b[39m=\u001b[32m\"0 0 24 24\"\u001b[39m\n          \u001b[33mwidth\u001b[39m=\u001b[32m\"24\"\u001b[39m\n          \u001b[33mxmlns\u001b[39m=\u001b[32m\"http://www.w3.org/2000/svg\"\u001b[39m\n        \u001b[36m>\u001b[39m\n          \u001b[36m<circle\u001b[39m\n            \u001b[33mcx\u001b[39m=\u001b[32m\"12\"\u001b[39m\n            \u001b[33mcy\u001b[39m=\u001b[32m\"12\"\u001b[39m\n            \u001b[33mr\u001b[39m=\u001b[32m\"10\"\u001b[39m\n          \u001b[36m/>\u001b[39m\n          \u001b[36m<path\u001b[39m\n            \u001b[33md\u001b[39m=\u001b[32m\"M12 16v-4\"\u001b[39m\n          \u001b[36m/>\u001b[39m\n          \u001b[36m<path\u001b[39m\n            \u001b[33md\u001b[39m=\u001b[32m\"M12 8h.01\"\u001b[39m\n          \u001b[36m/>\u001b[39m\n        \u001b[36m</svg>\u001b[39m\n        \u001b[36m<div\u001b[39m\n          \u001b[33mclass\u001b[39m=\u001b[32m\"text-sm text-blue-700 dark:text-blue-300\"\u001b[39m\n        \u001b[36m>\u001b[39m\n          \u001b[36m<p\u001b[39m\n            \u001b[33mclass\u001b[39m=\u001b[32m\"font-medium\"\u001b[39m\n          \u001b[36m>\u001b[39m\n            \u001b[0mHow it Works:\u001b[0m\n          \u001b[36m</p>\u001b[39m\n          \u001b[36m<ul\u001b[39m\n            \u001b[33mclass\u001b[39m=\u001b[32m\"list-disc list-inside ml-4\"\u001b[39m\n          \u001b[36m>\u001b[39m\n            \u001b[36m<li>\u001b[39m\n              \u001b[0mUpload a CSV file with columns: product, cost, price, fees\u001b[0m\n            \u001b[36m</li>\u001b[39m\n            \u001b[36m<li>\u001b[39m\n              \u001b[0mOr, manually enter details for a single product.\u001b[0m\n            \u001b[36m</li>\u001b[39m\n            \u001b[36m<li>\u001b[39m\n              \u001b[0mThe tool calculates Profit, Return on Investment (ROI), and Profit Margin.\u001b[0m\n            \u001b[36m</li>\u001b[39m\n            \u001b[36m<li>\u001b[39m\n              \u001b[0mExport the results to a new CSV file.\u001b[0m\n            \u001b[36m</li>\u001b[39m\n            \u001b[36m<li>\u001b[39m\n              \u001b[0mEnsure all monetary values (`cost`, `price`, `fees`) are non-negative numbers.\u001b[0m\n            \u001b[36m</li>\u001b[39m\n          \u001b[36m</ul>\u001b[39m\n        \u001b[36m</div>\u001b[39m\n      \u001b[36m</div>\u001b[39m\n      \u001b[36m<div\u001b[39m\n        \u001b[33mclass\u001b[39m=\u001b[32m\"grid gap-6 md:grid-cols-2\"\u001b[39m\n      \u001b[36m>\u001b[39m\n        \u001b[36m<div\u001b[39m\n          \u001b[33mclass\u001b[39m=\u001b[32m\"rounded-lg border bg-card text-card-foreground shadow-sm flex-1 undefined\"\u001b[39m\n        \u001b[36m>\u001b[39m\n          \u001b[36m<div\u001b[39m\n            \u001b[33mclass\u001b[39m=\u001b[32m\"p-4\"\u001b[39m\n          \u001b[36m>\u001b[39m\n            \u001b[36m<div\u001b[39m\n              \u001b[33mclass\u001b[39m=\u001b[32m\"flex flex-col items-center justify-center gap-4 p-6 text-center\"\u001b[39m\n            \u001b[36m>\u001b[39m\n              \u001b[36m<div\u001b[39m\n                \u001b[33mclass\u001b[39m=\u001b[32m\"rounded-full bg-primary/10 p-3\"\u001b[39m\n              \u001b[36m>\u001b[39m\n                \u001b[36m<svg\u001b[39m\n                  \u001b[33mclass\u001b[39m=\u001b[32m\"lucide lucide-upload h-6 w-6 text-primary\"\u001b[39m\n                  \u001b[33mfill\u001b[39m=\u001b[32m\"none\"\u001b[39m\n                  \u001b[33mheight\u001b[39m=\u001b[32m\"24\"\u001b[39m\n                  \u001b[33mstroke\u001b[39m=\u001b[32m\"currentColor\"\u001b[39m\n                  \u001b[33mstroke-linecap\u001b[39m=\u001b[32m\"round\"\u001b[39m\n                  \u001b[33mstroke-linejoin\u001b[39m=\u001b[32m\"round\"\u001b[39m\n                  \u001b[33mstroke-width\u001b[39m=\u001b[32m\"2\"\u001b[39m\n                  \u001b[33mviewBox\u001b[39m=\u001b[32m\"0 0 24 24\"\u001b[39m\n                  \u001b[33mwidth\u001b[39m=\u001b[32m\"24\"\u001b[39m\n                  \u001b[33mxmlns\u001b[39m=\u001b[32m\"http://www.w3.org/2000/svg\"\u001b[39m\n                \u001b[36m>\u001b[39m\n                  \u001b[36m<path\u001b[39m\n                    \u001b[33md\u001b[39m=\u001b[32m\"M21 15v4a2 2 0 0 1-2 2H5a2 2 0 0 1-2-2v-4\"\u001b[39m\n                  \u001b[36m/>\u001b[39m\n                  \u001b[36m<polyline\u001b[39m\n                    \u001b[33mpoints\u001b[39m=\u001b[32m\"17 8 12 3 7 8\"\u001b[39m\n                  \u001b[36m/>\u001b[39m\n                  \u001b[36m<line\u001b[39m\n                    \u001b[33mx1\u001b[39m=\u001b[32m\"12\"\u001b[39m\n                    \u001b[33mx2\u001b[39m=\u001b[32m\"12\"\u001b[39m\n                    \u001b[33my1\u001b[39m=\u001b[32m\"3\"\u001b[39m\n                    \u001b[33my2\u001b[39m=\u001b[32m\"15\"\u001b[39m\n                  \u001b[36m/>\u001b[39m\n                \u001b[36m</svg>\u001b[39m\n              \u001b[36m</div>\u001b[39m\n              \u001b[36m<div>\u001b[39m\n                \u001b[36m<h3\u001b[39m\n                  \u001b[33mclass\u001b[39m=\u001b[32m\"text-lg font-medium\"\u001b[39m\n                \u001b[36m>\u001b[39m\n                  \u001b[0mUpload FBA Data CSV\u001b[0m\n                \u001b[36m</h3>\u001b[39m\n                \u001b[36m<p\u001b[39m\n                  \u001b[33mclass\u001b[39m=\u001b[32m\"text-sm text-muted-foreground mb-4\"\u001b[39m\n                \u001b[36m>\u001b[39m\n                  \u001b[0mBulk calculate profit metrics from a CSV file\u001b[0m\n                \u001b[36m</p>\u001b[39m\n              \u001b[36m</div>\u001b[39m\n              \u001b[36m<div\u001b[39m\n                \u001b[33mclass\u001b[39m=\u001b[32m\"w-full\"\u001b[39m\n              \u001b[36m>\u001b[39m\n                \u001b[36m<label\u001b[39m\n                  \u001b[33mclass\u001b[39m=\u001b[32m\"relative flex w-full cursor-pointer flex-col items-center justify-center rounded-lg border-2 border-dashed border-primary/40 bg-background p-6 text-center transition-colors hover:bg-primary/5\"\u001b[39m\n                \u001b[36m>\u001b[39m\n                  \u001b[36m<svg\u001b[39m\n                    \u001b[33mclass\u001b[39m=\u001b[32m\"lucide lucide-file-text mb-2 h-8 w-8 text-primary/60\"\u001b[39m\n                    \u001b[33mfill\u001b[39m=\u001b[32m\"none\"\u001b[39m\n                    \u001b[33mheight\u001b[39m=\u001b[32m\"24\"\u001b[39m\n                    \u001b[33mstroke\u001b[39m=\u001b[32m\"currentColor\"\u001b[39m\n                    \u001b[33mstroke-linecap\u001b[39m=\u001b[32m\"round\"\u001b[39m\n                    \u001b[33mstroke-linejoin\u001b[39m=\u001b[32m\"round\"\u001b[39m\n                    \u001b[33mstroke-width\u001b[39m=\u001b[32m\"2\"\u001b[39m\n                    \u001b[33mviewBox\u001b[39m=\u001b[32m\"0 0 24 24\"\u001b[39m\n                    \u001b[33mwidth\u001b[39m=\u001b[32m\"24\"\u001b[39m\n                    \u001b[33mxmlns\u001b[39m=\u001b[32m\"http://www.w3.org/2000/svg\"\u001b[39m\n                  \u001b[36m>\u001b[39m\n                    \u001b[36m<path\u001b[39m\n                      \u001b[33md\u001b[39m=\u001b[32m\"M15 2H6a2 2 0 0 0-2 2v16a2 2 0 0 0 2 2h12a2 2 0 0 0 2-2V7Z\"\u001b[39m\n                    \u001b[36m/>\u001b[39m\n                    \u001b[36m<path\u001b[39m\n                      \u001b[33md\u001b[39m=\u001b[32m\"M14 2v4a2 2 0 0 0 2 2h4\"\u001b[39m\n                    \u001b[36m/>\u001b[39m\n                    \u001b[36m<path\u001b[39m\n                      \u001b[33md\u001b[39m=\u001b[32m\"M10 9H8\"\u001b[39m\n                    \u001b[36m/>\u001b[39m\n                    \u001b[36m<path\u001b[39m\n                      \u001b[33md\u001b[39m=\u001b[32m\"M16 13H8\"\u001b[39m\n                    \u001b[36m/>\u001b[39m\n                    \u001b[36m<path\u001b[39m\n                      \u001b[33md\u001b[39m=\u001b[32m\"M16 17H8\"\u001b[39m\n                    \u001b[36m/>\u001b[39m\n                  \u001b[36m</svg>\u001b[39m\n                  \u001b[36m<span\u001b[39m\n                    \u001b[33mclass\u001b[39m=\u001b[32m\"text-sm font-medium\"\u001b[39m\n                  \u001b[36m>\u001b[39m\n                    \u001b[0mClick or drag CSV file here\u001b[0m\n                  \u001b[36m</span>\u001b[39m\n                  \u001b[36m<span\u001b[39m\n                    \u001b[33mclass\u001b[39m=\u001b[32m\"text-xs text-muted-foreground mt-1\"\u001b[39m\n      ...\n\nIgnored nodes: comments, script, style\n\u001b[36m<body>\u001b[39m\n  \u001b[36m<div>\u001b[39m\n    \u001b[36m<div\u001b[39m\n      \u001b[33mclass\u001b[39m=\u001b[32m\"space-y-6\"\u001b[39m\n    \u001b[36m>\u001b[39m\n      \u001b[36m<div\u001b[39m\n        \u001b[33mclass\u001b[39m=\u001b[32m\"bg-blue-50 dark:bg-blue-900/20 p-4 rounded-lg flex items-start gap-3\"\u001b[39m\n        \u001b[33mrole\u001b[39m=\u001b[32m\"alert\"\u001b[39m\n      \u001b[36m>\u001b[39m\n        \u001b[36m<svg\u001b[39m\n          \u001b[33mclass\u001b[39m=\u001b[32m\"lucide lucide-info h-5 w-5 text-blue-500 mt-0.5 flex-shrink-0\"\u001b[39m\n          \u001b[33mfill\u001b[39m=\u001b[32m\"none\"\u001b[39m\n          \u001b[33mheight\u001b[39m=\u001b[32m\"24\"\u001b[39m\n          \u001b[33mstroke\u001b[39m=\u001b[32m\"currentColor\"\u001b[39m\n          \u001b[33mstroke-linecap\u001b[39m=\u001b[32m\"round\"\u001b[39m\n          \u001b[33mstroke-linejoin\u001b[39m=\u001b[32m\"round\"\u001b[39m\n          \u001b[33mstroke-width\u001b[39m=\u001b[32m\"2\"\u001b[39m\n          \u001b[33mviewBox\u001b[39m=\u001b[32m\"0 0 24 24\"\u001b[39m\n          \u001b[33mwidth\u001b[39m=\u001b[32m\"24\"\u001b[39m\n          \u001b[33mxmlns\u001b[39m=\u001b[32m\"http://www.w3.org/2000/svg\"\u001b[39m\n        \u001b[36m>\u001b[39m\n          \u001b[36m<circle\u001b[39m\n            \u001b[33mcx\u001b[39m=\u001b[32m\"12\"\u001b[39m\n            \u001b[33mcy\u001b[39m=\u001b[32m\"12\"\u001b[39m\n            \u001b[33mr\u001b[39m=\u001b[32m\"10\"\u001b[39m\n          \u001b[36m/>\u001b[39m\n          \u001b[36m<path\u001b[39m\n            \u001b[33md\u001b[39m=\u001b[32m\"M12 16v-4\"\u001b[39m\n          \u001b[36m/>\u001b[39m\n          \u001b[36m<path\u001b[39m\n            \u001b[33md\u001b[39m=\u001b[32m\"M12 8h.01\"\u001b[39m\n          \u001b[36m/>\u001b[39m\n        \u001b[36m</svg>\u001b[39m\n        \u001b[36m<div\u001b[39m\n          \u001b[33mclass\u001b[39m=\u001b[32m\"text-sm text-blue-700 dark:text-blue-300\"\u001b[39m\n        \u001b[36m>\u001b[39m\n          \u001b[36m<p\u001b[39m\n            \u001b[33mclass\u001b[39m=\u001b[32m\"font-medium\"\u001b[39m\n          \u001b[36m>\u001b[39m\n            \u001b[0mHow it Works:\u001b[0m\n          \u001b[36m</p>\u001b[39m\n          \u001b[36m<ul\u001b[39m\n            \u001b[33mclass\u001b[39m=\u001b[32m\"list-disc list-inside ml-4\"\u001b[39m\n          \u001b[36m>\u001b[39m\n            \u001b[36m<li>\u001b[39m\n              \u001b[0mUpload a CSV file with columns: product, cost, price, fees\u001b[0m\n            \u001b[36m</li>\u001b[39m\n            \u001b[36m<li>\u001b[39m\n              \u001b[0mOr, manually enter details for a single product.\u001b[0m\n            \u001b[36m</li>\u001b[39m\n            \u001b[36m<li>\u001b[39m\n              \u001b[0mThe tool calculates Profit, Return on Investment (ROI), and Profit Margin.\u001b[0m\n            \u001b[36m</li>\u001b[39m\n            \u001b[36m<li>\u001b[39m\n              \u001b[0mExport the results to a new CSV file.\u001b[0m\n            \u001b[36m</li>\u001b[39m\n            \u001b[36m<li>\u001b[39m\n              \u001b[0mEnsure all monetary values (`cost`, `price`, `fees`) are non-negative numbers.\u001b[0m\n            \u001b[36m</li>\u001b[39m\n          \u001b[36m</ul>\u001b[39m\n        \u001b[36m</div>\u001b[39m\n      \u001b[36m</div>\u001b[39m\n      \u001b[36m<div\u001b[39m\n        \u001b[33mclass\u001b[39m=\u001b[32m\"grid gap-6 md:grid-cols-2\"\u001b[39m\n      \u001b[36m>\u001b[39m\n        \u001b[36m<div\u001b[39m\n          \u001b[33mclass\u001b[39m=\u001b[32m\"rounded-lg border bg-card text-card-foreground shadow-sm flex-1 undefined\"\u001b[39m\n        \u001b[36m>\u001b[39m\n          \u001b[36m<div\u001b[39m\n            \u001b[33mclass\u001b[39m=\u001b[32m\"p-4\"\u001b[39m\n          \u001b[36m>\u001b[39m\n            \u001b[36m<div\u001b[39m\n              \u001b[33mclass\u001b[39m=\u001b[32m\"flex flex-col items-center justify-center gap-4 p-6 text-center\"\u001b[39m\n            \u001b[36m>\u001b[39m\n              \u001b[36m<div\u001b[39m\n                \u001b[33mclass\u001b[39m=\u001b[32m\"rounded-full bg-primary/10 p-3\"\u001b[39m\n              \u001b[36m>\u001b[39m\n                \u001b[36m<svg\u001b[39m\n                  \u001b[33mclass\u001b[39m=\u001b[32m\"lucide lucide-upload h-6 w-6 text-primary\"\u001b[39m\n                  \u001b[33mfill\u001b[39m=\u001b[32m\"none\"\u001b[39m\n                  \u001b[33mheight\u001b[39m=\u001b[32m\"24\"\u001b[39m\n                  \u001b[33mstroke\u001b[39m=\u001b[32m\"currentColor\"\u001b[39m\n                  \u001b[33mstroke-linecap\u001b[39m=\u001b[32m\"round\"\u001b[39m\n                  \u001b[33mstroke-linejoin\u001b[39m=\u001b[32m\"round\"\u001b[39m\n                  \u001b[33mstroke-width\u001b[39m=\u001b[32m\"2\"\u001b[39m\n                  \u001b[33mviewBox\u001b[39m=\u001b[32m\"0 0 24 24\"\u001b[39m\n                  \u001b[33mwidth\u001b[39m=\u001b[32m\"24\"\u001b[39m\n                  \u001b[33mxmlns\u001b[39m=\u001b[32m\"http://www.w3.org/2000/svg\"\u001b[39m\n                \u001b[36m>\u001b[39m\n                  \u001b[36m<path\u001b[39m\n                    \u001b[33md\u001b[39m=\u001b[32m\"M21 15v4a2 2 0 0 1-2 2H5a2 2 0 0 1-2-2v-4\"\u001b[39m\n                  \u001b[36m/>\u001b[39m\n                  \u001b[36m<polyline\u001b[39m\n                    \u001b[33mpoints\u001b[39m=\u001b[32m\"17 8 12 3 7 8\"\u001b[39m\n                  \u001b[36m/>\u001b[39m\n                  \u001b[36m<line\u001b[39m\n                    \u001b[33mx1\u001b[39m=\u001b[32m\"12\"\u001b[39m\n                    \u001b[33mx2\u001b[39m=\u001b[32m\"12\"\u001b[39m\n                    \u001b[33my1\u001b[39m=\u001b[32m\"3\"\u001b[39m\n                    \u001b[33my2\u001b[39m=\u001b[32m\"15\"\u001b[39m\n                  \u001b[36m/>\u001b[39m\n                \u001b[36m</svg>\u001b[39m\n              \u001b[36m</div>\u001b[39m\n              \u001b[36m<div>\u001b[39m\n                \u001b[36m<h3\u001b[39m\n                  \u001b[33mclass\u001b[39m=\u001b[32m\"text-lg font-medium\"\u001b[39m\n                \u001b[36m>\u001b[39m\n                  \u001b[0mUpload FBA Data CSV\u001b[0m\n                \u001b[36m</h3>\u001b[39m\n                \u001b[36m<p\u001b[39m\n                  \u001b[33mclass\u001b[39m=\u001b[32m\"text-sm text-muted-foreground mb-4\"\u001b[39m\n                \u001b[36m>\u001b[39m\n                  \u001b[0mBulk calculate profit metrics from a CSV file\u001b[0m\n                \u001b[36m</p>\u001b[39m\n              \u001b[36m</div>\u001b[39m\n              \u001b[36m<div\u001b[39m\n                \u001b[33mclass\u001b[39m=\u001b[32m\"w-full\"\u001b[39m\n              \u001b[36m>\u001b[39m\n                \u001b[36m<label\u001b[39m\n                  \u001b[33mclass\u001b[39m=\u001b[32m\"relative flex w-full cursor-pointer flex-col items-center justify-center rounded-lg border-2 border-dashed border-primary/40 bg-background p-6 text-center transition-colors hover:bg-primary/5\"\u001b[39m\n                \u001b[36m>\u001b[39m\n                  \u001b[36m<svg\u001b[39m\n                    \u001b[33mclass\u001b[39m=\u001b[32m\"lucide lucide-file-text mb-2 h-8 w-8 text-primary/60\"\u001b[39m\n                    \u001b[33mfill\u001b[39m=\u001b[32m\"none\"\u001b[39m\n                    \u001b[33mheight\u001b[39m=\u001b[32m\"24\"\u001b[39m\n                    \u001b[33mstroke\u001b[39m=\u001b[32m\"currentColor\"\u001b[39m\n                    \u001b[33mstroke-linecap\u001b[39m=\u001b[32m\"round\"\u001b[39m\n                    \u001b[33mstroke-linejoin\u001b[39m=\u001b[32m\"round\"\u001b[39m\n                    \u001b[33mstroke-width\u001b[39m=\u001b[32m\"2\"\u001b[39m\n                    \u001b[33mviewBox\u001b[39m=\u001b[32m\"0 0 24 24\"\u001b[39m\n                    \u001b[33mwidth\u001b[39m=\u001b[32m\"24\"\u001b[39m\n                    \u001b[33mxmlns\u001b[39m=\u001b[32m\"http://www.w3.org/2000/svg\"\u001b[39m\n                  \u001b[36m>\u001b[39m\n                    \u001b[36m<path\u001b[39m\n                      \u001b[33md\u001b[39m=\u001b[32m\"M15 2H6a2 2 0 0 0-2 2v16a2 2 0 0 0 2 2h12a2 2 0 0 0 2-2V7Z\"\u001b[39m\n                    \u001b[36m/>\u001b[39m\n                    \u001b[36m<path\u001b[39m\n                      \u001b[33md\u001b[39m=\u001b[32m\"M14 2v4a2 2 0 0 0 2 2h4\"\u001b[39m\n                    \u001b[36m/>\u001b[39m\n                    \u001b[36m<path\u001b[39m\n                      \u001b[33md\u001b[39m=\u001b[32m\"M10 9H8\"\u001b[39m\n                    \u001b[36m/>\u001b[39m\n                    \u001b[36m<path\u001b[39m\n                      \u001b[33md\u001b[39m=\u001b[32m\"M16 13H8\"\u001b[39m\n                    \u001b[36m/>\u001b[39m\n                    \u001b[36m<path\u001b[39m\n                      \u001b[33md\u001b[39m=\u001b[32m\"M16 17H8\"\u001b[39m\n                    \u001b[36m/>\u001b[39m\n                  \u001b[36m</svg>\u001b[39m\n                  \u001b[36m<span\u001b[39m\n                    \u001b[33mclass\u001b[39m=\u001b[32m\"text-sm font-medium\"\u001b[39m\n                  \u001b[36m>\u001b[39m\n                    \u001b[0mClick or drag CSV file here\u001b[0m\n                  \u001b[36m</span>\u001b[39m\n                  \u001b[36m<span\u001b[39m\n                    \u001b[33mclass\u001b[39m=\u001b[32m\"text-xs text-muted-foreground mt-1\"\u001b[39m\n      ...\n    at waitForWrapper (C:\\Users\\johnw\\OneDrive\\Desktop\\portfolio\\node_modules\\@testing-library\\react\\node_modules\\@testing-library\\dom\\dist\\wait-for.js:163:27)\n    at Object.<anonymous> (C:\\Users\\johnw\\OneDrive\\Desktop\\portfolio\\src\\__tests__\\components\\amazon-seller-tools\\fba-calculator.test.tsx:62:18)"
          ],
          "fullName": "FbaCalculator validates required fields",
          "invocations": 1,
          "location": null,
          "numPassingAsserts": 0,
          "retryReasons": [],
          "status": "failed",
          "title": "validates required fields"
        },
        {
          "ancestorTitles": ["FbaCalculator"],
          "duration": 1110,
          "failureDetails": [],
          "failureMessages": [],
          "fullName": "FbaCalculator calls onCalculateAction with form data when valid",
          "invocations": 1,
          "location": null,
          "numPassingAsserts": 1,
          "retryReasons": [],
          "status": "passed",
          "title": "calls onCalculateAction with form data when valid"
        },
        {
          "ancestorTitles": ["FbaCalculator"],
          "duration": 137,
          "failureDetails": [],
          "failureMessages": [],
          "fullName": "FbaCalculator handles file upload correctly",
          "invocations": 1,
          "location": null,
          "numPassingAsserts": 1,
          "retryReasons": [],
          "status": "passed",
          "title": "handles file upload correctly"
        },
        {
          "ancestorTitles": ["FbaCalculator"],
          "duration": 28,
          "failureDetails": [],
          "failureMessages": [],
          "fullName": "FbaCalculator matches snapshot",
          "invocations": 1,
          "location": null,
          "numPassingAsserts": 1,
          "retryReasons": [],
          "status": "passed",
          "title": "matches snapshot"
        },
        {
          "ancestorTitles": ["FbaCalculator"],
          "duration": 36,
          "failureDetails": [{ "name": "TestingLibraryElementError" }],
          "failureMessages": [
            "TestingLibraryElementError: Unable to find a label with the text of: Price\n\nIgnored nodes: comments, script, style\n\u001b[36m<body>\u001b[39m\n  \u001b[36m<div>\u001b[39m\n    \u001b[36m<div\u001b[39m\n      \u001b[33mclass\u001b[39m=\u001b[32m\"space-y-6\"\u001b[39m\n    \u001b[36m>\u001b[39m\n      \u001b[36m<div\u001b[39m\n        \u001b[33mclass\u001b[39m=\u001b[32m\"bg-blue-50 dark:bg-blue-900/20 p-4 rounded-lg flex items-start gap-3\"\u001b[39m\n        \u001b[33mrole\u001b[39m=\u001b[32m\"alert\"\u001b[39m\n      \u001b[36m>\u001b[39m\n        \u001b[36m<svg\u001b[39m\n          \u001b[33mclass\u001b[39m=\u001b[32m\"lucide lucide-info h-5 w-5 text-blue-500 mt-0.5 flex-shrink-0\"\u001b[39m\n          \u001b[33mfill\u001b[39m=\u001b[32m\"none\"\u001b[39m\n          \u001b[33mheight\u001b[39m=\u001b[32m\"24\"\u001b[39m\n          \u001b[33mstroke\u001b[39m=\u001b[32m\"currentColor\"\u001b[39m\n          \u001b[33mstroke-linecap\u001b[39m=\u001b[32m\"round\"\u001b[39m\n          \u001b[33mstroke-linejoin\u001b[39m=\u001b[32m\"round\"\u001b[39m\n          \u001b[33mstroke-width\u001b[39m=\u001b[32m\"2\"\u001b[39m\n          \u001b[33mviewBox\u001b[39m=\u001b[32m\"0 0 24 24\"\u001b[39m\n          \u001b[33mwidth\u001b[39m=\u001b[32m\"24\"\u001b[39m\n          \u001b[33mxmlns\u001b[39m=\u001b[32m\"http://www.w3.org/2000/svg\"\u001b[39m\n        \u001b[36m>\u001b[39m\n          \u001b[36m<circle\u001b[39m\n            \u001b[33mcx\u001b[39m=\u001b[32m\"12\"\u001b[39m\n            \u001b[33mcy\u001b[39m=\u001b[32m\"12\"\u001b[39m\n            \u001b[33mr\u001b[39m=\u001b[32m\"10\"\u001b[39m\n          \u001b[36m/>\u001b[39m\n          \u001b[36m<path\u001b[39m\n            \u001b[33md\u001b[39m=\u001b[32m\"M12 16v-4\"\u001b[39m\n          \u001b[36m/>\u001b[39m\n          \u001b[36m<path\u001b[39m\n            \u001b[33md\u001b[39m=\u001b[32m\"M12 8h.01\"\u001b[39m\n          \u001b[36m/>\u001b[39m\n        \u001b[36m</svg>\u001b[39m\n        \u001b[36m<div\u001b[39m\n          \u001b[33mclass\u001b[39m=\u001b[32m\"text-sm text-blue-700 dark:text-blue-300\"\u001b[39m\n        \u001b[36m>\u001b[39m\n          \u001b[36m<p\u001b[39m\n            \u001b[33mclass\u001b[39m=\u001b[32m\"font-medium\"\u001b[39m\n          \u001b[36m>\u001b[39m\n            \u001b[0mHow it Works:\u001b[0m\n          \u001b[36m</p>\u001b[39m\n          \u001b[36m<ul\u001b[39m\n            \u001b[33mclass\u001b[39m=\u001b[32m\"list-disc list-inside ml-4\"\u001b[39m\n          \u001b[36m>\u001b[39m\n            \u001b[36m<li>\u001b[39m\n              \u001b[0mUpload a CSV file with columns: product, cost, price, fees\u001b[0m\n            \u001b[36m</li>\u001b[39m\n            \u001b[36m<li>\u001b[39m\n              \u001b[0mOr, manually enter details for a single product.\u001b[0m\n            \u001b[36m</li>\u001b[39m\n            \u001b[36m<li>\u001b[39m\n              \u001b[0mThe tool calculates Profit, Return on Investment (ROI), and Profit Margin.\u001b[0m\n            \u001b[36m</li>\u001b[39m\n            \u001b[36m<li>\u001b[39m\n              \u001b[0mExport the results to a new CSV file.\u001b[0m\n            \u001b[36m</li>\u001b[39m\n            \u001b[36m<li>\u001b[39m\n              \u001b[0mEnsure all monetary values (`cost`, `price`, `fees`) are non-negative numbers.\u001b[0m\n            \u001b[36m</li>\u001b[39m\n          \u001b[36m</ul>\u001b[39m\n        \u001b[36m</div>\u001b[39m\n      \u001b[36m</div>\u001b[39m\n      \u001b[36m<div\u001b[39m\n        \u001b[33mclass\u001b[39m=\u001b[32m\"grid gap-6 md:grid-cols-2\"\u001b[39m\n      \u001b[36m>\u001b[39m\n        \u001b[36m<div\u001b[39m\n          \u001b[33mclass\u001b[39m=\u001b[32m\"rounded-lg border bg-card text-card-foreground shadow-sm flex-1 undefined\"\u001b[39m\n        \u001b[36m>\u001b[39m\n          \u001b[36m<div\u001b[39m\n            \u001b[33mclass\u001b[39m=\u001b[32m\"p-4\"\u001b[39m\n          \u001b[36m>\u001b[39m\n            \u001b[36m<div\u001b[39m\n              \u001b[33mclass\u001b[39m=\u001b[32m\"flex flex-col items-center justify-center gap-4 p-6 text-center\"\u001b[39m\n            \u001b[36m>\u001b[39m\n              \u001b[36m<div\u001b[39m\n                \u001b[33mclass\u001b[39m=\u001b[32m\"rounded-full bg-primary/10 p-3\"\u001b[39m\n              \u001b[36m>\u001b[39m\n                \u001b[36m<svg\u001b[39m\n                  \u001b[33mclass\u001b[39m=\u001b[32m\"lucide lucide-upload h-6 w-6 text-primary\"\u001b[39m\n                  \u001b[33mfill\u001b[39m=\u001b[32m\"none\"\u001b[39m\n                  \u001b[33mheight\u001b[39m=\u001b[32m\"24\"\u001b[39m\n                  \u001b[33mstroke\u001b[39m=\u001b[32m\"currentColor\"\u001b[39m\n                  \u001b[33mstroke-linecap\u001b[39m=\u001b[32m\"round\"\u001b[39m\n                  \u001b[33mstroke-linejoin\u001b[39m=\u001b[32m\"round\"\u001b[39m\n                  \u001b[33mstroke-width\u001b[39m=\u001b[32m\"2\"\u001b[39m\n                  \u001b[33mviewBox\u001b[39m=\u001b[32m\"0 0 24 24\"\u001b[39m\n                  \u001b[33mwidth\u001b[39m=\u001b[32m\"24\"\u001b[39m\n                  \u001b[33mxmlns\u001b[39m=\u001b[32m\"http://www.w3.org/2000/svg\"\u001b[39m\n                \u001b[36m>\u001b[39m\n                  \u001b[36m<path\u001b[39m\n                    \u001b[33md\u001b[39m=\u001b[32m\"M21 15v4a2 2 0 0 1-2 2H5a2 2 0 0 1-2-2v-4\"\u001b[39m\n                  \u001b[36m/>\u001b[39m\n                  \u001b[36m<polyline\u001b[39m\n                    \u001b[33mpoints\u001b[39m=\u001b[32m\"17 8 12 3 7 8\"\u001b[39m\n                  \u001b[36m/>\u001b[39m\n                  \u001b[36m<line\u001b[39m\n                    \u001b[33mx1\u001b[39m=\u001b[32m\"12\"\u001b[39m\n                    \u001b[33mx2\u001b[39m=\u001b[32m\"12\"\u001b[39m\n                    \u001b[33my1\u001b[39m=\u001b[32m\"3\"\u001b[39m\n                    \u001b[33my2\u001b[39m=\u001b[32m\"15\"\u001b[39m\n                  \u001b[36m/>\u001b[39m\n                \u001b[36m</svg>\u001b[39m\n              \u001b[36m</div>\u001b[39m\n              \u001b[36m<div>\u001b[39m\n                \u001b[36m<h3\u001b[39m\n                  \u001b[33mclass\u001b[39m=\u001b[32m\"text-lg font-medium\"\u001b[39m\n                \u001b[36m>\u001b[39m\n                  \u001b[0mUpload FBA Data CSV\u001b[0m\n                \u001b[36m</h3>\u001b[39m\n                \u001b[36m<p\u001b[39m\n                  \u001b[33mclass\u001b[39m=\u001b[32m\"text-sm text-muted-foreground mb-4\"\u001b[39m\n                \u001b[36m>\u001b[39m\n                  \u001b[0mBulk calculate profit metrics from a CSV file\u001b[0m\n                \u001b[36m</p>\u001b[39m\n              \u001b[36m</div>\u001b[39m\n              \u001b[36m<div\u001b[39m\n                \u001b[33mclass\u001b[39m=\u001b[32m\"w-full\"\u001b[39m\n              \u001b[36m>\u001b[39m\n                \u001b[36m<label\u001b[39m\n                  \u001b[33mclass\u001b[39m=\u001b[32m\"relative flex w-full cursor-pointer flex-col items-center justify-center rounded-lg border-2 border-dashed border-primary/40 bg-background p-6 text-center transition-colors hover:bg-primary/5\"\u001b[39m\n                \u001b[36m>\u001b[39m\n                  \u001b[36m<svg\u001b[39m\n                    \u001b[33mclass\u001b[39m=\u001b[32m\"lucide lucide-file-text mb-2 h-8 w-8 text-primary/60\"\u001b[39m\n                    \u001b[33mfill\u001b[39m=\u001b[32m\"none\"\u001b[39m\n                    \u001b[33mheight\u001b[39m=\u001b[32m\"24\"\u001b[39m\n                    \u001b[33mstroke\u001b[39m=\u001b[32m\"currentColor\"\u001b[39m\n                    \u001b[33mstroke-linecap\u001b[39m=\u001b[32m\"round\"\u001b[39m\n                    \u001b[33mstroke-linejoin\u001b[39m=\u001b[32m\"round\"\u001b[39m\n                    \u001b[33mstroke-width\u001b[39m=\u001b[32m\"2\"\u001b[39m\n                    \u001b[33mviewBox\u001b[39m=\u001b[32m\"0 0 24 24\"\u001b[39m\n                    \u001b[33mwidth\u001b[39m=\u001b[32m\"24\"\u001b[39m\n                    \u001b[33mxmlns\u001b[39m=\u001b[32m\"http://www.w3.org/2000/svg\"\u001b[39m\n                  \u001b[36m>\u001b[39m\n                    \u001b[36m<path\u001b[39m\n                      \u001b[33md\u001b[39m=\u001b[32m\"M15 2H6a2 2 0 0 0-2 2v16a2 2 0 0 0 2 2h12a2 2 0 0 0 2-2V7Z\"\u001b[39m\n                    \u001b[36m/>\u001b[39m\n                    \u001b[36m<path\u001b[39m\n                      \u001b[33md\u001b[39m=\u001b[32m\"M14 2v4a2 2 0 0 0 2 2h4\"\u001b[39m\n                    \u001b[36m/>\u001b[39m\n                    \u001b[36m<path\u001b[39m\n                      \u001b[33md\u001b[39m=\u001b[32m\"M10 9H8\"\u001b[39m\n                    \u001b[36m/>\u001b[39m\n                    \u001b[36m<path\u001b[39m\n                      \u001b[33md\u001b[39m=\u001b[32m\"M16 13H8\"\u001b[39m\n                    \u001b[36m/>\u001b[39m\n                    \u001b[36m<path\u001b[39m\n                      \u001b[33md\u001b[39m=\u001b[32m\"M16 17H8\"\u001b[39m\n                    \u001b[36m/>\u001b[39m\n                  \u001b[36m</svg>\u001b[39m\n                  \u001b[36m<span\u001b[39m\n                    \u001b[33mclass\u001b[39m=\u001b[32m\"text-sm font-medium\"\u001b[39m\n                  \u001b[36m>\u001b[39m\n                    \u001b[0mClick or drag CSV file here\u001b[0m\n                  \u001b[36m</span>\u001b[39m\n                  \u001b[36m<span\u001b[39m\n                    \u001b[33mclass\u001b[39m=\u001b[32m\"text-xs text-muted-foreground mt-1\"\u001b[39m\n      ...\n    at Object.getElementError (C:\\Users\\johnw\\OneDrive\\Desktop\\portfolio\\node_modules\\@testing-library\\react\\node_modules\\@testing-library\\dom\\dist\\config.js:37:19)\n    at getAllByLabelText (C:\\Users\\johnw\\OneDrive\\Desktop\\portfolio\\node_modules\\@testing-library\\react\\node_modules\\@testing-library\\dom\\dist\\queries\\label-text.js:111:38)\n    at C:\\Users\\johnw\\OneDrive\\Desktop\\portfolio\\node_modules\\@testing-library\\react\\node_modules\\@testing-library\\dom\\dist\\query-helpers.js:52:17\n    at C:\\Users\\johnw\\OneDrive\\Desktop\\portfolio\\node_modules\\@testing-library\\react\\node_modules\\@testing-library\\dom\\dist\\query-helpers.js:95:19\n    at Object.getByLabelText (C:\\Users\\johnw\\OneDrive\\Desktop\\portfolio\\src\\__tests__\\components\\amazon-seller-tools\\fba-calculator.test.tsx:162:26)"
          ],
          "fullName": "FbaCalculator updates form values correctly",
          "invocations": 1,
          "location": null,
          "numPassingAsserts": 0,
          "retryReasons": [],
          "status": "failed",
          "title": "updates form values correctly"
        }
      ],
      "endTime": 1745939833598,
      "message": "\u001b[1m\u001b[31m  \u001b[1m● \u001b[22m\u001b[1mFbaCalculator › validates required fields\u001b[39m\u001b[22m\n\n    Unable to find an element with the text: /product name must be at least 3 characters/i. This could be because the text is broken up by multiple elements. In this case, you can provide a function for your text matcher to make your matcher more flexible.\n\n    Ignored nodes: comments, script, style\n    \u001b[36m<body>\u001b[39m\n      \u001b[36m<div>\u001b[39m\n        \u001b[36m<div\u001b[39m\n          \u001b[33mclass\u001b[39m=\u001b[32m\"space-y-6\"\u001b[39m\n        \u001b[36m>\u001b[39m\n          \u001b[36m<div\u001b[39m\n            \u001b[33mclass\u001b[39m=\u001b[32m\"bg-blue-50 dark:bg-blue-900/20 p-4 rounded-lg flex items-start gap-3\"\u001b[39m\n            \u001b[33mrole\u001b[39m=\u001b[32m\"alert\"\u001b[39m\n          \u001b[36m>\u001b[39m\n            \u001b[36m<svg\u001b[39m\n              \u001b[33mclass\u001b[39m=\u001b[32m\"lucide lucide-info h-5 w-5 text-blue-500 mt-0.5 flex-shrink-0\"\u001b[39m\n              \u001b[33mfill\u001b[39m=\u001b[32m\"none\"\u001b[39m\n              \u001b[33mheight\u001b[39m=\u001b[32m\"24\"\u001b[39m\n              \u001b[33mstroke\u001b[39m=\u001b[32m\"currentColor\"\u001b[39m\n              \u001b[33mstroke-linecap\u001b[39m=\u001b[32m\"round\"\u001b[39m\n              \u001b[33mstroke-linejoin\u001b[39m=\u001b[32m\"round\"\u001b[39m\n              \u001b[33mstroke-width\u001b[39m=\u001b[32m\"2\"\u001b[39m\n              \u001b[33mviewBox\u001b[39m=\u001b[32m\"0 0 24 24\"\u001b[39m\n              \u001b[33mwidth\u001b[39m=\u001b[32m\"24\"\u001b[39m\n              \u001b[33mxmlns\u001b[39m=\u001b[32m\"http://www.w3.org/2000/svg\"\u001b[39m\n            \u001b[36m>\u001b[39m\n              \u001b[36m<circle\u001b[39m\n                \u001b[33mcx\u001b[39m=\u001b[32m\"12\"\u001b[39m\n                \u001b[33mcy\u001b[39m=\u001b[32m\"12\"\u001b[39m\n                \u001b[33mr\u001b[39m=\u001b[32m\"10\"\u001b[39m\n              \u001b[36m/>\u001b[39m\n              \u001b[36m<path\u001b[39m\n                \u001b[33md\u001b[39m=\u001b[32m\"M12 16v-4\"\u001b[39m\n              \u001b[36m/>\u001b[39m\n              \u001b[36m<path\u001b[39m\n                \u001b[33md\u001b[39m=\u001b[32m\"M12 8h.01\"\u001b[39m\n              \u001b[36m/>\u001b[39m\n            \u001b[36m</svg>\u001b[39m\n            \u001b[36m<div\u001b[39m\n              \u001b[33mclass\u001b[39m=\u001b[32m\"text-sm text-blue-700 dark:text-blue-300\"\u001b[39m\n            \u001b[36m>\u001b[39m\n              \u001b[36m<p\u001b[39m\n                \u001b[33mclass\u001b[39m=\u001b[32m\"font-medium\"\u001b[39m\n              \u001b[36m>\u001b[39m\n                \u001b[0mHow it Works:\u001b[0m\n              \u001b[36m</p>\u001b[39m\n              \u001b[36m<ul\u001b[39m\n                \u001b[33mclass\u001b[39m=\u001b[32m\"list-disc list-inside ml-4\"\u001b[39m\n              \u001b[36m>\u001b[39m\n                \u001b[36m<li>\u001b[39m\n                  \u001b[0mUpload a CSV file with columns: product, cost, price, fees\u001b[0m\n                \u001b[36m</li>\u001b[39m\n                \u001b[36m<li>\u001b[39m\n                  \u001b[0mOr, manually enter details for a single product.\u001b[0m\n                \u001b[36m</li>\u001b[39m\n                \u001b[36m<li>\u001b[39m\n                  \u001b[0mThe tool calculates Profit, Return on Investment (ROI), and Profit Margin.\u001b[0m\n                \u001b[36m</li>\u001b[39m\n                \u001b[36m<li>\u001b[39m\n                  \u001b[0mExport the results to a new CSV file.\u001b[0m\n                \u001b[36m</li>\u001b[39m\n                \u001b[36m<li>\u001b[39m\n                  \u001b[0mEnsure all monetary values (`cost`, `price`, `fees`) are non-negative numbers.\u001b[0m\n                \u001b[36m</li>\u001b[39m\n              \u001b[36m</ul>\u001b[39m\n            \u001b[36m</div>\u001b[39m\n          \u001b[36m</div>\u001b[39m\n          \u001b[36m<div\u001b[39m\n            \u001b[33mclass\u001b[39m=\u001b[32m\"grid gap-6 md:grid-cols-2\"\u001b[39m\n          \u001b[36m>\u001b[39m\n            \u001b[36m<div\u001b[39m\n              \u001b[33mclass\u001b[39m=\u001b[32m\"rounded-lg border bg-card text-card-foreground shadow-sm flex-1 undefined\"\u001b[39m\n            \u001b[36m>\u001b[39m\n              \u001b[36m<div\u001b[39m\n                \u001b[33mclass\u001b[39m=\u001b[32m\"p-4\"\u001b[39m\n              \u001b[36m>\u001b[39m\n                \u001b[36m<div\u001b[39m\n                  \u001b[33mclass\u001b[39m=\u001b[32m\"flex flex-col items-center justify-center gap-4 p-6 text-center\"\u001b[39m\n                \u001b[36m>\u001b[39m\n                  \u001b[36m<div\u001b[39m\n                    \u001b[33mclass\u001b[39m=\u001b[32m\"rounded-full bg-primary/10 p-3\"\u001b[39m\n                  \u001b[36m>\u001b[39m\n                    \u001b[36m<svg\u001b[39m\n                      \u001b[33mclass\u001b[39m=\u001b[32m\"lucide lucide-upload h-6 w-6 text-primary\"\u001b[39m\n                      \u001b[33mfill\u001b[39m=\u001b[32m\"none\"\u001b[39m\n                      \u001b[33mheight\u001b[39m=\u001b[32m\"24\"\u001b[39m\n                      \u001b[33mstroke\u001b[39m=\u001b[32m\"currentColor\"\u001b[39m\n                      \u001b[33mstroke-linecap\u001b[39m=\u001b[32m\"round\"\u001b[39m\n                      \u001b[33mstroke-linejoin\u001b[39m=\u001b[32m\"round\"\u001b[39m\n                      \u001b[33mstroke-width\u001b[39m=\u001b[32m\"2\"\u001b[39m\n                      \u001b[33mviewBox\u001b[39m=\u001b[32m\"0 0 24 24\"\u001b[39m\n                      \u001b[33mwidth\u001b[39m=\u001b[32m\"24\"\u001b[39m\n                      \u001b[33mxmlns\u001b[39m=\u001b[32m\"http://www.w3.org/2000/svg\"\u001b[39m\n                    \u001b[36m>\u001b[39m\n                      \u001b[36m<path\u001b[39m\n                        \u001b[33md\u001b[39m=\u001b[32m\"M21 15v4a2 2 0 0 1-2 2H5a2 2 0 0 1-2-2v-4\"\u001b[39m\n                      \u001b[36m/>\u001b[39m\n                      \u001b[36m<polyline\u001b[39m\n                        \u001b[33mpoints\u001b[39m=\u001b[32m\"17 8 12 3 7 8\"\u001b[39m\n                      \u001b[36m/>\u001b[39m\n                      \u001b[36m<line\u001b[39m\n                        \u001b[33mx1\u001b[39m=\u001b[32m\"12\"\u001b[39m\n                        \u001b[33mx2\u001b[39m=\u001b[32m\"12\"\u001b[39m\n                        \u001b[33my1\u001b[39m=\u001b[32m\"3\"\u001b[39m\n                        \u001b[33my2\u001b[39m=\u001b[32m\"15\"\u001b[39m\n                      \u001b[36m/>\u001b[39m\n                    \u001b[36m</svg>\u001b[39m\n                  \u001b[36m</div>\u001b[39m\n                  \u001b[36m<div>\u001b[39m\n                    \u001b[36m<h3\u001b[39m\n                      \u001b[33mclass\u001b[39m=\u001b[32m\"text-lg font-medium\"\u001b[39m\n                    \u001b[36m>\u001b[39m\n                      \u001b[0mUpload FBA Data CSV\u001b[0m\n                    \u001b[36m</h3>\u001b[39m\n                    \u001b[36m<p\u001b[39m\n                      \u001b[33mclass\u001b[39m=\u001b[32m\"text-sm text-muted-foreground mb-4\"\u001b[39m\n                    \u001b[36m>\u001b[39m\n                      \u001b[0mBulk calculate profit metrics from a CSV file\u001b[0m\n                    \u001b[36m</p>\u001b[39m\n                  \u001b[36m</div>\u001b[39m\n                  \u001b[36m<div\u001b[39m\n                    \u001b[33mclass\u001b[39m=\u001b[32m\"w-full\"\u001b[39m\n                  \u001b[36m>\u001b[39m\n                    \u001b[36m<label\u001b[39m\n                      \u001b[33mclass\u001b[39m=\u001b[32m\"relative flex w-full cursor-pointer flex-col items-center justify-center rounded-lg border-2 border-dashed border-primary/40 bg-background p-6 text-center transition-colors hover:bg-primary/5\"\u001b[39m\n                    \u001b[36m>\u001b[39m\n                      \u001b[36m<svg\u001b[39m\n                        \u001b[33mclass\u001b[39m=\u001b[32m\"lucide lucide-file-text mb-2 h-8 w-8 text-primary/60\"\u001b[39m\n                        \u001b[33mfill\u001b[39m=\u001b[32m\"none\"\u001b[39m\n                        \u001b[33mheight\u001b[39m=\u001b[32m\"24\"\u001b[39m\n                        \u001b[33mstroke\u001b[39m=\u001b[32m\"currentColor\"\u001b[39m\n                        \u001b[33mstroke-linecap\u001b[39m=\u001b[32m\"round\"\u001b[39m\n                        \u001b[33mstroke-linejoin\u001b[39m=\u001b[32m\"round\"\u001b[39m\n                        \u001b[33mstroke-width\u001b[39m=\u001b[32m\"2\"\u001b[39m\n                        \u001b[33mviewBox\u001b[39m=\u001b[32m\"0 0 24 24\"\u001b[39m\n                        \u001b[33mwidth\u001b[39m=\u001b[32m\"24\"\u001b[39m\n                        \u001b[33mxmlns\u001b[39m=\u001b[32m\"http://www.w3.org/2000/svg\"\u001b[39m\n                      \u001b[36m>\u001b[39m\n                        \u001b[36m<path\u001b[39m\n                          \u001b[33md\u001b[39m=\u001b[32m\"M15 2H6a2 2 0 0 0-2 2v16a2 2 0 0 0 2 2h12a2 2 0 0 0 2-2V7Z\"\u001b[39m\n                        \u001b[36m/>\u001b[39m\n                        \u001b[36m<path\u001b[39m\n                          \u001b[33md\u001b[39m=\u001b[32m\"M14 2v4a2 2 0 0 0 2 2h4\"\u001b[39m\n                        \u001b[36m/>\u001b[39m\n                        \u001b[36m<path\u001b[39m\n                          \u001b[33md\u001b[39m=\u001b[32m\"M10 9H8\"\u001b[39m\n                        \u001b[36m/>\u001b[39m\n                        \u001b[36m<path\u001b[39m\n                          \u001b[33md\u001b[39m=\u001b[32m\"M16 13H8\"\u001b[39m\n                        \u001b[36m/>\u001b[39m\n                        \u001b[36m<path\u001b[39m\n                          \u001b[33md\u001b[39m=\u001b[32m\"M16 17H8\"\u001b[39m\n                        \u001b[36m/>\u001b[39m\n                      \u001b[36m</svg>\u001b[39m\n                      \u001b[36m<span\u001b[39m\n                        \u001b[33mclass\u001b[39m=\u001b[32m\"text-sm font-medium\"\u001b[39m\n                      \u001b[36m>\u001b[39m\n                        \u001b[0mClick or drag CSV file here\u001b[0m\n                      \u001b[36m</span>\u001b[39m\n                      \u001b[36m<span\u001b[39m\n                        \u001b[33mclass\u001b[39m=\u001b[32m\"text-xs text-muted-foreground mt-1\"\u001b[39m\n          ...\n\n    Ignored nodes: comments, script, style\n    \u001b[36m<body>\u001b[39m\n      \u001b[36m<div>\u001b[39m\n        \u001b[36m<div\u001b[39m\n          \u001b[33mclass\u001b[39m=\u001b[32m\"space-y-6\"\u001b[39m\n        \u001b[36m>\u001b[39m\n          \u001b[36m<div\u001b[39m\n            \u001b[33mclass\u001b[39m=\u001b[32m\"bg-blue-50 dark:bg-blue-900/20 p-4 rounded-lg flex items-start gap-3\"\u001b[39m\n            \u001b[33mrole\u001b[39m=\u001b[32m\"alert\"\u001b[39m\n          \u001b[36m>\u001b[39m\n            \u001b[36m<svg\u001b[39m\n              \u001b[33mclass\u001b[39m=\u001b[32m\"lucide lucide-info h-5 w-5 text-blue-500 mt-0.5 flex-shrink-0\"\u001b[39m\n              \u001b[33mfill\u001b[39m=\u001b[32m\"none\"\u001b[39m\n              \u001b[33mheight\u001b[39m=\u001b[32m\"24\"\u001b[39m\n              \u001b[33mstroke\u001b[39m=\u001b[32m\"currentColor\"\u001b[39m\n              \u001b[33mstroke-linecap\u001b[39m=\u001b[32m\"round\"\u001b[39m\n              \u001b[33mstroke-linejoin\u001b[39m=\u001b[32m\"round\"\u001b[39m\n              \u001b[33mstroke-width\u001b[39m=\u001b[32m\"2\"\u001b[39m\n              \u001b[33mviewBox\u001b[39m=\u001b[32m\"0 0 24 24\"\u001b[39m\n              \u001b[33mwidth\u001b[39m=\u001b[32m\"24\"\u001b[39m\n              \u001b[33mxmlns\u001b[39m=\u001b[32m\"http://www.w3.org/2000/svg\"\u001b[39m\n            \u001b[36m>\u001b[39m\n              \u001b[36m<circle\u001b[39m\n                \u001b[33mcx\u001b[39m=\u001b[32m\"12\"\u001b[39m\n                \u001b[33mcy\u001b[39m=\u001b[32m\"12\"\u001b[39m\n                \u001b[33mr\u001b[39m=\u001b[32m\"10\"\u001b[39m\n              \u001b[36m/>\u001b[39m\n              \u001b[36m<path\u001b[39m\n                \u001b[33md\u001b[39m=\u001b[32m\"M12 16v-4\"\u001b[39m\n              \u001b[36m/>\u001b[39m\n              \u001b[36m<path\u001b[39m\n                \u001b[33md\u001b[39m=\u001b[32m\"M12 8h.01\"\u001b[39m\n              \u001b[36m/>\u001b[39m\n            \u001b[36m</svg>\u001b[39m\n            \u001b[36m<div\u001b[39m\n              \u001b[33mclass\u001b[39m=\u001b[32m\"text-sm text-blue-700 dark:text-blue-300\"\u001b[39m\n            \u001b[36m>\u001b[39m\n              \u001b[36m<p\u001b[39m\n                \u001b[33mclass\u001b[39m=\u001b[32m\"font-medium\"\u001b[39m\n              \u001b[36m>\u001b[39m\n                \u001b[0mHow it Works:\u001b[0m\n              \u001b[36m</p>\u001b[39m\n              \u001b[36m<ul\u001b[39m\n                \u001b[33mclass\u001b[39m=\u001b[32m\"list-disc list-inside ml-4\"\u001b[39m\n              \u001b[36m>\u001b[39m\n                \u001b[36m<li>\u001b[39m\n                  \u001b[0mUpload a CSV file with columns: product, cost, price, fees\u001b[0m\n                \u001b[36m</li>\u001b[39m\n                \u001b[36m<li>\u001b[39m\n                  \u001b[0mOr, manually enter details for a single product.\u001b[0m\n                \u001b[36m</li>\u001b[39m\n                \u001b[36m<li>\u001b[39m\n                  \u001b[0mThe tool calculates Profit, Return on Investment (ROI), and Profit Margin.\u001b[0m\n                \u001b[36m</li>\u001b[39m\n                \u001b[36m<li>\u001b[39m\n                  \u001b[0mExport the results to a new CSV file.\u001b[0m\n                \u001b[36m</li>\u001b[39m\n                \u001b[36m<li>\u001b[39m\n                  \u001b[0mEnsure all monetary values (`cost`, `price`, `fees`) are non-negative numbers.\u001b[0m\n                \u001b[36m</li>\u001b[39m\n              \u001b[36m</ul>\u001b[39m\n            \u001b[36m</div>\u001b[39m\n          \u001b[36m</div>\u001b[39m\n          \u001b[36m<div\u001b[39m\n            \u001b[33mclass\u001b[39m=\u001b[32m\"grid gap-6 md:grid-cols-2\"\u001b[39m\n          \u001b[36m>\u001b[39m\n            \u001b[36m<div\u001b[39m\n              \u001b[33mclass\u001b[39m=\u001b[32m\"rounded-lg border bg-card text-card-foreground shadow-sm flex-1 undefined\"\u001b[39m\n            \u001b[36m>\u001b[39m\n              \u001b[36m<div\u001b[39m\n                \u001b[33mclass\u001b[39m=\u001b[32m\"p-4\"\u001b[39m\n              \u001b[36m>\u001b[39m\n                \u001b[36m<div\u001b[39m\n                  \u001b[33mclass\u001b[39m=\u001b[32m\"flex flex-col items-center justify-center gap-4 p-6 text-center\"\u001b[39m\n                \u001b[36m>\u001b[39m\n                  \u001b[36m<div\u001b[39m\n                    \u001b[33mclass\u001b[39m=\u001b[32m\"rounded-full bg-primary/10 p-3\"\u001b[39m\n                  \u001b[36m>\u001b[39m\n                    \u001b[36m<svg\u001b[39m\n                      \u001b[33mclass\u001b[39m=\u001b[32m\"lucide lucide-upload h-6 w-6 text-primary\"\u001b[39m\n                      \u001b[33mfill\u001b[39m=\u001b[32m\"none\"\u001b[39m\n                      \u001b[33mheight\u001b[39m=\u001b[32m\"24\"\u001b[39m\n                      \u001b[33mstroke\u001b[39m=\u001b[32m\"currentColor\"\u001b[39m\n                      \u001b[33mstroke-linecap\u001b[39m=\u001b[32m\"round\"\u001b[39m\n                      \u001b[33mstroke-linejoin\u001b[39m=\u001b[32m\"round\"\u001b[39m\n                      \u001b[33mstroke-width\u001b[39m=\u001b[32m\"2\"\u001b[39m\n                      \u001b[33mviewBox\u001b[39m=\u001b[32m\"0 0 24 24\"\u001b[39m\n                      \u001b[33mwidth\u001b[39m=\u001b[32m\"24\"\u001b[39m\n                      \u001b[33mxmlns\u001b[39m=\u001b[32m\"http://www.w3.org/2000/svg\"\u001b[39m\n                    \u001b[36m>\u001b[39m\n                      \u001b[36m<path\u001b[39m\n                        \u001b[33md\u001b[39m=\u001b[32m\"M21 15v4a2 2 0 0 1-2 2H5a2 2 0 0 1-2-2v-4\"\u001b[39m\n                      \u001b[36m/>\u001b[39m\n                      \u001b[36m<polyline\u001b[39m\n                        \u001b[33mpoints\u001b[39m=\u001b[32m\"17 8 12 3 7 8\"\u001b[39m\n                      \u001b[36m/>\u001b[39m\n                      \u001b[36m<line\u001b[39m\n                        \u001b[33mx1\u001b[39m=\u001b[32m\"12\"\u001b[39m\n                        \u001b[33mx2\u001b[39m=\u001b[32m\"12\"\u001b[39m\n                        \u001b[33my1\u001b[39m=\u001b[32m\"3\"\u001b[39m\n                        \u001b[33my2\u001b[39m=\u001b[32m\"15\"\u001b[39m\n                      \u001b[36m/>\u001b[39m\n                    \u001b[36m</svg>\u001b[39m\n                  \u001b[36m</div>\u001b[39m\n                  \u001b[36m<div>\u001b[39m\n                    \u001b[36m<h3\u001b[39m\n                      \u001b[33mclass\u001b[39m=\u001b[32m\"text-lg font-medium\"\u001b[39m\n                    \u001b[36m>\u001b[39m\n                      \u001b[0mUpload FBA Data CSV\u001b[0m\n                    \u001b[36m</h3>\u001b[39m\n                    \u001b[36m<p\u001b[39m\n                      \u001b[33mclass\u001b[39m=\u001b[32m\"text-sm text-muted-foreground mb-4\"\u001b[39m\n                    \u001b[36m>\u001b[39m\n                      \u001b[0mBulk calculate profit metrics from a CSV file\u001b[0m\n                    \u001b[36m</p>\u001b[39m\n                  \u001b[36m</div>\u001b[39m\n                  \u001b[36m<div\u001b[39m\n                    \u001b[33mclass\u001b[39m=\u001b[32m\"w-full\"\u001b[39m\n                  \u001b[36m>\u001b[39m\n                    \u001b[36m<label\u001b[39m\n                      \u001b[33mclass\u001b[39m=\u001b[32m\"relative flex w-full cursor-pointer flex-col items-center justify-center rounded-lg border-2 border-dashed border-primary/40 bg-background p-6 text-center transition-colors hover:bg-primary/5\"\u001b[39m\n                    \u001b[36m>\u001b[39m\n                      \u001b[36m<svg\u001b[39m\n                        \u001b[33mclass\u001b[39m=\u001b[32m\"lucide lucide-file-text mb-2 h-8 w-8 text-primary/60\"\u001b[39m\n                        \u001b[33mfill\u001b[39m=\u001b[32m\"none\"\u001b[39m\n                        \u001b[33mheight\u001b[39m=\u001b[32m\"24\"\u001b[39m\n                        \u001b[33mstroke\u001b[39m=\u001b[32m\"currentColor\"\u001b[39m\n                        \u001b[33mstroke-linecap\u001b[39m=\u001b[32m\"round\"\u001b[39m\n                        \u001b[33mstroke-linejoin\u001b[39m=\u001b[32m\"round\"\u001b[39m\n                        \u001b[33mstroke-width\u001b[39m=\u001b[32m\"2\"\u001b[39m\n                        \u001b[33mviewBox\u001b[39m=\u001b[32m\"0 0 24 24\"\u001b[39m\n                        \u001b[33mwidth\u001b[39m=\u001b[32m\"24\"\u001b[39m\n                        \u001b[33mxmlns\u001b[39m=\u001b[32m\"http://www.w3.org/2000/svg\"\u001b[39m\n                      \u001b[36m>\u001b[39m\n                        \u001b[36m<path\u001b[39m\n                          \u001b[33md\u001b[39m=\u001b[32m\"M15 2H6a2 2 0 0 0-2 2v16a2 2 0 0 0 2 2h12a2 2 0 0 0 2-2V7Z\"\u001b[39m\n                        \u001b[36m/>\u001b[39m\n                        \u001b[36m<path\u001b[39m\n                          \u001b[33md\u001b[39m=\u001b[32m\"M14 2v4a2 2 0 0 0 2 2h4\"\u001b[39m\n                        \u001b[36m/>\u001b[39m\n                        \u001b[36m<path\u001b[39m\n                          \u001b[33md\u001b[39m=\u001b[32m\"M10 9H8\"\u001b[39m\n                        \u001b[36m/>\u001b[39m\n                        \u001b[36m<path\u001b[39m\n                          \u001b[33md\u001b[39m=\u001b[32m\"M16 13H8\"\u001b[39m\n                        \u001b[36m/>\u001b[39m\n                        \u001b[36m<path\u001b[39m\n                          \u001b[33md\u001b[39m=\u001b[32m\"M16 17H8\"\u001b[39m\n                        \u001b[36m/>\u001b[39m\n                      \u001b[36m</svg>\u001b[39m\n                      \u001b[36m<span\u001b[39m\n                        \u001b[33mclass\u001b[39m=\u001b[32m\"text-sm font-medium\"\u001b[39m\n                      \u001b[36m>\u001b[39m\n                        \u001b[0mClick or drag CSV file here\u001b[0m\n                      \u001b[36m</span>\u001b[39m\n                      \u001b[36m<span\u001b[39m\n                        \u001b[33mclass\u001b[39m=\u001b[32m\"text-xs text-muted-foreground mt-1\"\u001b[39m\n          ...\n\u001b[2m\u001b[22m\n\u001b[2m    \u001b[0m \u001b[90m 60 |\u001b[39m\u001b[22m\n\u001b[2m     \u001b[90m 61 |\u001b[39m     \u001b[90m// Wait for validation messages to appear with increased timeout\u001b[39m\u001b[22m\n\u001b[2m    \u001b[31m\u001b[1m>\u001b[22m\u001b[2m\u001b[39m\u001b[90m 62 |\u001b[39m     \u001b[36mawait\u001b[39m waitFor(\u001b[22m\n\u001b[2m     \u001b[90m    |\u001b[39m                  \u001b[31m\u001b[1m^\u001b[22m\u001b[2m\u001b[39m\u001b[22m\n\u001b[2m     \u001b[90m 63 |\u001b[39m       \u001b[36masync\u001b[39m () \u001b[33m=>\u001b[39m {\u001b[22m\n\u001b[2m     \u001b[90m 64 |\u001b[39m         expect(\u001b[22m\n\u001b[2m     \u001b[90m 65 |\u001b[39m           \u001b[36mawait\u001b[39m screen\u001b[33m.\u001b[39mfindByText(\u001b[0m\u001b[22m\n\u001b[2m\u001b[22m\n\u001b[2m      \u001b[2mat waitForWrapper (\u001b[22m\u001b[2mnode_modules/@testing-library/react/node_modules/@testing-library/dom/dist/wait-for.js\u001b[2m:163:27)\u001b[22m\u001b[2m\u001b[22m\n\u001b[2m      \u001b[2mat Object.<anonymous> (\u001b[22m\u001b[2m\u001b[0m\u001b[36msrc/__tests__/components/amazon-seller-tools/fba-calculator.test.tsx\u001b[39m\u001b[0m\u001b[2m:62:18)\u001b[22m\u001b[2m\u001b[22m\n\n\u001b[1m\u001b[31m  \u001b[1m● \u001b[22m\u001b[1mFbaCalculator › updates form values correctly\u001b[39m\u001b[22m\n\n    TestingLibraryElementError: Unable to find a label with the text of: Price\n\n    Ignored nodes: comments, script, style\n    \u001b[36m<body>\u001b[39m\n      \u001b[36m<div>\u001b[39m\n        \u001b[36m<div\u001b[39m\n          \u001b[33mclass\u001b[39m=\u001b[32m\"space-y-6\"\u001b[39m\n        \u001b[36m>\u001b[39m\n          \u001b[36m<div\u001b[39m\n            \u001b[33mclass\u001b[39m=\u001b[32m\"bg-blue-50 dark:bg-blue-900/20 p-4 rounded-lg flex items-start gap-3\"\u001b[39m\n            \u001b[33mrole\u001b[39m=\u001b[32m\"alert\"\u001b[39m\n          \u001b[36m>\u001b[39m\n            \u001b[36m<svg\u001b[39m\n              \u001b[33mclass\u001b[39m=\u001b[32m\"lucide lucide-info h-5 w-5 text-blue-500 mt-0.5 flex-shrink-0\"\u001b[39m\n              \u001b[33mfill\u001b[39m=\u001b[32m\"none\"\u001b[39m\n              \u001b[33mheight\u001b[39m=\u001b[32m\"24\"\u001b[39m\n              \u001b[33mstroke\u001b[39m=\u001b[32m\"currentColor\"\u001b[39m\n              \u001b[33mstroke-linecap\u001b[39m=\u001b[32m\"round\"\u001b[39m\n              \u001b[33mstroke-linejoin\u001b[39m=\u001b[32m\"round\"\u001b[39m\n              \u001b[33mstroke-width\u001b[39m=\u001b[32m\"2\"\u001b[39m\n              \u001b[33mviewBox\u001b[39m=\u001b[32m\"0 0 24 24\"\u001b[39m\n              \u001b[33mwidth\u001b[39m=\u001b[32m\"24\"\u001b[39m\n              \u001b[33mxmlns\u001b[39m=\u001b[32m\"http://www.w3.org/2000/svg\"\u001b[39m\n            \u001b[36m>\u001b[39m\n              \u001b[36m<circle\u001b[39m\n                \u001b[33mcx\u001b[39m=\u001b[32m\"12\"\u001b[39m\n                \u001b[33mcy\u001b[39m=\u001b[32m\"12\"\u001b[39m\n                \u001b[33mr\u001b[39m=\u001b[32m\"10\"\u001b[39m\n              \u001b[36m/>\u001b[39m\n              \u001b[36m<path\u001b[39m\n                \u001b[33md\u001b[39m=\u001b[32m\"M12 16v-4\"\u001b[39m\n              \u001b[36m/>\u001b[39m\n              \u001b[36m<path\u001b[39m\n                \u001b[33md\u001b[39m=\u001b[32m\"M12 8h.01\"\u001b[39m\n              \u001b[36m/>\u001b[39m\n            \u001b[36m</svg>\u001b[39m\n            \u001b[36m<div\u001b[39m\n              \u001b[33mclass\u001b[39m=\u001b[32m\"text-sm text-blue-700 dark:text-blue-300\"\u001b[39m\n            \u001b[36m>\u001b[39m\n              \u001b[36m<p\u001b[39m\n                \u001b[33mclass\u001b[39m=\u001b[32m\"font-medium\"\u001b[39m\n              \u001b[36m>\u001b[39m\n                \u001b[0mHow it Works:\u001b[0m\n              \u001b[36m</p>\u001b[39m\n              \u001b[36m<ul\u001b[39m\n                \u001b[33mclass\u001b[39m=\u001b[32m\"list-disc list-inside ml-4\"\u001b[39m\n              \u001b[36m>\u001b[39m\n                \u001b[36m<li>\u001b[39m\n                  \u001b[0mUpload a CSV file with columns: product, cost, price, fees\u001b[0m\n                \u001b[36m</li>\u001b[39m\n                \u001b[36m<li>\u001b[39m\n                  \u001b[0mOr, manually enter details for a single product.\u001b[0m\n                \u001b[36m</li>\u001b[39m\n                \u001b[36m<li>\u001b[39m\n                  \u001b[0mThe tool calculates Profit, Return on Investment (ROI), and Profit Margin.\u001b[0m\n                \u001b[36m</li>\u001b[39m\n                \u001b[36m<li>\u001b[39m\n                  \u001b[0mExport the results to a new CSV file.\u001b[0m\n                \u001b[36m</li>\u001b[39m\n                \u001b[36m<li>\u001b[39m\n                  \u001b[0mEnsure all monetary values (`cost`, `price`, `fees`) are non-negative numbers.\u001b[0m\n                \u001b[36m</li>\u001b[39m\n              \u001b[36m</ul>\u001b[39m\n            \u001b[36m</div>\u001b[39m\n          \u001b[36m</div>\u001b[39m\n          \u001b[36m<div\u001b[39m\n            \u001b[33mclass\u001b[39m=\u001b[32m\"grid gap-6 md:grid-cols-2\"\u001b[39m\n          \u001b[36m>\u001b[39m\n            \u001b[36m<div\u001b[39m\n              \u001b[33mclass\u001b[39m=\u001b[32m\"rounded-lg border bg-card text-card-foreground shadow-sm flex-1 undefined\"\u001b[39m\n            \u001b[36m>\u001b[39m\n              \u001b[36m<div\u001b[39m\n                \u001b[33mclass\u001b[39m=\u001b[32m\"p-4\"\u001b[39m\n              \u001b[36m>\u001b[39m\n                \u001b[36m<div\u001b[39m\n                  \u001b[33mclass\u001b[39m=\u001b[32m\"flex flex-col items-center justify-center gap-4 p-6 text-center\"\u001b[39m\n                \u001b[36m>\u001b[39m\n                  \u001b[36m<div\u001b[39m\n                    \u001b[33mclass\u001b[39m=\u001b[32m\"rounded-full bg-primary/10 p-3\"\u001b[39m\n                  \u001b[36m>\u001b[39m\n                    \u001b[36m<svg\u001b[39m\n                      \u001b[33mclass\u001b[39m=\u001b[32m\"lucide lucide-upload h-6 w-6 text-primary\"\u001b[39m\n                      \u001b[33mfill\u001b[39m=\u001b[32m\"none\"\u001b[39m\n                      \u001b[33mheight\u001b[39m=\u001b[32m\"24\"\u001b[39m\n                      \u001b[33mstroke\u001b[39m=\u001b[32m\"currentColor\"\u001b[39m\n                      \u001b[33mstroke-linecap\u001b[39m=\u001b[32m\"round\"\u001b[39m\n                      \u001b[33mstroke-linejoin\u001b[39m=\u001b[32m\"round\"\u001b[39m\n                      \u001b[33mstroke-width\u001b[39m=\u001b[32m\"2\"\u001b[39m\n                      \u001b[33mviewBox\u001b[39m=\u001b[32m\"0 0 24 24\"\u001b[39m\n                      \u001b[33mwidth\u001b[39m=\u001b[32m\"24\"\u001b[39m\n                      \u001b[33mxmlns\u001b[39m=\u001b[32m\"http://www.w3.org/2000/svg\"\u001b[39m\n                    \u001b[36m>\u001b[39m\n                      \u001b[36m<path\u001b[39m\n                        \u001b[33md\u001b[39m=\u001b[32m\"M21 15v4a2 2 0 0 1-2 2H5a2 2 0 0 1-2-2v-4\"\u001b[39m\n                      \u001b[36m/>\u001b[39m\n                      \u001b[36m<polyline\u001b[39m\n                        \u001b[33mpoints\u001b[39m=\u001b[32m\"17 8 12 3 7 8\"\u001b[39m\n                      \u001b[36m/>\u001b[39m\n                      \u001b[36m<line\u001b[39m\n                        \u001b[33mx1\u001b[39m=\u001b[32m\"12\"\u001b[39m\n                        \u001b[33mx2\u001b[39m=\u001b[32m\"12\"\u001b[39m\n                        \u001b[33my1\u001b[39m=\u001b[32m\"3\"\u001b[39m\n                        \u001b[33my2\u001b[39m=\u001b[32m\"15\"\u001b[39m\n                      \u001b[36m/>\u001b[39m\n                    \u001b[36m</svg>\u001b[39m\n                  \u001b[36m</div>\u001b[39m\n                  \u001b[36m<div>\u001b[39m\n                    \u001b[36m<h3\u001b[39m\n                      \u001b[33mclass\u001b[39m=\u001b[32m\"text-lg font-medium\"\u001b[39m\n                    \u001b[36m>\u001b[39m\n                      \u001b[0mUpload FBA Data CSV\u001b[0m\n                    \u001b[36m</h3>\u001b[39m\n                    \u001b[36m<p\u001b[39m\n                      \u001b[33mclass\u001b[39m=\u001b[32m\"text-sm text-muted-foreground mb-4\"\u001b[39m\n                    \u001b[36m>\u001b[39m\n                      \u001b[0mBulk calculate profit metrics from a CSV file\u001b[0m\n                    \u001b[36m</p>\u001b[39m\n                  \u001b[36m</div>\u001b[39m\n                  \u001b[36m<div\u001b[39m\n                    \u001b[33mclass\u001b[39m=\u001b[32m\"w-full\"\u001b[39m\n                  \u001b[36m>\u001b[39m\n                    \u001b[36m<label\u001b[39m\n                      \u001b[33mclass\u001b[39m=\u001b[32m\"relative flex w-full cursor-pointer flex-col items-center justify-center rounded-lg border-2 border-dashed border-primary/40 bg-background p-6 text-center transition-colors hover:bg-primary/5\"\u001b[39m\n                    \u001b[36m>\u001b[39m\n                      \u001b[36m<svg\u001b[39m\n                        \u001b[33mclass\u001b[39m=\u001b[32m\"lucide lucide-file-text mb-2 h-8 w-8 text-primary/60\"\u001b[39m\n                        \u001b[33mfill\u001b[39m=\u001b[32m\"none\"\u001b[39m\n                        \u001b[33mheight\u001b[39m=\u001b[32m\"24\"\u001b[39m\n                        \u001b[33mstroke\u001b[39m=\u001b[32m\"currentColor\"\u001b[39m\n                        \u001b[33mstroke-linecap\u001b[39m=\u001b[32m\"round\"\u001b[39m\n                        \u001b[33mstroke-linejoin\u001b[39m=\u001b[32m\"round\"\u001b[39m\n                        \u001b[33mstroke-width\u001b[39m=\u001b[32m\"2\"\u001b[39m\n                        \u001b[33mviewBox\u001b[39m=\u001b[32m\"0 0 24 24\"\u001b[39m\n                        \u001b[33mwidth\u001b[39m=\u001b[32m\"24\"\u001b[39m\n                        \u001b[33mxmlns\u001b[39m=\u001b[32m\"http://www.w3.org/2000/svg\"\u001b[39m\n                      \u001b[36m>\u001b[39m\n                        \u001b[36m<path\u001b[39m\n                          \u001b[33md\u001b[39m=\u001b[32m\"M15 2H6a2 2 0 0 0-2 2v16a2 2 0 0 0 2 2h12a2 2 0 0 0 2-2V7Z\"\u001b[39m\n                        \u001b[36m/>\u001b[39m\n                        \u001b[36m<path\u001b[39m\n                          \u001b[33md\u001b[39m=\u001b[32m\"M14 2v4a2 2 0 0 0 2 2h4\"\u001b[39m\n                        \u001b[36m/>\u001b[39m\n                        \u001b[36m<path\u001b[39m\n                          \u001b[33md\u001b[39m=\u001b[32m\"M10 9H8\"\u001b[39m\n                        \u001b[36m/>\u001b[39m\n                        \u001b[36m<path\u001b[39m\n                          \u001b[33md\u001b[39m=\u001b[32m\"M16 13H8\"\u001b[39m\n                        \u001b[36m/>\u001b[39m\n                        \u001b[36m<path\u001b[39m\n                          \u001b[33md\u001b[39m=\u001b[32m\"M16 17H8\"\u001b[39m\n                        \u001b[36m/>\u001b[39m\n                      \u001b[36m</svg>\u001b[39m\n                      \u001b[36m<span\u001b[39m\n                        \u001b[33mclass\u001b[39m=\u001b[32m\"text-sm font-medium\"\u001b[39m\n                      \u001b[36m>\u001b[39m\n                        \u001b[0mClick or drag CSV file here\u001b[0m\n                      \u001b[36m</span>\u001b[39m\n                      \u001b[36m<span\u001b[39m\n                        \u001b[33mclass\u001b[39m=\u001b[32m\"text-xs text-muted-foreground mt-1\"\u001b[39m\n          ...\n\u001b[2m\u001b[22m\n\u001b[2m    \u001b[0m \u001b[90m 160 |\u001b[39m     })\u001b[33m;\u001b[39m\u001b[22m\n\u001b[2m     \u001b[90m 161 |\u001b[39m\u001b[22m\n\u001b[2m    \u001b[31m\u001b[1m>\u001b[22m\u001b[2m\u001b[39m\u001b[90m 162 |\u001b[39m     \u001b[36mconst\u001b[39m input \u001b[33m=\u001b[39m screen\u001b[33m.\u001b[39mgetByLabelText(\u001b[32m'Price'\u001b[39m)\u001b[33m;\u001b[39m\u001b[22m\n\u001b[2m     \u001b[90m     |\u001b[39m                          \u001b[31m\u001b[1m^\u001b[22m\u001b[2m\u001b[39m\u001b[22m\n\u001b[2m     \u001b[90m 163 |\u001b[39m     \u001b[36mawait\u001b[39m act(\u001b[36masync\u001b[39m () \u001b[33m=>\u001b[39m {\u001b[22m\n\u001b[2m     \u001b[90m 164 |\u001b[39m       fireEvent\u001b[33m.\u001b[39mchange(input\u001b[33m,\u001b[39m { target\u001b[33m:\u001b[39m { value\u001b[33m:\u001b[39m \u001b[32m'100'\u001b[39m } })\u001b[33m;\u001b[39m\u001b[22m\n\u001b[2m     \u001b[90m 165 |\u001b[39m     })\u001b[33m;\u001b[39m\u001b[0m\u001b[22m\n\u001b[2m\u001b[22m\n\u001b[2m      \u001b[2mat Object.getElementError (\u001b[22m\u001b[2mnode_modules/@testing-library/react/node_modules/@testing-library/dom/dist/config.js\u001b[2m:37:19)\u001b[22m\u001b[2m\u001b[22m\n\u001b[2m      \u001b[2mat getAllByLabelText (\u001b[22m\u001b[2mnode_modules/@testing-library/react/node_modules/@testing-library/dom/dist/queries/label-text.js\u001b[2m:111:38)\u001b[22m\u001b[2m\u001b[22m\n\u001b[2m      \u001b[2mat \u001b[22m\u001b[2mnode_modules/@testing-library/react/node_modules/@testing-library/dom/dist/query-helpers.js\u001b[2m:52:17\u001b[22m\u001b[2m\u001b[22m\n\u001b[2m      \u001b[2mat \u001b[22m\u001b[2mnode_modules/@testing-library/react/node_modules/@testing-library/dom/dist/query-helpers.js\u001b[2m:95:19\u001b[22m\u001b[2m\u001b[22m\n\u001b[2m      \u001b[2mat Object.getByLabelText (\u001b[22m\u001b[2m\u001b[0m\u001b[36msrc/__tests__/components/amazon-seller-tools/fba-calculator.test.tsx\u001b[39m\u001b[0m\u001b[2m:162:26)\u001b[22m\u001b[2m\u001b[22m\n",
      "name": "C:\\Users\\johnw\\OneDrive\\Desktop\\portfolio\\src\\__tests__\\components\\amazon-seller-tools\\fba-calculator.test.tsx",
      "startTime": 1745939817741,
      "status": "failed",
      "summary": ""
    },
    {
      "assertionResults": [
        {
          "ancestorTitles": ["CsvUploader Component"],
          "duration": 39,
          "failureDetails": [],
          "failureMessages": [],
          "fullName": "CsvUploader Component renders without crashing",
          "invocations": 1,
          "location": null,
          "numPassingAsserts": 1,
          "retryReasons": [],
          "status": "passed",
          "title": "renders without crashing"
        },
        {
          "ancestorTitles": ["CsvUploader Component"],
          "duration": 1181,
          "failureDetails": [
            {
              "matcherResult": {
                "message": "\u001b[2mexpect(\u001b[22m\u001b[31mjest.fn()\u001b[39m\u001b[2m).\u001b[22mtoHaveBeenCalled\u001b[2m()\u001b[22m\n\nExpected number of calls: >= \u001b[32m1\u001b[39m\nReceived number of calls:    \u001b[31m0\u001b[39m",
                "pass": false
              }
            }
          ],
          "failureMessages": [
            "Error: \u001b[2mexpect(\u001b[22m\u001b[31mjest.fn()\u001b[39m\u001b[2m).\u001b[22mtoHaveBeenCalled\u001b[2m()\u001b[22m\n\nExpected number of calls: >= \u001b[32m1\u001b[39m\nReceived number of calls:    \u001b[31m0\u001b[39m\n\nIgnored nodes: comments, script, style\n\u001b[36m<html>\u001b[39m\n  \u001b[36m<head />\u001b[39m\n  \u001b[36m<body>\u001b[39m\n    \u001b[36m<div>\u001b[39m\n      \u001b[36m<div\u001b[39m\n        \u001b[33mclass\u001b[39m=\u001b[32m\"flex flex-col gap-4\"\u001b[39m\n      \u001b[36m>\u001b[39m\n        \u001b[36m<div\u001b[39m\n          \u001b[33mclass\u001b[39m=\u001b[32m\"bg-blue-50 dark:bg-blue-900/20 p-4 rounded-lg flex items-start gap-3\"\u001b[39m\n        \u001b[36m>\u001b[39m\n          \u001b[36m<svg\u001b[39m\n            \u001b[33mclass\u001b[39m=\u001b[32m\"lucide lucide-info h-5 w-5 text-blue-500 mt-0.5 flex-shrink-0\"\u001b[39m\n            \u001b[33mfill\u001b[39m=\u001b[32m\"none\"\u001b[39m\n            \u001b[33mheight\u001b[39m=\u001b[32m\"24\"\u001b[39m\n            \u001b[33mstroke\u001b[39m=\u001b[32m\"currentColor\"\u001b[39m\n            \u001b[33mstroke-linecap\u001b[39m=\u001b[32m\"round\"\u001b[39m\n            \u001b[33mstroke-linejoin\u001b[39m=\u001b[32m\"round\"\u001b[39m\n            \u001b[33mstroke-width\u001b[39m=\u001b[32m\"2\"\u001b[39m\n            \u001b[33mviewBox\u001b[39m=\u001b[32m\"0 0 24 24\"\u001b[39m\n            \u001b[33mwidth\u001b[39m=\u001b[32m\"24\"\u001b[39m\n            \u001b[33mxmlns\u001b[39m=\u001b[32m\"http://www.w3.org/2000/svg\"\u001b[39m\n          \u001b[36m>\u001b[39m\n            \u001b[36m<circle\u001b[39m\n              \u001b[33mcx\u001b[39m=\u001b[32m\"12\"\u001b[39m\n              \u001b[33mcy\u001b[39m=\u001b[32m\"12\"\u001b[39m\n              \u001b[33mr\u001b[39m=\u001b[32m\"10\"\u001b[39m\n            \u001b[36m/>\u001b[39m\n            \u001b[36m<path\u001b[39m\n              \u001b[33md\u001b[39m=\u001b[32m\"M12 16v-4\"\u001b[39m\n            \u001b[36m/>\u001b[39m\n            \u001b[36m<path\u001b[39m\n              \u001b[33md\u001b[39m=\u001b[32m\"M12 8h.01\"\u001b[39m\n            \u001b[36m/>\u001b[39m\n          \u001b[36m</svg>\u001b[39m\n          \u001b[36m<div\u001b[39m\n            \u001b[33mclass\u001b[39m=\u001b[32m\"text-sm text-blue-700 dark:text-blue-300\"\u001b[39m\n          \u001b[36m>\u001b[39m\n            \u001b[36m<p\u001b[39m\n              \u001b[33mclass\u001b[39m=\u001b[32m\"font-medium\"\u001b[39m\n            \u001b[36m>\u001b[39m\n              \u001b[0mCSV Format Requirements:\u001b[0m\n            \u001b[36m</p>\u001b[39m\n            \u001b[36m<p>\u001b[39m\n              \u001b[0mRequired columns (case-insensitive):\u001b[0m\n              \u001b[0m \u001b[0m\n              \u001b[36m<code\u001b[39m\n                \u001b[33mclass\u001b[39m=\u001b[32m\"mx-1 px-1 py-0.5 bg-blue-100 dark:bg-blue-800 rounded text-xs\"\u001b[39m\n              \u001b[36m>\u001b[39m\n                \u001b[0mid\u001b[0m\n              \u001b[36m</code>\u001b[39m\n              \u001b[36m<code\u001b[39m\n                \u001b[33mclass\u001b[39m=\u001b[32m\"mx-1 px-1 py-0.5 bg-blue-100 dark:bg-blue-800 rounded text-xs\"\u001b[39m\n              \u001b[36m>\u001b[39m\n                \u001b[0mimpressions\u001b[0m\n              \u001b[36m</code>\u001b[39m\n              \u001b[36m<code\u001b[39m\n                \u001b[33mclass\u001b[39m=\u001b[32m\"mx-1 px-1 py-0.5 bg-blue-100 dark:bg-blue-800 rounded text-xs\"\u001b[39m\n              \u001b[36m>\u001b[39m\n                \u001b[0mclicks\u001b[0m\n              \u001b[36m</code>\u001b[39m\n            \u001b[36m</p>\u001b[39m\n            \u001b[36m<p>\u001b[39m\n              \u001b[0mMax file size: \u001b[0m\n              \u001b[0m5\u001b[0m\n              \u001b[0mMB\u001b[0m\n            \u001b[36m</p>\u001b[39m\n          \u001b[36m</div>\u001b[39m\n        \u001b[36m</div>\u001b[39m\n        \u001b[36m<div\u001b[39m\n          \u001b[33mrole\u001b[39m=\u001b[32m\"presentation\"\u001b[39m\n          \u001b[33mtabindex\u001b[39m=\u001b[32m\"0\"\u001b[39m\n        \u001b[36m>\u001b[39m\n          \u001b[36m<input\u001b[39m\n            \u001b[33maccept\u001b[39m=\u001b[32m\"text/csv,.csv\"\u001b[39m\n            \u001b[33mdata-testid\u001b[39m=\u001b[32m\"file-input\"\u001b[39m\n            \u001b[33mstyle\u001b[39m=\u001b[32m\"border: 0px; clip: rect(0px, 0px, 0px, 0px); clip-path: inset(50%); height: 1px; margin: 0px -1px -1px 0px; overflow: hidden; padding: 0px; position: absolute; width: 1px; white-space: nowrap;\"\u001b[39m\n            \u001b[33mtabindex\u001b[39m=\u001b[32m\"-1\"\u001b[39m\n            \u001b[33mtype\u001b[39m=\u001b[32m\"file\"\u001b[39m\n          \u001b[36m/>\u001b[39m\n          \u001b[36m<div\u001b[39m\n            \u001b[33mclass\u001b[39m=\u001b[32m\"relative flex w-full cursor-pointer flex-col items-center justify-center rounded-lg border-2 border-dashed border-primary/40 bg-background p-6 text-center hover:bg-primary/5\"\u001b[39m\n          \u001b[36m>\u001b[39m\n            \u001b[36m<svg\u001b[39m\n              \u001b[33mclass\u001b[39m=\u001b[32m\"lucide lucide-file-text mb-2 h-8 w-8 text-primary/60\"\u001b[39m\n              \u001b[33mfill\u001b[39m=\u001b[32m\"none\"\u001b[39m\n              \u001b[33mheight\u001b[39m=\u001b[32m\"24\"\u001b[39m\n              \u001b[33mstroke\u001b[39m=\u001b[32m\"currentColor\"\u001b[39m\n              \u001b[33mstroke-linecap\u001b[39m=\u001b[32m\"round\"\u001b[39m\n              \u001b[33mstroke-linejoin\u001b[39m=\u001b[32m\"round\"\u001b[39m\n              \u001b[33mstroke-width\u001b[39m=\u001b[32m\"2\"\u001b[39m\n              \u001b[33mviewBox\u001b[39m=\u001b[32m\"0 0 24 24\"\u001b[39m\n              \u001b[33mwidth\u001b[39m=\u001b[32m\"24\"\u001b[39m\n              \u001b[33mxmlns\u001b[39m=\u001b[32m\"http://www.w3.org/2000/svg\"\u001b[39m\n            \u001b[36m>\u001b[39m\n              \u001b[36m<path\u001b[39m\n                \u001b[33md\u001b[39m=\u001b[32m\"M15 2H6a2 2 0 0 0-2 2v16a2 2 0 0 0 2 2h12a2 2 0 0 0 2-2V7Z\"\u001b[39m\n              \u001b[36m/>\u001b[39m\n              \u001b[36m<path\u001b[39m\n                \u001b[33md\u001b[39m=\u001b[32m\"M14 2v4a2 2 0 0 0 2 2h4\"\u001b[39m\n              \u001b[36m/>\u001b[39m\n              \u001b[36m<path\u001b[39m\n                \u001b[33md\u001b[39m=\u001b[32m\"M10 9H8\"\u001b[39m\n              \u001b[36m/>\u001b[39m\n              \u001b[36m<path\u001b[39m\n                \u001b[33md\u001b[39m=\u001b[32m\"M16 13H8\"\u001b[39m\n              \u001b[36m/>\u001b[39m\n              \u001b[36m<path\u001b[39m\n                \u001b[33md\u001b[39m=\u001b[32m\"M16 17H8\"\u001b[39m\n              \u001b[36m/>\u001b[39m\n            \u001b[36m</svg>\u001b[39m\n            \u001b[36m<span\u001b[39m\n              \u001b[33mclass\u001b[39m=\u001b[32m\"text-sm font-medium\"\u001b[39m\n            \u001b[36m>\u001b[39m\n              \u001b[0mClick or drag CSV file to upload\u001b[0m\n            \u001b[36m</span>\u001b[39m\n            \u001b[36m<p\u001b[39m\n              \u001b[33mclass\u001b[39m=\u001b[32m\"text-xs text-muted-foreground mt-1\"\u001b[39m\n            \u001b[36m>\u001b[39m\n              \u001b[0mDrag 'n' drop, or click to select file\u001b[0m\n            \u001b[36m</p>\u001b[39m\n          \u001b[36m</div>\u001b[39m\n        \u001b[36m</div>\u001b[39m\n        \u001b[36m<div\u001b[39m\n          \u001b[33mclass\u001b[39m=\u001b[32m\"flex flex-col sm:flex-row gap-2 justify-center\"\u001b[39m\n        \u001b[36m>\u001b[39m\n          \u001b[36m<button\u001b[39m\n            \u001b[33mclass\u001b[39m=\u001b[32m\"inline-flex items-center justify-center text-sm font-medium ring-offset-background transition-colors focus-visible:outline-none focus-visible:ring-2 focus-visible:ring-ring focus-visible:ring-offset-2 disabled:pointer-events-none disabled:opacity-50 bg-secondary text-secondary-foreground hover:bg-secondary/80 h-9 rounded-md px-3 w-full sm:w-auto\"\u001b[39m\n          \u001b[36m>\u001b[39m\n            \u001b[36m<svg\u001b[39m\n              \u001b[33mclass\u001b[39m=\u001b[32m\"lucide lucide-download mr-2 h-4 w-4\"\u001b[39m\n              \u001b[33mfill\u001b[39m=\u001b[32m\"none\"\u001b[39m\n              \u001b[33mheight\u001b[39m=\u001b[32m\"24\"\u001b[39m\n              \u001b[33mstroke\u001b[39m=\u001b[32m\"currentColor\"\u001b[39m\n              \u001b[33mstroke-linecap\u001b[39m=\u001b[32m\"round\"\u001b[39m\n              \u001b[33mstroke-linejoin\u001b[39m=\u001b[32m\"round\"\u001b[39m\n              \u001b[33mstroke-width\u001b[39m=\u001b[32m\"2\"\u001b[39m\n              \u001b[33mviewBox\u001b[39m=\u001b[32m\"0 0 24 24\"\u001b[39m\n              \u001b[33mwidth\u001b[39m=\u001b[32m\"24\"\u001b[39m\n              \u001b[33mxmlns\u001b[39m=\u001b[32m\"http://www.w3.org/2000/svg\"\u001b[39m\n            \u001b[36m>\u001b[39m\n              \u001b[36m<path\u001b[39m\n                \u001b[33md\u001b[39m=\u001b[32m\"M21 15v4a2 2 0 0 1-2 2H5a2 2 0 0 1-2-2v-4\"\u001b[39m\n              \u001b[36m/>\u001b[39m\n              \u001b[36m<polyline\u001b[39m\n                \u001b[33mpoints\u001b[39m=\u001b[32m\"7 10 12 15 17 10\"\u001b[39m\n              \u001b[36m/>\u001b[39m\n              \u001b[36m<line\u001b[39m\n                \u001b[33mx1\u001b[39m=\u001b[32m\"12\"\u001b[39m\n                \u001b[33mx2\u001b[39m=\u001b[32m\"12\"\u001b[39m\n                \u001b[33my1\u001b[39m=\u001b[32m\"15\"\u001b[39m\n                \u001b[33my2\u001b[39m=\u001b[32m\"3\"\u001b[39m\n              \u001b[36m/>\u001b[39m\n            \u001b[36m</svg>\u001b[39m\n            \u001b[0mDownload Sample CSV\u001b[0m\n          \u001b[36m</button>\u001b[39m\n        \u001b[36m</div>\u001b[39m\n      \u001b[36m</div>\u001b[39m\n    \u001b[36m</div>\u001b[39m\n  \u001b[36m</body>\u001b[39m\n\u001b[36m</html>\u001b[39m\n    at toHaveBeenCalled (C:\\Users\\johnw\\OneDrive\\Desktop\\portfolio\\src\\__tests__\\components\\amazon-seller-tools\\CsvUploader.test.tsx:26:35)\n    at runWithExpensiveErrorDiagnosticsDisabled (C:\\Users\\johnw\\OneDrive\\Desktop\\portfolio\\node_modules\\@testing-library\\react\\node_modules\\@testing-library\\dom\\dist\\config.js:47:12)\n    at checkCallback (C:\\Users\\johnw\\OneDrive\\Desktop\\portfolio\\node_modules\\@testing-library\\react\\node_modules\\@testing-library\\dom\\dist\\wait-for.js:124:77)\n    at checkRealTimersCallback (C:\\Users\\john
[...]
 \u001b[90m  9 |\u001b[39m     \u001b[33mTextEncoder\u001b[39m\u001b[33m:\u001b[39m \u001b[33mTextEncoder\u001b[39m\u001b[33m,\u001b[39m\n     \u001b[90m 10 |\u001b[39m     \u001b[33mTextDecoder\u001b[39m\u001b[33m:\u001b[39m \u001b[33mTextDecoder\u001b[39m\u001b[33m,\u001b[39m\u001b[0m\n\n      \u001b[2mat Runtime.requireModuleOrMock (\u001b[22mnode_modules/jest-runtime/build/index.js\u001b[2m:1052:32)\u001b[22m\n      \u001b[2mat require (\u001b[22m\u001b[0m\u001b[36msrc/__tests__/integration/api/endpoints.test.ts\u001b[39m\u001b[0m\u001b[2m:7:40)\u001b[22m\n      \u001b[2mat require (\u001b[22m\u001b[0m\u001b[36msrc/__tests__/integration/api/endpoints.test.ts\u001b[39m\u001b[0m\u001b[2m:7:40)\u001b[22m\n      \u001b[2mat require (\u001b[22m\u001b[0m\u001b[36msrc/__tests__/integration/api/endpoints.test.ts\u001b[39m\u001b[0m\u001b[2m:7:40)\u001b[22m\n      \u001b[2mat require (\u001b[22m\u001b[0m\u001b[36msrc/__tests__/integration/api/endpoints.test.ts\u001b[39m\u001b[0m\u001b[2m:7:40)\u001b[22m\n      \u001b[2mat require (\u001b[22m\u001b[0m\u001b[36msrc/__tests__/integration/api/endpoints.test.ts\u001b[39m\u001b[0m\u001b[2m:7:40)\u001b[22m\n      \u001b[2mat require (\u001b[22m\u001b[0m\u001b[36msrc/__tests__/integration/api/endpoints.test.ts\u001b[39m\u001b[0m\u001b[2m:7:40)\u001b[22m\n      \u001b[2mat require (\u001b[22m\u001b[0m\u001b[36msrc/__tests__/integration/api/endpoints.test.ts\u001b[39m\u001b[0m\u001b[2m:7:40)\u001b[22m\n      \u001b[2mat require (\u001b[22m\u001b[0m\u001b[36msrc/__tests__/integration/api/endpoints.test.ts\u001b[39m\u001b[0m\u001b[2m:7:40)\u001b[22m\n      \u001b[2mat require (\u001b[22m\u001b[0m\u001b[36msrc/__tests__/integration/api/endpoints.test.ts\u001b[39m\u001b[0m\u001b[2m:7:40)\u001b[22m\n      \u001b[2mat require (\u001b[22m\u001b[0m\u001b[36msrc/__tests__/integration/api/endpoints.test.ts\u001b[39m\u001b[0m\u001b[2m:7:40)\u001b[22m\n      \u001b[2mat require (\u001b[22m\u001b[0m\u001b[36msrc/__tests__/integration/api/endpoints.test.ts\u001b[39m\u001b[0m\u001b[2m:7:40)\u001b[22m\n      \u001b[2mat require (\u001b[22m\u001b[0m\u001b[36msrc/__tests__/integration/api/endpoints.test.ts\u001b[39m\u001b[0m\u001b[2m:7:40)\u001b[22m\n      \u001b[2mat require (\u001b[22m\u001b[0m\u001b[36msrc/__tests__/integration/api/endpoints.test.ts\u001b[39m\u001b[0m\u001b[2m:7:40)\u001b[22m\n      \u001b[2mat require (\u001b[22m\u001b[0m\u001b[36msrc/__tests__/integration/api/endpoints.test.ts\u001b[39m\u001b[0m\u001b[2m:7:40)\u001b[22m\n      \u001b[2mat require (\u001b[22m\u001b[0m\u001b[36msrc/__tests__/integration/api/endpoints.test.ts\u001b[39m\u001b[0m\u001b[2m:7:40)\u001b[22m\n      \u001b[2mat require (\u001b[22m\u001b[0m\u001b[36msrc/__tests__/integration/api/endpoints.test.ts\u001b[39m\u001b[0m\u001b[2m:7:40)\u001b[22m\n      \u001b[2mat require (\u001b[22m\u001b[0m\u001b[36msrc/__tests__/integration/api/endpoints.test.ts\u001b[39m\u001b[0m\u001b[2m:7:40)\u001b[22m\n      \u001b[2mat require (\u001b[22m\u001b[0m\u001b[36msrc/__tests__/integration/api/endpoints.test.ts\u001b[39m\u001b[0m\u001b[2m:7:40)\u001b[22m\n      \u001b[2mat require (\u001b[22m\u001b[0m\u001b[36msrc/__tests__/integration/api/endpoints.test.ts\u001b[39m\u001b[0m\u001b[2m:7:40)\u001b[22m\n      \u001b[2mat require (\u001b[22m\u001b[0m\u001b[36msrc/__tests__/integration/api/endpoints.test.ts\u001b[39m\u001b[0m\u001b[2m:7:40)\u001b[22m\n      \u001b[2mat require (\u001b[22m\u001b[0m\u001b[36msrc/__tests__/integration/api/endpoints.test.ts\u001b[39m\u001b[0m\u001b[2m:7:40)\u001b[22m\n      \u001b[2mat require (\u001b[22m\u001b[0m\u001b[36msrc/__tests__/integration/api/endpoints.test.ts\u001b[39m\u001b[0m\u001b[2m:7:40)\u001b[22m\n      \u001b[2mat require (\u001b[22m\u001b[0m\u001b[36msrc/__tests__/integration/api/endpoints.test.ts\u001b[39m\u001b[0m\u001b[2m:7:40)\u001b[22m\n      \u001b[2mat require (\u001b[22m\u001b[0m\u001b[36msrc/__tests__/integration/api/endpoints.test.ts\u001b[39m\u001b[0m\u001b[2m:7:40)\u001b[22m\n      \u001b[2mat require (\u001b[22m\u001b[0m\u001b[36msrc/__tests__/integration/api/endpoints.test.ts\u001b[39m\u001b[0m\u001b[2m:7:40)\u001b[22m\n      \u001b[2mat require (\u001b[22m\u001b[0m\u001b[36msrc/__tests__/integration/api/endpoints.test.ts\u001b[39m\u001b[0m\u001b[2m:7:40)\u001b[22m\n      \u001b[2mat require (\u001b[22m\u001b[0m\u001b[36msrc/__tests__/integration/api/endpoints.test.ts\u001b[39m\u001b[0m\u001b[2m:7:40)\u001b[22m\n      \u001b[2mat require (\u001b[22m\u001b[0m\u001b[36msrc/__tests__/integration/api/endpoints.test.ts\u001b[39m\u001b[0m\u001b[2m:7:40)\u001b[22m\n      \u001b[2mat require (\u001b[22m\u001b[0m\u001b[36msrc/__tests__/integration/api/endpoints.test.ts\u001b[39m\u001b[0m\u001b[2m:7:40)\u001b[22m\n      \u001b[2mat require (\u001b[22m\u001b[0m\u001b[36msrc/__tests__/integration/api/endpoints.test.ts\u001b[39m\u001b[0m\u001b[2m:7:40)\u001b[22m\n      \u001b[2mat require (\u001b[22m\u001b[0m\u001b[36msrc/__tests__/integration/api/endpoints.test.ts\u001b[39m\u001b[0m\u001b[2m:7:40)\u001b[22m\n      \u001b[2mat require (\u001b[22m\u001b[0m\u001b[36msrc/__tests__/integration/api/endpoints.test.ts\u001b[39m\u001b[0m\u001b[2m:7:40)\u001b[22m\n      \u001b[2mat require (\u001b[22m\u001b[0m\u001b[36msrc/__tests__/integration/api/endpoints.test.ts\u001b[39m\u001b[0m\u001b[2m:7:40)\u001b[22m\n",
      "name": "C:\\Users\\johnw\\OneDrive\\Desktop\\portfolio\\src\\__tests__\\integration\\api\\endpoints.test.ts",
      "startTime": 1745940034747,
      "status": "failed",
      "summary": ""
    },
    {
      "assertionResults": [
        {
          "ancestorTitles": ["KeywordDeduplicator"],
          "duration": 239,
          "failureDetails": [],
          "failureMessages": [],
          "fullName": "KeywordDeduplicator renders correctly",
          "invocations": 1,
          "location": null,
          "numPassingAsserts": 3,
          "retryReasons": [],
          "status": "passed",
          "title": "renders correctly"
        },
        {
          "ancestorTitles": ["KeywordDeduplicator"],
          "duration": 904,
          "failureDetails": [],
          "failureMessages": [],
          "fullName": "KeywordDeduplicator processes manual keywords correctly",
          "invocations": 1,
          "location": null,
          "numPassingAsserts": 2,
          "retryReasons": [],
          "status": "passed",
          "title": "processes manual keywords correctly"
        },
        {
          "ancestorTitles": ["KeywordDeduplicator"],
          "duration": 60014,
          "failureDetails": [
            {
              "message": "thrown: \"Exceeded timeout of 60000 ms for a test.\nAdd a timeout value to this test to increase the timeout, if this is a long-running test. See https://jestjs.io/docs/api#testname-fn-timeout.\""
            }
          ],
          "failureMessages": [
            "Error: thrown: \"Exceeded timeout of 60000 ms for a test.\nAdd a timeout value to this test to increase the timeout, if this is a long-running test. See https://jestjs.io/docs/api#testname-fn-timeout.\"\n    at it (C:\\Users\\johnw\\OneDrive\\Desktop\\portfolio\\src\\__tests__\\components\\amazon-seller-tools\\keyword-deduplicator.test.tsx:40:3)\n    at _dispatchDescribe (C:\\Users\\johnw\\OneDrive\\Desktop\\portfolio\\node_modules\\jest-circus\\build\\index.js:91:26)\n    at describe (C:\\Users\\johnw\\OneDrive\\Desktop\\portfolio\\node_modules\\jest-circus\\build\\index.js:55:5)\n    at Object.describe (C:\\Users\\johnw\\OneDrive\\Desktop\\portfolio\\src\\__tests__\\components\\amazon-seller-tools\\keyword-deduplicator.test.tsx:6:1)\n    at Runtime._execModule (C:\\Users\\johnw\\OneDrive\\Desktop\\portfolio\\node_modules\\jest-runtime\\build\\index.js:1439:24)\n    at Runtime._loadModule (C:\\Users\\johnw\\OneDrive\\Desktop\\portfolio\\node_modules\\jest-runtime\\build\\index.js:1022:12)\n    at Runtime.requireModule (C:\\Users\\johnw\\OneDrive\\Desktop\\portfolio\\node_modules\\jest-runtime\\build\\index.js:882:12)\n    at jestAdapter (C:\\Users\\johnw\\OneDrive\\Desktop\\portfolio\\node_modules\\jest-circus\\build\\legacy-code-todo-rewrite\\jestAdapter.js:77:13)\n    at processTicksAndRejections (node:internal/process/task_queues:105:5)\n    at runTestInternal (C:\\Users\\johnw\\OneDrive\\Desktop\\portfolio\\node_modules\\jest-runner\\build\\runTest.js:367:16)\n    at runTest (C:\\Users\\johnw\\OneDrive\\Desktop\\portfolio\\node_modules\\jest-runner\\build\\runTest.js:444:34)\n    at Object.worker (C:\\Users\\johnw\\OneDrive\\Desktop\\portfolio\\node_modules\\jest-runner\\build\\testWorker.js:106:12)"
          ],
          "fullName": "KeywordDeduplicator shows error when no keywords are entered",
          "invocations": 1,
          "location": null,
          "numPassingAsserts": 0,
          "retryReasons": [],
          "status": "failed",
          "title": "shows error when no keywords are entered"
        },
        {
          "ancestorTitles": ["KeywordDeduplicator"],
          "duration": 60005,
          "failureDetails": [
            {
              "message": "thrown: \"Exceeded timeout of 60000 ms for a test.\nAdd a timeout value to this test to increase the timeout, if this is a long-running test. See https://jestjs.io/docs/api#testname-fn-timeout.\""
            }
          ],
          "failureMessages": [
            "Error: thrown: \"Exceeded timeout of 60000 ms for a test.\nAdd a timeout value to this test to increase the timeout, if this is a long-running test. See https://jestjs.io/docs/api#testname-fn-timeout.\"\n    at it (C:\\Users\\johnw\\OneDrive\\Desktop\\portfolio\\src\\__tests__\\components\\amazon-seller-tools\\keyword-deduplicator.test.tsx:59:3)\n    at _dispatchDescribe (C:\\Users\\johnw\\OneDrive\\Desktop\\portfolio\\node_modules\\jest-circus\\build\\index.js:91:26)\n    at describe (C:\\Users\\johnw\\OneDrive\\Desktop\\portfolio\\node_modules\\jest-circus\\build\\index.js:55:5)\n    at Object.describe (C:\\Users\\johnw\\OneDrive\\Desktop\\portfolio\\src\\__tests__\\components\\amazon-seller-tools\\keyword-deduplicator.test.tsx:6:1)\n    at Runtime._execModule (C:\\Users\\johnw\\OneDrive\\Desktop\\portfolio\\node_modules\\jest-runtime\\build\\index.js:1439:24)\n    at Runtime._loadModule (C:\\Users\\johnw\\OneDrive\\Desktop\\portfolio\\node_modules\\jest-runtime\\build\\index.js:1022:12)\n    at Runtime.requireModule (C:\\Users\\johnw\\OneDrive\\Desktop\\portfolio\\node_modules\\jest-runtime\\build\\index.js:882:12)\n    at jestAdapter (C:\\Users\\johnw\\OneDrive\\Desktop\\portfolio\\node_modules\\jest-circus\\build\\legacy-code-todo-rewrite\\jestAdapter.js:77:13)\n    at processTicksAndRejections (node:internal/process/task_queues:105:5)\n    at runTestInternal (C:\\Users\\johnw\\OneDrive\\Desktop\\portfolio\\node_modules\\jest-runner\\build\\runTest.js:367:16)\n    at runTest (C:\\Users\\johnw\\OneDrive\\Desktop\\portfolio\\node_modules\\jest-runner\\build\\runTest.js:444:34)\n    at Object.worker (C:\\Users\\johnw\\OneDrive\\Desktop\\portfolio\\node_modules\\jest-runner\\build\\testWorker.js:106:12)"
          ],
          "fullName": "KeywordDeduplicator shows error when keywords contain only separators",
          "invocations": 1,
          "location": null,
          "numPassingAsserts": 0,
          "retryReasons": [],
          "status": "failed",
          "title": "shows error when keywords contain only separators"
        },
        {
          "ancestorTitles": ["KeywordDeduplicator"],
          "duration": 60013,
          "failureDetails": [
            {
              "message": "thrown: \"Exceeded timeout of 60000 ms for a test.\nAdd a timeout value to this test to increase the timeout, if this is a long-running test. See https://jestjs.io/docs/api#testname-fn-timeout.\""
            }
          ],
          "failureMessages": [
            "Error: thrown: \"Exceeded timeout of 60000 ms for a test.\nAdd a timeout value to this test to increase the timeout, if this is a long-running test. See https://jestjs.io/docs/api#testname-fn-timeout.\"\n    at it (C:\\Users\\johnw\\OneDrive\\Desktop\\portfolio\\src\\__tests__\\components\\amazon-seller-tools\\keyword-deduplicator.test.tsx:79:3)\n    at _dispatchDescribe (C:\\Users\\johnw\\OneDrive\\Desktop\\portfolio\\node_modules\\jest-circus\\build\\index.js:91:26)\n    at describe (C:\\Users\\johnw\\OneDrive\\Desktop\\portfolio\\node_modules\\jest-circus\\build\\index.js:55:5)\n    at Object.describe (C:\\Users\\johnw\\OneDrive\\Desktop\\portfolio\\src\\__tests__\\components\\amazon-seller-tools\\keyword-deduplicator.test.tsx:6:1)\n    at Runtime._execModule (C:\\Users\\johnw\\OneDrive\\Desktop\\portfolio\\node_modules\\jest-runtime\\build\\index.js:1439:24)\n    at Runtime._loadModule (C:\\Users\\johnw\\OneDrive\\Desktop\\portfolio\\node_modules\\jest-runtime\\build\\index.js:1022:12)\n    at Runtime.requireModule (C:\\Users\\johnw\\OneDrive\\Desktop\\portfolio\\node_modules\\jest-runtime\\build\\index.js:882:12)\n    at jestAdapter (C:\\Users\\johnw\\OneDrive\\Desktop\\portfolio\\node_modules\\jest-circus\\build\\legacy-code-todo-rewrite\\jestAdapter.js:77:13)\n    at processTicksAndRejections (node:internal/process/task_queues:105:5)\n    at runTestInternal (C:\\Users\\johnw\\OneDrive\\Desktop\\portfolio\\node_modules\\jest-runner\\build\\runTest.js:367:16)\n    at runTest (C:\\Users\\johnw\\OneDrive\\Desktop\\portfolio\\node_modules\\jest-runner\\build\\runTest.js:444:34)\n    at Object.worker (C:\\Users\\johnw\\OneDrive\\Desktop\\portfolio\\node_modules\\jest-runner\\build\\testWorker.js:106:12)"
          ],
          "fullName": "KeywordDeduplicator shows error when invalid keywords format is entered",
          "invocations": 1,
          "location": null,
          "numPassingAsserts": 0,
          "retryReasons": [],
          "status": "failed",
          "title": "shows error when invalid keywords format is entered"
        },
        {
          "ancestorTitles": ["KeywordDeduplicator"],
          "duration": 32,
          "failureDetails": [],
          "failureMessages": [],
          "fullName": "KeywordDeduplicator matches snapshot",
          "invocations": 1,
          "location": null,
          "numPassingAsserts": 1,
          "retryReasons": [],
          "status": "passed",
          "title": "matches snapshot"
        }
      ],
      "endTime": 1745940003118,
      "message": "\u001b[1m\u001b[31m  \u001b[1m● \u001b[22m\u001b[1mKeywordDeduplicator › shows error when no keywords are entered\u001b[39m\u001b[22m\n\n    thrown: \"Exceeded timeout of 60000 ms for a test.\n    Add a timeout value to this test to increase the timeout, if this is a long-running test. See https://jestjs.io/docs/api#testname-fn-timeout.\"\n\u001b[2m\u001b[22m\n\u001b[2m    \u001b[0m \u001b[90m 38 |\u001b[39m   }\u001b[33m,\u001b[39m \u001b[35m60000\u001b[39m)\u001b[33m;\u001b[39m\u001b[22m\n\u001b[2m     \u001b[90m 39 |\u001b[39m\u001b[22m\n\u001b[2m    \u001b[31m\u001b[1m>\u001b[22m\u001b[2m\u001b[39m\u001b[90m 40 |\u001b[39m   it(\u001b[32m'shows error when no keywords are entered'\u001b[39m\u001b[33m,\u001b[39m \u001b[36masync\u001b[39m () \u001b[33m=>\u001b[39m {\u001b[22m\n\u001b[2m     \u001b[90m    |\u001b[39m   \u001b[31m\u001b[1m^\u001b[22m\u001b[2m\u001b[39m\u001b[22m\n\u001b[2m     \u001b[90m 41 |\u001b[39m     \u001b[36mconst\u001b[39m user \u001b[33m=\u001b[39m userEvent\u001b[33m.\u001b[39msetup()\u001b[33m;\u001b[39m\u001b[22m\n\u001b[2m     \u001b[90m 42 |\u001b[39m     render(\u001b[33m<\u001b[39m\u001b[33mKeywordDeduplicator\u001b[39m \u001b[33m/\u001b[39m\u001b[33m>\u001b[39m)\u001b[33m;\u001b[39m\u001b[22m\n\u001b[2m     \u001b[90m 43 |\u001b[39m\u001b[0m\u001b[22m\n\u001b[2m\u001b[22m\n\u001b[2m      \u001b[2mat it (\u001b[22m\u001b[2m\u001b[0m\u001b[36msrc/__tests__/components/amazon-seller-tools/keyword-deduplicator.test.tsx\u001b[39m\u001b[0m\u001b[2m:40:3)\u001b[22m\u001b[2m\u001b[22m\n\u001b[2m      \u001b[2mat Object.describe (\u001b[22m\u001b[2m\u001b[0m\u001b[36msrc/__tests__/components/amazon-seller-tools/keyword-deduplicator.test.tsx\u001b[39m\u001b[0m\u001b[2m:6:1)\u001b[22m\u001b[2m\u001b[22m\n\n\u001b[1m\u001b[31m  \u001b[1m● \u001b[22m\u001b[1mKeywordDeduplicator › shows error when keywords contain only separators\u001b[39m\u001b[22m\n\n    thrown: \"Exceeded timeout of 60000 ms for a test.\n    Add a timeout value to this test to increase the timeout, if this is a long-running test. See https://jestjs.io/docs/api#testname-fn-timeout.\"\n\u001b[2m\u001b[22m\n\u001b[2m    \u001b[0m \u001b[90m 57 |\u001b[39m   }\u001b[33m,\u001b[39m \u001b[35m60000\u001b[39m)\u001b[33m;\u001b[39m\u001b[22m\n\u001b[2m     \u001b[90m 58 |\u001b[39m\u001b[22m\n\u001b[2m    \u001b[31m\u001b[1m>\u001b[22m\u001b[2m\u001b[39m\u001b[90m 59 |\u001b[39m   it(\u001b[32m'shows error when keywords contain only separators'\u001b[39m\u001b[33m,\u001b[39m \u001b[36masync\u001b[39m () \u001b[33m=>\u001b[39m {\u001b[22m\n\u001b[2m     \u001b[90m    |\u001b[39m   \u001b[31m\u001b[1m^\u001b[22m\u001b[2m\u001b[39m\u001b[22m\n\u001b[2m     \u001b[90m 60 |\u001b[39m     \u001b[36mconst\u001b[39m user \u001b[33m=\u001b[39m userEvent\u001b[33m.\u001b[39msetup()\u001b[33m;\u001b[39m\u001b[22m\n\u001b[2m     \u001b[90m 61 |\u001b[39m     render(\u001b[33m<\u001b[39m\u001b[33mKeywordDeduplicator\u001b[39m \u001b[33m/\u001b[39m\u001b[33m>\u001b[39m)\u001b[33m;\u001b[39m\u001b[22m\n\u001b[2m     \u001b[90m 62 |\u001b[39m\u001b[0m\u001b[22m\n\u001b[2m\u001b[22m\n\u001b[2m      \u001b[2mat it (\u001b[22m\u001b[2m\u001b[0m\u001b[36msrc/__tests__/components/amazon-seller-tools/keyword-deduplicator.test.tsx\u001b[39m\u001b[0m\u001b[2m:59:3)\u001b[22m\u001b[2m\u001b[22m\n\u001b[2m      \u001b[2mat Object.describe (\u001b[22m\u001b[2m\u001b[0m\u001b[36msrc/__tests__/components/amazon-seller-tools/keyword-deduplicator.test.tsx\u001b[39m\u001b[0m\u001b[2m:6:1)\u001b[22m\u001b[2m\u001b[22m\n\n\u001b[1m\u001b[31m  \u001b[1m● \u001b[22m\u001b[1mKeywordDeduplicator › shows error when invalid keywords format is entered\u001b[39m\u001b[22m\n\n    thrown: \"Exceeded timeout of 60000 ms for a test.\n    Add a timeout value to this test to increase the timeout, if this is a long-running test. See https://jestjs.io/docs/api#testname-fn-timeout.\"\n\u001b[2m\u001b[22m\n\u001b[2m    \u001b[0m \u001b[90m 77 |\u001b[39m   }\u001b[33m,\u001b[39m \u001b[35m60000\u001b[39m)\u001b[33m;\u001b[39m\u001b[22m\n\u001b[2m     \u001b[90m 78 |\u001b[39m\u001b[22m\n\u001b[2m    \u001b[31m\u001b[1m>\u001b[22m\u001b[2m\u001b[39m\u001b[90m 79 |\u001b[39m   it(\u001b[32m'shows error when invalid keywords format is entered'\u001b[39m\u001b[33m,\u001b[39m \u001b[36masync\u001b[39m () \u001b[33m=>\u001b[39m {\u001b[22m\n\u001b[2m     \u001b[90m    |\u001b[39m   \u001b[31m\u001b[1m^\u001b[22m\u001b[2m\u001b[39m\u001b[22m\n\u001b[2m     \u001b[90m 80 |\u001b[39m     \u001b[36mconst\u001b[39m user \u001b[33m=\u001b[39m userEvent\u001b[33m.\u001b[39msetup()\u001b[33m;\u001b[39m\u001b[22m\n\u001b[2m     \u001b[90m 81 |\u001b[39m     render(\u001b[33m<\u001b[39m\u001b[33mKeywordDeduplicator\u001b[39m \u001b[33m/\u001b[39m\u001b[33m>\u001b[39m)\u001b[33m;\u001b[39m\u001b[22m\n\u001b[2m     \u001b[90m 82 |\u001b[39m\u001b[0m\u001b[22m\n\u001b[2m\u001b[22m\n\u001b[2m      \u001b[2mat it (\u001b[22m\u001b[2m\u001b[0m\u001b[36msrc/__tests__/components/amazon-seller-tools/keyword-deduplicator.test.tsx\u001b[39m\u001b[0m\u001b[2m:79:3)\u001b[22m\u001b[2m\u001b[22m\n\u001b[2m      \u001b[2mat Object.describe (\u001b[22m\u001b[2m\u001b[0m\u001b[36msrc/__tests__/components/amazon-seller-tools/keyword-deduplicator.test.tsx\u001b[39m\u001b[0m\u001b[2m:6:1)\u001b[22m\u001b[2m\u001b[22m\n",
      "name": "C:\\Users\\johnw\\OneDrive\\Desktop\\portfolio\\src\\__tests__\\components\\amazon-seller-tools\\keyword-deduplicator.test.tsx",
      "startTime": 1745939817738,
      "status": "failed",
      "summary": ""
    }
  ],
  "wasInterrupted": false
}
