{"numFailedTestSuites":21,"numFailedTests":54,"numPassedTestSuites":10,"numPassedTests":91,"numPendingTestSuites":2,"numPendingTests":11,"numRuntimeErrorTestSuites":4,"numTodoTests":0,"numTotalTestSuites":33,"numTotalTests":156,"openHandles":[],"snapshot":{"added":0,"didUpdate":false,"failure":false,"filesAdded":0,"filesRemoved":0,"filesRemovedList":[],"filesUnmatched":0,"filesUpdated":0,"matched":4,"total":4,"unchecked":0,"uncheckedKeysByFile":[],"unmatched":0,"updated":0},"startTime":1746032033663,"success":false,"testResults":[{"assertionResults":[{"ancestorTitles":["AcosCalculator Component"],"duration":405,"failureDetails":[],"failureMessages":[],"fullName":"AcosCalculator Component renders the component and heading","invocations":1,"location":null,"numPassingAsserts":1,"retryReasons":[],"status":"passed","title":"renders the component and heading"},{"ancestorTitles":["AcosCalculator Component"],"duration":279,"failureDetails":[{"name":"TestingLibraryElementError"}],"failureMessages":["TestingLibraryElementError: Unable to find an element by: [data-testid=\"sales-input\"]\n\nIgnored nodes: comments, script, style\n\u001b[36m<body>\u001b[39m\n  \u001b[36m<div>\u001b[39m\n    \u001b[36m<div\u001b[39m\n      \u001b[33mclass\u001b[39m=\u001b[32m\"space-y-6\"\u001b[39m\n    \u001b[36m>\u001b[39m\n      \u001b[36m<div\u001b[39m\n        \u001b[33mclass\u001b[39m=\u001b[32m\"bg-blue-50 dark:bg-blue-900/20 p-4 rounded-lg flex items-start gap-3\"\u001b[39m\n      \u001b[36m>\u001b[39m\n        \u001b[36m<svg\u001b[39m\n          \u001b[33mclass\u001b[39m=\u001b[32m\"lucide lucide-info h-5 w-5 text-blue-500 mt-0.5 flex-shrink-0\"\u001b[39m\n          \u001b[33mfill\u001b[39m=\u001b[32m\"none\"\u001b[39m\n          \u001b[33mheight\u001b[39m=\u001b[32m\"24\"\u001b[39m\n          \u001b[33mstroke\u001b[39m=\u001b[32m\"currentColor\"\u001b[39m\n          \u001b[33mstroke-linecap\u001b[39m=\u001b[32m\"round\"\u001b[39m\n          \u001b[33mstroke-linejoin\u001b[39m=\u001b[32m\"round\"\u001b[39m\n          \u001b[33mstroke-width\u001b[39m=\u001b[32m\"2\"\u001b[39m\n          \u001b[33mviewBox\u001b[39m=\u001b[32m\"0 0 24 24\"\u001b[39m\n          \u001b[33mwidth\u001b[39m=\u001b[32m\"24\"\u001b[39m\n          \u001b[33mxmlns\u001b[39m=\u001b[32m\"http://www.w3.org/2000/svg\"\u001b[39m\n        \u001b[36m>\u001b[39m\n          \u001b[36m<circle\u001b[39m\n            \u001b[33mcx\u001b[39m=\u001b[32m\"12\"\u001b[39m\n            \u001b[33mcy\u001b[39m=\u001b[32m\"12\"\u001b[39m\n            \u001b[33mr\u001b[39m=\u001b[32m\"10\"\u001b[39m\n          \u001b[36m/>\u001b[39m\n          \u001b[36m<path\u001b[39m\n            \u001b[33md\u001b[39m=\u001b[32m\"M12 16v-4\"\u001b[39m\n          \u001b[36m/>\u001b[39m\n          \u001b[36m<path\u001b[39m\n            \u001b[33md\u001b[39m=\u001b[32m\"M12 8h.01\"\u001b[39m\n          \u001b[36m/>\u001b[39m\n        \u001b[36m</svg>\u001b[39m\n        \u001b[36m<div\u001b[39m\n          \u001b[33mclass\u001b[39m=\u001b[32m\"text-sm text-blue-700 dark:text-blue-300\"\u001b[39m\n        \u001b[36m>\u001b[39m\n          \u001b[36m<p\u001b[39m\n            \u001b[33mclass\u001b[39m=\u001b[32m\"font-medium\"\u001b[39m\n          \u001b[36m>\u001b[39m\n            \u001b[0mHow it Works:\u001b[0m\n          \u001b[36m</p>\u001b[39m\n          \u001b[36m<ul\u001b[39m\n            \u001b[33mclass\u001b[39m=\u001b[32m\"list-disc list-inside ml-4\"\u001b[39m\n          \u001b[36m>\u001b[39m\n            \u001b[36m<li>\u001b[39m\n              \u001b[0mUpload a CSV with columns: \u001b[0m\n              \u001b[36m<code>\u001b[39m\n                \u001b[0mcampaign\u001b[0m\n              \u001b[36m</code>\u001b[39m\n              \u001b[0m,\u001b[0m\n              \u001b[0m \u001b[0m\n              \u001b[36m<code>\u001b[39m\n                \u001b[0madSpend\u001b[0m\n              \u001b[36m</code>\u001b[39m\n              \u001b[0m, \u001b[0m\n              \u001b[36m<code>\u001b[39m\n                \u001b[0msales\u001b[0m\n              \u001b[36m</code>\u001b[39m\n              \u001b[0m. Optional:\u001b[0m\n              \u001b[0m \u001b[0m\n              \u001b[36m<code>\u001b[39m\n                \u001b[0mimpressions\u001b[0m\n              \u001b[36m</code>\u001b[39m\n              \u001b[0m, \u001b[0m\n              \u001b[36m<code>\u001b[39m\n                \u001b[0mclicks\u001b[0m\n              \u001b[36m</code>\u001b[39m\n              \u001b[0m.\u001b[0m\n            \u001b[36m</li>\u001b[39m\n            \u001b[36m<li>\u001b[39m\n              \u001b[0mOr, manually enter data for a single campaign.\u001b[0m\n            \u001b[36m</li>\u001b[39m\n            \u001b[36m<li>\u001b[39m\n              \u001b[0mThe tool calculates ACoS (Advertising Cost of Sales), ROAS (Return on Ad Spend), and other PPC metrics if data is available.\u001b[0m\n            \u001b[36m</li>\u001b[39m\n            \u001b[36m<li>\u001b[39m\n              \u001b[0mVisualize the distribution of a selected metric.\u001b[0m\n            \u001b[36m</li>\u001b[39m\n            \u001b[36m<li>\u001b[39m\n              \u001b[0mExport the results to a new CSV file.\u001b[0m\n            \u001b[36m</li>\u001b[39m\n          \u001b[36m</ul>\u001b[39m\n        \u001b[36m</div>\u001b[39m\n      \u001b[36m</div>\u001b[39m\n      \u001b[36m<div\u001b[39m\n        \u001b[33mclass\u001b[39m=\u001b[32m\"grid grid-cols-1 md:grid-cols-2 gap-6\"\u001b[39m\n      \u001b[36m>\u001b[39m\n        \u001b[36m<div\u001b[39m\n          \u001b[33mclass\u001b[39m=\u001b[32m\"rounded-lg border bg-card text-card-foreground shadow-sm\"\u001b[39m\n        \u001b[36m>\u001b[39m\n          \u001b[36m<div\u001b[39m\n            \u001b[33mclass\u001b[39m=\u001b[32m\"flex flex-col space-y-1.5 p-6\"\u001b[39m\n          \u001b[36m>\u001b[39m\n            \u001b[36m<h3\u001b[39m\n              \u001b[33mclass\u001b[39m=\u001b[32m\"text-lg font-semibold leading-none tracking-tight\"\u001b[39m\n            \u001b[36m>\u001b[39m\n              \u001b[0mUpload Campaign Data\u001b[0m\n            \u001b[36m</h3>\u001b[39m\n          \u001b[36m</div>\u001b[39m\n          \u001b[36m<div\u001b[39m\n            \u001b[33mclass\u001b[39m=\u001b[32m\"p-6 pt-0\"\u001b[39m\n          \u001b[36m>\u001b[39m\n            \u001b[36m<div\u001b[39m\n              \u001b[33mclass\u001b[39m=\u001b[32m\"relative flex w-full cursor-pointer flex-col items-center justify-center rounded-lg border-2 border-dashed border-primary/40 bg-background p-6 text-center transition-colors hover:bg-primary/5 \"\u001b[39m\n              \u001b[33mrole\u001b[39m=\u001b[32m\"presentation\"\u001b[39m\n              \u001b[33mtabindex\u001b[39m=\u001b[32m\"0\"\u001b[39m\n            \u001b[36m>\u001b[39m\n              \u001b[36m<input\u001b[39m\n                \u001b[33maccept\u001b[39m=\u001b[32m\"text/csv,.csv\"\u001b[39m\n                \u001b[33mstyle\u001b[39m=\u001b[32m\"border: 0px; clip: rect(0px, 0px, 0px, 0px); clip-path: inset(50%); height: 1px; margin: 0px -1px -1px 0px; overflow: hidden; padding: 0px; position: absolute; width: 1px; white-space: nowrap;\"\u001b[39m\n                \u001b[33mtabindex\u001b[39m=\u001b[32m\"-1\"\u001b[39m\n                \u001b[33mtype\u001b[39m=\u001b[32m\"file\"\u001b[39m\n              \u001b[36m/>\u001b[39m\n              \u001b[36m<svg\u001b[39m\n                \u001b[33mclass\u001b[39m=\u001b[32m\"lucide lucide-upload mb-2 h-8 w-8 text-primary/60\"\u001b[39m\n                \u001b[33mfill\u001b[39m=\u001b[32m\"none\"\u001b[39m\n                \u001b[33mheight\u001b[39m=\u001b[32m\"24\"\u001b[39m\n                \u001b[33mstroke\u001b[39m=\u001b[32m\"currentColor\"\u001b[39m\n                \u001b[33mstroke-linecap\u001b[39m=\u001b[32m\"round\"\u001b[39m\n                \u001b[33mstroke-linejoin\u001b[39m=\u001b[32m\"round\"\u001b[39m\n                \u001b[33mstroke-width\u001b[39m=\u001b[32m\"2\"\u001b[39m\n                \u001b[33mviewBox\u001b[39m=\u001b[32m\"0 0 24 24\"\u001b[39m\n                \u001b[33mwidth\u001b[39m=\u001b[32m\"24\"\u001b[39m\n                \u001b[33mxmlns\u001b[39m=\u001b[32m\"http://www.w3.org/2000/svg\"\u001b[39m\n              \u001b[36m>\u001b[39m\n                \u001b[36m<path\u001b[39m\n                  \u001b[33md\u001b[39m=\u001b[32m\"M21 15v4a2 2 0 0 1-2 2H5a2 2 0 0 1-2-2v-4\"\u001b[39m\n                \u001b[36m/>\u001b[39m\n                \u001b[36m<polyline\u001b[39m\n                  \u001b[33mpoints\u001b[39m=\u001b[32m\"17 8 12 3 7 8\"\u001b[39m\n                \u001b[36m/>\u001b[39m\n                \u001b[36m<line\u001b[39m\n                  \u001b[33mx1\u001b[39m=\u001b[32m\"12\"\u001b[39m\n                  \u001b[33mx2\u001b[39m=\u001b[32m\"12\"\u001b[39m\n                  \u001b[33my1\u001b[39m=\u001b[32m\"3\"\u001b[39m\n                  \u001b[33my2\u001b[39m=\u001b[32m\"15\"\u001b[39m\n                \u001b[36m/>\u001b[39m\n              \u001b[36m</svg>\u001b[39m\n              \u001b[36m<span\u001b[39m\n                \u001b[33mclass\u001b[39m=\u001b[32m\"text-sm font-medium\"\u001b[39m\n              \u001b[36m>\u001b[39m\n                \u001b[0mClick or drag CSV file here\u001b[0m\n              \u001b[36m</span>\u001b[39m\n              \u001b[36m<span\u001b[39m\n                \u001b[33mclass\u001b[39m=\u001b[32m\"text-xs text-muted-foreground mt-1\"\u001b[39m\n              \u001b[36m>\u001b[39m\n                \u001b[0m(Requires: campaign, adSpend, sales)\u001b[0m\n              \u001b[36m</span>\u001b[39m\n            \u001b[36m</div>\u001b[39m\n            \u001b[36m<button\u001b[39m\n              \u001b[33mclass\u001b[39m=\u001b[32m\"inline-flex items-center justify-center text-sm font-medium ring-offset-background transition-colors focus-visible:outline-none focus-visible:ring-2 focus-visible:ring-ring focus-visible:ring-offset-2 disabled:pointer-events-none disabled:opacity-50 border border-input bg-background hover:bg-accent hover:text-accent-foreground h-9 rounded-md px-3\"\u001b[39m\n            \u001b[36m>\u001b[39m\n              \u001b[36m<svg\u001b[39m\n                \u001b[33mclass\u001b[39m=\u001b[32m\"lucide lucide-download mr-2 h-4 w-4\"\u001b[39m\n                \u001b[33mfill\u001b[39m=\u001b[32m\"none\"\u001b[39m\n                \u001b[33mheight\u001b[39m=\u001b[32m\"24\"\u001b[39m\n                \u001b[33mstroke\u001b[39m=\u001b[32m\"currentColor\"\u001b[39m\n                \u001b[33mstroke-linecap\u001b[39m=\u001b[32m\"round\"\u001b[39m\n        ...\n    at Object.getElementError (C:\\Users\\johnw\\OneDrive\\Desktop\\portfolio\\node_modules\\@testing-library\\react\\node_modules\\@testing-library\\dom\\dist\\config.js:37:19)\n    at C:\\Users\\johnw\\OneDrive\\Desktop\\portfolio\\node_modules\\@testing-library\\react\\node_modules\\@testing-library\\dom\\dist\\query-helpers.js:76:38\n    at C:\\Users\\johnw\\OneDrive\\Desktop\\portfolio\\node_modules\\@testing-library\\react\\node_modules\\@testing-library\\dom\\dist\\query-helpers.js:52:17\n    at C:\\Users\\johnw\\OneDrive\\Desktop\\portfolio\\node_modules\\@testing-library\\react\\node_modules\\@testing-library\\dom\\dist\\query-helpers.js:95:19\n    at getByTestId (C:\\Users\\johnw\\OneDrive\\Desktop\\portfolio\\src\\__tests__\\components\\amazon-seller-tools\\acos-calculator.test.tsx:21:31)\n    at tryCatch (C:\\Users\\johnw\\OneDrive\\Desktop\\portfolio\\node_modules\\@babel\\runtime\\helpers\\regeneratorRuntime.js:45:16)\n    at Generator.<anonymous> (C:\\Users\\johnw\\OneDrive\\Desktop\\portfolio\\node_modules\\@babel\\runtime\\helpers\\regeneratorRuntime.js:133:17)\n    at Generator.next (C:\\Users\\johnw\\OneDrive\\Desktop\\portfolio\\node_modules\\@babel\\runtime\\helpers\\regeneratorRuntime.js:74:21)\n    at asyncGeneratorStep (C:\\Users\\johnw\\OneDrive\\Desktop\\portfolio\\node_modules\\@babel\\runtime\\helpers\\asyncToGenerator.js:3:17)\n    at _next (C:\\Users\\johnw\\OneDrive\\Desktop\\portfolio\\node_modules\\@babel\\runtime\\helpers\\asyncToGenerator.js:17:9)\n    at C:\\Users\\johnw\\OneDrive\\Desktop\\portfolio\\node_modules\\@babel\\runtime\\helpers\\asyncToGenerator.js:22:7\n    at new Promise (<anonymous>)\n    at Object.<anonymous> (C:\\Users\\johnw\\OneDrive\\Desktop\\portfolio\\node_modules\\@babel\\runtime\\helpers\\asyncToGenerator.js:14:12)\n    at Promise.then.completed (C:\\Users\\johnw\\OneDrive\\Desktop\\portfolio\\node_modules\\jest-circus\\build\\utils.js:298:28)\n    at new Promise (<anonymous>)\n    at callAsyncCircusFn (C:\\Users\\johnw\\OneDrive\\Desktop\\portfolio\\node_modules\\jest-circus\\build\\utils.js:231:10)\n    at _callCircusTest (C:\\Users\\johnw\\OneDrive\\Desktop\\portfolio\\node_modules\\jest-circus\\build\\run.js:316:40)\n    at processTicksAndRejections (node:internal/process/task_queues:105:5)\n    at _runTest (C:\\Users\\johnw\\OneDrive\\Desktop\\portfolio\\node_modules\\jest-circus\\build\\run.js:252:3)\n    at _runTestsForDescribeBlock (C:\\Users\\johnw\\OneDrive\\Desktop\\portfolio\\node_modules\\jest-circus\\build\\run.js:126:9)\n    at _runTestsForDescribeBlock (C:\\Users\\johnw\\OneDrive\\Desktop\\portfolio\\node_modules\\jest-circus\\build\\run.js:121:9)\n    at run (C:\\Users\\johnw\\OneDrive\\Desktop\\portfolio\\node_modules\\jest-circus\\build\\run.js:71:3)\n    at runAndTransformResultsToJestFormat (C:\\Users\\johnw\\OneDrive\\Desktop\\portfolio\\node_modules\\jest-circus\\build\\legacy-code-todo-rewrite\\jestAdapterInit.js:122:21)\n    at jestAdapter (C:\\Users\\johnw\\OneDrive\\Desktop\\portfolio\\node_modules\\jest-circus\\build\\legacy-code-todo-rewrite\\jestAdapter.js:79:19)\n    at runTestInternal (C:\\Users\\johnw\\OneDrive\\Desktop\\portfolio\\node_modules\\jest-runner\\build\\runTest.js:367:16)\n    at runTest (C:\\Users\\johnw\\OneDrive\\Desktop\\portfolio\\node_modules\\jest-runner\\build\\runTest.js:444:34)\n    at Object.worker (C:\\Users\\johnw\\OneDrive\\Desktop\\portfolio\\node_modules\\jest-runner\\build\\testWorker.js:106:12)"],"fullName":"AcosCalculator Component calculates ACoS correctly with valid input","invocations":1,"location":null,"numPassingAsserts":0,"retryReasons":[],"status":"failed","title":"calculates ACoS correctly with valid input"},{"ancestorTitles":["AcosCalculator Component"],"duration":134,"failureDetails":[{"name":"TestingLibraryElementError"}],"failureMessages":["TestingLibraryElementError: Unable to find an element by: [data-testid=\"sales-input\"]\n\nIgnored nodes: comments, script, style\n\u001b[36m<body>\u001b[39m\n  \u001b[36m<div>\u001b[39m\n    \u001b[36m<div\u001b[39m\n      \u001b[33mclass\u001b[39m=\u001b[32m\"space-y-6\"\u001b[39m\n    \u001b[36m>\u001b[39m\n      \u001b[36m<div\u001b[39m\n        \u001b[33mclass\u001b[39m=\u001b[32m\"bg-blue-50 dark:bg-blue-900/20 p-4 rounded-lg flex items-start gap-3\"\u001b[39m\n      \u001b[36m>\u001b[39m\n        \u001b[36m<svg\u001b[39m\n          \u001b[33mclass\u001b[39m=\u001b[32m\"lucide lucide-info h-5 w-5 text-blue-500 mt-0.5 flex-shrink-0\"\u001b[39m\n          \u001b[33mfill\u001b[39m=\u001b[32m\"none\"\u001b[39m\n          \u001b[33mheight\u001b[39m=\u001b[32m\"24\"\u001b[39m\n          \u001b[33mstroke\u001b[39m=\u001b[32m\"currentColor\"\u001b[39m\n          \u001b[33mstroke-linecap\u001b[39m=\u001b[32m\"round\"\u001b[39m\n          \u001b[33mstroke-linejoin\u001b[39m=\u001b[32m\"round\"\u001b[39m\n          \u001b[33mstroke-width\u001b[39m=\u001b[32m\"2\"\u001b[39m\n          \u001b[33mviewBox\u001b[39m=\u001b[32m\"0 0 24 24\"\u001b[39m\n          \u001b[33mwidth\u001b[39m=\u001b[32m\"24\"\u001b[39m\n          \u001b[33mxmlns\u001b[39m=\u001b[32m\"http://www.w3.org/2000/svg\"\u001b[39m\n        \u001b[36m>\u001b[39m\n          \u001b[36m<circle\u001b[39m\n            \u001b[33mcx\u001b[39m=\u001b[32m\"12\"\u001b[39m\n            \u001b[33mcy\u001b[39m=\u001b[32m\"12\"\u001b[39m\n            \u001b[33mr\u001b[39m=\u001b[32m\"10\"\u001b[39m\n          \u001b[36m/>\u001b[39m\n          \u001b[36m<path\u001b[39m\n            \u001b[33md\u001b[39m=\u001b[32m\"M12 16v-4\"\u001b[39m\n          \u001b[36m/>\u001b[39m\n          \u001b[36m<path\u001b[39m\n            \u001b[33md\u001b[39m=\u001b[32m\"M12 8h.01\"\u001b[39m\n          \u001b[36m/>\u001b[39m\n        \u001b[36m</svg>\u001b[39m\n        \u001b[36m<div\u001b[39m\n          \u001b[33mclass\u001b[39m=\u001b[32m\"text-sm text-blue-700 dark:text-blue-300\"\u001b[39m\n        \u001b[36m>\u001b[39m\n          \u001b[36m<p\u001b[39m\n            \u001b[33mclass\u001b[39m=\u001b[32m\"font-medium\"\u001b[39m\n          \u001b[36m>\u001b[39m\n            \u001b[0mHow it Works:\u001b[0m\n          \u001b[36m</p>\u001b[39m\n          \u001b[36m<ul\u001b[39m\n            \u001b[33mclass\u001b[39m=\u001b[32m\"list-disc list-inside ml-4\"\u001b[39m\n          \u001b[36m>\u001b[39m\n            \u001b[36m<li>\u001b[39m\n              \u001b[0mUpload a CSV with columns: \u001b[0m\n              \u001b[36m<code>\u001b[39m\n                \u001b[0mcampaign\u001b[0m\n              \u001b[36m</code>\u001b[39m\n              \u001b[0m,\u001b[0m\n              \u001b[0m \u001b[0m\n              \u001b[36m<code>\u001b[39m\n                \u001b[0madSpend\u001b[0m\n              \u001b[36m</code>\u001b[39m\n              \u001b[0m, \u001b[0m\n              \u001b[36m<code>\u001b[39m\n                \u001b[0msales\u001b[0m\n              \u001b[36m</code>\u001b[39m\n              \u001b[0m. Optional:\u001b[0m\n              \u001b[0m \u001b[0m\n              \u001b[36m<code>\u001b[39m\n                \u001b[0mimpressions\u001b[0m\n              \u001b[36m</code>\u001b[39m\n              \u001b[0m, \u001b[0m\n              \u001b[36m<code>\u001b[39m\n                \u001b[0mclicks\u001b[0m\n              \u001b[36m</code>\u001b[39m\n              \u001b[0m.\u001b[0m\n            \u001b[36m</li>\u001b[39m\n            \u001b[36m<li>\u001b[39m\n              \u001b[0mOr, manually enter data for a single campaign.\u001b[0m\n            \u001b[36m</li>\u001b[39m\n            \u001b[36m<li>\u001b[39m\n              \u001b[0mThe tool calculates ACoS (Advertising Cost of Sales), ROAS (Return on Ad Spend), and other PPC metrics if data is available.\u001b[0m\n            \u001b[36m</li>\u001b[39m\n            \u001b[36m<li>\u001b[39m\n              \u001b[0mVisualize the distribution of a selected metric.\u001b[0m\n            \u001b[36m</li>\u001b[39m\n            \u001b[36m<li>\u001b[39m\n              \u001b[0mExport the results to a new CSV file.\u001b[0m\n            \u001b[36m</li>\u001b[39m\n          \u001b[36m</ul>\u001b[39m\n        \u001b[36m</div>\u001b[39m\n      \u001b[36m</div>\u001b[39m\n      \u001b[36m<div\u001b[39m\n        \u001b[33mclass\u001b[39m=\u001b[32m\"grid grid-cols-1 md:grid-cols-2 gap-6\"\u001b[39m\n      \u001b[36m>\u001b[39m\n        \u001b[36m<div\u001b[39m\n          \u001b[33mclass\u001b[39m=\u001b[32m\"rounded-lg border bg-card text-card-foreground shadow-sm\"\u001b[39m\n        \u001b[36m>\u001b[39m\n          \u001b[36m<div\u001b[39m\n            \u001b[33mclass\u001b[39m=\u001b[32m\"flex flex-col space-y-1.5 p-6\"\u001b[39m\n          \u001b[36m>\u001b[39m\n            \u001b[36m<h3\u001b[39m\n              \u001b[33mclass\u001b[39m=\u001b[32m\"text-lg font-semibold leading-none tracking-tight\"\u001b[39m\n            \u001b[36m>\u001b[39m\n              \u001b[0mUpload Campaign Data\u001b[0m\n            \u001b[36m</h3>\u001b[39m\n          \u001b[36m</div>\u001b[39m\n          \u001b[36m<div\u001b[39m\n            \u001b[33mclass\u001b[39m=\u001b[32m\"p-6 pt-0\"\u001b[39m\n          \u001b[36m>\u001b[39m\n            \u001b[36m<div\u001b[39m\n              \u001b[33mclass\u001b[39m=\u001b[32m\"relative flex w-full cursor-pointer flex-col items-center justify-center rounded-lg border-2 border-dashed border-primary/40 bg-background p-6 text-center transition-colors hover:bg-primary/5 \"\u001b[39m\n              \u001b[33mrole\u001b[39m=\u001b[32m\"presentation\"\u001b[39m\n              \u001b[33mtabindex\u001b[39m=\u001b[32m\"0\"\u001b[39m\n            \u001b[36m>\u001b[39m\n              \u001b[36m<input\u001b[39m\n                \u001b[33maccept\u001b[39m=\u001b[32m\"text/csv,.csv\"\u001b[39m\n                \u001b[33mstyle\u001b[39m=\u001b[32m\"border: 0px; clip: rect(0px, 0px, 0px, 0px); clip-path: inset(50%); height: 1px; margin: 0px -1px -1px 0px; overflow: hidden; padding: 0px; position: absolute; width: 1px; white-space: nowrap;\"\u001b[39m\n                \u001b[33mtabindex\u001b[39m=\u001b[32m\"-1\"\u001b[39m\n                \u001b[33mtype\u001b[39m=\u001b[32m\"file\"\u001b[39m\n              \u001b[36m/>\u001b[39m\n              \u001b[36m<svg\u001b[39m\n                \u001b[33mclass\u001b[39m=\u001b[32m\"lucide lucide-upload mb-2 h-8 w-8 text-primary/60\"\u001b[39m\n                \u001b[33mfill\u001b[39m=\u001b[32m\"none\"\u001b[39m\n                \u001b[33mheight\u001b[39m=\u001b[32m\"24\"\u001b[39m\n                \u001b[33mstroke\u001b[39m=\u001b[32m\"currentColor\"\u001b[39m\n                \u001b[33mstroke-linecap\u001b[39m=\u001b[32m\"round\"\u001b[39m\n                \u001b[33mstroke-linejoin\u001b[39m=\u001b[32m\"round\"\u001b[39m\n                \u001b[33mstroke-width\u001b[39m=\u001b[32m\"2\"\u001b[39m\n                \u001b[33mviewBox\u001b[39m=\u001b[32m\"0 0 24 24\"\u001b[39m\n                \u001b[33mwidth\u001b[39m=\u001b[32m\"24\"\u001b[39m\n                \u001b[33mxmlns\u001b[39m=\u001b[32m\"http://www.w3.org/2000/svg\"\u001b[39m\n              \u001b[36m>\u001b[39m\n                \u001b[36m<path\u001b[39m\n                  \u001b[33md\u001b[39m=\u001b[32m\"M21 15v4a2 2 0 0 1-2 2H5a2 2 0 0 1-2-2v-4\"\u001b[39m\n                \u001b[36m/>\u001b[39m\n                \u001b[36m<polyline\u001b[39m\n                  \u001b[33mpoints\u001b[39m=\u001b[32m\"17 8 12 3 7 8\"\u001b[39m\n                \u001b[36m/>\u001b[39m\n                \u001b[36m<line\u001b[39m\n                  \u001b[33mx1\u001b[39m=\u001b[32m\"12\"\u001b[39m\n                  \u001b[33mx2\u001b[39m=\u001b[32m\"12\"\u001b[39m\n                  \u001b[33my1\u001b[39m=\u001b[32m\"3\"\u001b[39m\n                  \u001b[33my2\u001b[39m=\u001b[32m\"15\"\u001b[39m\n                \u001b[36m/>\u001b[39m\n              \u001b[36m</svg>\u001b[39m\n              \u001b[36m<span\u001b[39m\n                \u001b[33mclass\u001b[39m=\u001b[32m\"text-sm font-medium\"\u001b[39m\n              \u001b[36m>\u001b[39m\n                \u001b[0mClick or drag CSV file here\u001b[0m\n              \u001b[36m</span>\u001b[39m\n              \u001b[36m<span\u001b[39m\n                \u001b[33mclass\u001b[39m=\u001b[32m\"text-xs text-muted-foreground mt-1\"\u001b[39m\n              \u001b[36m>\u001b[39m\n                \u001b[0m(Requires: campaign, adSpend, sales)\u001b[0m\n              \u001b[36m</span>\u001b[39m\n            \u001b[36m</div>\u001b[39m\n            \u001b[36m<button\u001b[39m\n              \u001b[33mclass\u001b[39m=\u001b[32m\"inline-flex items-center justify-center text-sm font-medium ring-offset-background transition-colors focus-visible:outline-none focus-visible:ring-2 focus-visible:ring-ring focus-visible:ring-offset-2 disabled:pointer-events-none disabled:opacity-50 border border-input bg-background hover:bg-accent hover:text-accent-foreground h-9 rounded-md px-3\"\u001b[39m\n            \u001b[36m>\u001b[39m\n              \u001b[36m<svg\u001b[39m\n                \u001b[33mclass\u001b[39m=\u001b[32m\"lucide lucide-download mr-2 h-4 w-4\"\u001b[39m\n                \u001b[33mfill\u001b[39m=\u001b[32m\"none\"\u001b[39m\n                \u001b[33mheight\u001b[39m=\u001b[32m\"24\"\u001b[39m\n                \u001b[33mstroke\u001b[39m=\u001b[32m\"currentColor\"\u001b[39m\n                \u001b[33mstroke-linecap\u001b[39m=\u001b[32m\"round\"\u001b[39m\n        ...\n    at Object.getElementError (C:\\Users\\johnw\\OneDrive\\Desktop\\portfolio\\node_modules\\@testing-library\\react\\node_modules\\@testing-library\\dom\\dist\\config.js:37:19)\n    at C:\\Users\\johnw\\OneDrive\\Desktop\\portfolio\\node_modules\\@testing-library\\react\\node_modules\\@testing-library\\dom\\dist\\query-helpers.js:76:38\n    at C:\\Users\\johnw\\OneDrive\\Desktop\\portfolio\\node_modules\\@testing-library\\react\\node_modules\\@testing-library\\dom\\dist\\query-helpers.js:52:17\n    at C:\\Users\\johnw\\OneDrive\\Desktop\\portfolio\\node_modules\\@testing-library\\react\\node_modules\\@testing-library\\dom\\dist\\query-helpers.js:95:19\n    at getByTestId (C:\\Users\\johnw\\OneDrive\\Desktop\\portfolio\\src\\__tests__\\components\\amazon-seller-tools\\acos-calculator.test.tsx:40:31)\n    at tryCatch (C:\\Users\\johnw\\OneDrive\\Desktop\\portfolio\\node_modules\\@babel\\runtime\\helpers\\regeneratorRuntime.js:45:16)\n    at Generator.<anonymous> (C:\\Users\\johnw\\OneDrive\\Desktop\\portfolio\\node_modules\\@babel\\runtime\\helpers\\regeneratorRuntime.js:133:17)\n    at Generator.next (C:\\Users\\johnw\\OneDrive\\Desktop\\portfolio\\node_modules\\@babel\\runtime\\helpers\\regeneratorRuntime.js:74:21)\n    at asyncGeneratorStep (C:\\Users\\johnw\\OneDrive\\Desktop\\portfolio\\node_modules\\@babel\\runtime\\helpers\\asyncToGenerator.js:3:17)\n    at _next (C:\\Users\\johnw\\OneDrive\\Desktop\\portfolio\\node_modules\\@babel\\runtime\\helpers\\asyncToGenerator.js:17:9)\n    at C:\\Users\\johnw\\OneDrive\\Desktop\\portfolio\\node_modules\\@babel\\runtime\\helpers\\asyncToGenerator.js:22:7\n    at new Promise (<anonymous>)\n    at Object.<anonymous> (C:\\Users\\johnw\\OneDrive\\Desktop\\portfolio\\node_modules\\@babel\\runtime\\helpers\\asyncToGenerator.js:14:12)\n    at Promise.then.completed (C:\\Users\\johnw\\OneDrive\\Desktop\\portfolio\\node_modules\\jest-circus\\build\\utils.js:298:28)\n    at new Promise (<anonymous>)\n    at callAsyncCircusFn (C:\\Users\\johnw\\OneDrive\\Desktop\\portfolio\\node_modules\\jest-circus\\build\\utils.js:231:10)\n    at _callCircusTest (C:\\Users\\johnw\\OneDrive\\Desktop\\portfolio\\node_modules\\jest-circus\\build\\run.js:316:40)\n    at processTicksAndRejections (node:internal/process/task_queues:105:5)\n    at _runTest (C:\\Users\\johnw\\OneDrive\\Desktop\\portfolio\\node_modules\\jest-circus\\build\\run.js:252:3)\n    at _runTestsForDescribeBlock (C:\\Users\\johnw\\OneDrive\\Desktop\\portfolio\\node_modules\\jest-circus\\build\\run.js:126:9)\n    at _runTestsForDescribeBlock (C:\\Users\\johnw\\OneDrive\\Desktop\\portfolio\\node_modules\\jest-circus\\build\\run.js:121:9)\n    at run (C:\\Users\\johnw\\OneDrive\\Desktop\\portfolio\\node_modules\\jest-circus\\build\\run.js:71:3)\n    at runAndTransformResultsToJestFormat (C:\\Users\\johnw\\OneDrive\\Desktop\\portfolio\\node_modules\\jest-circus\\build\\legacy-code-todo-rewrite\\jestAdapterInit.js:122:21)\n    at jestAdapter (C:\\Users\\johnw\\OneDrive\\Desktop\\portfolio\\node_modules\\jest-circus\\build\\legacy-code-todo-rewrite\\jestAdapter.js:79:19)\n    at runTestInternal (C:\\Users\\johnw\\OneDrive\\Desktop\\portfolio\\node_modules\\jest-runner\\build\\runTest.js:367:16)\n    at runTest (C:\\Users\\johnw\\OneDrive\\Desktop\\portfolio\\node_modules\\jest-runner\\build\\runTest.js:444:34)\n    at Object.worker (C:\\Users\\johnw\\OneDrive\\Desktop\\portfolio\\node_modules\\jest-runner\\build\\testWorker.js:106:12)"],"fullName":"AcosCalculator Component displays validation errors for invalid input","invocations":1,"location":null,"numPassingAsserts":0,"retryReasons":[],"status":"failed","title":"displays validation errors for invalid input"},{"ancestorTitles":["AcosCalculator Component"],"duration":156,"failureDetails":[{"name":"TestingLibraryElementError"}],"failureMessages":["TestingLibraryElementError: Unable to find an element by: [data-testid=\"sales-input\"]\n\nIgnored nodes: comments, script, style\n\u001b[36m<body>\u001b[39m\n  \u001b[36m<div>\u001b[39m\n    \u001b[36m<div\u001b[39m\n      \u001b[33mclass\u001b[39m=\u001b[32m\"space-y-6\"\u001b[39m\n    \u001b[36m>\u001b[39m\n      \u001b[36m<div\u001b[39m\n        \u001b[33mclass\u001b[39m=\u001b[32m\"bg-blue-50 dark:bg-blue-900/20 p-4 rounded-lg flex items-start gap-3\"\u001b[39m\n      \u001b[36m>\u001b[39m\n        \u001b[36m<svg\u001b[39m\n          \u001b[33mclass\u001b[39m=\u001b[32m\"lucide lucide-info h-5 w-5 text-blue-500 mt-0.5 flex-shrink-0\"\u001b[39m\n          \u001b[33mfill\u001b[39m=\u001b[32m\"none\"\u001b[39m\n          \u001b[33mheight\u001b[39m=\u001b[32m\"24\"\u001b[39m\n          \u001b[33mstroke\u001b[39m=\u001b[32m\"currentColor\"\u001b[39m\n          \u001b[33mstroke-linecap\u001b[39m=\u001b[32m\"round\"\u001b[39m\n          \u001b[33mstroke-linejoin\u001b[39m=\u001b[32m\"round\"\u001b[39m\n          \u001b[33mstroke-width\u001b[39m=\u001b[32m\"2\"\u001b[39m\n          \u001b[33mviewBox\u001b[39m=\u001b[32m\"0 0 24 24\"\u001b[39m\n          \u001b[33mwidth\u001b[39m=\u001b[32m\"24\"\u001b[39m\n          \u001b[33mxmlns\u001b[39m=\u001b[32m\"http://www.w3.org/2000/svg\"\u001b[39m\n        \u001b[36m>\u001b[39m\n          \u001b[36m<circle\u001b[39m\n            \u001b[33mcx\u001b[39m=\u001b[32m\"12\"\u001b[39m\n            \u001b[33mcy\u001b[39m=\u001b[32m\"12\"\u001b[39m\n            \u001b[33mr\u001b[39m=\u001b[32m\"10\"\u001b[39m\n          \u001b[36m/>\u001b[39m\n          \u001b[36m<path\u001b[39m\n            \u001b[33md\u001b[39m=\u001b[32m\"M12 16v-4\"\u001b[39m\n          \u001b[36m/>\u001b[39m\n          \u001b[36m<path\u001b[39m\n            \u001b[33md\u001b[39m=\u001b[32m\"M12 8h.01\"\u001b[39m\n          \u001b[36m/>\u001b[39m\n        \u001b[36m</svg>\u001b[39m\n        \u001b[36m<div\u001b[39m\n          \u001b[33mclass\u001b[39m=\u001b[32m\"text-sm text-blue-700 dark:text-blue-300\"\u001b[39m\n        \u001b[36m>\u001b[39m\n          \u001b[36m<p\u001b[39m\n            \u001b[33mclass\u001b[39m=\u001b[32m\"font-medium\"\u001b[39m\n          \u001b[36m>\u001b[39m\n            \u001b[0mHow it Works:\u001b[0m\n          \u001b[36m</p>\u001b[39m\n          \u001b[36m<ul\u001b[39m\n            \u001b[33mclass\u001b[39m=\u001b[32m\"list-disc list-inside ml-4\"\u001b[39m\n          \u001b[36m>\u001b[39m\n            \u001b[36m<li>\u001b[39m\n              \u001b[0mUpload a CSV with columns: \u001b[0m\n              \u001b[36m<code>\u001b[39m\n                \u001b[0mcampaign\u001b[0m\n              \u001b[36m</code>\u001b[39m\n              \u001b[0m,\u001b[0m\n              \u001b[0m \u001b[0m\n              \u001b[36m<code>\u001b[39m\n                \u001b[0madSpend\u001b[0m\n              \u001b[36m</code>\u001b[39m\n              \u001b[0m, \u001b[0m\n              \u001b[36m<code>\u001b[39m\n                \u001b[0msales\u001b[0m\n              \u001b[36m</code>\u001b[39m\n              \u001b[0m. Optional:\u001b[0m\n              \u001b[0m \u001b[0m\n              \u001b[36m<code>\u001b[39m\n                \u001b[0mimpressions\u001b[0m\n              \u001b[36m</code>\u001b[39m\n              \u001b[0m, \u001b[0m\n              \u001b[36m<code>\u001b[39m\n                \u001b[0mclicks\u001b[0m\n              \u001b[36m</code>\u001b[39m\n              \u001b[0m.\u001b[0m\n            \u001b[36m</li>\u001b[39m\n            \u001b[36m<li>\u001b[39m\n              \u001b[0mOr, manually enter data for a single campaign.\u001b[0m\n            \u001b[36m</li>\u001b[39m\n            \u001b[36m<li>\u001b[39m\n              \u001b[0mThe tool calculates ACoS (Advertising Cost of Sales), ROAS (Return on Ad Spend), and other PPC metrics if data is available.\u001b[0m\n            \u001b[36m</li>\u001b[39m\n            \u001b[36m<li>\u001b[39m\n              \u001b[0mVisualize the distribution of a selected metric.\u001b[0m\n            \u001b[36m</li>\u001b[39m\n            \u001b[36m<li>\u001b[39m\n              \u001b[0mExport the results to a new CSV file.\u001b[0m\n            \u001b[36m</li>\u001b[39m\n          \u001b[36m</ul>\u001b[39m\n        \u001b[36m</div>\u001b[39m\n      \u001b[36m</div>\u001b[39m\n      \u001b[36m<div\u001b[39m\n        \u001b[33mclass\u001b[39m=\u001b[32m\"grid grid-cols-1 md:grid-cols-2 gap-6\"\u001b[39m\n      \u001b[36m>\u001b[39m\n        \u001b[36m<div\u001b[39m\n          \u001b[33mclass\u001b[39m=\u001b[32m\"rounded-lg border bg-card text-card-foreground shadow-sm\"\u001b[39m\n        \u001b[36m>\u001b[39m\n          \u001b[36m<div\u001b[39m\n            \u001b[33mclass\u001b[39m=\u001b[32m\"flex flex-col space-y-1.5 p-6\"\u001b[39m\n          \u001b[36m>\u001b[39m\n            \u001b[36m<h3\u001b[39m\n              \u001b[33mclass\u001b[39m=\u001b[32m\"text-lg font-semibold leading-none tracking-tight\"\u001b[39m\n            \u001b[36m>\u001b[39m\n              \u001b[0mUpload Campaign Data\u001b[0m\n            \u001b[36m</h3>\u001b[39m\n          \u001b[36m</div>\u001b[39m\n          \u001b[36m<div\u001b[39m\n            \u001b[33mclass\u001b[39m=\u001b[32m\"p-6 pt-0\"\u001b[39m\n          \u001b[36m>\u001b[39m\n            \u001b[36m<div\u001b[39m\n              \u001b[33mclass\u001b[39m=\u001b[32m\"relative flex w-full cursor-pointer flex-col items-center justify-center rounded-lg border-2 border-dashed border-primary/40 bg-background p-6 text-center transition-colors hover:bg-primary/5 \"\u001b[39m\n              \u001b[33mrole\u001b[39m=\u001b[32m\"presentation\"\u001b[39m\n              \u001b[33mtabindex\u001b[39m=\u001b[32m\"0\"\u001b[39m\n            \u001b[36m>\u001b[39m\n              \u001b[36m<input\u001b[39m\n                \u001b[33maccept\u001b[39m=\u001b[32m\"text/csv,.csv\"\u001b[39m\n                \u001b[33mstyle\u001b[39m=\u001b[32m\"border: 0px; clip: rect(0px, 0px, 0px, 0px); clip-path: inset(50%); height: 1px; margin: 0px -1px -1px 0px; overflow: hidden; padding: 0px; position: absolute; width: 1px; white-space: nowrap;\"\u001b[39m\n                \u001b[33mtabindex\u001b[39m=\u001b[32m\"-1\"\u001b[39m\n                \u001b[33mtype\u001b[39m=\u001b[32m\"file\"\u001b[39m\n              \u001b[36m/>\u001b[39m\n              \u001b[36m<svg\u001b[39m\n                \u001b[33mclass\u001b[39m=\u001b[32m\"lucide lucide-upload mb-2 h-8 w-8 text-primary/60\"\u001b[39m\n                \u001b[33mfill\u001b[39m=\u001b[32m\"none\"\u001b[39m\n                \u001b[33mheight\u001b[39m=\u001b[32m\"24\"\u001b[39m\n                \u001b[33mstroke\u001b[39m=\u001b[32m\"currentColor\"\u001b[39m\n                \u001b[33mstroke-linecap\u001b[39m=\u001b[32m\"round\"\u001b[39m\n                \u001b[33mstroke-linejoin\u001b[39m=\u001b[32m\"round\"\u001b[39m\n                \u001b[33mstroke-width\u001b[39m=\u001b[32m\"2\"\u001b[39m\n                \u001b[33mviewBox\u001b[39m=\u001b[32m\"0 0 24 24\"\u001b[39m\n                \u001b[33mwidth\u001b[39m=\u001b[32m\"24\"\u001b[39m\n                \u001b[33mxmlns\u001b[39m=\u001b[32m\"http://www.w3.org/2000/svg\"\u001b[39m\n              \u001b[36m>\u001b[39m\n                \u001b[36m<path\u001b[39m\n                  \u001b[33md\u001b[39m=\u001b[32m\"M21 15v4a2 2 0 0 1-2 2H5a2 2 0 0 1-2-2v-4\"\u001b[39m\n                \u001b[36m/>\u001b[39m\n                \u001b[36m<polyline\u001b[39m\n                  \u001b[33mpoints\u001b[39m=\u001b[32m\"17 8 12 3 7 8\"\u001b[39m\n                \u001b[36m/>\u001b[39m\n                \u001b[36m<line\u001b[39m\n                  \u001b[33mx1\u001b[39m=\u001b[32m\"12\"\u001b[39m\n                  \u001b[33mx2\u001b[39m=\u001b[32m\"12\"\u001b[39m\n                  \u001b[33my1\u001b[39m=\u001b[32m\"3\"\u001b[39m\n                  \u001b[33my2\u001b[39m=\u001b[32m\"15\"\u001b[39m\n                \u001b[36m/>\u001b[39m\n              \u001b[36m</svg>\u001b[39m\n              \u001b[36m<span\u001b[39m\n                \u001b[33mclass\u001b[39m=\u001b[32m\"text-sm font-medium\"\u001b[39m\n              \u001b[36m>\u001b[39m\n                \u001b[0mClick or drag CSV file here\u001b[0m\n              \u001b[36m</span>\u001b[39m\n              \u001b[36m<span\u001b[39m\n                \u001b[33mclass\u001b[39m=\u001b[32m\"text-xs text-muted-foreground mt-1\"\u001b[39m\n              \u001b[36m>\u001b[39m\n                \u001b[0m(Requires: campaign, adSpend, sales)\u001b[0m\n              \u001b[36m</span>\u001b[39m\n            \u001b[36m</div>\u001b[39m\n            \u001b[36m<button\u001b[39m\n              \u001b[33mclass\u001b[39m=\u001b[32m\"inline-flex items-center justify-center text-sm font-medium ring-offset-background transition-colors focus-visible:outline-none focus-visible:ring-2 focus-visible:ring-ring focus-visible:ring-offset-2 disabled:pointer-events-none disabled:opacity-50 border border-input bg-background hover:bg-accent hover:text-accent-foreground h-9 rounded-md px-3\"\u001b[39m\n            \u001b[36m>\u001b[39m\n              \u001b[36m<svg\u001b[39m\n                \u001b[33mclass\u001b[39m=\u001b[32m\"lucide lucide-download mr-2 h-4 w-4\"\u001b[39m\n                \u001b[33mfill\u001b[39m=\u001b[32m\"none\"\u001b[39m\n                \u001b[33mheight\u001b[39m=\u001b[32m\"24\"\u001b[39m\n                \u001b[33mstroke\u001b[39m=\u001b[32m\"currentColor\"\u001b[39m\n                \u001b[33mstroke-linecap\u001b[39m=\u001b[32m\"round\"\u001b[39m\n        ...\n    at Object.getElementError (C:\\Users\\johnw\\OneDrive\\Desktop\\portfolio\\node_modules\\@testing-library\\react\\node_modules\\@testing-library\\dom\\dist\\config.js:37:19)\n    at C:\\Users\\johnw\\OneDrive\\Desktop\\portfolio\\node_modules\\@testing-library\\react\\node_modules\\@testing-library\\dom\\dist\\query-helpers.js:76:38\n    at C:\\Users\\johnw\\OneDrive\\Desktop\\portfolio\\node_modules\\@testing-library\\react\\node_modules\\@testing-library\\dom\\dist\\query-helpers.js:52:17\n    at C:\\Users\\johnw\\OneDrive\\Desktop\\portfolio\\node_modules\\@testing-library\\react\\node_modules\\@testing-library\\dom\\dist\\query-helpers.js:95:19\n    at getByTestId (C:\\Users\\johnw\\OneDrive\\Desktop\\portfolio\\src\\__tests__\\components\\amazon-seller-tools\\acos-calculator.test.tsx:65:31)\n    at tryCatch (C:\\Users\\johnw\\OneDrive\\Desktop\\portfolio\\node_modules\\@babel\\runtime\\helpers\\regeneratorRuntime.js:45:16)\n    at Generator.<anonymous> (C:\\Users\\johnw\\OneDrive\\Desktop\\portfolio\\node_modules\\@babel\\runtime\\helpers\\regeneratorRuntime.js:133:17)\n    at Generator.next (C:\\Users\\johnw\\OneDrive\\Desktop\\portfolio\\node_modules\\@babel\\runtime\\helpers\\regeneratorRuntime.js:74:21)\n    at asyncGeneratorStep (C:\\Users\\johnw\\OneDrive\\Desktop\\portfolio\\node_modules\\@babel\\runtime\\helpers\\asyncToGenerator.js:3:17)\n    at _next (C:\\Users\\johnw\\OneDrive\\Desktop\\portfolio\\node_modules\\@babel\\runtime\\helpers\\asyncToGenerator.js:17:9)\n    at C:\\Users\\johnw\\OneDrive\\Desktop\\portfolio\\node_modules\\@babel\\runtime\\helpers\\asyncToGenerator.js:22:7\n    at new Promise (<anonymous>)\n    at Object.<anonymous> (C:\\Users\\johnw\\OneDrive\\Desktop\\portfolio\\node_modules\\@babel\\runtime\\helpers\\asyncToGenerator.js:14:12)\n    at Promise.then.completed (C:\\Users\\johnw\\OneDrive\\Desktop\\portfolio\\node_modules\\jest-circus\\build\\utils.js:298:28)\n    at new Promise (<anonymous>)\n    at callAsyncCircusFn (C:\\Users\\johnw\\OneDrive\\Desktop\\portfolio\\node_modules\\jest-circus\\build\\utils.js:231:10)\n    at _callCircusTest (C:\\Users\\johnw\\OneDrive\\Desktop\\portfolio\\node_modules\\jest-circus\\build\\run.js:316:40)\n    at processTicksAndRejections (node:internal/process/task_queues:105:5)\n    at _runTest (C:\\Users\\johnw\\OneDrive\\Desktop\\portfolio\\node_modules\\jest-circus\\build\\run.js:252:3)\n    at _runTestsForDescribeBlock (C:\\Users\\johnw\\OneDrive\\Desktop\\portfolio\\node_modules\\jest-circus\\build\\run.js:126:9)\n    at _runTestsForDescribeBlock (C:\\Users\\johnw\\OneDrive\\Desktop\\portfolio\\node_modules\\jest-circus\\build\\run.js:121:9)\n    at run (C:\\Users\\johnw\\OneDrive\\Desktop\\portfolio\\node_modules\\jest-circus\\build\\run.js:71:3)\n    at runAndTransformResultsToJestFormat (C:\\Users\\johnw\\OneDrive\\Desktop\\portfolio\\node_modules\\jest-circus\\build\\legacy-code-todo-rewrite\\jestAdapterInit.js:122:21)\n    at jestAdapter (C:\\Users\\johnw\\OneDrive\\Desktop\\portfolio\\node_modules\\jest-circus\\build\\legacy-code-todo-rewrite\\jestAdapter.js:79:19)\n    at runTestInternal (C:\\Users\\johnw\\OneDrive\\Desktop\\portfolio\\node_modules\\jest-runner\\build\\runTest.js:367:16)\n    at runTest (C:\\Users\\johnw\\OneDrive\\Desktop\\portfolio\\node_modules\\jest-runner\\build\\runTest.js:444:34)\n    at Object.worker (C:\\Users\\johnw\\OneDrive\\Desktop\\portfolio\\node_modules\\jest-runner\\build\\testWorker.js:106:12)"],"fullName":"AcosCalculator Component calculates ACoS correctly with zero ad spend","invocations":1,"location":null,"numPassingAsserts":0,"retryReasons":[],"status":"failed","title":"calculates ACoS correctly with zero ad spend"},{"ancestorTitles":["AcosCalculator Component"],"duration":117,"failureDetails":[{"name":"TestingLibraryElementError"}],"failureMessages":["TestingLibraryElementError: Unable to find an element by: [data-testid=\"sales-input\"]\n\nIgnored nodes: comments, script, style\n\u001b[36m<body>\u001b[39m\n  \u001b[36m<div>\u001b[39m\n    \u001b[36m<div\u001b[39m\n      \u001b[33mclass\u001b[39m=\u001b[32m\"space-y-6\"\u001b[39m\n    \u001b[36m>\u001b[39m\n      \u001b[36m<div\u001b[39m\n        \u001b[33mclass\u001b[39m=\u001b[32m\"bg-blue-50 dark:bg-blue-900/20 p-4 rounded-lg flex items-start gap-3\"\u001b[39m\n      \u001b[36m>\u001b[39m\n        \u001b[36m<svg\u001b[39m\n          \u001b[33mclass\u001b[39m=\u001b[32m\"lucide lucide-info h-5 w-5 text-blue-500 mt-0.5 flex-shrink-0\"\u001b[39m\n          \u001b[33mfill\u001b[39m=\u001b[32m\"none\"\u001b[39m\n          \u001b[33mheight\u001b[39m=\u001b[32m\"24\"\u001b[39m\n          \u001b[33mstroke\u001b[39m=\u001b[32m\"currentColor\"\u001b[39m\n          \u001b[33mstroke-linecap\u001b[39m=\u001b[32m\"round\"\u001b[39m\n          \u001b[33mstroke-linejoin\u001b[39m=\u001b[32m\"round\"\u001b[39m\n          \u001b[33mstroke-width\u001b[39m=\u001b[32m\"2\"\u001b[39m\n          \u001b[33mviewBox\u001b[39m=\u001b[32m\"0 0 24 24\"\u001b[39m\n          \u001b[33mwidth\u001b[39m=\u001b[32m\"24\"\u001b[39m\n          \u001b[33mxmlns\u001b[39m=\u001b[32m\"http://www.w3.org/2000/svg\"\u001b[39m\n        \u001b[36m>\u001b[39m\n          \u001b[36m<circle\u001b[39m\n            \u001b[33mcx\u001b[39m=\u001b[32m\"12\"\u001b[39m\n            \u001b[33mcy\u001b[39m=\u001b[32m\"12\"\u001b[39m\n            \u001b[33mr\u001b[39m=\u001b[32m\"10\"\u001b[39m\n          \u001b[36m/>\u001b[39m\n          \u001b[36m<path\u001b[39m\n            \u001b[33md\u001b[39m=\u001b[32m\"M12 16v-4\"\u001b[39m\n          \u001b[36m/>\u001b[39m\n          \u001b[36m<path\u001b[39m\n            \u001b[33md\u001b[39m=\u001b[32m\"M12 8h.01\"\u001b[39m\n          \u001b[36m/>\u001b[39m\n        \u001b[36m</svg>\u001b[39m\n        \u001b[36m<div\u001b[39m\n          \u001b[33mclass\u001b[39m=\u001b[32m\"text-sm text-blue-700 dark:text-blue-300\"\u001b[39m\n        \u001b[36m>\u001b[39m\n          \u001b[36m<p\u001b[39m\n            \u001b[33mclass\u001b[39m=\u001b[32m\"font-medium\"\u001b[39m\n          \u001b[36m>\u001b[39m\n            \u001b[0mHow it Works:\u001b[0m\n          \u001b[36m</p>\u001b[39m\n          \u001b[36m<ul\u001b[39m\n            \u001b[33mclass\u001b[39m=\u001b[32m\"list-disc list-inside ml-4\"\u001b[39m\n          \u001b[36m>\u001b[39m\n            \u001b[36m<li>\u001b[39m\n              \u001b[0mUpload a CSV with columns: \u001b[0m\n              \u001b[36m<code>\u001b[39m\n                \u001b[0mcampaign\u001b[0m\n              \u001b[36m</code>\u001b[39m\n              \u001b[0m,\u001b[0m\n              \u001b[0m \u001b[0m\n              \u001b[36m<code>\u001b[39m\n                \u001b[0madSpend\u001b[0m\n              \u001b[36m</code>\u001b[39m\n              \u001b[0m, \u001b[0m\n              \u001b[36m<code>\u001b[39m\n                \u001b[0msales\u001b[0m\n              \u001b[36m</code>\u001b[39m\n              \u001b[0m. Optional:\u001b[0m\n              \u001b[0m \u001b[0m\n              \u001b[36m<code>\u001b[39m\n                \u001b[0mimpressions\u001b[0m\n              \u001b[36m</code>\u001b[39m\n              \u001b[0m, \u001b[0m\n              \u001b[36m<code>\u001b[39m\n                \u001b[0mclicks\u001b[0m\n              \u001b[36m</code>\u001b[39m\n              \u001b[0m.\u001b[0m\n            \u001b[36m</li>\u001b[39m\n            \u001b[36m<li>\u001b[39m\n              \u001b[0mOr, manually enter data for a single campaign.\u001b[0m\n            \u001b[36m</li>\u001b[39m\n            \u001b[36m<li>\u001b[39m\n              \u001b[0mThe tool calculates ACoS (Advertising Cost of Sales), ROAS (Return on Ad Spend), and other PPC metrics if data is available.\u001b[0m\n            \u001b[36m</li>\u001b[39m\n            \u001b[36m<li>\u001b[39m\n              \u001b[0mVisualize the distribution of a selected metric.\u001b[0m\n            \u001b[36m</li>\u001b[39m\n            \u001b[36m<li>\u001b[39m\n              \u001b[0mExport the results to a new CSV file.\u001b[0m\n            \u001b[36m</li>\u001b[39m\n          \u001b[36m</ul>\u001b[39m\n        \u001b[36m</div>\u001b[39m\n      \u001b[36m</div>\u001b[39m\n      \u001b[36m<div\u001b[39m\n        \u001b[33mclass\u001b[39m=\u001b[32m\"grid grid-cols-1 md:grid-cols-2 gap-6\"\u001b[39m\n      \u001b[36m>\u001b[39m\n        \u001b[36m<div\u001b[39m\n          \u001b[33mclass\u001b[39m=\u001b[32m\"rounded-lg border bg-card text-card-foreground shadow-sm\"\u001b[39m\n        \u001b[36m>\u001b[39m\n          \u001b[36m<div\u001b[39m\n            \u001b[33mclass\u001b[39m=\u001b[32m\"flex flex-col space-y-1.5 p-6\"\u001b[39m\n          \u001b[36m>\u001b[39m\n            \u001b[36m<h3\u001b[39m\n              \u001b[33mclass\u001b[39m=\u001b[32m\"text-lg font-semibold leading-none tracking-tight\"\u001b[39m\n            \u001b[36m>\u001b[39m\n              \u001b[0mUpload Campaign Data\u001b[0m\n            \u001b[36m</h3>\u001b[39m\n          \u001b[36m</div>\u001b[39m\n          \u001b[36m<div\u001b[39m\n            \u001b[33mclass\u001b[39m=\u001b[32m\"p-6 pt-0\"\u001b[39m\n          \u001b[36m>\u001b[39m\n            \u001b[36m<div\u001b[39m\n              \u001b[33mclass\u001b[39m=\u001b[32m\"relative flex w-full cursor-pointer flex-col items-center justify-center rounded-lg border-2 border-dashed border-primary/40 bg-background p-6 text-center transition-colors hover:bg-primary/5 \"\u001b[39m\n              \u001b[33mrole\u001b[39m=\u001b[32m\"presentation\"\u001b[39m\n              \u001b[33mtabindex\u001b[39m=\u001b[32m\"0\"\u001b[39m\n            \u001b[36m>\u001b[39m\n              \u001b[36m<input\u001b[39m\n                \u001b[33maccept\u001b[39m=\u001b[32m\"text/csv,.csv\"\u001b[39m\n                \u001b[33mstyle\u001b[39m=\u001b[32m\"border: 0px; clip: rect(0px, 0px, 0px, 0px); clip-path: inset(50%); height: 1px; margin: 0px -1px -1px 0px; overflow: hidden; padding: 0px; position: absolute; width: 1px; white-space: nowrap;\"\u001b[39m\n                \u001b[33mtabindex\u001b[39m=\u001b[32m\"-1\"\u001b[39m\n                \u001b[33mtype\u001b[39m=\u001b[32m\"file\"\u001b[39m\n              \u001b[36m/>\u001b[39m\n              \u001b[36m<svg\u001b[39m\n                \u001b[33mclass\u001b[39m=\u001b[32m\"lucide lucide-upload mb-2 h-8 w-8 text-primary/60\"\u001b[39m\n                \u001b[33mfill\u001b[39m=\u001b[32m\"none\"\u001b[39m\n                \u001b[33mheight\u001b[39m=\u001b[32m\"24\"\u001b[39m\n                \u001b[33mstroke\u001b[39m=\u001b[32m\"currentColor\"\u001b[39m\n                \u001b[33mstroke-linecap\u001b[39m=\u001b[32m\"round\"\u001b[39m\n                \u001b[33mstroke-linejoin\u001b[39m=\u001b[32m\"round\"\u001b[39m\n                \u001b[33mstroke-width\u001b[39m=\u001b[32m\"2\"\u001b[39m\n                \u001b[33mviewBox\u001b[39m=\u001b[32m\"0 0 24 24\"\u001b[39m\n                \u001b[33mwidth\u001b[39m=\u001b[32m\"24\"\u001b[39m\n                \u001b[33mxmlns\u001b[39m=\u001b[32m\"http://www.w3.org/2000/svg\"\u001b[39m\n              \u001b[36m>\u001b[39m\n                \u001b[36m<path\u001b[39m\n                  \u001b[33md\u001b[39m=\u001b[32m\"M21 15v4a2 2 0 0 1-2 2H5a2 2 0 0 1-2-2v-4\"\u001b[39m\n                \u001b[36m/>\u001b[39m\n                \u001b[36m<polyline\u001b[39m\n                  \u001b[33mpoints\u001b[39m=\u001b[32m\"17 8 12 3 7 8\"\u001b[39m\n                \u001b[36m/>\u001b[39m\n                \u001b[36m<line\u001b[39m\n                  \u001b[33mx1\u001b[39m=\u001b[32m\"12\"\u001b[39m\n                  \u001b[33mx2\u001b[39m=\u001b[32m\"12\"\u001b[39m\n                  \u001b[33my1\u001b[39m=\u001b[32m\"3\"\u001b[39m\n                  \u001b[33my2\u001b[39m=\u001b[32m\"15\"\u001b[39m\n                \u001b[36m/>\u001b[39m\n              \u001b[36m</svg>\u001b[39m\n              \u001b[36m<span\u001b[39m\n                \u001b[33mclass\u001b[39m=\u001b[32m\"text-sm font-medium\"\u001b[39m\n              \u001b[36m>\u001b[39m\n                \u001b[0mClick or drag CSV file here\u001b[0m\n              \u001b[36m</span>\u001b[39m\n              \u001b[36m<span\u001b[39m\n                \u001b[33mclass\u001b[39m=\u001b[32m\"text-xs text-muted-foreground mt-1\"\u001b[39m\n              \u001b[36m>\u001b[39m\n                \u001b[0m(Requires: campaign, adSpend, sales)\u001b[0m\n              \u001b[36m</span>\u001b[39m\n            \u001b[36m</div>\u001b[39m\n            \u001b[36m<button\u001b[39m\n              \u001b[33mclass\u001b[39m=\u001b[32m\"inline-flex items-center justify-center text-sm font-medium ring-offset-background transition-colors focus-visible:outline-none focus-visible:ring-2 focus-visible:ring-ring focus-visible:ring-offset-2 disabled:pointer-events-none disabled:opacity-50 border border-input bg-background hover:bg-accent hover:text-accent-foreground h-9 rounded-md px-3\"\u001b[39m\n            \u001b[36m>\u001b[39m\n              \u001b[36m<svg\u001b[39m\n                \u001b[33mclass\u001b[39m=\u001b[32m\"lucide lucide-download mr-2 h-4 w-4\"\u001b[39m\n                \u001b[33mfill\u001b[39m=\u001b[32m\"none\"\u001b[39m\n                \u001b[33mheight\u001b[39m=\u001b[32m\"24\"\u001b[39m\n                \u001b[33mstroke\u001b[39m=\u001b[32m\"currentColor\"\u001b[39m\n                \u001b[33mstroke-linecap\u001b[39m=\u001b[32m\"round\"\u001b[39m\n        ...\n    at Object.getElementError (C:\\Users\\johnw\\OneDrive\\Desktop\\portfolio\\node_modules\\@testing-library\\react\\node_modules\\@testing-library\\dom\\dist\\config.js:37:19)\n    at C:\\Users\\johnw\\OneDrive\\Desktop\\portfolio\\node_modules\\@testing-library\\react\\node_modules\\@testing-library\\dom\\dist\\query-helpers.js:76:38\n    at C:\\Users\\johnw\\OneDrive\\Desktop\\portfolio\\node_modules\\@testing-library\\react\\node_modules\\@testing-library\\dom\\dist\\query-helpers.js:52:17\n    at C:\\Users\\johnw\\OneDrive\\Desktop\\portfolio\\node_modules\\@testing-library\\react\\node_modules\\@testing-library\\dom\\dist\\query-helpers.js:95:19\n    at getByTestId (C:\\Users\\johnw\\OneDrive\\Desktop\\portfolio\\src\\__tests__\\components\\amazon-seller-tools\\acos-calculator.test.tsx:86:31)\n    at tryCatch (C:\\Users\\johnw\\OneDrive\\Desktop\\portfolio\\node_modules\\@babel\\runtime\\helpers\\regeneratorRuntime.js:45:16)\n    at Generator.<anonymous> (C:\\Users\\johnw\\OneDrive\\Desktop\\portfolio\\node_modules\\@babel\\runtime\\helpers\\regeneratorRuntime.js:133:17)\n    at Generator.next (C:\\Users\\johnw\\OneDrive\\Desktop\\portfolio\\node_modules\\@babel\\runtime\\helpers\\regeneratorRuntime.js:74:21)\n    at asyncGeneratorStep (C:\\Users\\johnw\\OneDrive\\Desktop\\portfolio\\node_modules\\@babel\\runtime\\helpers\\asyncToGenerator.js:3:17)\n    at _next (C:\\Users\\johnw\\OneDrive\\Desktop\\portfolio\\node_modules\\@babel\\runtime\\helpers\\asyncToGenerator.js:17:9)\n    at C:\\Users\\johnw\\OneDrive\\Desktop\\portfolio\\node_modules\\@babel\\runtime\\helpers\\asyncToGenerator.js:22:7\n    at new Promise (<anonymous>)\n    at Object.<anonymous> (C:\\Users\\johnw\\OneDrive\\Desktop\\portfolio\\node_modules\\@babel\\runtime\\helpers\\asyncToGenerator.js:14:12)\n    at Promise.then.completed (C:\\Users\\johnw\\OneDrive\\Desktop\\portfolio\\node_modules\\jest-circus\\build\\utils.js:298:28)\n    at new Promise (<anonymous>)\n    at callAsyncCircusFn (C:\\Users\\johnw\\OneDrive\\Desktop\\portfolio\\node_modules\\jest-circus\\build\\utils.js:231:10)\n    at _callCircusTest (C:\\Users\\johnw\\OneDrive\\Desktop\\portfolio\\node_modules\\jest-circus\\build\\run.js:316:40)\n    at processTicksAndRejections (node:internal/process/task_queues:105:5)\n    at _runTest (C:\\Users\\johnw\\OneDrive\\Desktop\\portfolio\\node_modules\\jest-circus\\build\\run.js:252:3)\n    at _runTestsForDescribeBlock (C:\\Users\\johnw\\OneDrive\\Desktop\\portfolio\\node_modules\\jest-circus\\build\\run.js:126:9)\n    at _runTestsForDescribeBlock (C:\\Users\\johnw\\OneDrive\\Desktop\\portfolio\\node_modules\\jest-circus\\build\\run.js:121:9)\n    at run (C:\\Users\\johnw\\OneDrive\\Desktop\\portfolio\\node_modules\\jest-circus\\build\\run.js:71:3)\n    at runAndTransformResultsToJestFormat (C:\\Users\\johnw\\OneDrive\\Desktop\\portfolio\\node_modules\\jest-circus\\build\\legacy-code-todo-rewrite\\jestAdapterInit.js:122:21)\n    at jestAdapter (C:\\Users\\johnw\\OneDrive\\Desktop\\portfolio\\node_modules\\jest-circus\\build\\legacy-code-todo-rewrite\\jestAdapter.js:79:19)\n    at runTestInternal (C:\\Users\\johnw\\OneDrive\\Desktop\\portfolio\\node_modules\\jest-runner\\build\\runTest.js:367:16)\n    at runTest (C:\\Users\\johnw\\OneDrive\\Desktop\\portfolio\\node_modules\\jest-runner\\build\\runTest.js:444:34)\n    at Object.worker (C:\\Users\\johnw\\OneDrive\\Desktop\\portfolio\\node_modules\\jest-runner\\build\\testWorker.js:106:12)"],"fullName":"AcosCalculator Component calculates ACoS correctly with zero sales","invocations":1,"location":null,"numPassingAsserts":0,"retryReasons":[],"status":"failed","title":"calculates ACoS correctly with zero sales"}],"endTime":1746032053650,"message":"\u001b[1m\u001b[31m  \u001b[1m● \u001b[22m\u001b[1mAcosCalculator Component › calculates ACoS correctly with valid input\u001b[39m\u001b[22m\n\n    TestingLibraryElementError: Unable to find an element by: [data-testid=\"sales-input\"]\n\n    Ignored nodes: comments, script, style\n    \u001b[36m<body>\u001b[39m\n      \u001b[36m<div>\u001b[39m\n        \u001b[36m<div\u001b[39m\n          \u001b[33mclass\u001b[39m=\u001b[32m\"space-y-6\"\u001b[39m\n        \u001b[36m>\u001b[39m\n          \u001b[36m<div\u001b[39m\n            \u001b[33mclass\u001b[39m=\u001b[32m\"bg-blue-50 dark:bg-blue-900/20 p-4 rounded-lg flex items-start gap-3\"\u001b[39m\n          \u001b[36m>\u001b[39m\n            \u001b[36m<svg\u001b[39m\n              \u001b[33mclass\u001b[39m=\u001b[32m\"lucide lucide-info h-5 w-5 text-blue-500 mt-0.5 flex-shrink-0\"\u001b[39m\n              \u001b[33mfill\u001b[39m=\u001b[32m\"none\"\u001b[39m\n              \u001b[33mheight\u001b[39m=\u001b[32m\"24\"\u001b[39m\n              \u001b[33mstroke\u001b[39m=\u001b[32m\"currentColor\"\u001b[39m\n              \u001b[33mstroke-linecap\u001b[39m=\u001b[32m\"round\"\u001b[39m\n              \u001b[33mstroke-linejoin\u001b[39m=\u001b[32m\"round\"\u001b[39m\n              \u001b[33mstroke-width\u001b[39m=\u001b[32m\"2\"\u001b[39m\n              \u001b[33mviewBox\u001b[39m=\u001b[32m\"0 0 24 24\"\u001b[39m\n              \u001b[33mwidth\u001b[39m=\u001b[32m\"24\"\u001b[39m\n              \u001b[33mxmlns\u001b[39m=\u001b[32m\"http://www.w3.org/2000/svg\"\u001b[39m\n            \u001b[36m>\u001b[39m\n              \u001b[36m<circle\u001b[39m\n                \u001b[33mcx\u001b[39m=\u001b[32m\"12\"\u001b[39m\n                \u001b[33mcy\u001b[39m=\u001b[32m\"12\"\u001b[39m\n                \u001b[33mr\u001b[39m=\u001b[32m\"10\"\u001b[39m\n              \u001b[36m/>\u001b[39m\n              \u001b[36m<path\u001b[39m\n                \u001b[33md\u001b[39m=\u001b[32m\"M12 16v-4\"\u001b[39m\n              \u001b[36m/>\u001b[39m\n              \u001b[36m<path\u001b[39m\n                \u001b[33md\u001b[39m=\u001b[32m\"M12 8h.01\"\u001b[39m\n              \u001b[36m/>\u001b[39m\n            \u001b[36m</svg>\u001b[39m\n            \u001b[36m<div\u001b[39m\n              \u001b[33mclass\u001b[39m=\u001b[32m\"text-sm text-blue-700 dark:text-blue-300\"\u001b[39m\n            \u001b[36m>\u001b[39m\n              \u001b[36m<p\u001b[39m\n                \u001b[33mclass\u001b[39m=\u001b[32m\"font-medium\"\u001b[39m\n              \u001b[36m>\u001b[39m\n                \u001b[0mHow it Works:\u001b[0m\n              \u001b[36m</p>\u001b[39m\n              \u001b[36m<ul\u001b[39m\n                \u001b[33mclass\u001b[39m=\u001b[32m\"list-disc list-inside ml-4\"\u001b[39m\n              \u001b[36m>\u001b[39m\n                \u001b[36m<li>\u001b[39m\n                  \u001b[0mUpload a CSV with columns: \u001b[0m\n                  \u001b[36m<code>\u001b[39m\n                    \u001b[0mcampaign\u001b[0m\n                  \u001b[36m</code>\u001b[39m\n                  \u001b[0m,\u001b[0m\n                  \u001b[0m \u001b[0m\n                  \u001b[36m<code>\u001b[39m\n                    \u001b[0madSpend\u001b[0m\n                  \u001b[36m</code>\u001b[39m\n                  \u001b[0m, \u001b[0m\n                  \u001b[36m<code>\u001b[39m\n                    \u001b[0msales\u001b[0m\n                  \u001b[36m</code>\u001b[39m\n                  \u001b[0m. Optional:\u001b[0m\n                  \u001b[0m \u001b[0m\n                  \u001b[36m<code>\u001b[39m\n                    \u001b[0mimpressions\u001b[0m\n                  \u001b[36m</code>\u001b[39m\n                  \u001b[0m, \u001b[0m\n                  \u001b[36m<code>\u001b[39m\n                    \u001b[0mclicks\u001b[0m\n                  \u001b[36m</code>\u001b[39m\n                  \u001b[0m.\u001b[0m\n                \u001b[36m</li>\u001b[39m\n                \u001b[36m<li>\u001b[39m\n                  \u001b[0mOr, manually enter data for a single campaign.\u001b[0m\n                \u001b[36m</li>\u001b[39m\n                \u001b[36m<li>\u001b[39m\n                  \u001b[0mThe tool calculates ACoS (Advertising Cost of Sales), ROAS (Return on Ad Spend), and other PPC metrics if data is available.\u001b[0m\n                \u001b[36m</li>\u001b[39m\n                \u001b[36m<li>\u001b[39m\n                  \u001b[0mVisualize the distribution of a selected metric.\u001b[0m\n                \u001b[36m</li>\u001b[39m\n                \u001b[36m<li>\u001b[39m\n                  \u001b[0mExport the results to a new CSV file.\u001b[0m\n                \u001b[36m</li>\u001b[39m\n              \u001b[36m</ul>\u001b[39m\n            \u001b[36m</div>\u001b[39m\n          \u001b[36m</div>\u001b[39m\n          \u001b[36m<div\u001b[39m\n            \u001b[33mclass\u001b[39m=\u001b[32m\"grid grid-cols-1 md:grid-cols-2 gap-6\"\u001b[39m\n          \u001b[36m>\u001b[39m\n            \u001b[36m<div\u001b[39m\n              \u001b[33mclass\u001b[39m=\u001b[32m\"rounded-lg border bg-card text-card-foreground shadow-sm\"\u001b[39m\n            \u001b[36m>\u001b[39m\n              \u001b[36m<div\u001b[39m\n                \u001b[33mclass\u001b[39m=\u001b[32m\"flex flex-col space-y-1.5 p-6\"\u001b[39m\n              \u001b[36m>\u001b[39m\n                \u001b[36m<h3\u001b[39m\n                  \u001b[33mclass\u001b[39m=\u001b[32m\"text-lg font-semibold leading-none tracking-tight\"\u001b[39m\n                \u001b[36m>\u001b[39m\n                  \u001b[0mUpload Campaign Data\u001b[0m\n                \u001b[36m</h3>\u001b[39m\n              \u001b[36m</div>\u001b[39m\n              \u001b[36m<div\u001b[39m\n                \u001b[33mclass\u001b[39m=\u001b[32m\"p-6 pt-0\"\u001b[39m\n              \u001b[36m>\u001b[39m\n                \u001b[36m<div\u001b[39m\n                  \u001b[33mclass\u001b[39m=\u001b[32m\"relative flex w-full cursor-pointer flex-col items-center justify-center rounded-lg border-2 border-dashed border-primary/40 bg-background p-6 text-center transition-colors hover:bg-primary/5 \"\u001b[39m\n                  \u001b[33mrole\u001b[39m=\u001b[32m\"presentation\"\u001b[39m\n                  \u001b[33mtabindex\u001b[39m=\u001b[32m\"0\"\u001b[39m\n                \u001b[36m>\u001b[39m\n                  \u001b[36m<input\u001b[39m\n                    \u001b[33maccept\u001b[39m=\u001b[32m\"text/csv,.csv\"\u001b[39m\n                    \u001b[33mstyle\u001b[39m=\u001b[32m\"border: 0px; clip: rect(0px, 0px, 0px, 0px); clip-path: inset(50%); height: 1px; margin: 0px -1px -1px 0px; overflow: hidden; padding: 0px; position: absolute; width: 1px; white-space: nowrap;\"\u001b[39m\n                    \u001b[33mtabindex\u001b[39m=\u001b[32m\"-1\"\u001b[39m\n                    \u001b[33mtype\u001b[39m=\u001b[32m\"file\"\u001b[39m\n                  \u001b[36m/>\u001b[39m\n                  \u001b[36m<svg\u001b[39m\n                    \u001b[33mclass\u001b[39m=\u001b[32m\"lucide lucide-upload mb-2 h-8 w-8 text-primary/60\"\u001b[39m\n                    \u001b[33mfill\u001b[39m=\u001b[32m\"none\"\u001b[39m\n                    \u001b[33mheight\u001b[39m=\u001b[32m\"24\"\u001b[39m\n                    \u001b[33mstroke\u001b[39m=\u001b[32m\"currentColor\"\u001b[39m\n                    \u001b[33mstroke-linecap\u001b[39m=\u001b[32m\"round\"\u001b[39m\n                    \u001b[33mstroke-linejoin\u001b[39m=\u001b[32m\"round\"\u001b[39m\n                    \u001b[33mstroke-width\u001b[39m=\u001b[32m\"2\"\u001b[39m\n                    \u001b[33mviewBox\u001b[39m=\u001b[32m\"0 0 24 24\"\u001b[39m\n                    \u001b[33mwidth\u001b[39m=\u001b[32m\"24\"\u001b[39m\n                    \u001b[33mxmlns\u001b[39m=\u001b[32m\"http://www.w3.org/2000/svg\"\u001b[39m\n                  \u001b[36m>\u001b[39m\n                    \u001b[36m<path\u001b[39m\n                      \u001b[33md\u001b[39m=\u001b[32m\"M21 15v4a2 2 0 0 1-2 2H5a2 2 0 0 1-2-2v-4\"\u001b[39m\n                    \u001b[36m/>\u001b[39m\n                    \u001b[36m<polyline\u001b[39m\n                      \u001b[33mpoints\u001b[39m=\u001b[32m\"17 8 12 3 7 8\"\u001b[39m\n                    \u001b[36m/>\u001b[39m\n                    \u001b[36m<line\u001b[39m\n                      \u001b[33mx1\u001b[39m=\u001b[32m\"12\"\u001b[39m\n                      \u001b[33mx2\u001b[39m=\u001b[32m\"12\"\u001b[39m\n                      \u001b[33my1\u001b[39m=\u001b[32m\"3\"\u001b[39m\n                      \u001b[33my2\u001b[39m=\u001b[32m\"15\"\u001b[39m\n                    \u001b[36m/>\u001b[39m\n                  \u001b[36m</svg>\u001b[39m\n                  \u001b[36m<span\u001b[39m\n                    \u001b[33mclass\u001b[39m=\u001b[32m\"text-sm font-medium\"\u001b[39m\n                  \u001b[36m>\u001b[39m\n                    \u001b[0mClick or drag CSV file here\u001b[0m\n                  \u001b[36m</span>\u001b[39m\n                  \u001b[36m<span\u001b[39m\n                    \u001b[33mclass\u001b[39m=\u001b[32m\"text-xs text-muted-foreground mt-1\"\u001b[39m\n                  \u001b[36m>\u001b[39m\n                    \u001b[0m(Requires: campaign, adSpend, sales)\u001b[0m\n                  \u001b[36m</span>\u001b[39m\n                \u001b[36m</div>\u001b[39m\n                \u001b[36m<button\u001b[39m\n                  \u001b[33mclass\u001b[39m=\u001b[32m\"inline-flex items-center justify-center text-sm font-medium ring-offset-background transition-colors focus-visible:outline-none focus-visible:ring-2 focus-visible:ring-ring focus-visible:ring-offset-2 disabled:pointer-events-none disabled:opacity-50 border border-input bg-background hover:bg-accent hover:text-accent-foreground h-9 rounded-md px-3\"\u001b[39m\n                \u001b[36m>\u001b[39m\n                  \u001b[36m<svg\u001b[39m\n                    \u001b[33mclass\u001b[39m=\u001b[32m\"lucide lucide-download mr-2 h-4 w-4\"\u001b[39m\n                    \u001b[33mfill\u001b[39m=\u001b[32m\"none\"\u001b[39m\n                    \u001b[33mheight\u001b[39m=\u001b[32m\"24\"\u001b[39m\n                    \u001b[33mstroke\u001b[39m=\u001b[32m\"currentColor\"\u001b[39m\n                    \u001b[33mstroke-linecap\u001b[39m=\u001b[32m\"round\"\u001b[39m\n            ...\n\u001b[2m\u001b[22m\n\u001b[2m    \u001b[0m \u001b[90m 19 |\u001b[39m       name\u001b[33m:\u001b[39m \u001b[35m/Ad Spend \\(\\$\\)\\*/i\u001b[39m\u001b[33m,\u001b[39m\u001b[22m\n\u001b[2m     \u001b[90m 20 |\u001b[39m     })\u001b[33m;\u001b[39m\u001b[22m\n\u001b[2m    \u001b[31m\u001b[1m>\u001b[22m\u001b[2m\u001b[39m\u001b[90m 21 |\u001b[39m     \u001b[36mconst\u001b[39m salesInput \u001b[33m=\u001b[39m screen\u001b[33m.\u001b[39mgetByTestId(\u001b[32m'sales-input'\u001b[39m)\u001b[33m;\u001b[39m \u001b[90m// Keep using test-id if label isn't suitable\u001b[39m\u001b[22m\n\u001b[2m     \u001b[90m    |\u001b[39m                               \u001b[31m\u001b[1m^\u001b[22m\u001b[2m\u001b[39m\u001b[22m\n\u001b[2m     \u001b[90m 22 |\u001b[39m     \u001b[36mconst\u001b[39m calculateButton \u001b[33m=\u001b[39m screen\u001b[33m.\u001b[39mgetByTestId(\u001b[32m'calculate-button'\u001b[39m)\u001b[33m;\u001b[39m\u001b[22m\n\u001b[2m     \u001b[90m 23 |\u001b[39m\u001b[22m\n\u001b[2m     \u001b[90m 24 |\u001b[39m     \u001b[90m// Simulate user input\u001b[39m\u001b[0m\u001b[22m\n\u001b[2m\u001b[22m\n\u001b[2m      \u001b[2mat Object.getElementError (\u001b[22m\u001b[2mnode_modules/@testing-library/react/node_modules/@testing-library/dom/dist/config.js\u001b[2m:37:19)\u001b[22m\u001b[2m\u001b[22m\n\u001b[2m      \u001b[2mat \u001b[22m\u001b[2mnode_modules/@testing-library/react/node_modules/@testing-library/dom/dist/query-helpers.js\u001b[2m:76:38\u001b[22m\u001b[2m\u001b[22m\n\u001b[2m      \u001b[2mat \u001b[22m\u001b[2mnode_modules/@testing-library/react/node_modules/@testing-library/dom/dist/query-helpers.js\u001b[2m:52:17\u001b[22m\u001b[2m\u001b[22m\n\u001b[2m      \u001b[2mat \u001b[22m\u001b[2mnode_modules/@testing-library/react/node_modules/@testing-library/dom/dist/query-helpers.js\u001b[2m:95:19\u001b[22m\u001b[2m\u001b[22m\n\u001b[2m      \u001b[2mat getByTestId (\u001b[22m\u001b[2m\u001b[0m\u001b[36msrc/__tests__/components/amazon-seller-tools/acos-calculator.test.tsx\u001b[39m\u001b[0m\u001b[2m:21:31)\u001b[22m\u001b[2m\u001b[22m\n\u001b[2m      \u001b[2mat tryCatch (\u001b[22m\u001b[2mnode_modules/@babel/runtime/helpers/regeneratorRuntime.js\u001b[2m:45:16)\u001b[22m\u001b[2m\u001b[22m\n\u001b[2m      \u001b[2mat Generator.<anonymous> (\u001b[22m\u001b[2mnode_modules/@babel/runtime/helpers/regeneratorRuntime.js\u001b[2m:133:17)\u001b[22m\u001b[2m\u001b[22m\n\u001b[2m      \u001b[2mat Generator.next (\u001b[22m\u001b[2mnode_modules/@babel/runtime/helpers/regeneratorRuntime.js\u001b[2m:74:21)\u001b[22m\u001b[2m\u001b[22m\n\u001b[2m      \u001b[2mat asyncGeneratorStep (\u001b[22m\u001b[2mnode_modules/@babel/runtime/helpers/asyncToGenerator.js\u001b[2m:3:17)\u001b[22m\u001b[2m\u001b[22m\n\u001b[2m      \u001b[2mat _next (\u001b[22m\u001b[2mnode_modules/@babel/runtime/helpers/asyncToGenerator.js\u001b[2m:17:9)\u001b[22m\u001b[2m\u001b[22m\n\u001b[2m      \u001b[2mat \u001b[22m\u001b[2mnode_modules/@babel/runtime/helpers/asyncToGenerator.js\u001b[2m:22:7\u001b[22m\u001b[2m\u001b[22m\n\u001b[2m      \u001b[2mat Object.<anonymous> (\u001b[22m\u001b[2mnode_modules/@babel/runtime/helpers/asyncToGenerator.js\u001b[2m:14:12)\u001b[22m\u001b[2m\u001b[22m\n\n\u001b[1m\u001b[31m  \u001b[1m● \u001b[22m\u001b[1mAcosCalculator Component › displays validation errors for invalid input\u001b[39m\u001b[22m\n\n    TestingLibraryElementError: Unable to find an element by: [data-testid=\"sales-input\"]\n\n    Ignored nodes: comments, script, style\n    \u001b[36m<body>\u001b[39m\n      \u001b[36m<div>\u001b[39m\n        \u001b[36m<div\u001b[39m\n          \u001b[33mclass\u001b[39m=\u001b[32m\"space-y-6\"\u001b[39m\n        \u001b[36m>\u001b[39m\n          \u001b[36m<div\u001b[39m\n            \u001b[33mclass\u001b[39m=\u001b[32m\"bg-blue-50 dark:bg-blue-900/20 p-4 rounded-lg flex items-start gap-3\"\u001b[39m\n          \u001b[36m>\u001b[39m\n            \u001b[36m<svg\u001b[39m\n              \u001b[33mclass\u001b[39m=\u001b[32m\"lucide lucide-info h-5 w-5 text-blue-500 mt-0.5 flex-shrink-0\"\u001b[39m\n              \u001b[33mfill\u001b[39m=\u001b[32m\"none\"\u001b[39m\n              \u001b[33mheight\u001b[39m=\u001b[32m\"24\"\u001b[39m\n              \u001b[33mstroke\u001b[39m=\u001b[32m\"currentColor\"\u001b[39m\n              \u001b[33mstroke-linecap\u001b[39m=\u001b[32m\"round\"\u001b[39m\n              \u001b[33mstroke-linejoin\u001b[39m=\u001b[32m\"round\"\u001b[39m\n              \u001b[33mstroke-width\u001b[39m=\u001b[32m\"2\"\u001b[39m\n              \u001b[33mviewBox\u001b[39m=\u001b[32m\"0 0 24 24\"\u001b[39m\n              \u001b[33mwidth\u001b[39m=\u001b[32m\"24\"\u001b[39m\n              \u001b[33mxmlns\u001b[39m=\u001b[32m\"http://www.w3.org/2000/svg\"\u001b[39m\n            \u001b[36m>\u001b[39m\n              \u001b[36m<circle\u001b[39m\n                \u001b[33mcx\u001b[39m=\u001b[32m\"12\"\u001b[39m\n                \u001b[33mcy\u001b[39m=\u001b[32m\"12\"\u001b[39m\n                \u001b[33mr\u001b[39m=\u001b[32m\"10\"\u001b[39m\n              \u001b[36m/>\u001b[39m\n              \u001b[36m<path\u001b[39m\n                \u001b[33md\u001b[39m=\u001b[32m\"M12 16v-4\"\u001b[39m\n              \u001b[36m/>\u001b[39m\n              \u001b[36m<path\u001b[39m\n                \u001b[33md\u001b[39m=\u001b[32m\"M12 8h.01\"\u001b[39m\n              \u001b[36m/>\u001b[39m\n            \u001b[36m</svg>\u001b[39m\n            \u001b[36m<div\u001b[39m\n              \u001b[33mclass\u001b[39m=\u001b[32m\"text-sm text-blue-700 dark:text-blue-300\"\u001b[39m\n            \u001b[36m>\u001b[39m\n              \u001b[36m<p\u001b[39m\n                \u001b[33mclass\u001b[39m=\u001b[32m\"font-medium\"\u001b[39m\n              \u001b[36m>\u001b[39m\n                \u001b[0mHow it Works:\u001b[0m\n              \u001b[36m</p>\u001b[39m\n              \u001b[36m<ul\u001b[39m\n                \u001b[33mclass\u001b[39m=\u001b[32m\"list-disc list-inside ml-4\"\u001b[39m\n              \u001b[36m>\u001b[39m\n                \u001b[36m<li>\u001b[39m\n                  \u001b[0mUpload a CSV with columns: \u001b[0m\n                  \u001b[36m<code>\u001b[39m\n                    \u001b[0mcampaign\u001b[0m\n                  \u001b[36m</code>\u001b[39m\n                  \u001b[0m,\u001b[0m\n                  \u001b[0m \u001b[0m\n                  \u001b[36m<code>\u001b[39m\n                    \u001b[0madSpend\u001b[0m\n                  \u001b[36m</code>\u001b[39m\n                  \u001b[0m, \u001b[0m\n                  \u001b[36m<code>\u001b[39m\n                    \u001b[0msales\u001b[0m\n                  \u001b[36m</code>\u001b[39m\n                  \u001b[0m. Optional:\u001b[0m\n                  \u001b[0m \u001b[0m\n                  \u001b[36m<code>\u001b[39m\n                    \u001b[0mimpressions\u001b[0m\n                  \u001b[36m</code>\u001b[39m\n                  \u001b[0m, \u001b[0m\n                  \u001b[36m<code>\u001b[39m\n                    \u001b[0mclicks\u001b[0m\n                  \u001b[36m</code>\u001b[39m\n                  \u001b[0m.\u001b[0m\n                \u001b[36m</li>\u001b[39m\n                \u001b[36m<li>\u001b[39m\n                  \u001b[0mOr, manually enter data for a single campaign.\u001b[0m\n                \u001b[36m</li>\u001b[39m\n                \u001b[36m<li>\u001b[39m\n                  \u001b[0mThe tool calculates ACoS (Advertising Cost of Sales), ROAS (Return on Ad Spend), and other PPC metrics if data is available.\u001b[0m\n                \u001b[36m</li>\u001b[39m\n                \u001b[36m<li>\u001b[39m\n                  \u001b[0mVisualize the distribution of a selected metric.\u001b[0m\n                \u001b[36m</li>\u001b[39m\n                \u001b[36m<li>\u001b[39m\n                  \u001b[0mExport the results to a new CSV file.\u001b[0m\n                \u001b[36m</li>\u001b[39m\n              \u001b[36m</ul>\u001b[39m\n            \u001b[36m</div>\u001b[39m\n          \u001b[36m</div>\u001b[39m\n          \u001b[36m<div\u001b[39m\n            \u001b[33mclass\u001b[39m=\u001b[32m\"grid grid-cols-1 md:grid-cols-2 gap-6\"\u001b[39m\n          \u001b[36m>\u001b[39m\n            \u001b[36m<div\u001b[39m\n              \u001b[33mclass\u001b[39m=\u001b[32m\"rounded-lg border bg-card text-card-foreground shadow-sm\"\u001b[39m\n            \u001b[36m>\u001b[39m\n              \u001b[36m<div\u001b[39m\n                \u001b[33mclass\u001b[39m=\u001b[32m\"flex flex-col space-y-1.5 p-6\"\u001b[39m\n              \u001b[36m>\u001b[39m\n                \u001b[36m<h3\u001b[39m\n                  \u001b[33mclass\u001b[39m=\u001b[32m\"text-lg font-semibold leading-none tracking-tight\"\u001b[39m\n                \u001b[36m>\u001b[39m\n                  \u001b[0mUpload Campaign Data\u001b[0m\n                \u001b[36m</h3>\u001b[39m\n              \u001b[36m</div>\u001b[39m\n              \u001b[36m<div\u001b[39m\n                \u001b[33mclass\u001b[39m=\u001b[32m\"p-6 pt-0\"\u001b[39m\n              \u001b[36m>\u001b[39m\n                \u001b[36m<div\u001b[39m\n                  \u001b[33mclass\u001b[39m=\u001b[32m\"relative flex w-full cursor-pointer flex-col items-center justify-center rounded-lg border-2 border-dashed border-primary/40 bg-background p-6 text-center transition-colors hover:bg-primary/5 \"\u001b[39m\n                  \u001b[33mrole\u001b[39m=\u001b[32m\"presentation\"\u001b[39m\n                  \u001b[33mtabindex\u001b[39m=\u001b[32m\"0\"\u001b[39m\n                \u001b[36m>\u001b[39m\n                  \u001b[36m<input\u001b[39m\n                    \u001b[33maccept\u001b[39m=\u001b[32m\"text/csv,.csv\"\u001b[39m\n                    \u001b[33mstyle\u001b[39m=\u001b[32m\"border: 0px; clip: rect(0px, 0px, 0px, 0px); clip-path: inset(50%); height: 1px; margin: 0px -1px -1px 0px; overflow: hidden; padding: 0px; position: absolute; width: 1px; white-space: nowrap;\"\u001b[39m\n                    \u001b[33mtabindex\u001b[39m=\u001b[32m\"-1\"\u001b[39m\n                    \u001b[33mtype\u001b[39m=\u001b[32m\"file\"\u001b[39m\n                  \u001b[36m/>\u001b[39m\n                  \u001b[36m<svg\u001b[39m\n                    \u001b[33mclass\u001b[39m=\u001b[32m\"lucide lucide-upload mb-2 h-8 w-8 text-primary/60\"\u001b[39m\n                    \u001b[33mfill\u001b[39m=\u001b[32m\"none\"\u001b[39m\n                    \u001b[33mheight\u001b[39m=\u001b[32m\"24\"\u001b[39m\n                    \u001b[33mstroke\u001b[39m=\u001b[32m\"currentColor\"\u001b[39m\n                    \u001b[33mstroke-linecap\u001b[39m=\u001b[32m\"round\"\u001b[39m\n                    \u001b[33mstroke-linejoin\u001b[39m=\u001b[32m\"round\"\u001b[39m\n                    \u001b[33mstroke-width\u001b[39m=\u001b[32m\"2\"\u001b[39m\n                    \u001b[33mviewBox\u001b[39m=\u001b[32m\"0 0 24 24\"\u001b[39m\n                    \u001b[33mwidth\u001b[39m=\u001b[32m\"24\"\u001b[39m\n                    \u001b[33mxmlns\u001b[39m=\u001b[32m\"http://www.w3.org/2000/svg\"\u001b[39m\n                  \u001b[36m>\u001b[39m\n                    \u001b[36m<path\u001b[39m\n                      \u001b[33md\u001b[39m=\u001b[32m\"M21 15v4a2 2 0 0 1-2 2H5a2 2 0 0 1-2-2v-4\"\u001b[39m\n                    \u001b[36m/>\u001b[39m\n                    \u001b[36m<polyline\u001b[39m\n                      \u001b[33mpoints\u001b[39m=\u001b[32m\"17 8 12 3 7 8\"\u001b[39m\n                    \u001b[36m/>\u001b[39m\n                    \u001b[36m<line\u001b[39m\n                      \u001b[33mx1\u001b[39m=\u001b[32m\"12\"\u001b[39m\n                      \u001b[33mx2\u001b[39m=\u001b[32m\"12\"\u001b[39m\n                      \u001b[33my1\u001b[39m=\u001b[32m\"3\"\u001b[39m\n                      \u001b[33my2\u001b[39m=\u001b[32m\"15\"\u001b[39m\n                    \u001b[36m/>\u001b[39m\n                  \u001b[36m</svg>\u001b[39m\n                  \u001b[36m<span\u001b[39m\n                    \u001b[33mclass\u001b[39m=\u001b[32m\"text-sm font-medium\"\u001b[39m\n                  \u001b[36m>\u001b[39m\n                    \u001b[0mClick or drag CSV file here\u001b[0m\n                  \u001b[36m</span>\u001b[39m\n                  \u001b[36m<span\u001b[39m\n                    \u001b[33mclass\u001b[39m=\u001b[32m\"text-xs text-muted-foreground mt-1\"\u001b[39m\n                  \u001b[36m>\u001b[39m\n                    \u001b[0m(Requires: campaign, adSpend, sales)\u001b[0m\n                  \u001b[36m</span>\u001b[39m\n                \u001b[36m</div>\u001b[39m\n                \u001b[36m<button\u001b[39m\n                  \u001b[33mclass\u001b[39m=\u001b[32m\"inline-flex items-center justify-center text-sm font-medium ring-offset-background transition-colors focus-visible:outline-none focus-visible:ring-2 focus-visible:ring-ring focus-visible:ring-offset-2 disabled:pointer-events-none disabled:opacity-50 border border-input bg-background hover:bg-accent hover:text-accent-foreground h-9 rounded-md px-3\"\u001b[39m\n                \u001b[36m>\u001b[39m\n                  \u001b[36m<svg\u001b[39m\n                    \u001b[33mclass\u001b[39m=\u001b[32m\"lucide lucide-download mr-2 h-4 w-4\"\u001b[39m\n                    \u001b[33mfill\u001b[39m=\u001b[32m\"none\"\u001b[39m\n                    \u001b[33mheight\u001b[39m=\u001b[32m\"24\"\u001b[39m\n                    \u001b[33mstroke\u001b[39m=\u001b[32m\"currentColor\"\u001b[39m\n                    \u001b[33mstroke-linecap\u001b[39m=\u001b[32m\"round\"\u001b[39m\n            ...\n\u001b[2m\u001b[22m\n\u001b[2m    \u001b[0m \u001b[90m 38 |\u001b[39m       name\u001b[33m:\u001b[39m \u001b[35m/Ad Spend \\(\\$\\)\\*/i\u001b[39m\u001b[33m,\u001b[39m\u001b[22m\n\u001b[2m     \u001b[90m 39 |\u001b[39m     })\u001b[33m;\u001b[39m\u001b[22m\n\u001b[2m    \u001b[31m\u001b[1m>\u001b[22m\u001b[2m\u001b[39m\u001b[90m 40 |\u001b[39m     \u001b[36mconst\u001b[39m salesInput \u001b[33m=\u001b[39m screen\u001b[33m.\u001b[39mgetByTestId(\u001b[32m'sales-input'\u001b[39m)\u001b[33m;\u001b[39m\u001b[22m\n\u001b[2m     \u001b[90m    |\u001b[39m                               \u001b[31m\u001b[1m^\u001b[22m\u001b[2m\u001b[39m\u001b[22m\n\u001b[2m     \u001b[90m 41 |\u001b[39m     \u001b[36mconst\u001b[39m calculateButton \u001b[33m=\u001b[39m screen\u001b[33m.\u001b[39mgetByTestId(\u001b[32m'calculate-button'\u001b[39m)\u001b[33m;\u001b[39m\u001b[22m\n\u001b[2m     \u001b[90m 42 |\u001b[39m\u001b[22m\n\u001b[2m     \u001b[90m 43 |\u001b[39m     \u001b[90m// Simulate invalid input\u001b[39m\u001b[0m\u001b[22m\n\u001b[2m\u001b[22m\n\u001b[2m      \u001b[2mat Object.getElementError (\u001b[22m\u001b[2mnode_modules/@testing-library/react/node_modules/@testing-library/dom/dist/config.js\u001b[2m:37:19)\u001b[22m\u001b[2m\u001b[22m\n\u001b[2m      \u001b[2mat \u001b[22m\u001b[2mnode_modules/@testing-library/react/node_modules/@testing-library/dom/dist/query-helpers.js\u001b[2m:76:38\u001b[22m\u001b[2m\u001b[22m\n\u001b[2m      \u001b[2mat \u001b[22m\u001b[2mnode_modules/@testing-library/react/node_modules/@testing-library/dom/dist/query-helpers.js\u001b[2m:52:17\u001b[22m\u001b[2m\u001b[22m\n\u001b[2m      \u001b[2mat \u001b[22m\u001b[2mnode_modules/@testing-library/react/node_modules/@testing-lib
[...]
tespace and scientific notation","invocations":1,"location":null,"numPassingAsserts":2,"retryReasons":[],"status":"passed","title":"should handle whitespace and scientific notation"},{"ancestorTitles":["CSV Validation Utilities","processAmazonCsv"],"duration":1,"failureDetails":[],"failureMessages":[],"fullName":"CSV Validation Utilities processAmazonCsv should process valid CSV data","invocations":1,"location":null,"numPassingAsserts":1,"retryReasons":[],"status":"passed","title":"should process valid CSV data"},{"ancestorTitles":["CSV Validation Utilities","processAmazonCsv"],"duration":1,"failureDetails":[],"failureMessages":[],"fullName":"CSV Validation Utilities processAmazonCsv should throw on missing columns","invocations":1,"location":null,"numPassingAsserts":1,"retryReasons":[],"status":"passed","title":"should throw on missing columns"}],"endTime":1746032083543,"message":"","name":"C:\\Users\\johnw\\OneDrive\\Desktop\\portfolio\\src\\lib\\amazon-tools\\__tests__\\csv-utils.test.ts","startTime":1746032083067,"status":"passed","summary":""},{"assertionResults":[],"coverage":{},"endTime":1746032235923,"message":"  \u001b[1m● \u001b[22mTest suite failed to run\n\n    ReferenceError: Response is not defined\n\n    \u001b[0m \u001b[90m 1 |\u001b[39m \u001b[36mimport\u001b[39m { render\u001b[33m,\u001b[39m screen\u001b[33m,\u001b[39m waitFor } \u001b[36mfrom\u001b[39m \u001b[32m'@testing-library/react'\u001b[39m\u001b[33m;\u001b[39m\n    \u001b[31m\u001b[1m>\u001b[22m\u001b[39m\u001b[90m 2 |\u001b[39m \u001b[36mimport\u001b[39m { \u001b[33mHttpResponse\u001b[39m\u001b[33m,\u001b[39m http } \u001b[36mfrom\u001b[39m \u001b[32m'msw'\u001b[39m\u001b[33m;\u001b[39m\n     \u001b[90m   |\u001b[39m \u001b[31m\u001b[1m^\u001b[22m\u001b[39m\n     \u001b[90m 3 |\u001b[39m \u001b[36mimport\u001b[39m { setupServer } \u001b[36mfrom\u001b[39m \u001b[32m'msw/node'\u001b[39m\u001b[33m;\u001b[39m\n     \u001b[90m 4 |\u001b[39m \u001b[36mimport\u001b[39m \u001b[33mReact\u001b[39m \u001b[36mfrom\u001b[39m \u001b[32m'react'\u001b[39m\u001b[33m;\u001b[39m\n     \u001b[90m 5 |\u001b[39m\u001b[0m\n\n      \u001b[2mat Object.<anonymous> (\u001b[22mnode_modules/@mswjs/interceptors/src/utils/fetchUtils.ts\u001b[2m:5:8)\u001b[22m\n      \u001b[2mat Object.<anonymous> (\u001b[22mnode_modules/@mswjs/interceptors/lib/browser/index.js\u001b[2m:8:24)\u001b[22m\n      \u001b[2mat Object.<anonymous> (\u001b[22mnode_modules/msw/src/core/utils/matching/matchRequestUrl.ts\u001b[2m:2:29)\u001b[22m\n      \u001b[2mat Object.<anonymous> (\u001b[22mnode_modules/msw/src/core/handlers/HttpHandler.ts\u001b[2m:13:8)\u001b[22m\n      \u001b[2mat Object.<anonymous> (\u001b[22mnode_modules/msw/src/core/http.ts\u001b[2m:10:8)\u001b[22m\n      \u001b[2mat Object.<anonymous> (\u001b[22mnode_modules/msw/src/core/index.ts\u001b[2m:7:22)\u001b[22m\n      \u001b[2mat Object.require (\u001b[22m\u001b[0m\u001b[36msrc/__tests__/integration/api/endpoints.test.ts\u001b[39m\u001b[0m\u001b[2m:2:1)\u001b[22m\n","name":"C:\\Users\\johnw\\OneDrive\\Desktop\\portfolio\\src\\__tests__\\integration\\api\\endpoints.test.ts","startTime":1746032235923,"status":"failed","summary":""},{"assertionResults":[],"coverage":{},"endTime":1746032235923,"message":"  \u001b[1m● \u001b[22mTest suite failed to run\n\n    TypeError: (0 , _google.Inter) is not a function\n\n    \u001b[0m \u001b[90m 10 |\u001b[39m \u001b[36mimport\u001b[39m { metadata \u001b[36mas\u001b[39m metadataConfig } \u001b[36mfrom\u001b[39m \u001b[32m'./metadata'\u001b[39m\u001b[33m;\u001b[39m\n     \u001b[90m 11 |\u001b[39m\n    \u001b[31m\u001b[1m>\u001b[22m\u001b[39m\u001b[90m 12 |\u001b[39m \u001b[36mconst\u001b[39m inter \u001b[33m=\u001b[39m \u001b[33mInter\u001b[39m({\n     \u001b[90m    |\u001b[39m                    \u001b[31m\u001b[1m^\u001b[22m\u001b[39m\n     \u001b[90m 13 |\u001b[39m   subsets\u001b[33m:\u001b[39m [\u001b[32m'latin'\u001b[39m]\u001b[33m,\u001b[39m\n     \u001b[90m 14 |\u001b[39m   display\u001b[33m:\u001b[39m \u001b[32m'swap'\u001b[39m\u001b[33m,\u001b[39m\n     \u001b[90m 15 |\u001b[39m   variable\u001b[33m:\u001b[39m \u001b[32m'--font-inter'\u001b[39m\u001b[33m,\u001b[39m\u001b[0m\n\n      \u001b[2mat Object.<anonymous> (\u001b[22msrc/app/layout.tsx\u001b[2m:12:20)\u001b[22m\n      \u001b[2mat Object.require (\u001b[22m\u001b[0m\u001b[36msrc/__tests__/components/layout.test.tsx\u001b[39m\u001b[0m\u001b[2m:1:1)\u001b[22m\n","name":"C:\\Users\\johnw\\OneDrive\\Desktop\\portfolio\\src\\__tests__\\components\\layout.test.tsx","startTime":1746032235923,"status":"failed","summary":""},{"assertionResults":[],"coverage":{},"endTime":1746032235923,"message":"  \u001b[1m● \u001b[22mTest suite failed to run\n\n    TypeError: (0 , _google.Inter) is not a function\n\n    \u001b[0m \u001b[90m 10 |\u001b[39m \u001b[36mimport\u001b[39m { metadata \u001b[36mas\u001b[39m metadataConfig } \u001b[36mfrom\u001b[39m \u001b[32m'./metadata'\u001b[39m\u001b[33m;\u001b[39m\n     \u001b[90m 11 |\u001b[39m\n    \u001b[31m\u001b[1m>\u001b[22m\u001b[39m\u001b[90m 12 |\u001b[39m \u001b[36mconst\u001b[39m inter \u001b[33m=\u001b[39m \u001b[33mInter\u001b[39m({\n     \u001b[90m    |\u001b[39m                    \u001b[31m\u001b[1m^\u001b[22m\u001b[39m\n     \u001b[90m 13 |\u001b[39m   subsets\u001b[33m:\u001b[39m [\u001b[32m'latin'\u001b[39m]\u001b[33m,\u001b[39m\n     \u001b[90m 14 |\u001b[39m   display\u001b[33m:\u001b[39m \u001b[32m'swap'\u001b[39m\u001b[33m,\u001b[39m\n     \u001b[90m 15 |\u001b[39m   variable\u001b[33m:\u001b[39m \u001b[32m'--font-inter'\u001b[39m\u001b[33m,\u001b[39m\u001b[0m\n\n      \u001b[2mat Object.<anonymous> (\u001b[22msrc/app/layout.tsx\u001b[2m:12:20)\u001b[22m\n      \u001b[2mat Object.require (\u001b[22m\u001b[0m\u001b[36msrc/app/__tests__/layout.test.tsx\u001b[39m\u001b[0m\u001b[2m:2:1)\u001b[22m\n","name":"C:\\Users\\johnw\\OneDrive\\Desktop\\portfolio\\src\\app\\__tests__\\layout.test.tsx","startTime":1746032235923,"status":"failed","summary":""},{"assertionResults":[],"coverage":{},"endTime":1746032235923,"message":"  \u001b[1m● \u001b[22mTest suite failed to run\n\n    Your test suite must contain at least one test.\n\n      \u001b[2mat onResult (\u001b[22mnode_modules/@jest/core/build/TestScheduler.js\u001b[2m:133:18)\u001b[22m\n      \u001b[2mat \u001b[22mnode_modules/@jest/core/build/TestScheduler.js\u001b[2m:254:19\u001b[22m\n      \u001b[2mat \u001b[22mnode_modules/emittery/index.js\u001b[2m:363:13\u001b[22m\n          at Array.map (<anonymous>)\n      \u001b[2mat Emittery.emit (\u001b[22mnode_modules/emittery/index.js\u001b[2m:361:23)\u001b[22m\n","name":"C:\\Users\\johnw\\OneDrive\\Desktop\\portfolio\\src\\__tests__\\test-utils.tsx","startTime":1746032235923,"status":"failed","summary":""},{"assertionResults":[{"ancestorTitles":["KeywordDeduplicator"],"duration":261,"failureDetails":[],"failureMessages":[],"fullName":"KeywordDeduplicator renders correctly","invocations":1,"location":null,"numPassingAsserts":3,"retryReasons":[],"status":"passed","title":"renders correctly"},{"ancestorTitles":["KeywordDeduplicator"],"duration":1549,"failureDetails":[],"failureMessages":[],"fullName":"KeywordDeduplicator processes manual keywords correctly","invocations":1,"location":null,"numPassingAsserts":2,"retryReasons":[],"status":"passed","title":"processes manual keywords correctly"},{"ancestorTitles":["KeywordDeduplicator"],"duration":60009,"failureDetails":[{"message":"thrown: \"Exceeded timeout of 60000 ms for a test.\nAdd a timeout value to this test to increase the timeout, if this is a long-running test. See https://jestjs.io/docs/api#testname-fn-timeout.\""}],"failureMessages":["Error: thrown: \"Exceeded timeout of 60000 ms for a test.\nAdd a timeout value to this test to increase the timeout, if this is a long-running test. See https://jestjs.io/docs/api#testname-fn-timeout.\"\n    at it (C:\\Users\\johnw\\OneDrive\\Desktop\\portfolio\\src\\__tests__\\components\\amazon-seller-tools\\keyword-deduplicator.test.tsx:40:3)\n    at _dispatchDescribe (C:\\Users\\johnw\\OneDrive\\Desktop\\portfolio\\node_modules\\jest-circus\\build\\index.js:91:26)\n    at describe (C:\\Users\\johnw\\OneDrive\\Desktop\\portfolio\\node_modules\\jest-circus\\build\\index.js:55:5)\n    at Object.describe (C:\\Users\\johnw\\OneDrive\\Desktop\\portfolio\\src\\__tests__\\components\\amazon-seller-tools\\keyword-deduplicator.test.tsx:6:1)\n    at Runtime._execModule (C:\\Users\\johnw\\OneDrive\\Desktop\\portfolio\\node_modules\\jest-runtime\\build\\index.js:1439:24)\n    at Runtime._loadModule (C:\\Users\\johnw\\OneDrive\\Desktop\\portfolio\\node_modules\\jest-runtime\\build\\index.js:1022:12)\n    at Runtime.requireModule (C:\\Users\\johnw\\OneDrive\\Desktop\\portfolio\\node_modules\\jest-runtime\\build\\index.js:882:12)\n    at jestAdapter (C:\\Users\\johnw\\OneDrive\\Desktop\\portfolio\\node_modules\\jest-circus\\build\\legacy-code-todo-rewrite\\jestAdapter.js:77:13)\n    at processTicksAndRejections (node:internal/process/task_queues:105:5)\n    at runTestInternal (C:\\Users\\johnw\\OneDrive\\Desktop\\portfolio\\node_modules\\jest-runner\\build\\runTest.js:367:16)\n    at runTest (C:\\Users\\johnw\\OneDrive\\Desktop\\portfolio\\node_modules\\jest-runner\\build\\runTest.js:444:34)\n    at Object.worker (C:\\Users\\johnw\\OneDrive\\Desktop\\portfolio\\node_modules\\jest-runner\\build\\testWorker.js:106:12)"],"fullName":"KeywordDeduplicator shows error when no keywords are entered","invocations":1,"location":null,"numPassingAsserts":0,"retryReasons":[],"status":"failed","title":"shows error when no keywords are entered"},{"ancestorTitles":["KeywordDeduplicator"],"duration":60012,"failureDetails":[{"message":"thrown: \"Exceeded timeout of 60000 ms for a test.\nAdd a timeout value to this test to increase the timeout, if this is a long-running test. See https://jestjs.io/docs/api#testname-fn-timeout.\""}],"failureMessages":["Error: thrown: \"Exceeded timeout of 60000 ms for a test.\nAdd a timeout value to this test to increase the timeout, if this is a long-running test. See https://jestjs.io/docs/api#testname-fn-timeout.\"\n    at it (C:\\Users\\johnw\\OneDrive\\Desktop\\portfolio\\src\\__tests__\\components\\amazon-seller-tools\\keyword-deduplicator.test.tsx:59:3)\n    at _dispatchDescribe (C:\\Users\\johnw\\OneDrive\\Desktop\\portfolio\\node_modules\\jest-circus\\build\\index.js:91:26)\n    at describe (C:\\Users\\johnw\\OneDrive\\Desktop\\portfolio\\node_modules\\jest-circus\\build\\index.js:55:5)\n    at Object.describe (C:\\Users\\johnw\\OneDrive\\Desktop\\portfolio\\src\\__tests__\\components\\amazon-seller-tools\\keyword-deduplicator.test.tsx:6:1)\n    at Runtime._execModule (C:\\Users\\johnw\\OneDrive\\Desktop\\portfolio\\node_modules\\jest-runtime\\build\\index.js:1439:24)\n    at Runtime._loadModule (C:\\Users\\johnw\\OneDrive\\Desktop\\portfolio\\node_modules\\jest-runtime\\build\\index.js:1022:12)\n    at Runtime.requireModule (C:\\Users\\johnw\\OneDrive\\Desktop\\portfolio\\node_modules\\jest-runtime\\build\\index.js:882:12)\n    at jestAdapter (C:\\Users\\johnw\\OneDrive\\Desktop\\portfolio\\node_modules\\jest-circus\\build\\legacy-code-todo-rewrite\\jestAdapter.js:77:13)\n    at processTicksAndRejections (node:internal/process/task_queues:105:5)\n    at runTestInternal (C:\\Users\\johnw\\OneDrive\\Desktop\\portfolio\\node_modules\\jest-runner\\build\\runTest.js:367:16)\n    at runTest (C:\\Users\\johnw\\OneDrive\\Desktop\\portfolio\\node_modules\\jest-runner\\build\\runTest.js:444:34)\n    at Object.worker (C:\\Users\\johnw\\OneDrive\\Desktop\\portfolio\\node_modules\\jest-runner\\build\\testWorker.js:106:12)"],"fullName":"KeywordDeduplicator shows error when keywords contain only separators","invocations":1,"location":null,"numPassingAsserts":0,"retryReasons":[],"status":"failed","title":"shows error when keywords contain only separators"},{"ancestorTitles":["KeywordDeduplicator"],"duration":60026,"failureDetails":[{"message":"thrown: \"Exceeded timeout of 60000 ms for a test.\nAdd a timeout value to this test to increase the timeout, if this is a long-running test. See https://jestjs.io/docs/api#testname-fn-timeout.\""}],"failureMessages":["Error: thrown: \"Exceeded timeout of 60000 ms for a test.\nAdd a timeout value to this test to increase the timeout, if this is a long-running test. See https://jestjs.io/docs/api#testname-fn-timeout.\"\n    at it (C:\\Users\\johnw\\OneDrive\\Desktop\\portfolio\\src\\__tests__\\components\\amazon-seller-tools\\keyword-deduplicator.test.tsx:79:3)\n    at _dispatchDescribe (C:\\Users\\johnw\\OneDrive\\Desktop\\portfolio\\node_modules\\jest-circus\\build\\index.js:91:26)\n    at describe (C:\\Users\\johnw\\OneDrive\\Desktop\\portfolio\\node_modules\\jest-circus\\build\\index.js:55:5)\n    at Object.describe (C:\\Users\\johnw\\OneDrive\\Desktop\\portfolio\\src\\__tests__\\components\\amazon-seller-tools\\keyword-deduplicator.test.tsx:6:1)\n    at Runtime._execModule (C:\\Users\\johnw\\OneDrive\\Desktop\\portfolio\\node_modules\\jest-runtime\\build\\index.js:1439:24)\n    at Runtime._loadModule (C:\\Users\\johnw\\OneDrive\\Desktop\\portfolio\\node_modules\\jest-runtime\\build\\index.js:1022:12)\n    at Runtime.requireModule (C:\\Users\\johnw\\OneDrive\\Desktop\\portfolio\\node_modules\\jest-runtime\\build\\index.js:882:12)\n    at jestAdapter (C:\\Users\\johnw\\OneDrive\\Desktop\\portfolio\\node_modules\\jest-circus\\build\\legacy-code-todo-rewrite\\jestAdapter.js:77:13)\n    at processTicksAndRejections (node:internal/process/task_queues:105:5)\n    at runTestInternal (C:\\Users\\johnw\\OneDrive\\Desktop\\portfolio\\node_modules\\jest-runner\\build\\runTest.js:367:16)\n    at runTest (C:\\Users\\johnw\\OneDrive\\Desktop\\portfolio\\node_modules\\jest-runner\\build\\runTest.js:444:34)\n    at Object.worker (C:\\Users\\johnw\\OneDrive\\Desktop\\portfolio\\node_modules\\jest-runner\\build\\testWorker.js:106:12)"],"fullName":"KeywordDeduplicator shows error when invalid keywords format is entered","invocations":1,"location":null,"numPassingAsserts":0,"retryReasons":[],"status":"failed","title":"shows error when invalid keywords format is entered"},{"ancestorTitles":["KeywordDeduplicator"],"duration":47,"failureDetails":[],"failureMessages":[],"fullName":"KeywordDeduplicator matches snapshot","invocations":1,"location":null,"numPassingAsserts":1,"retryReasons":[],"status":"passed","title":"matches snapshot"}],"endTime":1746032231390,"message":"\u001b[1m\u001b[31m  \u001b[1m● \u001b[22m\u001b[1mKeywordDeduplicator › shows error when no keywords are entered\u001b[39m\u001b[22m\n\n    thrown: \"Exceeded timeout of 60000 ms for a test.\n    Add a timeout value to this test to increase the timeout, if this is a long-running test. See https://jestjs.io/docs/api#testname-fn-timeout.\"\n\u001b[2m\u001b[22m\n\u001b[2m    \u001b[0m \u001b[90m 38 |\u001b[39m   }\u001b[33m,\u001b[39m \u001b[35m60000\u001b[39m)\u001b[33m;\u001b[39m\u001b[22m\n\u001b[2m     \u001b[90m 39 |\u001b[39m\u001b[22m\n\u001b[2m    \u001b[31m\u001b[1m>\u001b[22m\u001b[2m\u001b[39m\u001b[90m 40 |\u001b[39m   it(\u001b[32m'shows error when no keywords are entered'\u001b[39m\u001b[33m,\u001b[39m \u001b[36masync\u001b[39m () \u001b[33m=>\u001b[39m {\u001b[22m\n\u001b[2m     \u001b[90m    |\u001b[39m   \u001b[31m\u001b[1m^\u001b[22m\u001b[2m\u001b[39m\u001b[22m\n\u001b[2m     \u001b[90m 41 |\u001b[39m     \u001b[36mconst\u001b[39m user \u001b[33m=\u001b[39m userEvent\u001b[33m.\u001b[39msetup()\u001b[33m;\u001b[39m\u001b[22m\n\u001b[2m     \u001b[90m 42 |\u001b[39m     render(\u001b[33m<\u001b[39m\u001b[33mKeywordDeduplicator\u001b[39m \u001b[33m/\u001b[39m\u001b[33m>\u001b[39m)\u001b[33m;\u001b[39m\u001b[22m\n\u001b[2m     \u001b[90m 43 |\u001b[39m\u001b[0m\u001b[22m\n\u001b[2m\u001b[22m\n\u001b[2m      \u001b[2mat it (\u001b[22m\u001b[2m\u001b[0m\u001b[36msrc/__tests__/components/amazon-seller-tools/keyword-deduplicator.test.tsx\u001b[39m\u001b[0m\u001b[2m:40:3)\u001b[22m\u001b[2m\u001b[22m\n\u001b[2m      \u001b[2mat Object.describe (\u001b[22m\u001b[2m\u001b[0m\u001b[36msrc/__tests__/components/amazon-seller-tools/keyword-deduplicator.test.tsx\u001b[39m\u001b[0m\u001b[2m:6:1)\u001b[22m\u001b[2m\u001b[22m\n\n\u001b[1m\u001b[31m  \u001b[1m● \u001b[22m\u001b[1mKeywordDeduplicator › shows error when keywords contain only separators\u001b[39m\u001b[22m\n\n    thrown: \"Exceeded timeout of 60000 ms for a test.\n    Add a timeout value to this test to increase the timeout, if this is a long-running test. See https://jestjs.io/docs/api#testname-fn-timeout.\"\n\u001b[2m\u001b[22m\n\u001b[2m    \u001b[0m \u001b[90m 57 |\u001b[39m   }\u001b[33m,\u001b[39m \u001b[35m60000\u001b[39m)\u001b[33m;\u001b[39m\u001b[22m\n\u001b[2m     \u001b[90m 58 |\u001b[39m\u001b[22m\n\u001b[2m    \u001b[31m\u001b[1m>\u001b[22m\u001b[2m\u001b[39m\u001b[90m 59 |\u001b[39m   it(\u001b[32m'shows error when keywords contain only separators'\u001b[39m\u001b[33m,\u001b[39m \u001b[36masync\u001b[39m () \u001b[33m=>\u001b[39m {\u001b[22m\n\u001b[2m     \u001b[90m    |\u001b[39m   \u001b[31m\u001b[1m^\u001b[22m\u001b[2m\u001b[39m\u001b[22m\n\u001b[2m     \u001b[90m 60 |\u001b[39m     \u001b[36mconst\u001b[39m user \u001b[33m=\u001b[39m userEvent\u001b[33m.\u001b[39msetup()\u001b[33m;\u001b[39m\u001b[22m\n\u001b[2m     \u001b[90m 61 |\u001b[39m     render(\u001b[33m<\u001b[39m\u001b[33mKeywordDeduplicator\u001b[39m \u001b[33m/\u001b[39m\u001b[33m>\u001b[39m)\u001b[33m;\u001b[39m\u001b[22m\n\u001b[2m     \u001b[90m 62 |\u001b[39m\u001b[0m\u001b[22m\n\u001b[2m\u001b[22m\n\u001b[2m      \u001b[2mat it (\u001b[22m\u001b[2m\u001b[0m\u001b[36msrc/__tests__/components/amazon-seller-tools/keyword-deduplicator.test.tsx\u001b[39m\u001b[0m\u001b[2m:59:3)\u001b[22m\u001b[2m\u001b[22m\n\u001b[2m      \u001b[2mat Object.describe (\u001b[22m\u001b[2m\u001b[0m\u001b[36msrc/__tests__/components/amazon-seller-tools/keyword-deduplicator.test.tsx\u001b[39m\u001b[0m\u001b[2m:6:1)\u001b[22m\u001b[2m\u001b[22m\n\n\u001b[1m\u001b[31m  \u001b[1m● \u001b[22m\u001b[1mKeywordDeduplicator › shows error when invalid keywords format is entered\u001b[39m\u001b[22m\n\n    thrown: \"Exceeded timeout of 60000 ms for a test.\n    Add a timeout value to this test to increase the timeout, if this is a long-running test. See https://jestjs.io/docs/api#testname-fn-timeout.\"\n\u001b[2m\u001b[22m\n\u001b[2m    \u001b[0m \u001b[90m 77 |\u001b[39m   }\u001b[33m,\u001b[39m \u001b[35m60000\u001b[39m)\u001b[33m;\u001b[39m\u001b[22m\n\u001b[2m     \u001b[90m 78 |\u001b[39m\u001b[22m\n\u001b[2m    \u001b[31m\u001b[1m>\u001b[22m\u001b[2m\u001b[39m\u001b[90m 79 |\u001b[39m   it(\u001b[32m'shows error when invalid keywords format is entered'\u001b[39m\u001b[33m,\u001b[39m \u001b[36masync\u001b[39m () \u001b[33m=>\u001b[39m {\u001b[22m\n\u001b[2m     \u001b[90m    |\u001b[39m   \u001b[31m\u001b[1m^\u001b[22m\u001b[2m\u001b[39m\u001b[22m\n\u001b[2m     \u001b[90m 80 |\u001b[39m     \u001b[36mconst\u001b[39m user \u001b[33m=\u001b[39m userEvent\u001b[33m.\u001b[39msetup()\u001b[33m;\u001b[39m\u001b[22m\n\u001b[2m     \u001b[90m 81 |\u001b[39m     render(\u001b[33m<\u001b[39m\u001b[33mKeywordDeduplicator\u001b[39m \u001b[33m/\u001b[39m\u001b[33m>\u001b[39m)\u001b[33m;\u001b[39m\u001b[22m\n\u001b[2m     \u001b[90m 82 |\u001b[39m\u001b[0m\u001b[22m\n\u001b[2m\u001b[22m\n\u001b[2m      \u001b[2mat it (\u001b[22m\u001b[2m\u001b[0m\u001b[36msrc/__tests__/components/amazon-seller-tools/keyword-deduplicator.test.tsx\u001b[39m\u001b[0m\u001b[2m:79:3)\u001b[22m\u001b[2m\u001b[22m\n\u001b[2m      \u001b[2mat Object.describe (\u001b[22m\u001b[2m\u001b[0m\u001b[36msrc/__tests__/components/amazon-seller-tools/keyword-deduplicator.test.tsx\u001b[39m\u001b[0m\u001b[2m:6:1)\u001b[22m\u001b[2m\u001b[22m\n","name":"C:\\Users\\johnw\\OneDrive\\Desktop\\portfolio\\src\\__tests__\\components\\amazon-seller-tools\\keyword-deduplicator.test.tsx","startTime":1746032037655,"status":"failed","summary":""}],"wasInterrupted":false}
